<?xml version="1.0" encoding="UTF-8"?>
<TestRun id="affaa67a-3719-4332-a79c-429fb29a4d83" name="Scott@SDABROSKI 2012-04-17 18:26:11" runUser="SDABROSKI\Scott" xmlns="http://microsoft.com/schemas/VisualStudio/TeamTest/2010">
  <TestSettings name="Local" id="c39100f7-7fdf-4760-8e72-70b98aab7b63">
    <Description>These are default test settings for a local test run.</Description>
    <Deployment enabled="false" runDeploymentRoot="Scott_SDABROSKI 2012-04-17 18_26_11">
      <DeploymentItem filename="E:\Scott's Stuff\School Work\Geneva College\8 2012 Spring\CSC 452\RSAClasses\RSAClasses\bin\Debug\RSAClasses.dll" />
    </Deployment>
    <Execution>
      <TestTypeSpecific />
      <AgentRule name="Execution Agents">
      </AgentRule>
    </Execution>
  </TestSettings>
  <Times creation="2012-04-17T18:26:11.0237748-04:00" queuing="2012-04-17T18:26:11.1038478-04:00" start="2012-04-17T18:26:11.1204483-04:00" finish="2012-04-17T18:26:11.6379933-04:00" />
  <ResultSummary outcome="Warning">
    <Counters total="9" executed="9" passed="9" error="0" failed="0" timeout="0" aborted="0" inconclusive="0" passedButRunAborted="0" notRunnable="0" notExecuted="0" disconnected="0" warning="0" completed="0" inProgress="0" pending="0" />
    <RunInfos>
      <RunInfo computerName="SDABROSKI" outcome="Warning" timestamp="2012-04-17T18:26:11.1038478-04:00">
        <Text>Deployment is currently disabled. The deployment item 'RSAClasses.dll' on test 'TestRSA.RSATest.blockToLongTest' was not deployed.</Text>
      </RunInfo>
    </RunInfos>
  </ResultSummary>
  <TestDefinitions>
    <UnitTest name="blockToLongTest" storage="e:\scott's stuff\school work\geneva college\8 2012 spring\csc 452\rsaclasses\testrsa\bin\debug\testrsa.dll" id="4be60e44-e49a-f6ac-5b24-c938c65ec6f9">
      <DeploymentItems>
        <DeploymentItem filename="RSAClasses.dll" />
      </DeploymentItems>
      <Execution id="a7dd222f-52c3-4ed9-9c82-d5a00e632722" />
      <TestMethod codeBase="E:/Scott's Stuff/School Work/Geneva College/8 2012 Spring/CSC 452/RSAClasses/TestRSA/bin/Debug/TestRSA.DLL" adapterTypeName="Microsoft.VisualStudio.TestTools.TestTypes.Unit.UnitTestAdapter, Microsoft.VisualStudio.QualityTools.Tips.UnitTest.Adapter, Version=10.0.0.0, Culture=neutral, PublicKeyToken=b03f5f7f11d50a3a" className="TestRSA.RSATest, TestRSA, Version=1.0.0.0, Culture=neutral, PublicKeyToken=null" name="blockToLongTest" />
    </UnitTest>
    <UnitTest name="setPublicKeyTest" storage="e:\scott's stuff\school work\geneva college\8 2012 spring\csc 452\rsaclasses\testrsa\bin\debug\testrsa.dll" id="1a820d2b-c66b-f40e-f5b9-4ced96d3432d">
      <Execution id="d3cacaf0-528d-40df-9b1d-96ef69babbf6" />
      <TestMethod codeBase="E:/Scott's Stuff/School Work/Geneva College/8 2012 Spring/CSC 452/RSAClasses/TestRSA/bin/Debug/TestRSA.DLL" adapterTypeName="Microsoft.VisualStudio.TestTools.TestTypes.Unit.UnitTestAdapter, Microsoft.VisualStudio.QualityTools.Tips.UnitTest.Adapter, Version=10.0.0.0, Culture=neutral, PublicKeyToken=b03f5f7f11d50a3a" className="TestRSA.RSATest, TestRSA, Version=1.0.0.0, Culture=neutral, PublicKeyToken=null" name="setPublicKeyTest" />
    </UnitTest>
    <UnitTest name="gcdTest" storage="e:\scott's stuff\school work\geneva college\8 2012 spring\csc 452\rsaclasses\testrsa\bin\debug\testrsa.dll" id="e0437eed-f780-57e1-2179-2bf21a3ec276">
      <DeploymentItems>
        <DeploymentItem filename="RSAClasses.dll" />
      </DeploymentItems>
      <Execution id="4506363e-d698-4209-9b68-7963e56c935a" />
      <TestMethod codeBase="E:/Scott's Stuff/School Work/Geneva College/8 2012 Spring/CSC 452/RSAClasses/TestRSA/bin/Debug/TestRSA.DLL" adapterTypeName="Microsoft.VisualStudio.TestTools.TestTypes.Unit.UnitTestAdapter, Microsoft.VisualStudio.QualityTools.Tips.UnitTest.Adapter, Version=10.0.0.0, Culture=neutral, PublicKeyToken=b03f5f7f11d50a3a" className="TestRSA.RSATest, TestRSA, Version=1.0.0.0, Culture=neutral, PublicKeyToken=null" name="gcdTest" />
    </UnitTest>
    <UnitTest name="getPrivateKeyTest" storage="e:\scott's stuff\school work\geneva college\8 2012 spring\csc 452\rsaclasses\testrsa\bin\debug\testrsa.dll" id="748a8f2e-d148-697d-60d1-f99da6697e3a">
      <Execution id="42e5ada2-4bce-4467-90bb-4d3d0d54c3cf" />
      <TestMethod codeBase="E:/Scott's Stuff/School Work/Geneva College/8 2012 Spring/CSC 452/RSAClasses/TestRSA/bin/Debug/TestRSA.DLL" adapterTypeName="Microsoft.VisualStudio.TestTools.TestTypes.Unit.UnitTestAdapter, Microsoft.VisualStudio.QualityTools.Tips.UnitTest.Adapter, Version=10.0.0.0, Culture=neutral, PublicKeyToken=b03f5f7f11d50a3a" className="TestRSA.RSATest, TestRSA, Version=1.0.0.0, Culture=neutral, PublicKeyToken=null" name="getPrivateKeyTest" />
    </UnitTest>
    <UnitTest name="getPublicKeyTest" storage="e:\scott's stuff\school work\geneva college\8 2012 spring\csc 452\rsaclasses\testrsa\bin\debug\testrsa.dll" id="5ccda0e6-cb57-22aa-a61a-d5d7db017a1e">
      <Execution id="bd0c5ab4-5600-4f63-8db3-28fb0b9220d4" />
      <TestMethod codeBase="E:/Scott's Stuff/School Work/Geneva College/8 2012 Spring/CSC 452/RSAClasses/TestRSA/bin/Debug/TestRSA.DLL" adapterTypeName="Microsoft.VisualStudio.TestTools.TestTypes.Unit.UnitTestAdapter, Microsoft.VisualStudio.QualityTools.Tips.UnitTest.Adapter, Version=10.0.0.0, Culture=neutral, PublicKeyToken=b03f5f7f11d50a3a" className="TestRSA.RSATest, TestRSA, Version=1.0.0.0, Culture=neutral, PublicKeyToken=null" name="getPublicKeyTest" />
    </UnitTest>
    <UnitTest name="recalculateKeysTest" storage="e:\scott's stuff\school work\geneva college\8 2012 spring\csc 452\rsaclasses\testrsa\bin\debug\testrsa.dll" id="38ddcbdc-90ef-2951-c548-802e8fc5794a">
      <Execution id="e466c2f3-bf28-4d3e-96a1-8535d6a48b42" />
      <TestMethod codeBase="E:/Scott's Stuff/School Work/Geneva College/8 2012 Spring/CSC 452/RSAClasses/TestRSA/bin/Debug/TestRSA.DLL" adapterTypeName="Microsoft.VisualStudio.TestTools.TestTypes.Unit.UnitTestAdapter, Microsoft.VisualStudio.QualityTools.Tips.UnitTest.Adapter, Version=10.0.0.0, Culture=neutral, PublicKeyToken=b03f5f7f11d50a3a" className="TestRSA.RSATest, TestRSA, Version=1.0.0.0, Culture=neutral, PublicKeyToken=null" name="recalculateKeysTest" />
    </UnitTest>
    <UnitTest name="RSAConstructorTest" storage="e:\scott's stuff\school work\geneva college\8 2012 spring\csc 452\rsaclasses\testrsa\bin\debug\testrsa.dll" id="fdf5766e-3956-7562-7b72-16531bffbb9a">
      <Execution id="77531214-938f-49ee-9c98-eceb61ec4416" />
      <TestMethod codeBase="E:/Scott's Stuff/School Work/Geneva College/8 2012 Spring/CSC 452/RSAClasses/TestRSA/bin/Debug/TestRSA.DLL" adapterTypeName="Microsoft.VisualStudio.TestTools.TestTypes.Unit.UnitTestAdapter, Microsoft.VisualStudio.QualityTools.Tips.UnitTest.Adapter, Version=10.0.0.0, Culture=neutral, PublicKeyToken=b03f5f7f11d50a3a" className="TestRSA.RSATest, TestRSA, Version=1.0.0.0, Culture=neutral, PublicKeyToken=null" name="RSAConstructorTest" />
    </UnitTest>
    <UnitTest name="longToBlockTest" storage="e:\scott's stuff\school work\geneva college\8 2012 spring\csc 452\rsaclasses\testrsa\bin\debug\testrsa.dll" id="2afff698-4791-68cc-bd68-67ac533a76dd">
      <DeploymentItems>
        <DeploymentItem filename="RSAClasses.dll" />
      </DeploymentItems>
      <Execution id="600639a9-73ba-4714-b2d1-fb9e0953bb4f" />
      <TestMethod codeBase="E:/Scott's Stuff/School Work/Geneva College/8 2012 Spring/CSC 452/RSAClasses/TestRSA/bin/Debug/TestRSA.DLL" adapterTypeName="Microsoft.VisualStudio.TestTools.TestTypes.Unit.UnitTestAdapter, Microsoft.VisualStudio.QualityTools.Tips.UnitTest.Adapter, Version=10.0.0.0, Culture=neutral, PublicKeyToken=b03f5f7f11d50a3a" className="TestRSA.RSATest, TestRSA, Version=1.0.0.0, Culture=neutral, PublicKeyToken=null" name="longToBlockTest" />
    </UnitTest>
    <UnitTest name="setPrivateKeyTest" storage="e:\scott's stuff\school work\geneva college\8 2012 spring\csc 452\rsaclasses\testrsa\bin\debug\testrsa.dll" id="b8981d34-8594-77fc-1933-bc5fd03a5815">
      <Execution id="68707bbf-20c4-478d-aea2-3177e0a9ea05" />
      <TestMethod codeBase="E:/Scott's Stuff/School Work/Geneva College/8 2012 Spring/CSC 452/RSAClasses/TestRSA/bin/Debug/TestRSA.DLL" adapterTypeName="Microsoft.VisualStudio.TestTools.TestTypes.Unit.UnitTestAdapter, Microsoft.VisualStudio.QualityTools.Tips.UnitTest.Adapter, Version=10.0.0.0, Culture=neutral, PublicKeyToken=b03f5f7f11d50a3a" className="TestRSA.RSATest, TestRSA, Version=1.0.0.0, Culture=neutral, PublicKeyToken=null" name="setPrivateKeyTest" />
    </UnitTest>
  </TestDefinitions>
  <TestLists>
    <TestList name="Results Not in a List" id="8c84fa94-04c1-424b-9868-57a2d4851a1d" />
    <TestList name="All Loaded Results" id="19431567-8539-422a-85d7-44ee4e166bda" />
  </TestLists>
  <TestEntries>
    <TestEntry testId="1a820d2b-c66b-f40e-f5b9-4ced96d3432d" executionId="d3cacaf0-528d-40df-9b1d-96ef69babbf6" testListId="8c84fa94-04c1-424b-9868-57a2d4851a1d" />
    <TestEntry testId="2afff698-4791-68cc-bd68-67ac533a76dd" executionId="600639a9-73ba-4714-b2d1-fb9e0953bb4f" testListId="8c84fa94-04c1-424b-9868-57a2d4851a1d" />
    <TestEntry testId="38ddcbdc-90ef-2951-c548-802e8fc5794a" executionId="e466c2f3-bf28-4d3e-96a1-8535d6a48b42" testListId="8c84fa94-04c1-424b-9868-57a2d4851a1d" />
    <TestEntry testId="4be60e44-e49a-f6ac-5b24-c938c65ec6f9" executionId="a7dd222f-52c3-4ed9-9c82-d5a00e632722" testListId="8c84fa94-04c1-424b-9868-57a2d4851a1d" />
    <TestEntry testId="5ccda0e6-cb57-22aa-a61a-d5d7db017a1e" executionId="bd0c5ab4-5600-4f63-8db3-28fb0b9220d4" testListId="8c84fa94-04c1-424b-9868-57a2d4851a1d" />
    <TestEntry testId="748a8f2e-d148-697d-60d1-f99da6697e3a" executionId="42e5ada2-4bce-4467-90bb-4d3d0d54c3cf" testListId="8c84fa94-04c1-424b-9868-57a2d4851a1d" />
    <TestEntry testId="b8981d34-8594-77fc-1933-bc5fd03a5815" executionId="68707bbf-20c4-478d-aea2-3177e0a9ea05" testListId="8c84fa94-04c1-424b-9868-57a2d4851a1d" />
    <TestEntry testId="e0437eed-f780-57e1-2179-2bf21a3ec276" executionId="4506363e-d698-4209-9b68-7963e56c935a" testListId="8c84fa94-04c1-424b-9868-57a2d4851a1d" />
    <TestEntry testId="fdf5766e-3956-7562-7b72-16531bffbb9a" executionId="77531214-938f-49ee-9c98-eceb61ec4416" testListId="8c84fa94-04c1-424b-9868-57a2d4851a1d" />
  </TestEntries>
  <Results>
    <UnitTestResult executionId="d3cacaf0-528d-40df-9b1d-96ef69babbf6" testId="1a820d2b-c66b-f40e-f5b9-4ced96d3432d" testName="setPublicKeyTest" computerName="SDABROSKI" duration="00:00:00.0293967" startTime="2012-04-17T18:26:11.1311898-04:00" endTime="2012-04-17T18:26:11.5003068-04:00" testType="13cdc9d9-ddb5-4fa4-a97d-d965ccfc6d4b" outcome="Passed" testListId="8c84fa94-04c1-424b-9868-57a2d4851a1d" relativeResultsDirectory="d3cacaf0-528d-40df-9b1d-96ef69babbf6">
    </UnitTestResult>
    <UnitTestResult executionId="600639a9-73ba-4714-b2d1-fb9e0953bb4f" testId="2afff698-4791-68cc-bd68-67ac533a76dd" testName="longToBlockTest" computerName="SDABROSKI" duration="00:00:00.0005685" startTime="2012-04-17T18:26:11.5032363-04:00" endTime="2012-04-17T18:26:11.5208133-04:00" testType="13cdc9d9-ddb5-4fa4-a97d-d965ccfc6d4b" outcome="Passed" testListId="8c84fa94-04c1-424b-9868-57a2d4851a1d" relativeResultsDirectory="600639a9-73ba-4714-b2d1-fb9e0953bb4f">
    </UnitTestResult>
    <UnitTestResult executionId="e466c2f3-bf28-4d3e-96a1-8535d6a48b42" testId="38ddcbdc-90ef-2951-c548-802e8fc5794a" testName="recalculateKeysTest" computerName="SDABROSKI" duration="00:00:00.0015968" startTime="2012-04-17T18:26:11.5305783-04:00" endTime="2012-04-17T18:26:11.5442493-04:00" testType="13cdc9d9-ddb5-4fa4-a97d-d965ccfc6d4b" outcome="Passed" testListId="8c84fa94-04c1-424b-9868-57a2d4851a1d" relativeResultsDirectory="e466c2f3-bf28-4d3e-96a1-8535d6a48b42">
    </UnitTestResult>
    <UnitTestResult executionId="a7dd222f-52c3-4ed9-9c82-d5a00e632722" testId="4be60e44-e49a-f6ac-5b24-c938c65ec6f9" testName="blockToLongTest" computerName="SDABROSKI" duration="00:00:00.0049492" startTime="2012-04-17T18:26:11.5481553-04:00" endTime="2012-04-17T18:26:11.5628028-04:00" testType="13cdc9d9-ddb5-4fa4-a97d-d965ccfc6d4b" outcome="Passed" testListId="8c84fa94-04c1-424b-9868-57a2d4851a1d" relativeResultsDirectory="a7dd222f-52c3-4ed9-9c82-d5a00e632722">
    </UnitTestResult>
    <UnitTestResult executionId="bd0c5ab4-5600-4f63-8db3-28fb0b9220d4" testId="5ccda0e6-cb57-22aa-a61a-d5d7db017a1e" testName="getPublicKeyTest" computerName="SDABROSKI" duration="00:00:00.0011121" startTime="2012-04-17T18:26:11.5657323-04:00" endTime="2012-04-17T18:26:11.5715913-04:00" testType="13cdc9d9-ddb5-4fa4-a97d-d965ccfc6d4b" outcome="Passed" testListId="8c84fa94-04c1-424b-9868-57a2d4851a1d" relativeResultsDirectory="bd0c5ab4-5600-4f63-8db3-28fb0b9220d4">
    </UnitTestResult>
    <UnitTestResult executionId="42e5ada2-4bce-4467-90bb-4d3d0d54c3cf" testId="748a8f2e-d148-697d-60d1-f99da6697e3a" testName="getPrivateKeyTest" computerName="SDABROSKI" duration="00:00:00.0006112" startTime="2012-04-17T18:26:11.5774503-04:00" endTime="2012-04-17T18:26:11.5862388-04:00" testType="13cdc9d9-ddb5-4fa4-a97d-d965ccfc6d4b" outcome="Passed" testListId="8c84fa94-04c1-424b-9868-57a2d4851a1d" relativeResultsDirectory="42e5ada2-4bce-4467-90bb-4d3d0d54c3cf">
    </UnitTestResult>
    <UnitTestResult executionId="68707bbf-20c4-478d-aea2-3177e0a9ea05" testId="b8981d34-8594-77fc-1933-bc5fd03a5815" testName="setPrivateKeyTest" computerName="SDABROSKI" duration="00:00:00.0004363" startTime="2012-04-17T18:26:11.5911213-04:00" endTime="2012-04-17T18:26:11.5969803-04:00" testType="13cdc9d9-ddb5-4fa4-a97d-d965ccfc6d4b" outcome="Passed" testListId="8c84fa94-04c1-424b-9868-57a2d4851a1d" relativeResultsDirectory="68707bbf-20c4-478d-aea2-3177e0a9ea05">
    </UnitTestResult>
    <UnitTestResult executionId="4506363e-d698-4209-9b68-7963e56c935a" testId="e0437eed-f780-57e1-2179-2bf21a3ec276" testName="gcdTest" computerName="SDABROSKI" duration="00:00:00.0003131" startTime="2012-04-17T18:26:11.5989333-04:00" endTime="2012-04-17T18:26:11.6086983-04:00" testType="13cdc9d9-ddb5-4fa4-a97d-d965ccfc6d4b" outcome="Passed" testListId="8c84fa94-04c1-424b-9868-57a2d4851a1d" relativeResultsDirectory="4506363e-d698-4209-9b68-7963e56c935a">
    </UnitTestResult>
    <UnitTestResult executionId="77531214-938f-49ee-9c98-eceb61ec4416" testId="fdf5766e-3956-7562-7b72-16531bffbb9a" testName="RSAConstructorTest" computerName="SDABROSKI" duration="00:00:00.0002148" startTime="2012-04-17T18:26:11.6116278-04:00" endTime="2012-04-17T18:26:11.6165103-04:00" testType="13cdc9d9-ddb5-4fa4-a97d-d965ccfc6d4b" outcome="Passed" testListId="8c84fa94-04c1-424b-9868-57a2d4851a1d" relativeResultsDirectory="77531214-938f-49ee-9c98-eceb61ec4416">
    </UnitTestResult>
  </Results>
</TestRun>