<?xml version="1.0" encoding="UTF-8"?>
<TestRun id="7e0a2951-67f1-456e-bac2-82df479d0255" name="Scott@SDABROSKI 2012-04-26 01:36:06" runUser="SDABROSKI\Scott" xmlns="http://microsoft.com/schemas/VisualStudio/TeamTest/2010">
  <TestSettings name="Local" id="c39100f7-7fdf-4760-8e72-70b98aab7b63">
    <Description>These are default test settings for a local test run.</Description>
    <Deployment enabled="false" runDeploymentRoot="Scott_SDABROSKI 2012-04-26 01_36_06">
      <DeploymentItem filename="E:\Scott's Stuff\School Work\Geneva College\8 2012 Spring\CSC 452\RSAClasses\RSAClasses\bin\Debug\RSAClasses.dll" />
    </Deployment>
    <Execution>
      <TestTypeSpecific />
      <AgentRule name="Execution Agents">
      </AgentRule>
    </Execution>
  </TestSettings>
  <Times creation="2012-04-26T01:36:06.2920705-04:00" queuing="2012-04-26T01:36:06.3887440-04:00" start="2012-04-26T01:36:06.4092505-04:00" finish="2012-04-26T01:36:24.1034305-04:00" />
  <ResultSummary outcome="Completed">
    <Counters total="19" executed="19" passed="19" error="0" failed="0" timeout="0" aborted="0" inconclusive="0" passedButRunAborted="0" notRunnable="0" notExecuted="0" disconnected="0" warning="0" completed="0" inProgress="0" pending="0" />
  </ResultSummary>
  <TestDefinitions>
    <UnitTest name="getPublicKeyTest" storage="e:\scott's stuff\school work\geneva college\8 2012 spring\csc 452\rsaclasses\testrsa\bin\debug\testrsa.dll" id="5ccda0e6-cb57-22aa-a61a-d5d7db017a1e">
      <Execution id="e5c1ab89-6716-4987-8752-7a4609210083" />
      <TestMethod codeBase="E:/Scott's Stuff/School Work/Geneva College/8 2012 Spring/CSC 452/RSAClasses/TestRSA/bin/Debug/TestRSA.DLL" adapterTypeName="Microsoft.VisualStudio.TestTools.TestTypes.Unit.UnitTestAdapter, Microsoft.VisualStudio.QualityTools.Tips.UnitTest.Adapter, Version=10.0.0.0, Culture=neutral, PublicKeyToken=b03f5f7f11d50a3a" className="TestRSA.RSATest, TestRSA, Version=1.0.0.0, Culture=neutral, PublicKeyToken=null" name="getPublicKeyTest" />
    </UnitTest>
    <UnitTest name="ulongToBlockTest" storage="e:\scott's stuff\school work\geneva college\8 2012 spring\csc 452\rsaclasses\testrsa\bin\debug\testrsa.dll" id="e31daab1-e762-4c09-cb80-8ce5d2f94775">
      <DeploymentItems>
        <DeploymentItem filename="RSAClasses.dll" />
      </DeploymentItems>
      <Execution id="6e7074f3-dd8e-433e-a05f-b2a67ee64d8c" />
      <TestMethod codeBase="E:/Scott's Stuff/School Work/Geneva College/8 2012 Spring/CSC 452/RSAClasses/TestRSA/bin/Debug/TestRSA.DLL" adapterTypeName="Microsoft.VisualStudio.TestTools.TestTypes.Unit.UnitTestAdapter, Microsoft.VisualStudio.QualityTools.Tips.UnitTest.Adapter, Version=10.0.0.0, Culture=neutral, PublicKeyToken=b03f5f7f11d50a3a" className="TestRSA.RSATest, TestRSA, Version=1.0.0.0, Culture=neutral, PublicKeyToken=null" name="ulongToBlockTest" />
    </UnitTest>
    <UnitTest name="RSAConstructorTest" storage="e:\scott's stuff\school work\geneva college\8 2012 spring\csc 452\rsaclasses\testrsa\bin\debug\testrsa.dll" id="fdf5766e-3956-7562-7b72-16531bffbb9a">
      <Execution id="5d9b11cd-5b53-4cb0-bd17-0fee1d505c45" />
      <TestMethod codeBase="E:/Scott's Stuff/School Work/Geneva College/8 2012 Spring/CSC 452/RSAClasses/TestRSA/bin/Debug/TestRSA.DLL" adapterTypeName="Microsoft.VisualStudio.TestTools.TestTypes.Unit.UnitTestAdapter, Microsoft.VisualStudio.QualityTools.Tips.UnitTest.Adapter, Version=10.0.0.0, Culture=neutral, PublicKeyToken=b03f5f7f11d50a3a" className="TestRSA.RSATest, TestRSA, Version=1.0.0.0, Culture=neutral, PublicKeyToken=null" name="RSAConstructorTest" />
    </UnitTest>
    <UnitTest name="getPrivateKeyTest" storage="e:\scott's stuff\school work\geneva college\8 2012 spring\csc 452\rsaclasses\testrsa\bin\debug\testrsa.dll" id="748a8f2e-d148-697d-60d1-f99da6697e3a">
      <Execution id="8acdb705-b339-4cfc-81ed-9109776344af" />
      <TestMethod codeBase="E:/Scott's Stuff/School Work/Geneva College/8 2012 Spring/CSC 452/RSAClasses/TestRSA/bin/Debug/TestRSA.DLL" adapterTypeName="Microsoft.VisualStudio.TestTools.TestTypes.Unit.UnitTestAdapter, Microsoft.VisualStudio.QualityTools.Tips.UnitTest.Adapter, Version=10.0.0.0, Culture=neutral, PublicKeyToken=b03f5f7f11d50a3a" className="TestRSA.RSATest, TestRSA, Version=1.0.0.0, Culture=neutral, PublicKeyToken=null" name="getPrivateKeyTest" />
    </UnitTest>
    <UnitTest name="decryptUlongTest" storage="e:\scott's stuff\school work\geneva college\8 2012 spring\csc 452\rsaclasses\testrsa\bin\debug\testrsa.dll" id="72c2e1ea-f683-de09-46c7-13a8b5647aa6">
      <DeploymentItems>
        <DeploymentItem filename="RSAClasses.dll" />
      </DeploymentItems>
      <Execution id="6400c7c7-98f5-421c-a216-0b4e3a703ae5" />
      <TestMethod codeBase="E:/Scott's Stuff/School Work/Geneva College/8 2012 Spring/CSC 452/RSAClasses/TestRSA/bin/Debug/TestRSA.DLL" adapterTypeName="Microsoft.VisualStudio.TestTools.TestTypes.Unit.UnitTestAdapter, Microsoft.VisualStudio.QualityTools.Tips.UnitTest.Adapter, Version=10.0.0.0, Culture=neutral, PublicKeyToken=b03f5f7f11d50a3a" className="TestRSA.RSATest, TestRSA, Version=1.0.0.0, Culture=neutral, PublicKeyToken=null" name="decryptUlongTest" />
    </UnitTest>
    <UnitTest name="ulongToBlockConsistencyTest" storage="e:\scott's stuff\school work\geneva college\8 2012 spring\csc 452\rsaclasses\testrsa\bin\debug\testrsa.dll" id="87c7c7ef-baec-8a96-99e0-019a01fa5242">
      <DeploymentItems>
        <DeploymentItem filename="RSAClasses.dll" />
      </DeploymentItems>
      <Execution id="d087dcce-c4b5-4ff8-8674-fa5d9aa7d3ab" />
      <TestMethod codeBase="E:/Scott's Stuff/School Work/Geneva College/8 2012 Spring/CSC 452/RSAClasses/TestRSA/bin/Debug/TestRSA.DLL" adapterTypeName="Microsoft.VisualStudio.TestTools.TestTypes.Unit.UnitTestAdapter, Microsoft.VisualStudio.QualityTools.Tips.UnitTest.Adapter, Version=10.0.0.0, Culture=neutral, PublicKeyToken=b03f5f7f11d50a3a" className="TestRSA.RSATest, TestRSA, Version=1.0.0.0, Culture=neutral, PublicKeyToken=null" name="ulongToBlockConsistencyTest" />
    </UnitTest>
    <UnitTest name="getPrimeTest" storage="e:\scott's stuff\school work\geneva college\8 2012 spring\csc 452\rsaclasses\testrsa\bin\debug\testrsa.dll" id="6bc9ba88-92a5-dc63-38ee-15dc2989c24d">
      <Execution id="ef98ab05-b003-4fa3-89ea-5fb2b49caef1" />
      <TestMethod codeBase="E:/Scott's Stuff/School Work/Geneva College/8 2012 Spring/CSC 452/RSAClasses/TestRSA/bin/Debug/TestRSA.DLL" adapterTypeName="Microsoft.VisualStudio.TestTools.TestTypes.Unit.UnitTestAdapter, Microsoft.VisualStudio.QualityTools.Tips.UnitTest.Adapter, Version=10.0.0.0, Culture=neutral, PublicKeyToken=b03f5f7f11d50a3a" className="TestRSA.PrimesTest, TestRSA, Version=1.0.0.0, Culture=neutral, PublicKeyToken=null" name="getPrimeTest" />
    </UnitTest>
    <UnitTest name="gcdTest" storage="e:\scott's stuff\school work\geneva college\8 2012 spring\csc 452\rsaclasses\testrsa\bin\debug\testrsa.dll" id="e0437eed-f780-57e1-2179-2bf21a3ec276">
      <DeploymentItems>
        <DeploymentItem filename="RSAClasses.dll" />
      </DeploymentItems>
      <Execution id="998bd3f8-0321-48ed-98bc-4e3478f6f8b2" />
      <TestMethod codeBase="E:/Scott's Stuff/School Work/Geneva College/8 2012 Spring/CSC 452/RSAClasses/TestRSA/bin/Debug/TestRSA.DLL" adapterTypeName="Microsoft.VisualStudio.TestTools.TestTypes.Unit.UnitTestAdapter, Microsoft.VisualStudio.QualityTools.Tips.UnitTest.Adapter, Version=10.0.0.0, Culture=neutral, PublicKeyToken=b03f5f7f11d50a3a" className="TestRSA.RSATest, TestRSA, Version=1.0.0.0, Culture=neutral, PublicKeyToken=null" name="gcdTest" />
    </UnitTest>
    <UnitTest name="ulongEncryptionConsistencyTest" storage="e:\scott's stuff\school work\geneva college\8 2012 spring\csc 452\rsaclasses\testrsa\bin\debug\testrsa.dll" id="2d369b67-841e-9a52-f611-3d45bcd43df4">
      <DeploymentItems>
        <DeploymentItem filename="RSAClasses.dll" />
      </DeploymentItems>
      <Execution id="a7e9cf7f-fb78-4793-acc1-56fa35deb70e" />
      <TestMethod codeBase="E:/Scott's Stuff/School Work/Geneva College/8 2012 Spring/CSC 452/RSAClasses/TestRSA/bin/Debug/TestRSA.DLL" adapterTypeName="Microsoft.VisualStudio.TestTools.TestTypes.Unit.UnitTestAdapter, Microsoft.VisualStudio.QualityTools.Tips.UnitTest.Adapter, Version=10.0.0.0, Culture=neutral, PublicKeyToken=b03f5f7f11d50a3a" className="TestRSA.RSATest, TestRSA, Version=1.0.0.0, Culture=neutral, PublicKeyToken=null" name="ulongEncryptionConsistencyTest" />
    </UnitTest>
    <UnitTest name="setPrivateKeyTest" storage="e:\scott's stuff\school work\geneva college\8 2012 spring\csc 452\rsaclasses\testrsa\bin\debug\testrsa.dll" id="b8981d34-8594-77fc-1933-bc5fd03a5815">
      <Execution id="62ea1757-3468-4a95-9d41-f7d5c0b2af78" />
      <TestMethod codeBase="E:/Scott's Stuff/School Work/Geneva College/8 2012 Spring/CSC 452/RSAClasses/TestRSA/bin/Debug/TestRSA.DLL" adapterTypeName="Microsoft.VisualStudio.TestTools.TestTypes.Unit.UnitTestAdapter, Microsoft.VisualStudio.QualityTools.Tips.UnitTest.Adapter, Version=10.0.0.0, Culture=neutral, PublicKeyToken=b03f5f7f11d50a3a" className="TestRSA.RSATest, TestRSA, Version=1.0.0.0, Culture=neutral, PublicKeyToken=null" name="setPrivateKeyTest" />
    </UnitTest>
    <UnitTest name="encryptionConsistencyTest" storage="e:\scott's stuff\school work\geneva college\8 2012 spring\csc 452\rsaclasses\testrsa\bin\debug\testrsa.dll" id="816cc9f4-a77b-7e69-7744-1c1759fa27d1">
      <Execution id="5e263534-68c9-489d-b337-647f7ce03e5f" />
      <TestMethod codeBase="E:/Scott's Stuff/School Work/Geneva College/8 2012 Spring/CSC 452/RSAClasses/TestRSA/bin/Debug/TestRSA.DLL" adapterTypeName="Microsoft.VisualStudio.TestTools.TestTypes.Unit.UnitTestAdapter, Microsoft.VisualStudio.QualityTools.Tips.UnitTest.Adapter, Version=10.0.0.0, Culture=neutral, PublicKeyToken=b03f5f7f11d50a3a" className="TestRSA.RSATest, TestRSA, Version=1.0.0.0, Culture=neutral, PublicKeyToken=null" name="encryptionConsistencyTest" />
    </UnitTest>
    <UnitTest name="setPublicKeyTest" storage="e:\scott's stuff\school work\geneva college\8 2012 spring\csc 452\rsaclasses\testrsa\bin\debug\testrsa.dll" id="1a820d2b-c66b-f40e-f5b9-4ced96d3432d">
      <Execution id="80832d55-da56-41cd-b5ca-23213fe5f1d0" />
      <TestMethod codeBase="E:/Scott's Stuff/School Work/Geneva College/8 2012 Spring/CSC 452/RSAClasses/TestRSA/bin/Debug/TestRSA.DLL" adapterTypeName="Microsoft.VisualStudio.TestTools.TestTypes.Unit.UnitTestAdapter, Microsoft.VisualStudio.QualityTools.Tips.UnitTest.Adapter, Version=10.0.0.0, Culture=neutral, PublicKeyToken=b03f5f7f11d50a3a" className="TestRSA.RSATest, TestRSA, Version=1.0.0.0, Culture=neutral, PublicKeyToken=null" name="setPublicKeyTest" />
    </UnitTest>
    <UnitTest name="blockToUlongTest" storage="e:\scott's stuff\school work\geneva college\8 2012 spring\csc 452\rsaclasses\testrsa\bin\debug\testrsa.dll" id="539c9340-a804-7a42-311f-6a1a6a1665fa">
      <DeploymentItems>
        <DeploymentItem filename="RSAClasses.dll" />
      </DeploymentItems>
      <Execution id="159ed38e-119f-4c2c-a404-23a9c16e02b7" />
      <TestMethod codeBase="E:/Scott's Stuff/School Work/Geneva College/8 2012 Spring/CSC 452/RSAClasses/TestRSA/bin/Debug/TestRSA.DLL" adapterTypeName="Microsoft.VisualStudio.TestTools.TestTypes.Unit.UnitTestAdapter, Microsoft.VisualStudio.QualityTools.Tips.UnitTest.Adapter, Version=10.0.0.0, Culture=neutral, PublicKeyToken=b03f5f7f11d50a3a" className="TestRSA.RSATest, TestRSA, Version=1.0.0.0, Culture=neutral, PublicKeyToken=null" name="blockToUlongTest" />
    </UnitTest>
    <UnitTest name="extendedGcdTest" storage="e:\scott's stuff\school work\geneva college\8 2012 spring\csc 452\rsaclasses\testrsa\bin\debug\testrsa.dll" id="1b69a5d3-4699-e5d4-4a1a-af8bb1ed965f">
      <DeploymentItems>
        <DeploymentItem filename="RSAClasses.dll" />
      </DeploymentItems>
      <Execution id="23c68b20-b6f2-4c22-aaab-78905669e128" />
      <TestMethod codeBase="E:/Scott's Stuff/School Work/Geneva College/8 2012 Spring/CSC 452/RSAClasses/TestRSA/bin/Debug/TestRSA.DLL" adapterTypeName="Microsoft.VisualStudio.TestTools.TestTypes.Unit.UnitTestAdapter, Microsoft.VisualStudio.QualityTools.Tips.UnitTest.Adapter, Version=10.0.0.0, Culture=neutral, PublicKeyToken=b03f5f7f11d50a3a" className="TestRSA.RSATest, TestRSA, Version=1.0.0.0, Culture=neutral, PublicKeyToken=null" name="extendedGcdTest" />
    </UnitTest>
    <UnitTest name="encryptUlongTest" storage="e:\scott's stuff\school work\geneva college\8 2012 spring\csc 452\rsaclasses\testrsa\bin\debug\testrsa.dll" id="373184ad-e3ae-87ac-0f61-930171229dad">
      <DeploymentItems>
        <DeploymentItem filename="RSAClasses.dll" />
      </DeploymentItems>
      <Execution id="80d2eb98-0780-4eb9-bf06-3c0cae62a8e1" />
      <TestMethod codeBase="E:/Scott's Stuff/School Work/Geneva College/8 2012 Spring/CSC 452/RSAClasses/TestRSA/bin/Debug/TestRSA.DLL" adapterTypeName="Microsoft.VisualStudio.TestTools.TestTypes.Unit.UnitTestAdapter, Microsoft.VisualStudio.QualityTools.Tips.UnitTest.Adapter, Version=10.0.0.0, Culture=neutral, PublicKeyToken=b03f5f7f11d50a3a" className="TestRSA.RSATest, TestRSA, Version=1.0.0.0, Culture=neutral, PublicKeyToken=null" name="encryptUlongTest" />
    </UnitTest>
    <UnitTest name="encryptTest" storage="e:\scott's stuff\school work\geneva college\8 2012 spring\csc 452\rsaclasses\testrsa\bin\debug\testrsa.dll" id="37d38e0f-a0a3-f805-960b-b79c907db2d1">
      <Execution id="1ec9a49a-e492-431a-8871-f651616485d3" />
      <TestMethod codeBase="E:/Scott's Stuff/School Work/Geneva College/8 2012 Spring/CSC 452/RSAClasses/TestRSA/bin/Debug/TestRSA.DLL" adapterTypeName="Microsoft.VisualStudio.TestTools.TestTypes.Unit.UnitTestAdapter, Microsoft.VisualStudio.QualityTools.Tips.UnitTest.Adapter, Version=10.0.0.0, Culture=neutral, PublicKeyToken=b03f5f7f11d50a3a" className="TestRSA.RSATest, TestRSA, Version=1.0.0.0, Culture=neutral, PublicKeyToken=null" name="encryptTest" />
    </UnitTest>
    <UnitTest name="decryptTest" storage="e:\scott's stuff\school work\geneva college\8 2012 spring\csc 452\rsaclasses\testrsa\bin\debug\testrsa.dll" id="87ef48b7-e5f8-5712-9b96-8e42cc8290ed">
      <Execution id="ef890a1b-41de-4d6d-94a9-f6b2d8680bdc" />
      <TestMethod codeBase="E:/Scott's Stuff/School Work/Geneva College/8 2012 Spring/CSC 452/RSAClasses/TestRSA/bin/Debug/TestRSA.DLL" adapterTypeName="Microsoft.VisualStudio.TestTools.TestTypes.Unit.UnitTestAdapter, Microsoft.VisualStudio.QualityTools.Tips.UnitTest.Adapter, Version=10.0.0.0, Culture=neutral, PublicKeyToken=b03f5f7f11d50a3a" className="TestRSA.RSATest, TestRSA, Version=1.0.0.0, Culture=neutral, PublicKeyToken=null" name="decryptTest" />
    </UnitTest>
    <UnitTest name="randomInfoTest" storage="e:\scott's stuff\school work\geneva college\8 2012 spring\csc 452\rsaclasses\testrsa\bin\debug\testrsa.dll" id="997eb596-6b75-0302-a03f-dec5e11e3e34">
      <Execution id="df84dc21-7a4a-4e20-b41b-84a317f9511b" />
      <TestMethod codeBase="E:/Scott's Stuff/School Work/Geneva College/8 2012 Spring/CSC 452/RSAClasses/TestRSA/bin/Debug/TestRSA.DLL" adapterTypeName="Microsoft.VisualStudio.TestTools.TestTypes.Unit.UnitTestAdapter, Microsoft.VisualStudio.QualityTools.Tips.UnitTest.Adapter, Version=10.0.0.0, Culture=neutral, PublicKeyToken=b03f5f7f11d50a3a" className="TestRSA.RSATest, TestRSA, Version=1.0.0.0, Culture=neutral, PublicKeyToken=null" name="randomInfoTest" />
    </UnitTest>
    <UnitTest name="recalculateKeysTest" storage="e:\scott's stuff\school work\geneva college\8 2012 spring\csc 452\rsaclasses\testrsa\bin\debug\testrsa.dll" id="38ddcbdc-90ef-2951-c548-802e8fc5794a">
      <Execution id="e3794b8c-5ba7-4704-a997-b48318f6eb8b" />
      <TestMethod codeBase="E:/Scott's Stuff/School Work/Geneva College/8 2012 Spring/CSC 452/RSAClasses/TestRSA/bin/Debug/TestRSA.DLL" adapterTypeName="Microsoft.VisualStudio.TestTools.TestTypes.Unit.UnitTestAdapter, Microsoft.VisualStudio.QualityTools.Tips.UnitTest.Adapter, Version=10.0.0.0, Culture=neutral, PublicKeyToken=b03f5f7f11d50a3a" className="TestRSA.RSATest, TestRSA, Version=1.0.0.0, Culture=neutral, PublicKeyToken=null" name="recalculateKeysTest" />
    </UnitTest>
  </TestDefinitions>
  <TestLists>
    <TestList name="Results Not in a List" id="8c84fa94-04c1-424b-9868-57a2d4851a1d" />
    <TestList name="All Loaded Results" id="19431567-8539-422a-85d7-44ee4e166bda" />
  </TestLists>
  <TestEntries>
    <TestEntry testId="1a820d2b-c66b-f40e-f5b9-4ced96d3432d" executionId="80832d55-da56-41cd-b5ca-23213fe5f1d0" testListId="8c84fa94-04c1-424b-9868-57a2d4851a1d" />
    <TestEntry testId="1b69a5d3-4699-e5d4-4a1a-af8bb1ed965f" executionId="23c68b20-b6f2-4c22-aaab-78905669e128" testListId="8c84fa94-04c1-424b-9868-57a2d4851a1d" />
    <TestEntry testId="2d369b67-841e-9a52-f611-3d45bcd43df4" executionId="a7e9cf7f-fb78-4793-acc1-56fa35deb70e" testListId="8c84fa94-04c1-424b-9868-57a2d4851a1d" />
    <TestEntry testId="373184ad-e3ae-87ac-0f61-930171229dad" executionId="80d2eb98-0780-4eb9-bf06-3c0cae62a8e1" testListId="8c84fa94-04c1-424b-9868-57a2d4851a1d" />
    <TestEntry testId="37d38e0f-a0a3-f805-960b-b79c907db2d1" executionId="1ec9a49a-e492-431a-8871-f651616485d3" testListId="8c84fa94-04c1-424b-9868-57a2d4851a1d" />
    <TestEntry testId="38ddcbdc-90ef-2951-c548-802e8fc5794a" executionId="e3794b8c-5ba7-4704-a997-b48318f6eb8b" testListId="8c84fa94-04c1-424b-9868-57a2d4851a1d" />
    <TestEntry testId="539c9340-a804-7a42-311f-6a1a6a1665fa" executionId="159ed38e-119f-4c2c-a404-23a9c16e02b7" testListId="8c84fa94-04c1-424b-9868-57a2d4851a1d" />
    <TestEntry testId="5ccda0e6-cb57-22aa-a61a-d5d7db017a1e" executionId="e5c1ab89-6716-4987-8752-7a4609210083" testListId="8c84fa94-04c1-424b-9868-57a2d4851a1d" />
    <TestEntry testId="6bc9ba88-92a5-dc63-38ee-15dc2989c24d" executionId="ef98ab05-b003-4fa3-89ea-5fb2b49caef1" testListId="8c84fa94-04c1-424b-9868-57a2d4851a1d" />
    <TestEntry testId="72c2e1ea-f683-de09-46c7-13a8b5647aa6" executionId="6400c7c7-98f5-421c-a216-0b4e3a703ae5" testListId="8c84fa94-04c1-424b-9868-57a2d4851a1d" />
    <TestEntry testId="748a8f2e-d148-697d-60d1-f99da6697e3a" executionId="8acdb705-b339-4cfc-81ed-9109776344af" testListId="8c84fa94-04c1-424b-9868-57a2d4851a1d" />
    <TestEntry testId="816cc9f4-a77b-7e69-7744-1c1759fa27d1" executionId="5e263534-68c9-489d-b337-647f7ce03e5f" testListId="8c84fa94-04c1-424b-9868-57a2d4851a1d" />
    <TestEntry testId="87c7c7ef-baec-8a96-99e0-019a01fa5242" executionId="d087dcce-c4b5-4ff8-8674-fa5d9aa7d3ab" testListId="8c84fa94-04c1-424b-9868-57a2d4851a1d" />
    <TestEntry testId="87ef48b7-e5f8-5712-9b96-8e42cc8290ed" executionId="ef890a1b-41de-4d6d-94a9-f6b2d8680bdc" testListId="8c84fa94-04c1-424b-9868-57a2d4851a1d" />
    <TestEntry testId="997eb596-6b75-0302-a03f-dec5e11e3e34" executionId="df84dc21-7a4a-4e20-b41b-84a317f9511b" testListId="8c84fa94-04c1-424b-9868-57a2d4851a1d" />
    <TestEntry testId="b8981d34-8594-77fc-1933-bc5fd03a5815" executionId="62ea1757-3468-4a95-9d41-f7d5c0b2af78" testListId="8c84fa94-04c1-424b-9868-57a2d4851a1d" />
    <TestEntry testId="e0437eed-f780-57e1-2179-2bf21a3ec276" executionId="998bd3f8-0321-48ed-98bc-4e3478f6f8b2" testListId="8c84fa94-04c1-424b-9868-57a2d4851a1d" />
    <TestEntry testId="e31daab1-e762-4c09-cb80-8ce5d2f94775" executionId="6e7074f3-dd8e-433e-a05f-b2a67ee64d8c" testListId="8c84fa94-04c1-424b-9868-57a2d4851a1d" />
    <TestEntry testId="fdf5766e-3956-7562-7b72-16531bffbb9a" executionId="5d9b11cd-5b53-4cb0-bd17-0fee1d505c45" testListId="8c84fa94-04c1-424b-9868-57a2d4851a1d" />
  </TestEntries>
  <Results>
    <UnitTestResult executionId="80832d55-da56-41cd-b5ca-23213fe5f1d0" testId="1a820d2b-c66b-f40e-f5b9-4ced96d3432d" testName="setPublicKeyTest" computerName="SDABROSKI" duration="00:00:00.0240072" startTime="2012-04-26T01:36:06.4102270-04:00" endTime="2012-04-26T01:36:06.7539550-04:00" testType="13cdc9d9-ddb5-4fa4-a97d-d965ccfc6d4b" outcome="Passed" testListId="8c84fa94-04c1-424b-9868-57a2d4851a1d" relativeResultsDirectory="80832d55-da56-41cd-b5ca-23213fe5f1d0">
    </UnitTestResult>
    <UnitTestResult executionId="23c68b20-b6f2-4c22-aaab-78905669e128" testId="1b69a5d3-4699-e5d4-4a1a-af8bb1ed965f" testName="extendedGcdTest" computerName="SDABROSKI" duration="00:00:00.0008506" startTime="2012-04-26T01:36:06.7725085-04:00" endTime="2012-04-26T01:36:06.7930150-04:00" testType="13cdc9d9-ddb5-4fa4-a97d-d965ccfc6d4b" outcome="Passed" testListId="8c84fa94-04c1-424b-9868-57a2d4851a1d" relativeResultsDirectory="23c68b20-b6f2-4c22-aaab-78905669e128">
    </UnitTestResult>
    <UnitTestResult executionId="a7e9cf7f-fb78-4793-acc1-56fa35deb70e" testId="2d369b67-841e-9a52-f611-3d45bcd43df4" testName="ulongEncryptionConsistencyTest" computerName="SDABROSKI" duration="00:00:00.0093492" startTime="2012-04-26T01:36:06.8057095-04:00" endTime="2012-04-26T01:36:06.8242630-04:00" testType="13cdc9d9-ddb5-4fa4-a97d-d965ccfc6d4b" outcome="Passed" testListId="8c84fa94-04c1-424b-9868-57a2d4851a1d" relativeResultsDirectory="a7e9cf7f-fb78-4793-acc1-56fa35deb70e">
    </UnitTestResult>
    <UnitTestResult executionId="80d2eb98-0780-4eb9-bf06-3c0cae62a8e1" testId="373184ad-e3ae-87ac-0f61-930171229dad" testName="encryptUlongTest" computerName="SDABROSKI" duration="00:00:00.0015068" startTime="2012-04-26T01:36:06.8428165-04:00" endTime="2012-04-26T01:36:06.8633230-04:00" testType="13cdc9d9-ddb5-4fa4-a97d-d965ccfc6d4b" outcome="Passed" testListId="8c84fa94-04c1-424b-9868-57a2d4851a1d" relativeResultsDirectory="80d2eb98-0780-4eb9-bf06-3c0cae62a8e1">
    </UnitTestResult>
    <UnitTestResult executionId="1ec9a49a-e492-431a-8871-f651616485d3" testId="37d38e0f-a0a3-f805-960b-b79c907db2d1" testName="encryptTest" computerName="SDABROSKI" duration="00:00:00.0053984" startTime="2012-04-26T01:36:06.8809000-04:00" endTime="2012-04-26T01:36:06.9033595-04:00" testType="13cdc9d9-ddb5-4fa4-a97d-d965ccfc6d4b" outcome="Passed" testListId="8c84fa94-04c1-424b-9868-57a2d4851a1d" relativeResultsDirectory="1ec9a49a-e492-431a-8871-f651616485d3">
    </UnitTestResult>
    <UnitTestResult executionId="e3794b8c-5ba7-4704-a997-b48318f6eb8b" testId="38ddcbdc-90ef-2951-c548-802e8fc5794a" testName="recalculateKeysTest" computerName="SDABROSKI" duration="00:00:00.0002774" startTime="2012-04-26T01:36:06.9375370-04:00" endTime="2012-04-26T01:36:06.9648790-04:00" testType="13cdc9d9-ddb5-4fa4-a97d-d965ccfc6d4b" outcome="Passed" testListId="8c84fa94-04c1-424b-9868-57a2d4851a1d" relativeResultsDirectory="e3794b8c-5ba7-4704-a997-b48318f6eb8b">
    </UnitTestResult>
    <UnitTestResult executionId="159ed38e-119f-4c2c-a404-23a9c16e02b7" testId="539c9340-a804-7a42-311f-6a1a6a1665fa" testName="blockToUlongTest" computerName="SDABROSKI" duration="00:00:00.0003492" startTime="2012-04-26T01:36:06.9824560-04:00" endTime="2012-04-26T01:36:06.9971035-04:00" testType="13cdc9d9-ddb5-4fa4-a97d-d965ccfc6d4b" outcome="Passed" testListId="8c84fa94-04c1-424b-9868-57a2d4851a1d" relativeResultsDirectory="159ed38e-119f-4c2c-a404-23a9c16e02b7">
    </UnitTestResult>
    <UnitTestResult executionId="e5c1ab89-6716-4987-8752-7a4609210083" testId="5ccda0e6-cb57-22aa-a61a-d5d7db017a1e" testName="getPublicKeyTest" computerName="SDABROSKI" duration="00:00:00.0051595" startTime="2012-04-26T01:36:07.0049155-04:00" endTime="2012-04-26T01:36:07.0263985-04:00" testType="13cdc9d9-ddb5-4fa4-a97d-d965ccfc6d4b" outcome="Passed" testListId="8c84fa94-04c1-424b-9868-57a2d4851a1d" relativeResultsDirectory="e5c1ab89-6716-4987-8752-7a4609210083">
    </UnitTestResult>
    <UnitTestResult executionId="ef98ab05-b003-4fa3-89ea-5fb2b49caef1" testId="6bc9ba88-92a5-dc63-38ee-15dc2989c24d" testName="getPrimeTest" computerName="SDABROSKI" duration="00:00:00.0003972" startTime="2012-04-26T01:36:07.0351870-04:00" endTime="2012-04-26T01:36:07.0400695-04:00" testType="13cdc9d9-ddb5-4fa4-a97d-d965ccfc6d4b" outcome="Passed" testListId="8c84fa94-04c1-424b-9868-57a2d4851a1d" relativeResultsDirectory="ef98ab05-b003-4fa3-89ea-5fb2b49caef1">
    </UnitTestResult>
    <UnitTestResult executionId="6400c7c7-98f5-421c-a216-0b4e3a703ae5" testId="72c2e1ea-f683-de09-46c7-13a8b5647aa6" testName="decryptUlongTest" computerName="SDABROSKI" duration="00:00:00.0004707" startTime="2012-04-26T01:36:07.0449520-04:00" endTime="2012-04-26T01:36:07.0508110-04:00" testType="13cdc9d9-ddb5-4fa4-a97d-d965ccfc6d4b" outcome="Passed" testListId="8c84fa94-04c1-424b-9868-57a2d4851a1d" relativeResultsDirectory="6400c7c7-98f5-421c-a216-0b4e3a703ae5">
    </UnitTestResult>
    <UnitTestResult executionId="8acdb705-b339-4cfc-81ed-9109776344af" testId="748a8f2e-d148-697d-60d1-f99da6697e3a" testName="getPrivateKeyTest" computerName="SDABROSKI" duration="00:00:00.0004846" startTime="2012-04-26T01:36:07.0615525-04:00" endTime="2012-04-26T01:36:07.0683880-04:00" testType="13cdc9d9-ddb5-4fa4-a97d-d965ccfc6d4b" outcome="Passed" testListId="8c84fa94-04c1-424b-9868-57a2d4851a1d" relativeResultsDirectory="8acdb705-b339-4cfc-81ed-9109776344af">
    </UnitTestResult>
    <UnitTestResult executionId="5e263534-68c9-489d-b337-647f7ce03e5f" testId="816cc9f4-a77b-7e69-7744-1c1759fa27d1" testName="encryptionConsistencyTest" computerName="SDABROSKI" duration="00:00:16.4804605" startTime="2012-04-26T01:36:07.0771765-04:00" endTime="2012-04-26T01:36:23.5614730-04:00" testType="13cdc9d9-ddb5-4fa4-a97d-d965ccfc6d4b" outcome="Passed" testListId="8c84fa94-04c1-424b-9868-57a2d4851a1d" relativeResultsDirectory="5e263534-68c9-489d-b337-647f7ce03e5f">
    </UnitTestResult>
    <UnitTestResult executionId="d087dcce-c4b5-4ff8-8674-fa5d9aa7d3ab" testId="87c7c7ef-baec-8a96-99e0-019a01fa5242" testName="ulongToBlockConsistencyTest" computerName="SDABROSKI" duration="00:00:00.0005324" startTime="2012-04-26T01:36:23.5634260-04:00" endTime="2012-04-26T01:36:23.5849090-04:00" testType="13cdc9d9-ddb5-4fa4-a97d-d965ccfc6d4b" outcome="Passed" testListId="8c84fa94-04c1-424b-9868-57a2d4851a1d" relativeResultsDirectory="d087dcce-c4b5-4ff8-8674-fa5d9aa7d3ab">
    </UnitTestResult>
    <UnitTestResult executionId="ef890a1b-41de-4d6d-94a9-f6b2d8680bdc" testId="87ef48b7-e5f8-5712-9b96-8e42cc8290ed" testName="decryptTest" computerName="SDABROSKI" duration="00:00:00.3165458" startTime="2012-04-26T01:36:23.5897915-04:00" endTime="2012-04-26T01:36:23.9188720-04:00" testType="13cdc9d9-ddb5-4fa4-a97d-d965ccfc6d4b" outcome="Passed" testListId="8c84fa94-04c1-424b-9868-57a2d4851a1d" relativeResultsDirectory="ef890a1b-41de-4d6d-94a9-f6b2d8680bdc">
    </UnitTestResult>
    <UnitTestResult executionId="df84dc21-7a4a-4e20-b41b-84a317f9511b" testId="997eb596-6b75-0302-a03f-dec5e11e3e34" testName="randomInfoTest" computerName="SDABROSKI" duration="00:00:00.0004173" startTime="2012-04-26T01:36:23.9354725-04:00" endTime="2012-04-26T01:36:23.9686735-04:00" testType="13cdc9d9-ddb5-4fa4-a97d-d965ccfc6d4b" outcome="Passed" testListId="8c84fa94-04c1-424b-9868-57a2d4851a1d" relativeResultsDirectory="df84dc21-7a4a-4e20-b41b-84a317f9511b">
    </UnitTestResult>
    <UnitTestResult executionId="62ea1757-3468-4a95-9d41-f7d5c0b2af78" testId="b8981d34-8594-77fc-1933-bc5fd03a5815" testName="setPrivateKeyTest" computerName="SDABROSKI" duration="00:00:00.0014663" startTime="2012-04-26T01:36:23.9696500-04:00" endTime="2012-04-26T01:36:24.0018745-04:00" testType="13cdc9d9-ddb5-4fa4-a97d-d965ccfc6d4b" outcome="Passed" testListId="8c84fa94-04c1-424b-9868-57a2d4851a1d" relativeResultsDirectory="62ea1757-3468-4a95-9d41-f7d5c0b2af78">
    </UnitTestResult>
    <UnitTestResult executionId="998bd3f8-0321-48ed-98bc-4e3478f6f8b2" testId="e0437eed-f780-57e1-2179-2bf21a3ec276" testName="gcdTest" computerName="SDABROSKI" duration="00:00:00.0004254" startTime="2012-04-26T01:36:24.0155455-04:00" endTime="2012-04-26T01:36:24.0292165-04:00" testType="13cdc9d9-ddb5-4fa4-a97d-d965ccfc6d4b" outcome="Passed" testListId="8c84fa94-04c1-424b-9868-57a2d4851a1d" relativeResultsDirectory="998bd3f8-0321-48ed-98bc-4e3478f6f8b2">
    </UnitTestResult>
    <UnitTestResult executionId="6e7074f3-dd8e-433e-a05f-b2a67ee64d8c" testId="e31daab1-e762-4c09-cb80-8ce5d2f94775" testName="ulongToBlockTest" computerName="SDABROSKI" duration="00:00:00.0002701" startTime="2012-04-26T01:36:24.0321460-04:00" endTime="2012-04-26T01:36:24.0438640-04:00" testType="13cdc9d9-ddb5-4fa4-a97d-d965ccfc6d4b" outcome="Passed" testListId="8c84fa94-04c1-424b-9868-57a2d4851a1d" relativeResultsDirectory="6e7074f3-dd8e-433e-a05f-b2a67ee64d8c">
    </UnitTestResult>
    <UnitTestResult executionId="5d9b11cd-5b53-4cb0-bd17-0fee1d505c45" testId="fdf5766e-3956-7562-7b72-16531bffbb9a" testName="RSAConstructorTest" computerName="SDABROSKI" duration="00:00:00.0098512" startTime="2012-04-26T01:36:24.0448405-04:00" endTime="2012-04-26T01:36:24.0790180-04:00" testType="13cdc9d9-ddb5-4fa4-a97d-d965ccfc6d4b" outcome="Passed" testListId="8c84fa94-04c1-424b-9868-57a2d4851a1d" relativeResultsDirectory="5d9b11cd-5b53-4cb0-bd17-0fee1d505c45">
    </UnitTestResult>
  </Results>
</TestRun>