<?xml version="1.0" encoding="UTF-8"?>
<TestRun id="0e72a715-1768-41c5-bfb5-7b4ef9c09c39" name="CSC@CSC-13 2012-04-11 13:09:08" runUser="CSC-13\CSC" xmlns="http://microsoft.com/schemas/VisualStudio/TeamTest/2010">
  <TestSettings name="Local" id="c39100f7-7fdf-4760-8e72-70b98aab7b63">
    <Description>These are default test settings for a local test run.</Description>
    <Deployment enabled="false" runDeploymentRoot="CSC_CSC-13 2012-04-11 13_09_08">
      <DeploymentItem filename="D:\Geneva College\CSC 452\RSAClasses\RSAClasses\bin\Debug\RSAClasses.dll" />
    </Deployment>
    <Execution>
      <TestTypeSpecific />
      <AgentRule name="Execution Agents">
      </AgentRule>
    </Execution>
  </TestSettings>
  <Times creation="2012-04-11T13:09:08.1063396-04:00" queuing="2012-04-11T13:09:16.5303544-04:00" start="2012-04-11T13:09:17.1855555-04:00" finish="2012-04-11T13:09:19.2915592-04:00" />
  <ResultSummary outcome="Inconclusive">
    <Counters total="2" executed="2" passed="1" error="0" failed="0" timeout="0" aborted="0" inconclusive="1" passedButRunAborted="0" notRunnable="0" notExecuted="0" disconnected="0" warning="0" completed="0" inProgress="0" pending="0" />
  </ResultSummary>
  <TestDefinitions>
    <UnitTest name="RSAConstructorTest" storage="d:\geneva college\csc 452\rsaclasses\testrsa\bin\debug\testrsa.dll" id="fdf5766e-3956-7562-7b72-16531bffbb9a">
      <Execution id="30dda091-901e-470d-85a6-d3400a7f6468" />
      <TestMethod codeBase="D:/Geneva College/CSC 452/RSAClasses/TestRSA/bin/Debug/TestRSA.DLL" adapterTypeName="Microsoft.VisualStudio.TestTools.TestTypes.Unit.UnitTestAdapter, Microsoft.VisualStudio.QualityTools.Tips.UnitTest.Adapter, Version=10.0.0.0, Culture=neutral, PublicKeyToken=b03f5f7f11d50a3a" className="TestRSA.RSATest, TestRSA, Version=1.0.0.0, Culture=neutral, PublicKeyToken=null" name="RSAConstructorTest" />
    </UnitTest>
    <UnitTest name="gcdTest" storage="d:\geneva college\csc 452\rsaclasses\testrsa\bin\debug\testrsa.dll" id="e0437eed-f780-57e1-2179-2bf21a3ec276">
      <DeploymentItems>
        <DeploymentItem filename="RSAClasses.dll" />
      </DeploymentItems>
      <Execution id="7b418fae-1e97-4d6c-b2e1-2840c1ae9ba3" />
      <TestMethod codeBase="D:/Geneva College/CSC 452/RSAClasses/TestRSA/bin/Debug/TestRSA.DLL" adapterTypeName="Microsoft.VisualStudio.TestTools.TestTypes.Unit.UnitTestAdapter, Microsoft.VisualStudio.QualityTools.Tips.UnitTest.Adapter, Version=10.0.0.0, Culture=neutral, PublicKeyToken=b03f5f7f11d50a3a" className="TestRSA.RSATest, TestRSA, Version=1.0.0.0, Culture=neutral, PublicKeyToken=null" name="gcdTest" />
    </UnitTest>
  </TestDefinitions>
  <TestLists>
    <TestList name="Results Not in a List" id="8c84fa94-04c1-424b-9868-57a2d4851a1d" />
    <TestList name="All Loaded Results" id="19431567-8539-422a-85d7-44ee4e166bda" />
  </TestLists>
  <TestEntries>
    <TestEntry testId="e0437eed-f780-57e1-2179-2bf21a3ec276" executionId="7b418fae-1e97-4d6c-b2e1-2840c1ae9ba3" testListId="8c84fa94-04c1-424b-9868-57a2d4851a1d" />
    <TestEntry testId="fdf5766e-3956-7562-7b72-16531bffbb9a" executionId="30dda091-901e-470d-85a6-d3400a7f6468" testListId="8c84fa94-04c1-424b-9868-57a2d4851a1d" />
  </TestEntries>
  <Results>
    <UnitTestResult executionId="7b418fae-1e97-4d6c-b2e1-2840c1ae9ba3" testId="e0437eed-f780-57e1-2179-2bf21a3ec276" testName="gcdTest" computerName="CSC-13" duration="00:00:00.0668129" startTime="2012-04-11T13:09:18.1683572-04:00" endTime="2012-04-11T13:09:18.8079584-04:00" testType="13cdc9d9-ddb5-4fa4-a97d-d965ccfc6d4b" outcome="Passed" testListId="8c84fa94-04c1-424b-9868-57a2d4851a1d" relativeResultsDirectory="7b418fae-1e97-4d6c-b2e1-2840c1ae9ba3">
    </UnitTestResult>
    <UnitTestResult executionId="30dda091-901e-470d-85a6-d3400a7f6468" testId="fdf5766e-3956-7562-7b72-16531bffbb9a" testName="RSAConstructorTest" computerName="CSC-13" duration="00:00:00.1584799" startTime="2012-04-11T13:09:18.8391584-04:00" endTime="2012-04-11T13:09:19.0107587-04:00" testType="13cdc9d9-ddb5-4fa4-a97d-d965ccfc6d4b" outcome="Inconclusive" testListId="8c84fa94-04c1-424b-9868-57a2d4851a1d" relativeResultsDirectory="30dda091-901e-470d-85a6-d3400a7f6468">
      <Output>
        <ErrorInfo>
          <Message>Assert.Inconclusive failed. TODO: Implement code to verify target</Message>
          <StackTrace>   at TestRSA.RSATest.RSAConstructorTest() in D:\Geneva College\CSC 452\RSAClasses\TestRSA\RSATest.cs:line 92
</StackTrace>
        </ErrorInfo>
      </Output>
    </UnitTestResult>
  </Results>
</TestRun>