<?xml version="1.0" encoding="UTF-8"?>
<TestRun id="116448cc-5127-456d-bc9d-d99170d78ad9" name="Scott@SDABROSKI 2012-04-26 01:35:40" runUser="SDABROSKI\Scott" xmlns="http://microsoft.com/schemas/VisualStudio/TeamTest/2010">
  <TestSettings name="Local" id="c39100f7-7fdf-4760-8e72-70b98aab7b63">
    <Description>These are default test settings for a local test run.</Description>
    <Deployment userDeploymentRoot="E:\Scott's Stuff\School Work\Geneva College\8 2012 Spring\CSC 452\RSAClasses\TestResults" useDefaultDeploymentRoot="false" enabled="false" runDeploymentRoot="Scott_SDABROSKI 2012-04-26 01_35_40">
      <DeploymentItem filename="E:\Scott's Stuff\School Work\Geneva College\8 2012 Spring\CSC 452\RSAClasses\RSAClasses\bin\Debug\RSAClasses.dll" />
    </Deployment>
    <Execution>
      <TestTypeSpecific />
      <AgentRule name="Execution Agents">
      </AgentRule>
    </Execution>
  </TestSettings>
  <Times creation="2012-04-26T01:35:40.8806110-04:00" queuing="2012-04-26T01:35:40.9724020-04:00" start="2012-04-26T01:35:40.9929085-04:00" finish="2012-04-26T01:35:41.7106360-04:00" />
  <ResultSummary outcome="Completed">
    <Counters total="1" executed="1" passed="1" error="0" failed="0" timeout="0" aborted="0" inconclusive="0" passedButRunAborted="0" notRunnable="0" notExecuted="0" disconnected="0" warning="0" completed="0" inProgress="0" pending="0" />
  </ResultSummary>
  <TestDefinitions>
    <UnitTest name="encryptionConsistencyTest" storage="e:\scott's stuff\school work\geneva college\8 2012 spring\csc 452\rsaclasses\testrsa\bin\debug\testrsa.dll" id="816cc9f4-a77b-7e69-7744-1c1759fa27d1">
      <Execution id="f4f84ebe-f2a4-41ae-bf09-977d75be950e" />
      <TestMethod codeBase="E:/Scott's Stuff/School Work/Geneva College/8 2012 Spring/CSC 452/RSAClasses/TestRSA/bin/Debug/TestRSA.DLL" adapterTypeName="Microsoft.VisualStudio.TestTools.TestTypes.Unit.UnitTestAdapter, Microsoft.VisualStudio.QualityTools.Tips.UnitTest.Adapter, Version=10.0.0.0, Culture=neutral, PublicKeyToken=b03f5f7f11d50a3a" className="TestRSA.RSATest, TestRSA, Version=1.0.0.0, Culture=neutral, PublicKeyToken=null" name="encryptionConsistencyTest" />
    </UnitTest>
  </TestDefinitions>
  <TestLists>
    <TestList name="Results Not in a List" id="8c84fa94-04c1-424b-9868-57a2d4851a1d" />
    <TestList name="All Loaded Results" id="19431567-8539-422a-85d7-44ee4e166bda" />
  </TestLists>
  <TestEntries>
    <TestEntry testId="816cc9f4-a77b-7e69-7744-1c1759fa27d1" executionId="f4f84ebe-f2a4-41ae-bf09-977d75be950e" testListId="8c84fa94-04c1-424b-9868-57a2d4851a1d" />
  </TestEntries>
  <Results>
    <UnitTestResult executionId="f4f84ebe-f2a4-41ae-bf09-977d75be950e" testId="816cc9f4-a77b-7e69-7744-1c1759fa27d1" testName="encryptionConsistencyTest" computerName="SDABROSKI" duration="00:00:00.2159654" startTime="2012-04-26T01:35:41.0114620-04:00" endTime="2012-04-26T01:35:41.6823175-04:00" testType="13cdc9d9-ddb5-4fa4-a97d-d965ccfc6d4b" outcome="Passed" testListId="8c84fa94-04c1-424b-9868-57a2d4851a1d" relativeResultsDirectory="f4f84ebe-f2a4-41ae-bf09-977d75be950e">
    </UnitTestResult>
  </Results>
</TestRun>