<?xml version="1.0" encoding="UTF-8"?>
<TestRun id="11fed9ff-80d9-48ff-880a-f247636f02ce" name="Scott@SDABROSKI 2012-04-17 18:04:43" runUser="SDABROSKI\Scott" xmlns="http://microsoft.com/schemas/VisualStudio/TeamTest/2010">
  <TestSettings name="Local" id="c39100f7-7fdf-4760-8e72-70b98aab7b63">
    <Description>These are default test settings for a local test run.</Description>
    <Deployment enabled="false" runDeploymentRoot="Scott_SDABROSKI 2012-04-17 18_04_43">
      <DeploymentItem filename="E:\Scott's Stuff\School Work\Geneva College\8 2012 Spring\CSC 452\RSAClasses\RSAClasses\bin\Debug\RSAClasses.dll" />
    </Deployment>
    <Execution>
      <TestTypeSpecific />
      <AgentRule name="Execution Agents">
      </AgentRule>
    </Execution>
  </TestSettings>
  <Times creation="2012-04-17T18:04:43.8200283-04:00" queuing="2012-04-17T18:04:43.9088898-04:00" start="2012-04-17T18:04:43.9801743-04:00" finish="2012-04-17T18:04:44.5875573-04:00" />
  <ResultSummary outcome="Failed">
    <Counters total="8" executed="8" passed="7" error="0" failed="1" timeout="0" aborted="0" inconclusive="0" passedButRunAborted="0" notRunnable="0" notExecuted="0" disconnected="0" warning="0" completed="0" inProgress="0" pending="0" />
    <RunInfos>
      <RunInfo computerName="SDABROSKI" outcome="Warning" timestamp="2012-04-17T18:04:43.9069368-04:00">
        <Text>Deployment is currently disabled. The deployment item 'RSAClasses.dll' on test 'TestRSA.RSATest.blockToLongTest' was not deployed.</Text>
      </RunInfo>
    </RunInfos>
  </ResultSummary>
  <TestDefinitions>
    <UnitTest name="blockToLongTest" storage="e:\scott's stuff\school work\geneva college\8 2012 spring\csc 452\rsaclasses\testrsa\bin\debug\testrsa.dll" id="4be60e44-e49a-f6ac-5b24-c938c65ec6f9">
      <DeploymentItems>
        <DeploymentItem filename="RSAClasses.dll" />
      </DeploymentItems>
      <Execution id="3a4e2009-5256-46ea-aef9-3d3a9d6cdc3c" />
      <TestMethod codeBase="E:/Scott's Stuff/School Work/Geneva College/8 2012 Spring/CSC 452/RSAClasses/TestRSA/bin/Debug/TestRSA.DLL" adapterTypeName="Microsoft.VisualStudio.TestTools.TestTypes.Unit.UnitTestAdapter, Microsoft.VisualStudio.QualityTools.Tips.UnitTest.Adapter, Version=10.0.0.0, Culture=neutral, PublicKeyToken=b03f5f7f11d50a3a" className="TestRSA.RSATest, TestRSA, Version=1.0.0.0, Culture=neutral, PublicKeyToken=null" name="blockToLongTest" />
    </UnitTest>
    <UnitTest name="setPublicKeyTest" storage="e:\scott's stuff\school work\geneva college\8 2012 spring\csc 452\rsaclasses\testrsa\bin\debug\testrsa.dll" id="1a820d2b-c66b-f40e-f5b9-4ced96d3432d">
      <Execution id="35eb876d-bfc9-431c-8f05-872dff483fa5" />
      <TestMethod codeBase="E:/Scott's Stuff/School Work/Geneva College/8 2012 Spring/CSC 452/RSAClasses/TestRSA/bin/Debug/TestRSA.DLL" adapterTypeName="Microsoft.VisualStudio.TestTools.TestTypes.Unit.UnitTestAdapter, Microsoft.VisualStudio.QualityTools.Tips.UnitTest.Adapter, Version=10.0.0.0, Culture=neutral, PublicKeyToken=b03f5f7f11d50a3a" className="TestRSA.RSATest, TestRSA, Version=1.0.0.0, Culture=neutral, PublicKeyToken=null" name="setPublicKeyTest" />
    </UnitTest>
    <UnitTest name="gcdTest" storage="e:\scott's stuff\school work\geneva college\8 2012 spring\csc 452\rsaclasses\testrsa\bin\debug\testrsa.dll" id="e0437eed-f780-57e1-2179-2bf21a3ec276">
      <DeploymentItems>
        <DeploymentItem filename="RSAClasses.dll" />
      </DeploymentItems>
      <Execution id="442900d5-05a2-471b-8165-aef7bc7675f1" />
      <TestMethod codeBase="E:/Scott's Stuff/School Work/Geneva College/8 2012 Spring/CSC 452/RSAClasses/TestRSA/bin/Debug/TestRSA.DLL" adapterTypeName="Microsoft.VisualStudio.TestTools.TestTypes.Unit.UnitTestAdapter, Microsoft.VisualStudio.QualityTools.Tips.UnitTest.Adapter, Version=10.0.0.0, Culture=neutral, PublicKeyToken=b03f5f7f11d50a3a" className="TestRSA.RSATest, TestRSA, Version=1.0.0.0, Culture=neutral, PublicKeyToken=null" name="gcdTest" />
    </UnitTest>
    <UnitTest name="getPrivateKeyTest" storage="e:\scott's stuff\school work\geneva college\8 2012 spring\csc 452\rsaclasses\testrsa\bin\debug\testrsa.dll" id="748a8f2e-d148-697d-60d1-f99da6697e3a">
      <Execution id="c81d4b49-0453-4d33-8abd-74f800694fbe" />
      <TestMethod codeBase="E:/Scott's Stuff/School Work/Geneva College/8 2012 Spring/CSC 452/RSAClasses/TestRSA/bin/Debug/TestRSA.DLL" adapterTypeName="Microsoft.VisualStudio.TestTools.TestTypes.Unit.UnitTestAdapter, Microsoft.VisualStudio.QualityTools.Tips.UnitTest.Adapter, Version=10.0.0.0, Culture=neutral, PublicKeyToken=b03f5f7f11d50a3a" className="TestRSA.RSATest, TestRSA, Version=1.0.0.0, Culture=neutral, PublicKeyToken=null" name="getPrivateKeyTest" />
    </UnitTest>
    <UnitTest name="getPublicKeyTest" storage="e:\scott's stuff\school work\geneva college\8 2012 spring\csc 452\rsaclasses\testrsa\bin\debug\testrsa.dll" id="5ccda0e6-cb57-22aa-a61a-d5d7db017a1e">
      <Execution id="8ab7e5d2-320d-4214-938a-0a2833917edf" />
      <TestMethod codeBase="E:/Scott's Stuff/School Work/Geneva College/8 2012 Spring/CSC 452/RSAClasses/TestRSA/bin/Debug/TestRSA.DLL" adapterTypeName="Microsoft.VisualStudio.TestTools.TestTypes.Unit.UnitTestAdapter, Microsoft.VisualStudio.QualityTools.Tips.UnitTest.Adapter, Version=10.0.0.0, Culture=neutral, PublicKeyToken=b03f5f7f11d50a3a" className="TestRSA.RSATest, TestRSA, Version=1.0.0.0, Culture=neutral, PublicKeyToken=null" name="getPublicKeyTest" />
    </UnitTest>
    <UnitTest name="recalculateKeysTest" storage="e:\scott's stuff\school work\geneva college\8 2012 spring\csc 452\rsaclasses\testrsa\bin\debug\testrsa.dll" id="38ddcbdc-90ef-2951-c548-802e8fc5794a">
      <Execution id="33efdefb-c8c3-47e1-98b3-f8fd90921725" />
      <TestMethod codeBase="E:/Scott's Stuff/School Work/Geneva College/8 2012 Spring/CSC 452/RSAClasses/TestRSA/bin/Debug/TestRSA.DLL" adapterTypeName="Microsoft.VisualStudio.TestTools.TestTypes.Unit.UnitTestAdapter, Microsoft.VisualStudio.QualityTools.Tips.UnitTest.Adapter, Version=10.0.0.0, Culture=neutral, PublicKeyToken=b03f5f7f11d50a3a" className="TestRSA.RSATest, TestRSA, Version=1.0.0.0, Culture=neutral, PublicKeyToken=null" name="recalculateKeysTest" />
    </UnitTest>
    <UnitTest name="RSAConstructorTest" storage="e:\scott's stuff\school work\geneva college\8 2012 spring\csc 452\rsaclasses\testrsa\bin\debug\testrsa.dll" id="fdf5766e-3956-7562-7b72-16531bffbb9a">
      <Execution id="19be95dd-8abc-466c-81d3-41c8b1889470" />
      <TestMethod codeBase="E:/Scott's Stuff/School Work/Geneva College/8 2012 Spring/CSC 452/RSAClasses/TestRSA/bin/Debug/TestRSA.DLL" adapterTypeName="Microsoft.VisualStudio.TestTools.TestTypes.Unit.UnitTestAdapter, Microsoft.VisualStudio.QualityTools.Tips.UnitTest.Adapter, Version=10.0.0.0, Culture=neutral, PublicKeyToken=b03f5f7f11d50a3a" className="TestRSA.RSATest, TestRSA, Version=1.0.0.0, Culture=neutral, PublicKeyToken=null" name="RSAConstructorTest" />
    </UnitTest>
    <UnitTest name="setPrivateKeyTest" storage="e:\scott's stuff\school work\geneva college\8 2012 spring\csc 452\rsaclasses\testrsa\bin\debug\testrsa.dll" id="b8981d34-8594-77fc-1933-bc5fd03a5815">
      <Execution id="2f7cb208-3347-4684-9aae-2df5fa3a65cb" />
      <TestMethod codeBase="E:/Scott's Stuff/School Work/Geneva College/8 2012 Spring/CSC 452/RSAClasses/TestRSA/bin/Debug/TestRSA.DLL" adapterTypeName="Microsoft.VisualStudio.TestTools.TestTypes.Unit.UnitTestAdapter, Microsoft.VisualStudio.QualityTools.Tips.UnitTest.Adapter, Version=10.0.0.0, Culture=neutral, PublicKeyToken=b03f5f7f11d50a3a" className="TestRSA.RSATest, TestRSA, Version=1.0.0.0, Culture=neutral, PublicKeyToken=null" name="setPrivateKeyTest" />
    </UnitTest>
  </TestDefinitions>
  <TestLists>
    <TestList name="Results Not in a List" id="8c84fa94-04c1-424b-9868-57a2d4851a1d" />
    <TestList name="All Loaded Results" id="19431567-8539-422a-85d7-44ee4e166bda" />
  </TestLists>
  <TestEntries>
    <TestEntry testId="1a820d2b-c66b-f40e-f5b9-4ced96d3432d" executionId="35eb876d-bfc9-431c-8f05-872dff483fa5" testListId="8c84fa94-04c1-424b-9868-57a2d4851a1d" />
    <TestEntry testId="38ddcbdc-90ef-2951-c548-802e8fc5794a" executionId="33efdefb-c8c3-47e1-98b3-f8fd90921725" testListId="8c84fa94-04c1-424b-9868-57a2d4851a1d" />
    <TestEntry testId="4be60e44-e49a-f6ac-5b24-c938c65ec6f9" executionId="3a4e2009-5256-46ea-aef9-3d3a9d6cdc3c" testListId="8c84fa94-04c1-424b-9868-57a2d4851a1d" />
    <TestEntry testId="5ccda0e6-cb57-22aa-a61a-d5d7db017a1e" executionId="8ab7e5d2-320d-4214-938a-0a2833917edf" testListId="8c84fa94-04c1-424b-9868-57a2d4851a1d" />
    <TestEntry testId="748a8f2e-d148-697d-60d1-f99da6697e3a" executionId="c81d4b49-0453-4d33-8abd-74f800694fbe" testListId="8c84fa94-04c1-424b-9868-57a2d4851a1d" />
    <TestEntry testId="b8981d34-8594-77fc-1933-bc5fd03a5815" executionId="2f7cb208-3347-4684-9aae-2df5fa3a65cb" testListId="8c84fa94-04c1-424b-9868-57a2d4851a1d" />
    <TestEntry testId="e0437eed-f780-57e1-2179-2bf21a3ec276" executionId="442900d5-05a2-471b-8165-aef7bc7675f1" testListId="8c84fa94-04c1-424b-9868-57a2d4851a1d" />
    <TestEntry testId="fdf5766e-3956-7562-7b72-16531bffbb9a" executionId="19be95dd-8abc-466c-81d3-41c8b1889470" testListId="8c84fa94-04c1-424b-9868-57a2d4851a1d" />
  </TestEntries>
  <Results>
    <UnitTestResult executionId="35eb876d-bfc9-431c-8f05-872dff483fa5" testId="1a820d2b-c66b-f40e-f5b9-4ced96d3432d" testName="setPublicKeyTest" computerName="SDABROSKI" duration="00:00:00.0191719" startTime="2012-04-17T18:04:44.0924718-04:00" endTime="2012-04-17T18:04:44.4606123-04:00" testType="13cdc9d9-ddb5-4fa4-a97d-d965ccfc6d4b" outcome="Passed" testListId="8c84fa94-04c1-424b-9868-57a2d4851a1d" relativeResultsDirectory="35eb876d-bfc9-431c-8f05-872dff483fa5">
    </UnitTestResult>
    <UnitTestResult executionId="33efdefb-c8c3-47e1-98b3-f8fd90921725" testId="38ddcbdc-90ef-2951-c548-802e8fc5794a" testName="recalculateKeysTest" computerName="SDABROSKI" duration="00:00:00.0002656" startTime="2012-04-17T18:04:44.4635418-04:00" endTime="2012-04-17T18:04:44.4694008-04:00" testType="13cdc9d9-ddb5-4fa4-a97d-d965ccfc6d4b" outcome="Passed" testListId="8c84fa94-04c1-424b-9868-57a2d4851a1d" relativeResultsDirectory="33efdefb-c8c3-47e1-98b3-f8fd90921725">
    </UnitTestResult>
    <UnitTestResult executionId="3a4e2009-5256-46ea-aef9-3d3a9d6cdc3c" testId="4be60e44-e49a-f6ac-5b24-c938c65ec6f9" testName="blockToLongTest" computerName="SDABROSKI" duration="00:00:00.0194220" startTime="2012-04-17T18:04:44.4733068-04:00" endTime="2012-04-17T18:04:44.4977193-04:00" testType="13cdc9d9-ddb5-4fa4-a97d-d965ccfc6d4b" outcome="Failed" testListId="8c84fa94-04c1-424b-9868-57a2d4851a1d" relativeResultsDirectory="3a4e2009-5256-46ea-aef9-3d3a9d6cdc3c">
      <Output>
        <ErrorInfo>
          <Message>Assert.AreEqual failed. Expected:&lt;101010101010101&gt;. Actual:&lt;11111111&gt;. </Message>
          <StackTrace>   at TestRSA.RSATest.blockToLongTest() in E:\Scott's Stuff\School Work\Geneva College\8 2012 Spring\CSC 452\RSAClasses\TestRSA\RSATest.cs:line 143
</StackTrace>
        </ErrorInfo>
      </Output>
    </UnitTestResult>
    <UnitTestResult executionId="8ab7e5d2-320d-4214-938a-0a2833917edf" testId="5ccda0e6-cb57-22aa-a61a-d5d7db017a1e" testName="getPublicKeyTest" computerName="SDABROSKI" duration="00:00:00.0049151" startTime="2012-04-17T18:04:44.5074843-04:00" endTime="2012-04-17T18:04:44.5182258-04:00" testType="13cdc9d9-ddb5-4fa4-a97d-d965ccfc6d4b" outcome="Passed" testListId="8c84fa94-04c1-424b-9868-57a2d4851a1d" relativeResultsDirectory="8ab7e5d2-320d-4214-938a-0a2833917edf">
    </UnitTestResult>
    <UnitTestResult executionId="c81d4b49-0453-4d33-8abd-74f800694fbe" testId="748a8f2e-d148-697d-60d1-f99da6697e3a" testName="getPrivateKeyTest" computerName="SDABROSKI" duration="00:00:00.0004735" startTime="2012-04-17T18:04:44.5221318-04:00" endTime="2012-04-17T18:04:44.5270143-04:00" testType="13cdc9d9-ddb5-4fa4-a97d-d965ccfc6d4b" outcome="Passed" testListId="8c84fa94-04c1-424b-9868-57a2d4851a1d" relativeResultsDirectory="c81d4b49-0453-4d33-8abd-74f800694fbe">
    </UnitTestResult>
    <UnitTestResult executionId="2f7cb208-3347-4684-9aae-2df5fa3a65cb" testId="b8981d34-8594-77fc-1933-bc5fd03a5815" testName="setPrivateKeyTest" computerName="SDABROSKI" duration="00:00:00.0004140" startTime="2012-04-17T18:04:44.5299438-04:00" endTime="2012-04-17T18:04:44.5348263-04:00" testType="13cdc9d9-ddb5-4fa4-a97d-d965ccfc6d4b" outcome="Passed" testListId="8c84fa94-04c1-424b-9868-57a2d4851a1d" relativeResultsDirectory="2f7cb208-3347-4684-9aae-2df5fa3a65cb">
    </UnitTestResult>
    <UnitTestResult executionId="442900d5-05a2-471b-8165-aef7bc7675f1" testId="e0437eed-f780-57e1-2179-2bf21a3ec276" testName="gcdTest" computerName="SDABROSKI" duration="00:00:00.0002687" startTime="2012-04-17T18:04:44.5377558-04:00" endTime="2012-04-17T18:04:44.5426383-04:00" testType="13cdc9d9-ddb5-4fa4-a97d-d965ccfc6d4b" outcome="Passed" testListId="8c84fa94-04c1-424b-9868-57a2d4851a1d" relativeResultsDirectory="442900d5-05a2-471b-8165-aef7bc7675f1">
    </UnitTestResult>
    <UnitTestResult executionId="19be95dd-8abc-466c-81d3-41c8b1889470" testId="fdf5766e-3956-7562-7b72-16531bffbb9a" testName="RSAConstructorTest" computerName="SDABROSKI" duration="00:00:00.0002430" startTime="2012-04-17T18:04:44.5455678-04:00" endTime="2012-04-17T18:04:44.5504503-04:00" testType="13cdc9d9-ddb5-4fa4-a97d-d965ccfc6d4b" outcome="Passed" testListId="8c84fa94-04c1-424b-9868-57a2d4851a1d" relativeResultsDirectory="19be95dd-8abc-466c-81d3-41c8b1889470">
    </UnitTestResult>
  </Results>
</TestRun>