<?xml version="1.0" encoding="UTF-8"?>
<TestRun id="ac7236af-f20e-4c01-8988-e1a432aa328a" name="Scott@SDABROSKI 2012-04-21 12:35:10" runUser="SDABROSKI\Scott" xmlns="http://microsoft.com/schemas/VisualStudio/TeamTest/2010">
  <TestSettings name="Local" id="c39100f7-7fdf-4760-8e72-70b98aab7b63">
    <Description>These are default test settings for a local test run.</Description>
    <Deployment enabled="false" runDeploymentRoot="Scott_SDABROSKI 2012-04-21 12_35_10">
      <DeploymentItem filename="E:\Scott's Stuff\School Work\Geneva College\8 2012 Spring\CSC 452\RSAClasses\RSAClasses\bin\Debug\RSAClasses.dll" />
    </Deployment>
    <Execution>
      <TestTypeSpecific />
      <AgentRule name="Execution Agents">
      </AgentRule>
    </Execution>
  </TestSettings>
  <Times creation="2012-04-21T12:35:10.4343993-04:00" queuing="2012-04-21T12:35:10.5408378-04:00" start="2012-04-21T12:35:10.5574383-04:00" finish="2012-04-21T12:35:11.3689098-04:00" />
  <ResultSummary outcome="Inconclusive">
    <Counters total="17" executed="17" passed="15" error="0" failed="0" timeout="0" aborted="0" inconclusive="2" passedButRunAborted="0" notRunnable="0" notExecuted="0" disconnected="0" warning="0" completed="0" inProgress="0" pending="0" />
  </ResultSummary>
  <TestDefinitions>
    <UnitTest name="getPublicKeyTest" storage="e:\scott's stuff\school work\geneva college\8 2012 spring\csc 452\rsaclasses\testrsa\bin\debug\testrsa.dll" id="5ccda0e6-cb57-22aa-a61a-d5d7db017a1e">
      <Execution id="c1feb82e-51ca-49b4-a37c-f5f98828e80a" />
      <TestMethod codeBase="E:/Scott's Stuff/School Work/Geneva College/8 2012 Spring/CSC 452/RSAClasses/TestRSA/bin/Debug/TestRSA.DLL" adapterTypeName="Microsoft.VisualStudio.TestTools.TestTypes.Unit.UnitTestAdapter, Microsoft.VisualStudio.QualityTools.Tips.UnitTest.Adapter, Version=10.0.0.0, Culture=neutral, PublicKeyToken=b03f5f7f11d50a3a" className="TestRSA.RSATest, TestRSA, Version=1.0.0.0, Culture=neutral, PublicKeyToken=null" name="getPublicKeyTest" />
    </UnitTest>
    <UnitTest name="ulongToBlockTest" storage="e:\scott's stuff\school work\geneva college\8 2012 spring\csc 452\rsaclasses\testrsa\bin\debug\testrsa.dll" id="e31daab1-e762-4c09-cb80-8ce5d2f94775">
      <DeploymentItems>
        <DeploymentItem filename="RSAClasses.dll" />
      </DeploymentItems>
      <Execution id="a9a81bd2-3459-471a-956c-93b5ad5921a5" />
      <TestMethod codeBase="E:/Scott's Stuff/School Work/Geneva College/8 2012 Spring/CSC 452/RSAClasses/TestRSA/bin/Debug/TestRSA.DLL" adapterTypeName="Microsoft.VisualStudio.TestTools.TestTypes.Unit.UnitTestAdapter, Microsoft.VisualStudio.QualityTools.Tips.UnitTest.Adapter, Version=10.0.0.0, Culture=neutral, PublicKeyToken=b03f5f7f11d50a3a" className="TestRSA.RSATest, TestRSA, Version=1.0.0.0, Culture=neutral, PublicKeyToken=null" name="ulongToBlockTest" />
    </UnitTest>
    <UnitTest name="RSAConstructorTest" storage="e:\scott's stuff\school work\geneva college\8 2012 spring\csc 452\rsaclasses\testrsa\bin\debug\testrsa.dll" id="fdf5766e-3956-7562-7b72-16531bffbb9a">
      <Execution id="e9d33a59-6e8d-450d-adf7-5fcafceef2cf" />
      <TestMethod codeBase="E:/Scott's Stuff/School Work/Geneva College/8 2012 Spring/CSC 452/RSAClasses/TestRSA/bin/Debug/TestRSA.DLL" adapterTypeName="Microsoft.VisualStudio.TestTools.TestTypes.Unit.UnitTestAdapter, Microsoft.VisualStudio.QualityTools.Tips.UnitTest.Adapter, Version=10.0.0.0, Culture=neutral, PublicKeyToken=b03f5f7f11d50a3a" className="TestRSA.RSATest, TestRSA, Version=1.0.0.0, Culture=neutral, PublicKeyToken=null" name="RSAConstructorTest" />
    </UnitTest>
    <UnitTest name="getPrivateKeyTest" storage="e:\scott's stuff\school work\geneva college\8 2012 spring\csc 452\rsaclasses\testrsa\bin\debug\testrsa.dll" id="748a8f2e-d148-697d-60d1-f99da6697e3a">
      <Execution id="804cfb0b-0c21-4c99-a6c5-214d1762d673" />
      <TestMethod codeBase="E:/Scott's Stuff/School Work/Geneva College/8 2012 Spring/CSC 452/RSAClasses/TestRSA/bin/Debug/TestRSA.DLL" adapterTypeName="Microsoft.VisualStudio.TestTools.TestTypes.Unit.UnitTestAdapter, Microsoft.VisualStudio.QualityTools.Tips.UnitTest.Adapter, Version=10.0.0.0, Culture=neutral, PublicKeyToken=b03f5f7f11d50a3a" className="TestRSA.RSATest, TestRSA, Version=1.0.0.0, Culture=neutral, PublicKeyToken=null" name="getPrivateKeyTest" />
    </UnitTest>
    <UnitTest name="decryptUlongTest" storage="e:\scott's stuff\school work\geneva college\8 2012 spring\csc 452\rsaclasses\testrsa\bin\debug\testrsa.dll" id="72c2e1ea-f683-de09-46c7-13a8b5647aa6">
      <DeploymentItems>
        <DeploymentItem filename="RSAClasses.dll" />
      </DeploymentItems>
      <Execution id="43db9c3d-4cff-4420-ab91-357fd0ac6ce2" />
      <TestMethod codeBase="E:/Scott's Stuff/School Work/Geneva College/8 2012 Spring/CSC 452/RSAClasses/TestRSA/bin/Debug/TestRSA.DLL" adapterTypeName="Microsoft.VisualStudio.TestTools.TestTypes.Unit.UnitTestAdapter, Microsoft.VisualStudio.QualityTools.Tips.UnitTest.Adapter, Version=10.0.0.0, Culture=neutral, PublicKeyToken=b03f5f7f11d50a3a" className="TestRSA.RSATest, TestRSA, Version=1.0.0.0, Culture=neutral, PublicKeyToken=null" name="decryptUlongTest" />
    </UnitTest>
    <UnitTest name="ulongToBlockConsistencyTest" storage="e:\scott's stuff\school work\geneva college\8 2012 spring\csc 452\rsaclasses\testrsa\bin\debug\testrsa.dll" id="87c7c7ef-baec-8a96-99e0-019a01fa5242">
      <DeploymentItems>
        <DeploymentItem filename="RSAClasses.dll" />
      </DeploymentItems>
      <Execution id="8c8bc875-ed3f-4946-b63c-dfdec71d8943" />
      <TestMethod codeBase="E:/Scott's Stuff/School Work/Geneva College/8 2012 Spring/CSC 452/RSAClasses/TestRSA/bin/Debug/TestRSA.DLL" adapterTypeName="Microsoft.VisualStudio.TestTools.TestTypes.Unit.UnitTestAdapter, Microsoft.VisualStudio.QualityTools.Tips.UnitTest.Adapter, Version=10.0.0.0, Culture=neutral, PublicKeyToken=b03f5f7f11d50a3a" className="TestRSA.RSATest, TestRSA, Version=1.0.0.0, Culture=neutral, PublicKeyToken=null" name="ulongToBlockConsistencyTest" />
    </UnitTest>
    <UnitTest name="gcdTest" storage="e:\scott's stuff\school work\geneva college\8 2012 spring\csc 452\rsaclasses\testrsa\bin\debug\testrsa.dll" id="e0437eed-f780-57e1-2179-2bf21a3ec276">
      <DeploymentItems>
        <DeploymentItem filename="RSAClasses.dll" />
      </DeploymentItems>
      <Execution id="9a0a0b6b-5076-4bd9-9021-169eb70b2e06" />
      <TestMethod codeBase="E:/Scott's Stuff/School Work/Geneva College/8 2012 Spring/CSC 452/RSAClasses/TestRSA/bin/Debug/TestRSA.DLL" adapterTypeName="Microsoft.VisualStudio.TestTools.TestTypes.Unit.UnitTestAdapter, Microsoft.VisualStudio.QualityTools.Tips.UnitTest.Adapter, Version=10.0.0.0, Culture=neutral, PublicKeyToken=b03f5f7f11d50a3a" className="TestRSA.RSATest, TestRSA, Version=1.0.0.0, Culture=neutral, PublicKeyToken=null" name="gcdTest" />
    </UnitTest>
    <UnitTest name="ulongEncryptionConsistencyTest" storage="e:\scott's stuff\school work\geneva college\8 2012 spring\csc 452\rsaclasses\testrsa\bin\debug\testrsa.dll" id="2d369b67-841e-9a52-f611-3d45bcd43df4">
      <DeploymentItems>
        <DeploymentItem filename="RSAClasses.dll" />
      </DeploymentItems>
      <Execution id="8903ead8-4aff-4b0e-a122-143305737654" />
      <TestMethod codeBase="E:/Scott's Stuff/School Work/Geneva College/8 2012 Spring/CSC 452/RSAClasses/TestRSA/bin/Debug/TestRSA.DLL" adapterTypeName="Microsoft.VisualStudio.TestTools.TestTypes.Unit.UnitTestAdapter, Microsoft.VisualStudio.QualityTools.Tips.UnitTest.Adapter, Version=10.0.0.0, Culture=neutral, PublicKeyToken=b03f5f7f11d50a3a" className="TestRSA.RSATest, TestRSA, Version=1.0.0.0, Culture=neutral, PublicKeyToken=null" name="ulongEncryptionConsistencyTest" />
    </UnitTest>
    <UnitTest name="setPrivateKeyTest" storage="e:\scott's stuff\school work\geneva college\8 2012 spring\csc 452\rsaclasses\testrsa\bin\debug\testrsa.dll" id="b8981d34-8594-77fc-1933-bc5fd03a5815">
      <Execution id="ac950985-4947-43e3-8bdc-ab4e9a1f8041" />
      <TestMethod codeBase="E:/Scott's Stuff/School Work/Geneva College/8 2012 Spring/CSC 452/RSAClasses/TestRSA/bin/Debug/TestRSA.DLL" adapterTypeName="Microsoft.VisualStudio.TestTools.TestTypes.Unit.UnitTestAdapter, Microsoft.VisualStudio.QualityTools.Tips.UnitTest.Adapter, Version=10.0.0.0, Culture=neutral, PublicKeyToken=b03f5f7f11d50a3a" className="TestRSA.RSATest, TestRSA, Version=1.0.0.0, Culture=neutral, PublicKeyToken=null" name="setPrivateKeyTest" />
    </UnitTest>
    <UnitTest name="encryptionConsistencyTest" storage="e:\scott's stuff\school work\geneva college\8 2012 spring\csc 452\rsaclasses\testrsa\bin\debug\testrsa.dll" id="816cc9f4-a77b-7e69-7744-1c1759fa27d1">
      <Execution id="141daad8-26a8-4302-b8ba-cb83dd0a8f55" />
      <TestMethod codeBase="E:/Scott's Stuff/School Work/Geneva College/8 2012 Spring/CSC 452/RSAClasses/TestRSA/bin/Debug/TestRSA.DLL" adapterTypeName="Microsoft.VisualStudio.TestTools.TestTypes.Unit.UnitTestAdapter, Microsoft.VisualStudio.QualityTools.Tips.UnitTest.Adapter, Version=10.0.0.0, Culture=neutral, PublicKeyToken=b03f5f7f11d50a3a" className="TestRSA.RSATest, TestRSA, Version=1.0.0.0, Culture=neutral, PublicKeyToken=null" name="encryptionConsistencyTest" />
    </UnitTest>
    <UnitTest name="setPublicKeyTest" storage="e:\scott's stuff\school work\geneva college\8 2012 spring\csc 452\rsaclasses\testrsa\bin\debug\testrsa.dll" id="1a820d2b-c66b-f40e-f5b9-4ced96d3432d">
      <Execution id="cb37e0c3-442a-4440-88e6-11914cd74230" />
      <TestMethod codeBase="E:/Scott's Stuff/School Work/Geneva College/8 2012 Spring/CSC 452/RSAClasses/TestRSA/bin/Debug/TestRSA.DLL" adapterTypeName="Microsoft.VisualStudio.TestTools.TestTypes.Unit.UnitTestAdapter, Microsoft.VisualStudio.QualityTools.Tips.UnitTest.Adapter, Version=10.0.0.0, Culture=neutral, PublicKeyToken=b03f5f7f11d50a3a" className="TestRSA.RSATest, TestRSA, Version=1.0.0.0, Culture=neutral, PublicKeyToken=null" name="setPublicKeyTest" />
    </UnitTest>
    <UnitTest name="blockToUlongTest" storage="e:\scott's stuff\school work\geneva college\8 2012 spring\csc 452\rsaclasses\testrsa\bin\debug\testrsa.dll" id="539c9340-a804-7a42-311f-6a1a6a1665fa">
      <DeploymentItems>
        <DeploymentItem filename="RSAClasses.dll" />
      </DeploymentItems>
      <Execution id="20fa8740-aa1b-45db-b32b-5719d6499f4f" />
      <TestMethod codeBase="E:/Scott's Stuff/School Work/Geneva College/8 2012 Spring/CSC 452/RSAClasses/TestRSA/bin/Debug/TestRSA.DLL" adapterTypeName="Microsoft.VisualStudio.TestTools.TestTypes.Unit.UnitTestAdapter, Microsoft.VisualStudio.QualityTools.Tips.UnitTest.Adapter, Version=10.0.0.0, Culture=neutral, PublicKeyToken=b03f5f7f11d50a3a" className="TestRSA.RSATest, TestRSA, Version=1.0.0.0, Culture=neutral, PublicKeyToken=null" name="blockToUlongTest" />
    </UnitTest>
    <UnitTest name="extendedGcdTest" storage="e:\scott's stuff\school work\geneva college\8 2012 spring\csc 452\rsaclasses\testrsa\bin\debug\testrsa.dll" id="1b69a5d3-4699-e5d4-4a1a-af8bb1ed965f">
      <DeploymentItems>
        <DeploymentItem filename="RSAClasses.dll" />
      </DeploymentItems>
      <Execution id="4628d146-62cb-42e4-867e-512ee91578a3" />
      <TestMethod codeBase="E:/Scott's Stuff/School Work/Geneva College/8 2012 Spring/CSC 452/RSAClasses/TestRSA/bin/Debug/TestRSA.DLL" adapterTypeName="Microsoft.VisualStudio.TestTools.TestTypes.Unit.UnitTestAdapter, Microsoft.VisualStudio.QualityTools.Tips.UnitTest.Adapter, Version=10.0.0.0, Culture=neutral, PublicKeyToken=b03f5f7f11d50a3a" className="TestRSA.RSATest, TestRSA, Version=1.0.0.0, Culture=neutral, PublicKeyToken=null" name="extendedGcdTest" />
    </UnitTest>
    <UnitTest name="encryptUlongTest" storage="e:\scott's stuff\school work\geneva college\8 2012 spring\csc 452\rsaclasses\testrsa\bin\debug\testrsa.dll" id="373184ad-e3ae-87ac-0f61-930171229dad">
      <DeploymentItems>
        <DeploymentItem filename="RSAClasses.dll" />
      </DeploymentItems>
      <Execution id="2aa5dcb2-039a-448b-a31a-11ec06eef796" />
      <TestMethod codeBase="E:/Scott's Stuff/School Work/Geneva College/8 2012 Spring/CSC 452/RSAClasses/TestRSA/bin/Debug/TestRSA.DLL" adapterTypeName="Microsoft.VisualStudio.TestTools.TestTypes.Unit.UnitTestAdapter, Microsoft.VisualStudio.QualityTools.Tips.UnitTest.Adapter, Version=10.0.0.0, Culture=neutral, PublicKeyToken=b03f5f7f11d50a3a" className="TestRSA.RSATest, TestRSA, Version=1.0.0.0, Culture=neutral, PublicKeyToken=null" name="encryptUlongTest" />
    </UnitTest>
    <UnitTest name="encryptTest" storage="e:\scott's stuff\school work\geneva college\8 2012 spring\csc 452\rsaclasses\testrsa\bin\debug\testrsa.dll" id="37d38e0f-a0a3-f805-960b-b79c907db2d1">
      <Execution id="e9ff2e2f-6bdf-4111-b3aa-bb63680ba730" />
      <TestMethod codeBase="E:/Scott's Stuff/School Work/Geneva College/8 2012 Spring/CSC 452/RSAClasses/TestRSA/bin/Debug/TestRSA.DLL" adapterTypeName="Microsoft.VisualStudio.TestTools.TestTypes.Unit.UnitTestAdapter, Microsoft.VisualStudio.QualityTools.Tips.UnitTest.Adapter, Version=10.0.0.0, Culture=neutral, PublicKeyToken=b03f5f7f11d50a3a" className="TestRSA.RSATest, TestRSA, Version=1.0.0.0, Culture=neutral, PublicKeyToken=null" name="encryptTest" />
    </UnitTest>
    <UnitTest name="decryptTest" storage="e:\scott's stuff\school work\geneva college\8 2012 spring\csc 452\rsaclasses\testrsa\bin\debug\testrsa.dll" id="87ef48b7-e5f8-5712-9b96-8e42cc8290ed">
      <Execution id="0b38551d-43ad-4356-8740-73f672b0f818" />
      <TestMethod codeBase="E:/Scott's Stuff/School Work/Geneva College/8 2012 Spring/CSC 452/RSAClasses/TestRSA/bin/Debug/TestRSA.DLL" adapterTypeName="Microsoft.VisualStudio.TestTools.TestTypes.Unit.UnitTestAdapter, Microsoft.VisualStudio.QualityTools.Tips.UnitTest.Adapter, Version=10.0.0.0, Culture=neutral, PublicKeyToken=b03f5f7f11d50a3a" className="TestRSA.RSATest, TestRSA, Version=1.0.0.0, Culture=neutral, PublicKeyToken=null" name="decryptTest" />
    </UnitTest>
    <UnitTest name="recalculateKeysTest" storage="e:\scott's stuff\school work\geneva college\8 2012 spring\csc 452\rsaclasses\testrsa\bin\debug\testrsa.dll" id="38ddcbdc-90ef-2951-c548-802e8fc5794a">
      <Execution id="a49d1238-e337-4ee1-9f70-2ceedd644700" />
      <TestMethod codeBase="E:/Scott's Stuff/School Work/Geneva College/8 2012 Spring/CSC 452/RSAClasses/TestRSA/bin/Debug/TestRSA.DLL" adapterTypeName="Microsoft.VisualStudio.TestTools.TestTypes.Unit.UnitTestAdapter, Microsoft.VisualStudio.QualityTools.Tips.UnitTest.Adapter, Version=10.0.0.0, Culture=neutral, PublicKeyToken=b03f5f7f11d50a3a" className="TestRSA.RSATest, TestRSA, Version=1.0.0.0, Culture=neutral, PublicKeyToken=null" name="recalculateKeysTest" />
    </UnitTest>
  </TestDefinitions>
  <TestLists>
    <TestList name="Results Not in a List" id="8c84fa94-04c1-424b-9868-57a2d4851a1d" />
    <TestList name="All Loaded Results" id="19431567-8539-422a-85d7-44ee4e166bda" />
  </TestLists>
  <TestEntries>
    <TestEntry testId="1a820d2b-c66b-f40e-f5b9-4ced96d3432d" executionId="cb37e0c3-442a-4440-88e6-11914cd74230" testListId="8c84fa94-04c1-424b-9868-57a2d4851a1d" />
    <TestEntry testId="1b69a5d3-4699-e5d4-4a1a-af8bb1ed965f" executionId="4628d146-62cb-42e4-867e-512ee91578a3" testListId="8c84fa94-04c1-424b-9868-57a2d4851a1d" />
    <TestEntry testId="2d369b67-841e-9a52-f611-3d45bcd43df4" executionId="8903ead8-4aff-4b0e-a122-143305737654" testListId="8c84fa94-04c1-424b-9868-57a2d4851a1d" />
    <TestEntry testId="373184ad-e3ae-87ac-0f61-930171229dad" executionId="2aa5dcb2-039a-448b-a31a-11ec06eef796" testListId="8c84fa94-04c1-424b-9868-57a2d4851a1d" />
    <TestEntry testId="37d38e0f-a0a3-f805-960b-b79c907db2d1" executionId="e9ff2e2f-6bdf-4111-b3aa-bb63680ba730" testListId="8c84fa94-04c1-424b-9868-57a2d4851a1d" />
    <TestEntry testId="38ddcbdc-90ef-2951-c548-802e8fc5794a" executionId="a49d1238-e337-4ee1-9f70-2ceedd644700" testListId="8c84fa94-04c1-424b-9868-57a2d4851a1d" />
    <TestEntry testId="539c9340-a804-7a42-311f-6a1a6a1665fa" executionId="20fa8740-aa1b-45db-b32b-5719d6499f4f" testListId="8c84fa94-04c1-424b-9868-57a2d4851a1d" />
    <TestEntry testId="5ccda0e6-cb57-22aa-a61a-d5d7db017a1e" executionId="c1feb82e-51ca-49b4-a37c-f5f98828e80a" testListId="8c84fa94-04c1-424b-9868-57a2d4851a1d" />
    <TestEntry testId="72c2e1ea-f683-de09-46c7-13a8b5647aa6" executionId="43db9c3d-4cff-4420-ab91-357fd0ac6ce2" testListId="8c84fa94-04c1-424b-9868-57a2d4851a1d" />
    <TestEntry testId="748a8f2e-d148-697d-60d1-f99da6697e3a" executionId="804cfb0b-0c21-4c99-a6c5-214d1762d673" testListId="8c84fa94-04c1-424b-9868-57a2d4851a1d" />
    <TestEntry testId="816cc9f4-a77b-7e69-7744-1c1759fa27d1" executionId="141daad8-26a8-4302-b8ba-cb83dd0a8f55" testListId="8c84fa94-04c1-424b-9868-57a2d4851a1d" />
    <TestEntry testId="87c7c7ef-baec-8a96-99e0-019a01fa5242" executionId="8c8bc875-ed3f-4946-b63c-dfdec71d8943" testListId="8c84fa94-04c1-424b-9868-57a2d4851a1d" />
    <TestEntry testId="87ef48b7-e5f8-5712-9b96-8e42cc8290ed" executionId="0b38551d-43ad-4356-8740-73f672b0f818" testListId="8c84fa94-04c1-424b-9868-57a2d4851a1d" />
    <TestEntry testId="b8981d34-8594-77fc-1933-bc5fd03a5815" executionId="ac950985-4947-43e3-8bdc-ab4e9a1f8041" testListId="8c84fa94-04c1-424b-9868-57a2d4851a1d" />
    <TestEntry testId="e0437eed-f780-57e1-2179-2bf21a3ec276" executionId="9a0a0b6b-5076-4bd9-9021-169eb70b2e06" testListId="8c84fa94-04c1-424b-9868-57a2d4851a1d" />
    <TestEntry testId="e31daab1-e762-4c09-cb80-8ce5d2f94775" executionId="a9a81bd2-3459-471a-956c-93b5ad5921a5" testListId="8c84fa94-04c1-424b-9868-57a2d4851a1d" />
    <TestEntry testId="fdf5766e-3956-7562-7b72-16531bffbb9a" executionId="e9d33a59-6e8d-450d-adf7-5fcafceef2cf" testListId="8c84fa94-04c1-424b-9868-57a2d4851a1d" />
  </TestEntries>
  <Results>
    <UnitTestResult executionId="cb37e0c3-442a-4440-88e6-11914cd74230" testId="1a820d2b-c66b-f40e-f5b9-4ced96d3432d" testName="setPublicKeyTest" computerName="SDABROSKI" duration="00:00:00.0246006" startTime="2012-04-21T12:35:10.5642738-04:00" endTime="2012-04-21T12:35:10.9109313-04:00" testType="13cdc9d9-ddb5-4fa4-a97d-d965ccfc6d4b" outcome="Passed" testListId="8c84fa94-04c1-424b-9868-57a2d4851a1d" relativeResultsDirectory="cb37e0c3-442a-4440-88e6-11914cd74230">
    </UnitTestResult>
    <UnitTestResult executionId="4628d146-62cb-42e4-867e-512ee91578a3" testId="1b69a5d3-4699-e5d4-4a1a-af8bb1ed965f" testName="extendedGcdTest" computerName="SDABROSKI" duration="00:00:00.0064075" startTime="2012-04-21T12:35:10.9216728-04:00" endTime="2012-04-21T12:35:10.9343673-04:00" testType="13cdc9d9-ddb5-4fa4-a97d-d965ccfc6d4b" outcome="Passed" testListId="8c84fa94-04c1-424b-9868-57a2d4851a1d" relativeResultsDirectory="4628d146-62cb-42e4-867e-512ee91578a3">
    </UnitTestResult>
    <UnitTestResult executionId="8903ead8-4aff-4b0e-a122-143305737654" testId="2d369b67-841e-9a52-f611-3d45bcd43df4" testName="ulongEncryptionConsistencyTest" computerName="SDABROSKI" duration="00:00:00.0008185" startTime="2012-04-21T12:35:10.9470618-04:00" endTime="2012-04-21T12:35:10.9538973-04:00" testType="13cdc9d9-ddb5-4fa4-a97d-d965ccfc6d4b" outcome="Passed" testListId="8c84fa94-04c1-424b-9868-57a2d4851a1d" relativeResultsDirectory="8903ead8-4aff-4b0e-a122-143305737654">
    </UnitTestResult>
    <UnitTestResult executionId="2aa5dcb2-039a-448b-a31a-11ec06eef796" testId="373184ad-e3ae-87ac-0f61-930171229dad" testName="encryptUlongTest" computerName="SDABROSKI" duration="00:00:00.0022036" startTime="2012-04-21T12:35:10.9724508-04:00" endTime="2012-04-21T12:35:10.9900278-04:00" testType="13cdc9d9-ddb5-4fa4-a97d-d965ccfc6d4b" outcome="Passed" testListId="8c84fa94-04c1-424b-9868-57a2d4851a1d" relativeResultsDirectory="2aa5dcb2-039a-448b-a31a-11ec06eef796">
    </UnitTestResult>
    <UnitTestResult executionId="e9ff2e2f-6bdf-4111-b3aa-bb63680ba730" testId="37d38e0f-a0a3-f805-960b-b79c907db2d1" testName="encryptTest" computerName="SDABROSKI" duration="00:00:00.0142160" startTime="2012-04-21T12:35:10.9919808-04:00" endTime="2012-04-21T12:35:11.0183463-04:00" testType="13cdc9d9-ddb5-4fa4-a97d-d965ccfc6d4b" outcome="Passed" testListId="8c84fa94-04c1-424b-9868-57a2d4851a1d" relativeResultsDirectory="e9ff2e2f-6bdf-4111-b3aa-bb63680ba730">
    </UnitTestResult>
    <UnitTestResult executionId="a49d1238-e337-4ee1-9f70-2ceedd644700" testId="38ddcbdc-90ef-2951-c548-802e8fc5794a" testName="recalculateKeysTest" computerName="SDABROSKI" duration="00:00:00.0053341" startTime="2012-04-21T12:35:11.0290878-04:00" endTime="2012-04-21T12:35:11.0398293-04:00" testType="13cdc9d9-ddb5-4fa4-a97d-d965ccfc6d4b" outcome="Passed" testListId="8c84fa94-04c1-424b-9868-57a2d4851a1d" relativeResultsDirectory="a49d1238-e337-4ee1-9f70-2ceedd644700">
    </UnitTestResult>
    <UnitTestResult executionId="20fa8740-aa1b-45db-b32b-5719d6499f4f" testId="539c9340-a804-7a42-311f-6a1a6a1665fa" testName="blockToUlongTest" computerName="SDABROSKI" duration="00:00:00.0008867" startTime="2012-04-21T12:35:11.0505708-04:00" endTime="2012-04-21T12:35:11.0613123-04:00" testType="13cdc9d9-ddb5-4fa4-a97d-d965ccfc6d4b" outcome="Passed" testListId="8c84fa94-04c1-424b-9868-57a2d4851a1d" relativeResultsDirectory="20fa8740-aa1b-45db-b32b-5719d6499f4f">
    </UnitTestResult>
    <UnitTestResult executionId="c1feb82e-51ca-49b4-a37c-f5f98828e80a" testId="5ccda0e6-cb57-22aa-a61a-d5d7db017a1e" testName="getPublicKeyTest" computerName="SDABROSKI" duration="00:00:00.0003645" startTime="2012-04-21T12:35:11.0701008-04:00" endTime="2012-04-21T12:35:11.0993958-04:00" testType="13cdc9d9-ddb5-4fa4-a97d-d965ccfc6d4b" outcome="Passed" testListId="8c84fa94-04c1-424b-9868-57a2d4851a1d" relativeResultsDirectory="c1feb82e-51ca-49b4-a37c-f5f98828e80a">
    </UnitTestResult>
    <UnitTestResult executionId="43db9c3d-4cff-4420-ab91-357fd0ac6ce2" testId="72c2e1ea-f683-de09-46c7-13a8b5647aa6" testName="decryptUlongTest" computerName="SDABROSKI" duration="00:00:00.0011403" startTime="2012-04-21T12:35:11.1521268-04:00" endTime="2012-04-21T12:35:11.1579858-04:00" testType="13cdc9d9-ddb5-4fa4-a97d-d965ccfc6d4b" outcome="Passed" testListId="8c84fa94-04c1-424b-9868-57a2d4851a1d" relativeResultsDirectory="43db9c3d-4cff-4420-ab91-357fd0ac6ce2">
    </UnitTestResult>
    <UnitTestResult executionId="804cfb0b-0c21-4c99-a6c5-214d1762d673" testId="748a8f2e-d148-697d-60d1-f99da6697e3a" testName="getPrivateKeyTest" computerName="SDABROSKI" duration="00:00:00.0064156" startTime="2012-04-21T12:35:11.1638448-04:00" endTime="2012-04-21T12:35:11.1804453-04:00" testType="13cdc9d9-ddb5-4fa4-a97d-d965ccfc6d4b" outcome="Passed" testListId="8c84fa94-04c1-424b-9868-57a2d4851a1d" relativeResultsDirectory="804cfb0b-0c21-4c99-a6c5-214d1762d673">
    </UnitTestResult>
    <UnitTestResult executionId="141daad8-26a8-4302-b8ba-cb83dd0a8f55" testId="816cc9f4-a77b-7e69-7744-1c1759fa27d1" testName="encryptionConsistencyTest" computerName="SDABROSKI" duration="00:00:00.0095023" startTime="2012-04-21T12:35:11.1931398-04:00" endTime="2012-04-21T12:35:11.2077873-04:00" testType="13cdc9d9-ddb5-4fa4-a97d-d965ccfc6d4b" outcome="Inconclusive" testListId="8c84fa94-04c1-424b-9868-57a2d4851a1d" relativeResultsDirectory="141daad8-26a8-4302-b8ba-cb83dd0a8f55">
      <Output>
        <ErrorInfo>
          <Message>Assert.Inconclusive failed. Verify the correctness of this test method.</Message>
          <StackTrace>   at TestRSA.RSATest.encryptionConsistencyTest() in E:\Scott's Stuff\School Work\Geneva College\8 2012 Spring\CSC 452\RSAClasses\TestRSA\RSATest.cs:line 251
</StackTrace>
        </ErrorInfo>
      </Output>
    </UnitTestResult>
    <UnitTestResult executionId="8c8bc875-ed3f-4946-b63c-dfdec71d8943" testId="87c7c7ef-baec-8a96-99e0-019a01fa5242" testName="ulongToBlockConsistencyTest" computerName="SDABROSKI" duration="00:00:00.0004224" startTime="2012-04-21T12:35:11.2155993-04:00" endTime="2012-04-21T12:35:11.2234113-04:00" testType="13cdc9d9-ddb5-4fa4-a97d-d965ccfc6d4b" outcome="Passed" testListId="8c84fa94-04c1-424b-9868-57a2d4851a1d" relativeResultsDirectory="8c8bc875-ed3f-4946-b63c-dfdec71d8943">
    </UnitTestResult>
    <UnitTestResult executionId="0b38551d-43ad-4356-8740-73f672b0f818" testId="87ef48b7-e5f8-5712-9b96-8e42cc8290ed" testName="decryptTest" computerName="SDABROSKI" duration="00:00:00.0007618" startTime="2012-04-21T12:35:11.2488003-04:00" endTime="2012-04-21T12:35:11.2556358-04:00" testType="13cdc9d9-ddb5-4fa4-a97d-d965ccfc6d4b" outcome="Inconclusive" testListId="8c84fa94-04c1-424b-9868-57a2d4851a1d" relativeResultsDirectory="0b38551d-43ad-4356-8740-73f672b0f818">
      <Output>
        <ErrorInfo>
          <Message>Assert.Inconclusive failed. Verify the correctness of this test method.</Message>
          <StackTrace>   at TestRSA.RSATest.decryptTest() in E:\Scott's Stuff\School Work\Geneva College\8 2012 Spring\CSC 452\RSAClasses\TestRSA\RSATest.cs:line 242
</StackTrace>
        </ErrorInfo>
      </Output>
    </UnitTestResult>
    <UnitTestResult executionId="ac950985-4947-43e3-8bdc-ab4e9a1f8041" testId="b8981d34-8594-77fc-1933-bc5fd03a5815" testName="setPrivateKeyTest" computerName="SDABROSKI" duration="00:00:00.0089584" startTime="2012-04-21T12:35:11.2566123-04:00" endTime="2012-04-21T12:35:11.2693068-04:00" testType="13cdc9d9-ddb5-4fa4-a97d-d965ccfc6d4b" outcome="Passed" testListId="8c84fa94-04c1-424b-9868-57a2d4851a1d" relativeResultsDirectory="ac950985-4947-43e3-8bdc-ab4e9a1f8041">
    </UnitTestResult>
    <UnitTestResult executionId="9a0a0b6b-5076-4bd9-9021-169eb70b2e06" testId="e0437eed-f780-57e1-2179-2bf21a3ec276" testName="gcdTest" computerName="SDABROSKI" duration="00:00:00.0010423" startTime="2012-04-21T12:35:11.2722363-04:00" endTime="2012-04-21T12:35:11.2780953-04:00" testType="13cdc9d9-ddb5-4fa4-a97d-d965ccfc6d4b" outcome="Passed" testListId="8c84fa94-04c1-424b-9868-57a2d4851a1d" relativeResultsDirectory="9a0a0b6b-5076-4bd9-9021-169eb70b2e06">
    </UnitTestResult>
    <UnitTestResult executionId="a9a81bd2-3459-471a-956c-93b5ad5921a5" testId="e31daab1-e762-4c09-cb80-8ce5d2f94775" testName="ulongToBlockTest" computerName="SDABROSKI" duration="00:00:00.0002598" startTime="2012-04-21T12:35:11.2810248-04:00" endTime="2012-04-21T12:35:11.2868838-04:00" testType="13cdc9d9-ddb5-4fa4-a97d-d965ccfc6d4b" outcome="Passed" testListId="8c84fa94-04c1-424b-9868-57a2d4851a1d" relativeResultsDirectory="a9a81bd2-3459-471a-956c-93b5ad5921a5">
    </UnitTestResult>
    <UnitTestResult executionId="e9d33a59-6e8d-450d-adf7-5fcafceef2cf" testId="fdf5766e-3956-7562-7b72-16531bffbb9a" testName="RSAConstructorTest" computerName="SDABROSKI" duration="00:00:00.0008763" startTime="2012-04-21T12:35:11.2917663-04:00" endTime="2012-04-21T12:35:11.2986018-04:00" testType="13cdc9d9-ddb5-4fa4-a97d-d965ccfc6d4b" outcome="Passed" testListId="8c84fa94-04c1-424b-9868-57a2d4851a1d" relativeResultsDirectory="e9d33a59-6e8d-450d-adf7-5fcafceef2cf">
    </UnitTestResult>
  </Results>
</TestRun>