<?xml version="1.0" encoding="UTF-8"?>
<TestRun id="db8d6312-530b-4bd3-92d2-3ba34d7aa448" name="Scott@SDABROSKI 2012-04-14 23:28:40" runUser="SDABROSKI\Scott" xmlns="http://microsoft.com/schemas/VisualStudio/TeamTest/2010">
  <TestSettings name="Local" id="c39100f7-7fdf-4760-8e72-70b98aab7b63">
    <Description>These are default test settings for a local test run.</Description>
    <Deployment enabled="false" runDeploymentRoot="Scott_SDABROSKI 2012-04-14 23_28_40">
      <DeploymentItem filename="E:\Scott's Stuff\School Work\Geneva College\8 2012 Spring\CSC 452\RSAClasses\RSAClasses\bin\Debug\RSAClasses.dll" />
    </Deployment>
    <Execution>
      <TestTypeSpecific />
      <AgentRule name="Execution Agents">
      </AgentRule>
    </Execution>
  </TestSettings>
  <Times creation="2012-04-14T23:28:40.5699300-04:00" queuing="2012-04-14T23:28:40.6890630-04:00" start="2012-04-14T23:28:40.7066400-04:00" finish="2012-04-14T23:28:41.2554330-04:00" />
  <ResultSummary outcome="Failed">
    <Counters total="7" executed="7" passed="5" error="0" failed="1" timeout="0" aborted="0" inconclusive="1" passedButRunAborted="0" notRunnable="0" notExecuted="0" disconnected="0" warning="0" completed="0" inProgress="0" pending="0" />
  </ResultSummary>
  <TestDefinitions>
    <UnitTest name="setPublicKeyTest" storage="e:\scott's stuff\school work\geneva college\8 2012 spring\csc 452\rsaclasses\testrsa\bin\debug\testrsa.dll" id="1a820d2b-c66b-f40e-f5b9-4ced96d3432d">
      <Execution id="8b1e4b6e-fc4c-4b6b-ba09-e235a079522f" />
      <TestMethod codeBase="E:/Scott's Stuff/School Work/Geneva College/8 2012 Spring/CSC 452/RSAClasses/TestRSA/bin/Debug/TestRSA.DLL" adapterTypeName="Microsoft.VisualStudio.TestTools.TestTypes.Unit.UnitTestAdapter, Microsoft.VisualStudio.QualityTools.Tips.UnitTest.Adapter, Version=10.0.0.0, Culture=neutral, PublicKeyToken=b03f5f7f11d50a3a" className="TestRSA.RSATest, TestRSA, Version=1.0.0.0, Culture=neutral, PublicKeyToken=null" name="setPublicKeyTest" />
    </UnitTest>
    <UnitTest name="gcdTest" storage="e:\scott's stuff\school work\geneva college\8 2012 spring\csc 452\rsaclasses\testrsa\bin\debug\testrsa.dll" id="e0437eed-f780-57e1-2179-2bf21a3ec276">
      <DeploymentItems>
        <DeploymentItem filename="RSAClasses.dll" />
      </DeploymentItems>
      <Execution id="932df947-1146-43f6-8d5f-6ce488089f0a" />
      <TestMethod codeBase="E:/Scott's Stuff/School Work/Geneva College/8 2012 Spring/CSC 452/RSAClasses/TestRSA/bin/Debug/TestRSA.DLL" adapterTypeName="Microsoft.VisualStudio.TestTools.TestTypes.Unit.UnitTestAdapter, Microsoft.VisualStudio.QualityTools.Tips.UnitTest.Adapter, Version=10.0.0.0, Culture=neutral, PublicKeyToken=b03f5f7f11d50a3a" className="TestRSA.RSATest, TestRSA, Version=1.0.0.0, Culture=neutral, PublicKeyToken=null" name="gcdTest" />
    </UnitTest>
    <UnitTest name="getPrivateKeyTest" storage="e:\scott's stuff\school work\geneva college\8 2012 spring\csc 452\rsaclasses\testrsa\bin\debug\testrsa.dll" id="748a8f2e-d148-697d-60d1-f99da6697e3a">
      <Execution id="715688bc-c6b2-4f39-82df-55b300162190" />
      <TestMethod codeBase="E:/Scott's Stuff/School Work/Geneva College/8 2012 Spring/CSC 452/RSAClasses/TestRSA/bin/Debug/TestRSA.DLL" adapterTypeName="Microsoft.VisualStudio.TestTools.TestTypes.Unit.UnitTestAdapter, Microsoft.VisualStudio.QualityTools.Tips.UnitTest.Adapter, Version=10.0.0.0, Culture=neutral, PublicKeyToken=b03f5f7f11d50a3a" className="TestRSA.RSATest, TestRSA, Version=1.0.0.0, Culture=neutral, PublicKeyToken=null" name="getPrivateKeyTest" />
    </UnitTest>
    <UnitTest name="getPublicKeyTest" storage="e:\scott's stuff\school work\geneva college\8 2012 spring\csc 452\rsaclasses\testrsa\bin\debug\testrsa.dll" id="5ccda0e6-cb57-22aa-a61a-d5d7db017a1e">
      <Execution id="1aca1f8c-972a-42d5-881d-af7820aa0aa8" />
      <TestMethod codeBase="E:/Scott's Stuff/School Work/Geneva College/8 2012 Spring/CSC 452/RSAClasses/TestRSA/bin/Debug/TestRSA.DLL" adapterTypeName="Microsoft.VisualStudio.TestTools.TestTypes.Unit.UnitTestAdapter, Microsoft.VisualStudio.QualityTools.Tips.UnitTest.Adapter, Version=10.0.0.0, Culture=neutral, PublicKeyToken=b03f5f7f11d50a3a" className="TestRSA.RSATest, TestRSA, Version=1.0.0.0, Culture=neutral, PublicKeyToken=null" name="getPublicKeyTest" />
    </UnitTest>
    <UnitTest name="recalculateKeysTest" storage="e:\scott's stuff\school work\geneva college\8 2012 spring\csc 452\rsaclasses\testrsa\bin\debug\testrsa.dll" id="38ddcbdc-90ef-2951-c548-802e8fc5794a">
      <Execution id="064faf69-d331-488c-b8f5-90e3e30baa12" />
      <TestMethod codeBase="E:/Scott's Stuff/School Work/Geneva College/8 2012 Spring/CSC 452/RSAClasses/TestRSA/bin/Debug/TestRSA.DLL" adapterTypeName="Microsoft.VisualStudio.TestTools.TestTypes.Unit.UnitTestAdapter, Microsoft.VisualStudio.QualityTools.Tips.UnitTest.Adapter, Version=10.0.0.0, Culture=neutral, PublicKeyToken=b03f5f7f11d50a3a" className="TestRSA.RSATest, TestRSA, Version=1.0.0.0, Culture=neutral, PublicKeyToken=null" name="recalculateKeysTest" />
    </UnitTest>
    <UnitTest name="RSAConstructorTest" storage="e:\scott's stuff\school work\geneva college\8 2012 spring\csc 452\rsaclasses\testrsa\bin\debug\testrsa.dll" id="fdf5766e-3956-7562-7b72-16531bffbb9a">
      <Execution id="18604d58-f360-41dd-91cc-76fdfb8f3d8c" />
      <TestMethod codeBase="E:/Scott's Stuff/School Work/Geneva College/8 2012 Spring/CSC 452/RSAClasses/TestRSA/bin/Debug/TestRSA.DLL" adapterTypeName="Microsoft.VisualStudio.TestTools.TestTypes.Unit.UnitTestAdapter, Microsoft.VisualStudio.QualityTools.Tips.UnitTest.Adapter, Version=10.0.0.0, Culture=neutral, PublicKeyToken=b03f5f7f11d50a3a" className="TestRSA.RSATest, TestRSA, Version=1.0.0.0, Culture=neutral, PublicKeyToken=null" name="RSAConstructorTest" />
    </UnitTest>
    <UnitTest name="setPrivateKeyTest" storage="e:\scott's stuff\school work\geneva college\8 2012 spring\csc 452\rsaclasses\testrsa\bin\debug\testrsa.dll" id="b8981d34-8594-77fc-1933-bc5fd03a5815">
      <Execution id="93fdf19d-877f-4a0c-817b-8ceb218169b7" />
      <TestMethod codeBase="E:/Scott's Stuff/School Work/Geneva College/8 2012 Spring/CSC 452/RSAClasses/TestRSA/bin/Debug/TestRSA.DLL" adapterTypeName="Microsoft.VisualStudio.TestTools.TestTypes.Unit.UnitTestAdapter, Microsoft.VisualStudio.QualityTools.Tips.UnitTest.Adapter, Version=10.0.0.0, Culture=neutral, PublicKeyToken=b03f5f7f11d50a3a" className="TestRSA.RSATest, TestRSA, Version=1.0.0.0, Culture=neutral, PublicKeyToken=null" name="setPrivateKeyTest" />
    </UnitTest>
  </TestDefinitions>
  <TestLists>
    <TestList name="Results Not in a List" id="8c84fa94-04c1-424b-9868-57a2d4851a1d" />
    <TestList name="All Loaded Results" id="19431567-8539-422a-85d7-44ee4e166bda" />
  </TestLists>
  <TestEntries>
    <TestEntry testId="1a820d2b-c66b-f40e-f5b9-4ced96d3432d" executionId="8b1e4b6e-fc4c-4b6b-ba09-e235a079522f" testListId="8c84fa94-04c1-424b-9868-57a2d4851a1d" />
    <TestEntry testId="38ddcbdc-90ef-2951-c548-802e8fc5794a" executionId="064faf69-d331-488c-b8f5-90e3e30baa12" testListId="8c84fa94-04c1-424b-9868-57a2d4851a1d" />
    <TestEntry testId="5ccda0e6-cb57-22aa-a61a-d5d7db017a1e" executionId="1aca1f8c-972a-42d5-881d-af7820aa0aa8" testListId="8c84fa94-04c1-424b-9868-57a2d4851a1d" />
    <TestEntry testId="748a8f2e-d148-697d-60d1-f99da6697e3a" executionId="715688bc-c6b2-4f39-82df-55b300162190" testListId="8c84fa94-04c1-424b-9868-57a2d4851a1d" />
    <TestEntry testId="b8981d34-8594-77fc-1933-bc5fd03a5815" executionId="93fdf19d-877f-4a0c-817b-8ceb218169b7" testListId="8c84fa94-04c1-424b-9868-57a2d4851a1d" />
    <TestEntry testId="e0437eed-f780-57e1-2179-2bf21a3ec276" executionId="932df947-1146-43f6-8d5f-6ce488089f0a" testListId="8c84fa94-04c1-424b-9868-57a2d4851a1d" />
    <TestEntry testId="fdf5766e-3956-7562-7b72-16531bffbb9a" executionId="18604d58-f360-41dd-91cc-76fdfb8f3d8c" testListId="8c84fa94-04c1-424b-9868-57a2d4851a1d" />
  </TestEntries>
  <Results>
    <UnitTestResult executionId="8b1e4b6e-fc4c-4b6b-ba09-e235a079522f" testId="1a820d2b-c66b-f40e-f5b9-4ced96d3432d" testName="setPublicKeyTest" computerName="SDABROSKI" duration="00:00:00.0443299" startTime="2012-04-14T23:28:40.7095695-04:00" endTime="2012-04-14T23:28:41.1470415-04:00" testType="13cdc9d9-ddb5-4fa4-a97d-d965ccfc6d4b" outcome="Failed" testListId="8c84fa94-04c1-424b-9868-57a2d4851a1d" relativeResultsDirectory="8b1e4b6e-fc4c-4b6b-ba09-e235a079522f">
      <Output>
        <ErrorInfo>
          <Message>Assert.AreEqual failed. Expected:&lt;3&gt;. Actual:&lt;1&gt;. </Message>
          <StackTrace>   at TestRSA.RSATest.setPublicKeyTest() in E:\Scott's Stuff\School Work\Geneva College\8 2012 Spring\CSC 452\RSAClasses\TestRSA\RSATest.cs:line 127
</StackTrace>
        </ErrorInfo>
      </Output>
    </UnitTestResult>
    <UnitTestResult executionId="064faf69-d331-488c-b8f5-90e3e30baa12" testId="38ddcbdc-90ef-2951-c548-802e8fc5794a" testName="recalculateKeysTest" computerName="SDABROSKI" duration="00:00:00.0002715" startTime="2012-04-14T23:28:41.1607125-04:00" endTime="2012-04-14T23:28:41.1724305-04:00" testType="13cdc9d9-ddb5-4fa4-a97d-d965ccfc6d4b" outcome="Passed" testListId="8c84fa94-04c1-424b-9868-57a2d4851a1d" relativeResultsDirectory="064faf69-d331-488c-b8f5-90e3e30baa12">
    </UnitTestResult>
    <UnitTestResult executionId="1aca1f8c-972a-42d5-881d-af7820aa0aa8" testId="5ccda0e6-cb57-22aa-a61a-d5d7db017a1e" testName="getPublicKeyTest" computerName="SDABROSKI" duration="00:00:00.0005246" startTime="2012-04-14T23:28:41.1802425-04:00" endTime="2012-04-14T23:28:41.1851250-04:00" testType="13cdc9d9-ddb5-4fa4-a97d-d965ccfc6d4b" outcome="Passed" testListId="8c84fa94-04c1-424b-9868-57a2d4851a1d" relativeResultsDirectory="1aca1f8c-972a-42d5-881d-af7820aa0aa8">
    </UnitTestResult>
    <UnitTestResult executionId="715688bc-c6b2-4f39-82df-55b300162190" testId="748a8f2e-d148-697d-60d1-f99da6697e3a" testName="getPrivateKeyTest" computerName="SDABROSKI" duration="00:00:00.0004601" startTime="2012-04-14T23:28:41.1880545-04:00" endTime="2012-04-14T23:28:41.1958665-04:00" testType="13cdc9d9-ddb5-4fa4-a97d-d965ccfc6d4b" outcome="Passed" testListId="8c84fa94-04c1-424b-9868-57a2d4851a1d" relativeResultsDirectory="715688bc-c6b2-4f39-82df-55b300162190">
    </UnitTestResult>
    <UnitTestResult executionId="93fdf19d-877f-4a0c-817b-8ceb218169b7" testId="b8981d34-8594-77fc-1933-bc5fd03a5815" testName="setPrivateKeyTest" computerName="SDABROSKI" duration="00:00:00.0008800" startTime="2012-04-14T23:28:41.1987960-04:00" endTime="2012-04-14T23:28:41.2075845-04:00" testType="13cdc9d9-ddb5-4fa4-a97d-d965ccfc6d4b" outcome="Inconclusive" testListId="8c84fa94-04c1-424b-9868-57a2d4851a1d" relativeResultsDirectory="93fdf19d-877f-4a0c-817b-8ceb218169b7">
      <Output>
        <ErrorInfo>
          <Message>Assert.Inconclusive failed. A method that does not return a value cannot be verified.</Message>
          <StackTrace>   at TestRSA.RSATest.setPrivateKeyTest() in E:\Scott's Stuff\School Work\Geneva College\8 2012 Spring\CSC 452\RSAClasses\TestRSA\RSATest.cs:line 144
</StackTrace>
        </ErrorInfo>
      </Output>
    </UnitTestResult>
    <UnitTestResult executionId="932df947-1146-43f6-8d5f-6ce488089f0a" testId="e0437eed-f780-57e1-2179-2bf21a3ec276" testName="gcdTest" computerName="SDABROSKI" duration="00:00:00.0002631" startTime="2012-04-14T23:28:41.2134435-04:00" endTime="2012-04-14T23:28:41.2222320-04:00" testType="13cdc9d9-ddb5-4fa4-a97d-d965ccfc6d4b" outcome="Passed" testListId="8c84fa94-04c1-424b-9868-57a2d4851a1d" relativeResultsDirectory="932df947-1146-43f6-8d5f-6ce488089f0a">
    </UnitTestResult>
    <UnitTestResult executionId="18604d58-f360-41dd-91cc-76fdfb8f3d8c" testId="fdf5766e-3956-7562-7b72-16531bffbb9a" testName="RSAConstructorTest" computerName="SDABROSKI" duration="00:00:00.0002355" startTime="2012-04-14T23:28:41.2271145-04:00" endTime="2012-04-14T23:28:41.2319970-04:00" testType="13cdc9d9-ddb5-4fa4-a97d-d965ccfc6d4b" outcome="Passed" testListId="8c84fa94-04c1-424b-9868-57a2d4851a1d" relativeResultsDirectory="18604d58-f360-41dd-91cc-76fdfb8f3d8c">
    </UnitTestResult>
  </Results>
</TestRun>