<?xml version="1.0" encoding="UTF-8"?>
<TestRun id="d71d4638-26b9-4921-9b8f-3fca920455c6" name="Scott@SDABROSKI 2012-04-21 12:36:58" runUser="SDABROSKI\Scott" xmlns="http://microsoft.com/schemas/VisualStudio/TeamTest/2010">
  <TestSettings name="Local" id="c39100f7-7fdf-4760-8e72-70b98aab7b63">
    <Description>These are default test settings for a local test run.</Description>
    <Deployment enabled="false" runDeploymentRoot="Scott_SDABROSKI 2012-04-21 12_36_58">
      <DeploymentItem filename="E:\Scott's Stuff\School Work\Geneva College\8 2012 Spring\CSC 452\RSAClasses\RSAClasses\bin\Debug\RSAClasses.dll" />
    </Deployment>
    <Execution>
      <TestTypeSpecific />
      <AgentRule name="Execution Agents">
      </AgentRule>
    </Execution>
  </TestSettings>
  <Times creation="2012-04-21T12:36:58.0075923-04:00" queuing="2012-04-21T12:36:58.0915713-04:00" start="2012-04-21T12:36:58.1355138-04:00" finish="2012-04-21T12:37:13.9684848-04:00" />
  <ResultSummary outcome="Aborted">
    <Counters total="17" executed="13" error="0" failed="0" timeout="0" aborted="1" inconclusive="1" passedButRunAborted="11" notRunnable="0" notExecuted="4" disconnected="0" warning="0" passed="0" completed="0" inProgress="0" pending="0" />
  </ResultSummary>
  <TestDefinitions>
    <UnitTest name="getPublicKeyTest" storage="e:\scott's stuff\school work\geneva college\8 2012 spring\csc 452\rsaclasses\testrsa\bin\debug\testrsa.dll" id="5ccda0e6-cb57-22aa-a61a-d5d7db017a1e">
      <Execution id="3259cc96-1aeb-44a5-897f-716570a17a39" />
      <TestMethod codeBase="E:/Scott's Stuff/School Work/Geneva College/8 2012 Spring/CSC 452/RSAClasses/TestRSA/bin/Debug/TestRSA.DLL" adapterTypeName="Microsoft.VisualStudio.TestTools.TestTypes.Unit.UnitTestAdapter, Microsoft.VisualStudio.QualityTools.Tips.UnitTest.Adapter, Version=10.0.0.0, Culture=neutral, PublicKeyToken=b03f5f7f11d50a3a" className="TestRSA.RSATest, TestRSA, Version=1.0.0.0, Culture=neutral, PublicKeyToken=null" name="getPublicKeyTest" />
    </UnitTest>
    <UnitTest name="ulongToBlockTest" storage="e:\scott's stuff\school work\geneva college\8 2012 spring\csc 452\rsaclasses\testrsa\bin\debug\testrsa.dll" id="e31daab1-e762-4c09-cb80-8ce5d2f94775">
      <DeploymentItems>
        <DeploymentItem filename="RSAClasses.dll" />
      </DeploymentItems>
      <Execution id="9bdadae0-4449-4c2a-893b-3bb647500876" />
      <TestMethod codeBase="E:/Scott's Stuff/School Work/Geneva College/8 2012 Spring/CSC 452/RSAClasses/TestRSA/bin/Debug/TestRSA.DLL" adapterTypeName="Microsoft.VisualStudio.TestTools.TestTypes.Unit.UnitTestAdapter, Microsoft.VisualStudio.QualityTools.Tips.UnitTest.Adapter, Version=10.0.0.0, Culture=neutral, PublicKeyToken=b03f5f7f11d50a3a" className="TestRSA.RSATest, TestRSA, Version=1.0.0.0, Culture=neutral, PublicKeyToken=null" name="ulongToBlockTest" />
    </UnitTest>
    <UnitTest name="RSAConstructorTest" storage="e:\scott's stuff\school work\geneva college\8 2012 spring\csc 452\rsaclasses\testrsa\bin\debug\testrsa.dll" id="fdf5766e-3956-7562-7b72-16531bffbb9a">
      <Execution id="d66582aa-e707-4945-b3e3-6334fb9bb520" />
      <TestMethod codeBase="E:/Scott's Stuff/School Work/Geneva College/8 2012 Spring/CSC 452/RSAClasses/TestRSA/bin/Debug/TestRSA.DLL" adapterTypeName="Microsoft.VisualStudio.TestTools.TestTypes.Unit.UnitTestAdapter, Microsoft.VisualStudio.QualityTools.Tips.UnitTest.Adapter, Version=10.0.0.0, Culture=neutral, PublicKeyToken=b03f5f7f11d50a3a" className="TestRSA.RSATest, TestRSA, Version=1.0.0.0, Culture=neutral, PublicKeyToken=null" name="RSAConstructorTest" />
    </UnitTest>
    <UnitTest name="getPrivateKeyTest" storage="e:\scott's stuff\school work\geneva college\8 2012 spring\csc 452\rsaclasses\testrsa\bin\debug\testrsa.dll" id="748a8f2e-d148-697d-60d1-f99da6697e3a">
      <Execution id="23fa986b-8b0f-4614-aaf1-157a6021d47f" />
      <TestMethod codeBase="E:/Scott's Stuff/School Work/Geneva College/8 2012 Spring/CSC 452/RSAClasses/TestRSA/bin/Debug/TestRSA.DLL" adapterTypeName="Microsoft.VisualStudio.TestTools.TestTypes.Unit.UnitTestAdapter, Microsoft.VisualStudio.QualityTools.Tips.UnitTest.Adapter, Version=10.0.0.0, Culture=neutral, PublicKeyToken=b03f5f7f11d50a3a" className="TestRSA.RSATest, TestRSA, Version=1.0.0.0, Culture=neutral, PublicKeyToken=null" name="getPrivateKeyTest" />
    </UnitTest>
    <UnitTest name="decryptUlongTest" storage="e:\scott's stuff\school work\geneva college\8 2012 spring\csc 452\rsaclasses\testrsa\bin\debug\testrsa.dll" id="72c2e1ea-f683-de09-46c7-13a8b5647aa6">
      <DeploymentItems>
        <DeploymentItem filename="RSAClasses.dll" />
      </DeploymentItems>
      <Execution id="f8e01921-8c0c-402a-a3dd-6e5bbf02e142" />
      <TestMethod codeBase="E:/Scott's Stuff/School Work/Geneva College/8 2012 Spring/CSC 452/RSAClasses/TestRSA/bin/Debug/TestRSA.DLL" adapterTypeName="Microsoft.VisualStudio.TestTools.TestTypes.Unit.UnitTestAdapter, Microsoft.VisualStudio.QualityTools.Tips.UnitTest.Adapter, Version=10.0.0.0, Culture=neutral, PublicKeyToken=b03f5f7f11d50a3a" className="TestRSA.RSATest, TestRSA, Version=1.0.0.0, Culture=neutral, PublicKeyToken=null" name="decryptUlongTest" />
    </UnitTest>
    <UnitTest name="ulongToBlockConsistencyTest" storage="e:\scott's stuff\school work\geneva college\8 2012 spring\csc 452\rsaclasses\testrsa\bin\debug\testrsa.dll" id="87c7c7ef-baec-8a96-99e0-019a01fa5242">
      <DeploymentItems>
        <DeploymentItem filename="RSAClasses.dll" />
      </DeploymentItems>
      <Execution id="ea9c2d26-82d4-47f1-85b4-34174beafba3" />
      <TestMethod codeBase="E:/Scott's Stuff/School Work/Geneva College/8 2012 Spring/CSC 452/RSAClasses/TestRSA/bin/Debug/TestRSA.DLL" adapterTypeName="Microsoft.VisualStudio.TestTools.TestTypes.Unit.UnitTestAdapter, Microsoft.VisualStudio.QualityTools.Tips.UnitTest.Adapter, Version=10.0.0.0, Culture=neutral, PublicKeyToken=b03f5f7f11d50a3a" className="TestRSA.RSATest, TestRSA, Version=1.0.0.0, Culture=neutral, PublicKeyToken=null" name="ulongToBlockConsistencyTest" />
    </UnitTest>
    <UnitTest name="gcdTest" storage="e:\scott's stuff\school work\geneva college\8 2012 spring\csc 452\rsaclasses\testrsa\bin\debug\testrsa.dll" id="e0437eed-f780-57e1-2179-2bf21a3ec276">
      <DeploymentItems>
        <DeploymentItem filename="RSAClasses.dll" />
      </DeploymentItems>
      <Execution id="b63ea8b2-a8bd-4fb8-b413-72fdadd8f3ce" />
      <TestMethod codeBase="E:/Scott's Stuff/School Work/Geneva College/8 2012 Spring/CSC 452/RSAClasses/TestRSA/bin/Debug/TestRSA.DLL" adapterTypeName="Microsoft.VisualStudio.TestTools.TestTypes.Unit.UnitTestAdapter, Microsoft.VisualStudio.QualityTools.Tips.UnitTest.Adapter, Version=10.0.0.0, Culture=neutral, PublicKeyToken=b03f5f7f11d50a3a" className="TestRSA.RSATest, TestRSA, Version=1.0.0.0, Culture=neutral, PublicKeyToken=null" name="gcdTest" />
    </UnitTest>
    <UnitTest name="ulongEncryptionConsistencyTest" storage="e:\scott's stuff\school work\geneva college\8 2012 spring\csc 452\rsaclasses\testrsa\bin\debug\testrsa.dll" id="2d369b67-841e-9a52-f611-3d45bcd43df4">
      <DeploymentItems>
        <DeploymentItem filename="RSAClasses.dll" />
      </DeploymentItems>
      <Execution id="595e0c00-f8b0-44bc-963b-323098cd3b68" />
      <TestMethod codeBase="E:/Scott's Stuff/School Work/Geneva College/8 2012 Spring/CSC 452/RSAClasses/TestRSA/bin/Debug/TestRSA.DLL" adapterTypeName="Microsoft.VisualStudio.TestTools.TestTypes.Unit.UnitTestAdapter, Microsoft.VisualStudio.QualityTools.Tips.UnitTest.Adapter, Version=10.0.0.0, Culture=neutral, PublicKeyToken=b03f5f7f11d50a3a" className="TestRSA.RSATest, TestRSA, Version=1.0.0.0, Culture=neutral, PublicKeyToken=null" name="ulongEncryptionConsistencyTest" />
    </UnitTest>
    <UnitTest name="setPrivateKeyTest" storage="e:\scott's stuff\school work\geneva college\8 2012 spring\csc 452\rsaclasses\testrsa\bin\debug\testrsa.dll" id="b8981d34-8594-77fc-1933-bc5fd03a5815">
      <Execution id="bcd29e71-1ba4-4bc8-afe2-f80750c574e3" />
      <TestMethod codeBase="E:/Scott's Stuff/School Work/Geneva College/8 2012 Spring/CSC 452/RSAClasses/TestRSA/bin/Debug/TestRSA.DLL" adapterTypeName="Microsoft.VisualStudio.TestTools.TestTypes.Unit.UnitTestAdapter, Microsoft.VisualStudio.QualityTools.Tips.UnitTest.Adapter, Version=10.0.0.0, Culture=neutral, PublicKeyToken=b03f5f7f11d50a3a" className="TestRSA.RSATest, TestRSA, Version=1.0.0.0, Culture=neutral, PublicKeyToken=null" name="setPrivateKeyTest" />
    </UnitTest>
    <UnitTest name="encryptionConsistencyTest" storage="e:\scott's stuff\school work\geneva college\8 2012 spring\csc 452\rsaclasses\testrsa\bin\debug\testrsa.dll" id="816cc9f4-a77b-7e69-7744-1c1759fa27d1">
      <Execution id="7a4f5d2c-f7b0-45ad-a8cf-8dcc528fa487" />
      <TestMethod codeBase="E:/Scott's Stuff/School Work/Geneva College/8 2012 Spring/CSC 452/RSAClasses/TestRSA/bin/Debug/TestRSA.DLL" adapterTypeName="Microsoft.VisualStudio.TestTools.TestTypes.Unit.UnitTestAdapter, Microsoft.VisualStudio.QualityTools.Tips.UnitTest.Adapter, Version=10.0.0.0, Culture=neutral, PublicKeyToken=b03f5f7f11d50a3a" className="TestRSA.RSATest, TestRSA, Version=1.0.0.0, Culture=neutral, PublicKeyToken=null" name="encryptionConsistencyTest" />
    </UnitTest>
    <UnitTest name="setPublicKeyTest" storage="e:\scott's stuff\school work\geneva college\8 2012 spring\csc 452\rsaclasses\testrsa\bin\debug\testrsa.dll" id="1a820d2b-c66b-f40e-f5b9-4ced96d3432d">
      <Execution id="beadb8f9-b5e7-497e-bbe6-abeacced802f" />
      <TestMethod codeBase="E:/Scott's Stuff/School Work/Geneva College/8 2012 Spring/CSC 452/RSAClasses/TestRSA/bin/Debug/TestRSA.DLL" adapterTypeName="Microsoft.VisualStudio.TestTools.TestTypes.Unit.UnitTestAdapter, Microsoft.VisualStudio.QualityTools.Tips.UnitTest.Adapter, Version=10.0.0.0, Culture=neutral, PublicKeyToken=b03f5f7f11d50a3a" className="TestRSA.RSATest, TestRSA, Version=1.0.0.0, Culture=neutral, PublicKeyToken=null" name="setPublicKeyTest" />
    </UnitTest>
    <UnitTest name="blockToUlongTest" storage="e:\scott's stuff\school work\geneva college\8 2012 spring\csc 452\rsaclasses\testrsa\bin\debug\testrsa.dll" id="539c9340-a804-7a42-311f-6a1a6a1665fa">
      <DeploymentItems>
        <DeploymentItem filename="RSAClasses.dll" />
      </DeploymentItems>
      <Execution id="0addc2de-68ce-455b-be25-f9f237ac84c2" />
      <TestMethod codeBase="E:/Scott's Stuff/School Work/Geneva College/8 2012 Spring/CSC 452/RSAClasses/TestRSA/bin/Debug/TestRSA.DLL" adapterTypeName="Microsoft.VisualStudio.TestTools.TestTypes.Unit.UnitTestAdapter, Microsoft.VisualStudio.QualityTools.Tips.UnitTest.Adapter, Version=10.0.0.0, Culture=neutral, PublicKeyToken=b03f5f7f11d50a3a" className="TestRSA.RSATest, TestRSA, Version=1.0.0.0, Culture=neutral, PublicKeyToken=null" name="blockToUlongTest" />
    </UnitTest>
    <UnitTest name="extendedGcdTest" storage="e:\scott's stuff\school work\geneva college\8 2012 spring\csc 452\rsaclasses\testrsa\bin\debug\testrsa.dll" id="1b69a5d3-4699-e5d4-4a1a-af8bb1ed965f">
      <DeploymentItems>
        <DeploymentItem filename="RSAClasses.dll" />
      </DeploymentItems>
      <Execution id="7f396ab4-f613-4b80-a3a5-ab8926d9908f" />
      <TestMethod codeBase="E:/Scott's Stuff/School Work/Geneva College/8 2012 Spring/CSC 452/RSAClasses/TestRSA/bin/Debug/TestRSA.DLL" adapterTypeName="Microsoft.VisualStudio.TestTools.TestTypes.Unit.UnitTestAdapter, Microsoft.VisualStudio.QualityTools.Tips.UnitTest.Adapter, Version=10.0.0.0, Culture=neutral, PublicKeyToken=b03f5f7f11d50a3a" className="TestRSA.RSATest, TestRSA, Version=1.0.0.0, Culture=neutral, PublicKeyToken=null" name="extendedGcdTest" />
    </UnitTest>
    <UnitTest name="encryptUlongTest" storage="e:\scott's stuff\school work\geneva college\8 2012 spring\csc 452\rsaclasses\testrsa\bin\debug\testrsa.dll" id="373184ad-e3ae-87ac-0f61-930171229dad">
      <DeploymentItems>
        <DeploymentItem filename="RSAClasses.dll" />
      </DeploymentItems>
      <Execution id="beb6fe6a-5414-4315-a764-97aa29b14df7" />
      <TestMethod codeBase="E:/Scott's Stuff/School Work/Geneva College/8 2012 Spring/CSC 452/RSAClasses/TestRSA/bin/Debug/TestRSA.DLL" adapterTypeName="Microsoft.VisualStudio.TestTools.TestTypes.Unit.UnitTestAdapter, Microsoft.VisualStudio.QualityTools.Tips.UnitTest.Adapter, Version=10.0.0.0, Culture=neutral, PublicKeyToken=b03f5f7f11d50a3a" className="TestRSA.RSATest, TestRSA, Version=1.0.0.0, Culture=neutral, PublicKeyToken=null" name="encryptUlongTest" />
    </UnitTest>
    <UnitTest name="encryptTest" storage="e:\scott's stuff\school work\geneva college\8 2012 spring\csc 452\rsaclasses\testrsa\bin\debug\testrsa.dll" id="37d38e0f-a0a3-f805-960b-b79c907db2d1">
      <Execution id="f2265ff3-cfa0-46fd-8d70-486a0ee5dc5e" />
      <TestMethod codeBase="E:/Scott's Stuff/School Work/Geneva College/8 2012 Spring/CSC 452/RSAClasses/TestRSA/bin/Debug/TestRSA.DLL" adapterTypeName="Microsoft.VisualStudio.TestTools.TestTypes.Unit.UnitTestAdapter, Microsoft.VisualStudio.QualityTools.Tips.UnitTest.Adapter, Version=10.0.0.0, Culture=neutral, PublicKeyToken=b03f5f7f11d50a3a" className="TestRSA.RSATest, TestRSA, Version=1.0.0.0, Culture=neutral, PublicKeyToken=null" name="encryptTest" />
    </UnitTest>
    <UnitTest name="decryptTest" storage="e:\scott's stuff\school work\geneva college\8 2012 spring\csc 452\rsaclasses\testrsa\bin\debug\testrsa.dll" id="87ef48b7-e5f8-5712-9b96-8e42cc8290ed">
      <Execution id="785933f0-d928-4651-831f-8dbd4d938f68" />
      <TestMethod codeBase="E:/Scott's Stuff/School Work/Geneva College/8 2012 Spring/CSC 452/RSAClasses/TestRSA/bin/Debug/TestRSA.DLL" adapterTypeName="Microsoft.VisualStudio.TestTools.TestTypes.Unit.UnitTestAdapter, Microsoft.VisualStudio.QualityTools.Tips.UnitTest.Adapter, Version=10.0.0.0, Culture=neutral, PublicKeyToken=b03f5f7f11d50a3a" className="TestRSA.RSATest, TestRSA, Version=1.0.0.0, Culture=neutral, PublicKeyToken=null" name="decryptTest" />
    </UnitTest>
    <UnitTest name="recalculateKeysTest" storage="e:\scott's stuff\school work\geneva college\8 2012 spring\csc 452\rsaclasses\testrsa\bin\debug\testrsa.dll" id="38ddcbdc-90ef-2951-c548-802e8fc5794a">
      <Execution id="58d2470a-dc4d-4ba0-b818-952b242f78df" />
      <TestMethod codeBase="E:/Scott's Stuff/School Work/Geneva College/8 2012 Spring/CSC 452/RSAClasses/TestRSA/bin/Debug/TestRSA.DLL" adapterTypeName="Microsoft.VisualStudio.TestTools.TestTypes.Unit.UnitTestAdapter, Microsoft.VisualStudio.QualityTools.Tips.UnitTest.Adapter, Version=10.0.0.0, Culture=neutral, PublicKeyToken=b03f5f7f11d50a3a" className="TestRSA.RSATest, TestRSA, Version=1.0.0.0, Culture=neutral, PublicKeyToken=null" name="recalculateKeysTest" />
    </UnitTest>
  </TestDefinitions>
  <TestLists>
    <TestList name="Results Not in a List" id="8c84fa94-04c1-424b-9868-57a2d4851a1d" />
    <TestList name="All Loaded Results" id="19431567-8539-422a-85d7-44ee4e166bda" />
  </TestLists>
  <TestEntries>
    <TestEntry testId="1a820d2b-c66b-f40e-f5b9-4ced96d3432d" executionId="beadb8f9-b5e7-497e-bbe6-abeacced802f" testListId="8c84fa94-04c1-424b-9868-57a2d4851a1d" />
    <TestEntry testId="1b69a5d3-4699-e5d4-4a1a-af8bb1ed965f" executionId="7f396ab4-f613-4b80-a3a5-ab8926d9908f" testListId="8c84fa94-04c1-424b-9868-57a2d4851a1d" />
    <TestEntry testId="2d369b67-841e-9a52-f611-3d45bcd43df4" executionId="595e0c00-f8b0-44bc-963b-323098cd3b68" testListId="8c84fa94-04c1-424b-9868-57a2d4851a1d" />
    <TestEntry testId="373184ad-e3ae-87ac-0f61-930171229dad" executionId="beb6fe6a-5414-4315-a764-97aa29b14df7" testListId="8c84fa94-04c1-424b-9868-57a2d4851a1d" />
    <TestEntry testId="37d38e0f-a0a3-f805-960b-b79c907db2d1" executionId="f2265ff3-cfa0-46fd-8d70-486a0ee5dc5e" testListId="8c84fa94-04c1-424b-9868-57a2d4851a1d" />
    <TestEntry testId="38ddcbdc-90ef-2951-c548-802e8fc5794a" executionId="58d2470a-dc4d-4ba0-b818-952b242f78df" testListId="8c84fa94-04c1-424b-9868-57a2d4851a1d" />
    <TestEntry testId="539c9340-a804-7a42-311f-6a1a6a1665fa" executionId="0addc2de-68ce-455b-be25-f9f237ac84c2" testListId="8c84fa94-04c1-424b-9868-57a2d4851a1d" />
    <TestEntry testId="5ccda0e6-cb57-22aa-a61a-d5d7db017a1e" executionId="3259cc96-1aeb-44a5-897f-716570a17a39" testListId="8c84fa94-04c1-424b-9868-57a2d4851a1d" />
    <TestEntry testId="72c2e1ea-f683-de09-46c7-13a8b5647aa6" executionId="f8e01921-8c0c-402a-a3dd-6e5bbf02e142" testListId="8c84fa94-04c1-424b-9868-57a2d4851a1d" />
    <TestEntry testId="748a8f2e-d148-697d-60d1-f99da6697e3a" executionId="23fa986b-8b0f-4614-aaf1-157a6021d47f" testListId="8c84fa94-04c1-424b-9868-57a2d4851a1d" />
    <TestEntry testId="816cc9f4-a77b-7e69-7744-1c1759fa27d1" executionId="7a4f5d2c-f7b0-45ad-a8cf-8dcc528fa487" testListId="8c84fa94-04c1-424b-9868-57a2d4851a1d" />
    <TestEntry testId="87c7c7ef-baec-8a96-99e0-019a01fa5242" executionId="ea9c2d26-82d4-47f1-85b4-34174beafba3" testListId="8c84fa94-04c1-424b-9868-57a2d4851a1d" />
    <TestEntry testId="87ef48b7-e5f8-5712-9b96-8e42cc8290ed" executionId="785933f0-d928-4651-831f-8dbd4d938f68" testListId="8c84fa94-04c1-424b-9868-57a2d4851a1d" />
    <TestEntry testId="b8981d34-8594-77fc-1933-bc5fd03a5815" executionId="bcd29e71-1ba4-4bc8-afe2-f80750c574e3" testListId="8c84fa94-04c1-424b-9868-57a2d4851a1d" />
    <TestEntry testId="e0437eed-f780-57e1-2179-2bf21a3ec276" executionId="b63ea8b2-a8bd-4fb8-b413-72fdadd8f3ce" testListId="8c84fa94-04c1-424b-9868-57a2d4851a1d" />
    <TestEntry testId="e31daab1-e762-4c09-cb80-8ce5d2f94775" executionId="9bdadae0-4449-4c2a-893b-3bb647500876" testListId="8c84fa94-04c1-424b-9868-57a2d4851a1d" />
    <TestEntry testId="fdf5766e-3956-7562-7b72-16531bffbb9a" executionId="d66582aa-e707-4945-b3e3-6334fb9bb520" testListId="8c84fa94-04c1-424b-9868-57a2d4851a1d" />
  </TestEntries>
  <Results>
    <UnitTestResult executionId="beadb8f9-b5e7-497e-bbe6-abeacced802f" testId="1a820d2b-c66b-f40e-f5b9-4ced96d3432d" testName="setPublicKeyTest" computerName="SDABROSKI" duration="00:00:00.0313950" startTime="2012-04-21T12:36:58.1540673-04:00" endTime="2012-04-21T12:36:58.7966043-04:00" testType="13cdc9d9-ddb5-4fa4-a97d-d965ccfc6d4b" outcome="PassedButRunAborted" testListId="8c84fa94-04c1-424b-9868-57a2d4851a1d" relativeResultsDirectory="beadb8f9-b5e7-497e-bbe6-abeacced802f">
    </UnitTestResult>
    <UnitTestResult executionId="7f396ab4-f613-4b80-a3a5-ab8926d9908f" testId="1b69a5d3-4699-e5d4-4a1a-af8bb1ed965f" testName="extendedGcdTest" computerName="SDABROSKI" duration="00:00:00.0013909" startTime="2012-04-21T12:36:58.8200403-04:00" endTime="2012-04-21T12:36:58.8268758-04:00" testType="13cdc9d9-ddb5-4fa4-a97d-d965ccfc6d4b" outcome="PassedButRunAborted" testListId="8c84fa94-04c1-424b-9868-57a2d4851a1d" relativeResultsDirectory="7f396ab4-f613-4b80-a3a5-ab8926d9908f">
    </UnitTestResult>
    <UnitTestResult executionId="595e0c00-f8b0-44bc-963b-323098cd3b68" testId="2d369b67-841e-9a52-f611-3d45bcd43df4" testName="ulongEncryptionConsistencyTest" computerName="SDABROSKI" duration="00:00:00.0054677" startTime="2012-04-21T12:36:58.8385938-04:00" endTime="2012-04-21T12:36:58.8522648-04:00" testType="13cdc9d9-ddb5-4fa4-a97d-d965ccfc6d4b" outcome="PassedButRunAborted" testListId="8c84fa94-04c1-424b-9868-57a2d4851a1d" relativeResultsDirectory="595e0c00-f8b0-44bc-963b-323098cd3b68">
    </UnitTestResult>
    <UnitTestResult executionId="beb6fe6a-5414-4315-a764-97aa29b14df7" testId="373184ad-e3ae-87ac-0f61-930171229dad" testName="encryptUlongTest" computerName="SDABROSKI" duration="00:00:00.0106731" startTime="2012-04-21T12:36:58.8620298-04:00" endTime="2012-04-21T12:36:58.8766773-04:00" testType="13cdc9d9-ddb5-4fa4-a97d-d965ccfc6d4b" outcome="PassedButRunAborted" testListId="8c84fa94-04c1-424b-9868-57a2d4851a1d" relativeResultsDirectory="beb6fe6a-5414-4315-a764-97aa29b14df7">
    </UnitTestResult>
    <UnitTestResult executionId="f2265ff3-cfa0-46fd-8d70-486a0ee5dc5e" testId="37d38e0f-a0a3-f805-960b-b79c907db2d1" testName="encryptTest" computerName="SDABROSKI" duration="00:00:00.0011900" startTime="2012-04-21T12:36:58.8825363-04:00" endTime="2012-04-21T12:36:58.8883953-04:00" testType="13cdc9d9-ddb5-4fa4-a97d-d965ccfc6d4b" outcome="PassedButRunAborted" testListId="8c84fa94-04c1-424b-9868-57a2d4851a1d" relativeResultsDirectory="f2265ff3-cfa0-46fd-8d70-486a0ee5dc5e">
    </UnitTestResult>
    <UnitTestResult executionId="58d2470a-dc4d-4ba0-b818-952b242f78df" testId="38ddcbdc-90ef-2951-c548-802e8fc5794a" testName="recalculateKeysTest" computerName="SDABROSKI" duration="00:00:00.0008984" startTime="2012-04-21T12:36:58.8903483-04:00" endTime="2012-04-21T12:36:58.8962073-04:00" testType="13cdc9d9-ddb5-4fa4-a97d-d965ccfc6d4b" outcome="PassedButRunAborted" testListId="8c84fa94-04c1-424b-9868-57a2d4851a1d" relativeResultsDirectory="58d2470a-dc4d-4ba0-b818-952b242f78df">
    </UnitTestResult>
    <UnitTestResult executionId="0addc2de-68ce-455b-be25-f9f237ac84c2" testId="539c9340-a804-7a42-311f-6a1a6a1665fa" testName="blockToUlongTest" computerName="SDABROSKI" duration="00:00:00.0002969" startTime="2012-04-21T12:36:58.8991368-04:00" endTime="2012-04-21T12:36:58.9049958-04:00" testType="13cdc9d9-ddb5-4fa4-a97d-d965ccfc6d4b" outcome="PassedButRunAborted" testListId="8c84fa94-04c1-424b-9868-57a2d4851a1d" relativeResultsDirectory="0addc2de-68ce-455b-be25-f9f237ac84c2">
    </UnitTestResult>
    <UnitTestResult executionId="3259cc96-1aeb-44a5-897f-716570a17a39" testId="5ccda0e6-cb57-22aa-a61a-d5d7db017a1e" testName="getPublicKeyTest" computerName="SDABROSKI" duration="00:00:00.0009314" startTime="2012-04-21T12:36:58.9069488-04:00" endTime="2012-04-21T12:36:58.9118313-04:00" testType="13cdc9d9-ddb5-4fa4-a97d-d965ccfc6d4b" outcome="PassedButRunAborted" testListId="8c84fa94-04c1-424b-9868-57a2d4851a1d" relativeResultsDirectory="3259cc96-1aeb-44a5-897f-716570a17a39">
    </UnitTestResult>
    <UnitTestResult executionId="f8e01921-8c0c-402a-a3dd-6e5bbf02e142" testId="72c2e1ea-f683-de09-46c7-13a8b5647aa6" testName="decryptUlongTest" computerName="SDABROSKI" duration="00:00:00.0003489" startTime="2012-04-21T12:36:58.9215963-04:00" endTime="2012-04-21T12:36:58.9274553-04:00" testType="13cdc9d9-ddb5-4fa4-a97d-d965ccfc6d4b" outcome="PassedButRunAborted" testListId="8c84fa94-04c1-424b-9868-57a2d4851a1d" relativeResultsDirectory="f8e01921-8c0c-402a-a3dd-6e5bbf02e142">
    </UnitTestResult>
    <UnitTestResult executionId="23fa986b-8b0f-4614-aaf1-157a6021d47f" testId="748a8f2e-d148-697d-60d1-f99da6697e3a" testName="getPrivateKeyTest" computerName="SDABROSKI" duration="00:00:00.0004237" startTime="2012-04-21T12:36:58.9391733-04:00" endTime="2012-04-21T12:36:58.9479618-04:00" testType="13cdc9d9-ddb5-4fa4-a97d-d965ccfc6d4b" outcome="PassedButRunAborted" testListId="8c84fa94-04c1-424b-9868-57a2d4851a1d" relativeResultsDirectory="23fa986b-8b0f-4614-aaf1-157a6021d47f">
    </UnitTestResult>
    <UnitTestResult executionId="7a4f5d2c-f7b0-45ad-a8cf-8dcc528fa487" testId="816cc9f4-a77b-7e69-7744-1c1759fa27d1" testName="encryptionConsistencyTest" computerName="SDABROSKI" duration="00:00:00.0080035" startTime="2012-04-21T12:36:58.9567503-04:00" endTime="2012-04-21T12:36:58.9811628-04:00" testType="13cdc9d9-ddb5-4fa4-a97d-d965ccfc6d4b" outcome="Inconclusive" testListId="8c84fa94-04c1-424b-9868-57a2d4851a1d" relativeResultsDirectory="7a4f5d2c-f7b0-45ad-a8cf-8dcc528fa487">
      <Output>
        <ErrorInfo>
          <Message>Assert.Inconclusive failed. Verify the correctness of this test method.</Message>
          <StackTrace>   at TestRSA.RSATest.encryptionConsistencyTest() in E:\Scott's Stuff\School Work\Geneva College\8 2012 Spring\CSC 452\RSAClasses\TestRSA\RSATest.cs:line 245
</StackTrace>
        </ErrorInfo>
      </Output>
    </UnitTestResult>
    <UnitTestResult executionId="ea9c2d26-82d4-47f1-85b4-34174beafba3" testId="87c7c7ef-baec-8a96-99e0-019a01fa5242" testName="ulongToBlockConsistencyTest" computerName="SDABROSKI" duration="00:00:00.0002927" startTime="2012-04-21T12:36:58.9919043-04:00" endTime="2012-04-21T12:36:59.0085048-04:00" testType="13cdc9d9-ddb5-4fa4-a97d-d965ccfc6d4b" outcome="PassedButRunAborted" testListId="8c84fa94-04c1-424b-9868-57a2d4851a1d" relativeResultsDirectory="ea9c2d26-82d4-47f1-85b4-34174beafba3">
    </UnitTestResult>
    <UnitTestResult executionId="785933f0-d928-4651-831f-8dbd4d938f68" testId="87ef48b7-e5f8-5712-9b96-8e42cc8290ed" testName="decryptTest" computerName="SDABROSKI" duration="00:00:08.8724790" startTime="2012-04-21T12:36:59.0221758-04:00" endTime="2012-04-21T12:37:07.8946548-04:00" testType="13cdc9d9-ddb5-4fa4-a97d-d965ccfc6d4b" outcome="Aborted" testListId="8c84fa94-04c1-424b-9868-57a2d4851a1d" relativeResultsDirectory="785933f0-d928-4651-831f-8dbd4d938f68">
      <Output>
        <ErrorInfo>
          <Message>User aborted test run.</Message>
        </ErrorInfo>
      </Output>
    </UnitTestResult>
    <UnitTestResult executionId="bcd29e71-1ba4-4bc8-afe2-f80750c574e3" testId="b8981d34-8594-77fc-1933-bc5fd03a5815" testName="setPrivateKeyTest" computerName="SDABROSKI" testType="13cdc9d9-ddb5-4fa4-a97d-d965ccfc6d4b" outcome="NotExecuted" testListId="8c84fa94-04c1-424b-9868-57a2d4851a1d" relativeResultsDirectory="bcd29e71-1ba4-4bc8-afe2-f80750c574e3">
    </UnitTestResult>
    <UnitTestResult executionId="b63ea8b2-a8bd-4fb8-b413-72fdadd8f3ce" testId="e0437eed-f780-57e1-2179-2bf21a3ec276" testName="gcdTest" computerName="SDABROSKI" testType="13cdc9d9-ddb5-4fa4-a97d-d965ccfc6d4b" outcome="NotExecuted" testListId="8c84fa94-04c1-424b-9868-57a2d4851a1d" relativeResultsDirectory="b63ea8b2-a8bd-4fb8-b413-72fdadd8f3ce">
    </UnitTestResult>
    <UnitTestResult executionId="9bdadae0-4449-4c2a-893b-3bb647500876" testId="e31daab1-e762-4c09-cb80-8ce5d2f94775" testName="ulongToBlockTest" computerName="SDABROSKI" testType="13cdc9d9-ddb5-4fa4-a97d-d965ccfc6d4b" outcome="NotExecuted" testListId="8c84fa94-04c1-424b-9868-57a2d4851a1d" relativeResultsDirectory="9bdadae0-4449-4c2a-893b-3bb647500876">
    </UnitTestResult>
    <UnitTestResult executionId="d66582aa-e707-4945-b3e3-6334fb9bb520" testId="fdf5766e-3956-7562-7b72-16531bffbb9a" testName="RSAConstructorTest" computerName="SDABROSKI" testType="13cdc9d9-ddb5-4fa4-a97d-d965ccfc6d4b" outcome="NotExecuted" testListId="8c84fa94-04c1-424b-9868-57a2d4851a1d" relativeResultsDirectory="d66582aa-e707-4945-b3e3-6334fb9bb520">
    </UnitTestResult>
  </Results>
</TestRun>