<?xml version="1.0" encoding="UTF-8"?>
<TestRun id="36c0aab7-b436-4039-a2df-0bf60363acb8" name="Scott@SDABROSKI 2012-04-25 09:27:20" runUser="SDABROSKI\Scott" xmlns="http://microsoft.com/schemas/VisualStudio/TeamTest/2010">
  <TestSettings name="Local" id="c39100f7-7fdf-4760-8e72-70b98aab7b63">
    <Description>These are default test settings for a local test run.</Description>
    <Deployment enabled="false" runDeploymentRoot="Scott_SDABROSKI 2012-04-25 09_27_20">
      <DeploymentItem filename="E:\Scott's Stuff\School Work\Geneva College\8 2012 Spring\CSC 452\RSAClasses\RSAClasses\bin\Debug\RSAClasses.dll" />
    </Deployment>
    <Execution>
      <TestTypeSpecific />
      <AgentRule name="Execution Agents">
      </AgentRule>
    </Execution>
  </TestSettings>
  <Times creation="2012-04-25T09:27:20.4381445-04:00" queuing="2012-04-25T09:27:20.5123585-04:00" start="2012-04-25T09:27:20.5270060-04:00" finish="2012-04-25T09:27:21.4693285-04:00" />
  <ResultSummary outcome="Failed">
    <Counters total="17" executed="17" passed="13" error="0" failed="4" timeout="0" aborted="0" inconclusive="0" passedButRunAborted="0" notRunnable="0" notExecuted="0" disconnected="0" warning="0" completed="0" inProgress="0" pending="0" />
  </ResultSummary>
  <TestDefinitions>
    <UnitTest name="getPublicKeyTest" storage="e:\scott's stuff\school work\geneva college\8 2012 spring\csc 452\rsaclasses\testrsa\bin\debug\testrsa.dll" id="5ccda0e6-cb57-22aa-a61a-d5d7db017a1e">
      <Execution id="cad1f1a9-6af9-491a-85f9-e810a2e1dd32" />
      <TestMethod codeBase="E:/Scott's Stuff/School Work/Geneva College/8 2012 Spring/CSC 452/RSAClasses/TestRSA/bin/Debug/TestRSA.DLL" adapterTypeName="Microsoft.VisualStudio.TestTools.TestTypes.Unit.UnitTestAdapter, Microsoft.VisualStudio.QualityTools.Tips.UnitTest.Adapter, Version=10.0.0.0, Culture=neutral, PublicKeyToken=b03f5f7f11d50a3a" className="TestRSA.RSATest, TestRSA, Version=1.0.0.0, Culture=neutral, PublicKeyToken=null" name="getPublicKeyTest" />
    </UnitTest>
    <UnitTest name="ulongToBlockTest" storage="e:\scott's stuff\school work\geneva college\8 2012 spring\csc 452\rsaclasses\testrsa\bin\debug\testrsa.dll" id="e31daab1-e762-4c09-cb80-8ce5d2f94775">
      <DeploymentItems>
        <DeploymentItem filename="RSAClasses.dll" />
      </DeploymentItems>
      <Execution id="459f770b-c6ce-4f7f-a65e-b7255932a5ea" />
      <TestMethod codeBase="E:/Scott's Stuff/School Work/Geneva College/8 2012 Spring/CSC 452/RSAClasses/TestRSA/bin/Debug/TestRSA.DLL" adapterTypeName="Microsoft.VisualStudio.TestTools.TestTypes.Unit.UnitTestAdapter, Microsoft.VisualStudio.QualityTools.Tips.UnitTest.Adapter, Version=10.0.0.0, Culture=neutral, PublicKeyToken=b03f5f7f11d50a3a" className="TestRSA.RSATest, TestRSA, Version=1.0.0.0, Culture=neutral, PublicKeyToken=null" name="ulongToBlockTest" />
    </UnitTest>
    <UnitTest name="RSAConstructorTest" storage="e:\scott's stuff\school work\geneva college\8 2012 spring\csc 452\rsaclasses\testrsa\bin\debug\testrsa.dll" id="fdf5766e-3956-7562-7b72-16531bffbb9a">
      <Execution id="9ba6b6e9-d05f-48eb-aee2-5366359bb2c7" />
      <TestMethod codeBase="E:/Scott's Stuff/School Work/Geneva College/8 2012 Spring/CSC 452/RSAClasses/TestRSA/bin/Debug/TestRSA.DLL" adapterTypeName="Microsoft.VisualStudio.TestTools.TestTypes.Unit.UnitTestAdapter, Microsoft.VisualStudio.QualityTools.Tips.UnitTest.Adapter, Version=10.0.0.0, Culture=neutral, PublicKeyToken=b03f5f7f11d50a3a" className="TestRSA.RSATest, TestRSA, Version=1.0.0.0, Culture=neutral, PublicKeyToken=null" name="RSAConstructorTest" />
    </UnitTest>
    <UnitTest name="getPrivateKeyTest" storage="e:\scott's stuff\school work\geneva college\8 2012 spring\csc 452\rsaclasses\testrsa\bin\debug\testrsa.dll" id="748a8f2e-d148-697d-60d1-f99da6697e3a">
      <Execution id="7b7390b9-4d9f-4796-9a15-aa4ee683cb85" />
      <TestMethod codeBase="E:/Scott's Stuff/School Work/Geneva College/8 2012 Spring/CSC 452/RSAClasses/TestRSA/bin/Debug/TestRSA.DLL" adapterTypeName="Microsoft.VisualStudio.TestTools.TestTypes.Unit.UnitTestAdapter, Microsoft.VisualStudio.QualityTools.Tips.UnitTest.Adapter, Version=10.0.0.0, Culture=neutral, PublicKeyToken=b03f5f7f11d50a3a" className="TestRSA.RSATest, TestRSA, Version=1.0.0.0, Culture=neutral, PublicKeyToken=null" name="getPrivateKeyTest" />
    </UnitTest>
    <UnitTest name="decryptUlongTest" storage="e:\scott's stuff\school work\geneva college\8 2012 spring\csc 452\rsaclasses\testrsa\bin\debug\testrsa.dll" id="72c2e1ea-f683-de09-46c7-13a8b5647aa6">
      <DeploymentItems>
        <DeploymentItem filename="RSAClasses.dll" />
      </DeploymentItems>
      <Execution id="13db1ef5-5a63-4960-8d5d-9a06c1394f24" />
      <TestMethod codeBase="E:/Scott's Stuff/School Work/Geneva College/8 2012 Spring/CSC 452/RSAClasses/TestRSA/bin/Debug/TestRSA.DLL" adapterTypeName="Microsoft.VisualStudio.TestTools.TestTypes.Unit.UnitTestAdapter, Microsoft.VisualStudio.QualityTools.Tips.UnitTest.Adapter, Version=10.0.0.0, Culture=neutral, PublicKeyToken=b03f5f7f11d50a3a" className="TestRSA.RSATest, TestRSA, Version=1.0.0.0, Culture=neutral, PublicKeyToken=null" name="decryptUlongTest" />
    </UnitTest>
    <UnitTest name="ulongToBlockConsistencyTest" storage="e:\scott's stuff\school work\geneva college\8 2012 spring\csc 452\rsaclasses\testrsa\bin\debug\testrsa.dll" id="87c7c7ef-baec-8a96-99e0-019a01fa5242">
      <DeploymentItems>
        <DeploymentItem filename="RSAClasses.dll" />
      </DeploymentItems>
      <Execution id="81376c4f-0736-40e9-b758-14bb15db11f7" />
      <TestMethod codeBase="E:/Scott's Stuff/School Work/Geneva College/8 2012 Spring/CSC 452/RSAClasses/TestRSA/bin/Debug/TestRSA.DLL" adapterTypeName="Microsoft.VisualStudio.TestTools.TestTypes.Unit.UnitTestAdapter, Microsoft.VisualStudio.QualityTools.Tips.UnitTest.Adapter, Version=10.0.0.0, Culture=neutral, PublicKeyToken=b03f5f7f11d50a3a" className="TestRSA.RSATest, TestRSA, Version=1.0.0.0, Culture=neutral, PublicKeyToken=null" name="ulongToBlockConsistencyTest" />
    </UnitTest>
    <UnitTest name="gcdTest" storage="e:\scott's stuff\school work\geneva college\8 2012 spring\csc 452\rsaclasses\testrsa\bin\debug\testrsa.dll" id="e0437eed-f780-57e1-2179-2bf21a3ec276">
      <DeploymentItems>
        <DeploymentItem filename="RSAClasses.dll" />
      </DeploymentItems>
      <Execution id="55fb5e98-fd73-469b-ac63-ea68e39fdfbd" />
      <TestMethod codeBase="E:/Scott's Stuff/School Work/Geneva College/8 2012 Spring/CSC 452/RSAClasses/TestRSA/bin/Debug/TestRSA.DLL" adapterTypeName="Microsoft.VisualStudio.TestTools.TestTypes.Unit.UnitTestAdapter, Microsoft.VisualStudio.QualityTools.Tips.UnitTest.Adapter, Version=10.0.0.0, Culture=neutral, PublicKeyToken=b03f5f7f11d50a3a" className="TestRSA.RSATest, TestRSA, Version=1.0.0.0, Culture=neutral, PublicKeyToken=null" name="gcdTest" />
    </UnitTest>
    <UnitTest name="ulongEncryptionConsistencyTest" storage="e:\scott's stuff\school work\geneva college\8 2012 spring\csc 452\rsaclasses\testrsa\bin\debug\testrsa.dll" id="2d369b67-841e-9a52-f611-3d45bcd43df4">
      <DeploymentItems>
        <DeploymentItem filename="RSAClasses.dll" />
      </DeploymentItems>
      <Execution id="df690692-de10-4d53-8bd8-6b6426600dfe" />
      <TestMethod codeBase="E:/Scott's Stuff/School Work/Geneva College/8 2012 Spring/CSC 452/RSAClasses/TestRSA/bin/Debug/TestRSA.DLL" adapterTypeName="Microsoft.VisualStudio.TestTools.TestTypes.Unit.UnitTestAdapter, Microsoft.VisualStudio.QualityTools.Tips.UnitTest.Adapter, Version=10.0.0.0, Culture=neutral, PublicKeyToken=b03f5f7f11d50a3a" className="TestRSA.RSATest, TestRSA, Version=1.0.0.0, Culture=neutral, PublicKeyToken=null" name="ulongEncryptionConsistencyTest" />
    </UnitTest>
    <UnitTest name="setPrivateKeyTest" storage="e:\scott's stuff\school work\geneva college\8 2012 spring\csc 452\rsaclasses\testrsa\bin\debug\testrsa.dll" id="b8981d34-8594-77fc-1933-bc5fd03a5815">
      <Execution id="8913f2b5-ddf4-43d8-9db9-cafedb2cbd79" />
      <TestMethod codeBase="E:/Scott's Stuff/School Work/Geneva College/8 2012 Spring/CSC 452/RSAClasses/TestRSA/bin/Debug/TestRSA.DLL" adapterTypeName="Microsoft.VisualStudio.TestTools.TestTypes.Unit.UnitTestAdapter, Microsoft.VisualStudio.QualityTools.Tips.UnitTest.Adapter, Version=10.0.0.0, Culture=neutral, PublicKeyToken=b03f5f7f11d50a3a" className="TestRSA.RSATest, TestRSA, Version=1.0.0.0, Culture=neutral, PublicKeyToken=null" name="setPrivateKeyTest" />
    </UnitTest>
    <UnitTest name="encryptionConsistencyTest" storage="e:\scott's stuff\school work\geneva college\8 2012 spring\csc 452\rsaclasses\testrsa\bin\debug\testrsa.dll" id="816cc9f4-a77b-7e69-7744-1c1759fa27d1">
      <Execution id="59470107-53a5-44ce-a08c-8a86d14721a1" />
      <TestMethod codeBase="E:/Scott's Stuff/School Work/Geneva College/8 2012 Spring/CSC 452/RSAClasses/TestRSA/bin/Debug/TestRSA.DLL" adapterTypeName="Microsoft.VisualStudio.TestTools.TestTypes.Unit.UnitTestAdapter, Microsoft.VisualStudio.QualityTools.Tips.UnitTest.Adapter, Version=10.0.0.0, Culture=neutral, PublicKeyToken=b03f5f7f11d50a3a" className="TestRSA.RSATest, TestRSA, Version=1.0.0.0, Culture=neutral, PublicKeyToken=null" name="encryptionConsistencyTest" />
    </UnitTest>
    <UnitTest name="setPublicKeyTest" storage="e:\scott's stuff\school work\geneva college\8 2012 spring\csc 452\rsaclasses\testrsa\bin\debug\testrsa.dll" id="1a820d2b-c66b-f40e-f5b9-4ced96d3432d">
      <Execution id="df030e73-39c8-46ef-9bd6-2c570c6a7710" />
      <TestMethod codeBase="E:/Scott's Stuff/School Work/Geneva College/8 2012 Spring/CSC 452/RSAClasses/TestRSA/bin/Debug/TestRSA.DLL" adapterTypeName="Microsoft.VisualStudio.TestTools.TestTypes.Unit.UnitTestAdapter, Microsoft.VisualStudio.QualityTools.Tips.UnitTest.Adapter, Version=10.0.0.0, Culture=neutral, PublicKeyToken=b03f5f7f11d50a3a" className="TestRSA.RSATest, TestRSA, Version=1.0.0.0, Culture=neutral, PublicKeyToken=null" name="setPublicKeyTest" />
    </UnitTest>
    <UnitTest name="blockToUlongTest" storage="e:\scott's stuff\school work\geneva college\8 2012 spring\csc 452\rsaclasses\testrsa\bin\debug\testrsa.dll" id="539c9340-a804-7a42-311f-6a1a6a1665fa">
      <DeploymentItems>
        <DeploymentItem filename="RSAClasses.dll" />
      </DeploymentItems>
      <Execution id="ae20d752-297e-448f-8168-aa6f8836d1cc" />
      <TestMethod codeBase="E:/Scott's Stuff/School Work/Geneva College/8 2012 Spring/CSC 452/RSAClasses/TestRSA/bin/Debug/TestRSA.DLL" adapterTypeName="Microsoft.VisualStudio.TestTools.TestTypes.Unit.UnitTestAdapter, Microsoft.VisualStudio.QualityTools.Tips.UnitTest.Adapter, Version=10.0.0.0, Culture=neutral, PublicKeyToken=b03f5f7f11d50a3a" className="TestRSA.RSATest, TestRSA, Version=1.0.0.0, Culture=neutral, PublicKeyToken=null" name="blockToUlongTest" />
    </UnitTest>
    <UnitTest name="extendedGcdTest" storage="e:\scott's stuff\school work\geneva college\8 2012 spring\csc 452\rsaclasses\testrsa\bin\debug\testrsa.dll" id="1b69a5d3-4699-e5d4-4a1a-af8bb1ed965f">
      <DeploymentItems>
        <DeploymentItem filename="RSAClasses.dll" />
      </DeploymentItems>
      <Execution id="9ef3cb58-6223-4e72-a5f7-2b92564239db" />
      <TestMethod codeBase="E:/Scott's Stuff/School Work/Geneva College/8 2012 Spring/CSC 452/RSAClasses/TestRSA/bin/Debug/TestRSA.DLL" adapterTypeName="Microsoft.VisualStudio.TestTools.TestTypes.Unit.UnitTestAdapter, Microsoft.VisualStudio.QualityTools.Tips.UnitTest.Adapter, Version=10.0.0.0, Culture=neutral, PublicKeyToken=b03f5f7f11d50a3a" className="TestRSA.RSATest, TestRSA, Version=1.0.0.0, Culture=neutral, PublicKeyToken=null" name="extendedGcdTest" />
    </UnitTest>
    <UnitTest name="encryptUlongTest" storage="e:\scott's stuff\school work\geneva college\8 2012 spring\csc 452\rsaclasses\testrsa\bin\debug\testrsa.dll" id="373184ad-e3ae-87ac-0f61-930171229dad">
      <DeploymentItems>
        <DeploymentItem filename="RSAClasses.dll" />
      </DeploymentItems>
      <Execution id="9f5d68f0-4f89-4284-86aa-f574d8c252c7" />
      <TestMethod codeBase="E:/Scott's Stuff/School Work/Geneva College/8 2012 Spring/CSC 452/RSAClasses/TestRSA/bin/Debug/TestRSA.DLL" adapterTypeName="Microsoft.VisualStudio.TestTools.TestTypes.Unit.UnitTestAdapter, Microsoft.VisualStudio.QualityTools.Tips.UnitTest.Adapter, Version=10.0.0.0, Culture=neutral, PublicKeyToken=b03f5f7f11d50a3a" className="TestRSA.RSATest, TestRSA, Version=1.0.0.0, Culture=neutral, PublicKeyToken=null" name="encryptUlongTest" />
    </UnitTest>
    <UnitTest name="encryptTest" storage="e:\scott's stuff\school work\geneva college\8 2012 spring\csc 452\rsaclasses\testrsa\bin\debug\testrsa.dll" id="37d38e0f-a0a3-f805-960b-b79c907db2d1">
      <Execution id="62195bed-0f16-4ac4-bf5a-5a02b09c3ac8" />
      <TestMethod codeBase="E:/Scott's Stuff/School Work/Geneva College/8 2012 Spring/CSC 452/RSAClasses/TestRSA/bin/Debug/TestRSA.DLL" adapterTypeName="Microsoft.VisualStudio.TestTools.TestTypes.Unit.UnitTestAdapter, Microsoft.VisualStudio.QualityTools.Tips.UnitTest.Adapter, Version=10.0.0.0, Culture=neutral, PublicKeyToken=b03f5f7f11d50a3a" className="TestRSA.RSATest, TestRSA, Version=1.0.0.0, Culture=neutral, PublicKeyToken=null" name="encryptTest" />
    </UnitTest>
    <UnitTest name="decryptTest" storage="e:\scott's stuff\school work\geneva college\8 2012 spring\csc 452\rsaclasses\testrsa\bin\debug\testrsa.dll" id="87ef48b7-e5f8-5712-9b96-8e42cc8290ed">
      <Execution id="1dcf1223-ea8e-4db7-a161-6a6777e3f119" />
      <TestMethod codeBase="E:/Scott's Stuff/School Work/Geneva College/8 2012 Spring/CSC 452/RSAClasses/TestRSA/bin/Debug/TestRSA.DLL" adapterTypeName="Microsoft.VisualStudio.TestTools.TestTypes.Unit.UnitTestAdapter, Microsoft.VisualStudio.QualityTools.Tips.UnitTest.Adapter, Version=10.0.0.0, Culture=neutral, PublicKeyToken=b03f5f7f11d50a3a" className="TestRSA.RSATest, TestRSA, Version=1.0.0.0, Culture=neutral, PublicKeyToken=null" name="decryptTest" />
    </UnitTest>
    <UnitTest name="recalculateKeysTest" storage="e:\scott's stuff\school work\geneva college\8 2012 spring\csc 452\rsaclasses\testrsa\bin\debug\testrsa.dll" id="38ddcbdc-90ef-2951-c548-802e8fc5794a">
      <Execution id="58234a17-c1e2-4d65-b7e0-916801f4d887" />
      <TestMethod codeBase="E:/Scott's Stuff/School Work/Geneva College/8 2012 Spring/CSC 452/RSAClasses/TestRSA/bin/Debug/TestRSA.DLL" adapterTypeName="Microsoft.VisualStudio.TestTools.TestTypes.Unit.UnitTestAdapter, Microsoft.VisualStudio.QualityTools.Tips.UnitTest.Adapter, Version=10.0.0.0, Culture=neutral, PublicKeyToken=b03f5f7f11d50a3a" className="TestRSA.RSATest, TestRSA, Version=1.0.0.0, Culture=neutral, PublicKeyToken=null" name="recalculateKeysTest" />
    </UnitTest>
  </TestDefinitions>
  <TestLists>
    <TestList name="Results Not in a List" id="8c84fa94-04c1-424b-9868-57a2d4851a1d" />
    <TestList name="All Loaded Results" id="19431567-8539-422a-85d7-44ee4e166bda" />
  </TestLists>
  <TestEntries>
    <TestEntry testId="1a820d2b-c66b-f40e-f5b9-4ced96d3432d" executionId="df030e73-39c8-46ef-9bd6-2c570c6a7710" testListId="8c84fa94-04c1-424b-9868-57a2d4851a1d" />
    <TestEntry testId="1b69a5d3-4699-e5d4-4a1a-af8bb1ed965f" executionId="9ef3cb58-6223-4e72-a5f7-2b92564239db" testListId="8c84fa94-04c1-424b-9868-57a2d4851a1d" />
    <TestEntry testId="2d369b67-841e-9a52-f611-3d45bcd43df4" executionId="df690692-de10-4d53-8bd8-6b6426600dfe" testListId="8c84fa94-04c1-424b-9868-57a2d4851a1d" />
    <TestEntry testId="373184ad-e3ae-87ac-0f61-930171229dad" executionId="9f5d68f0-4f89-4284-86aa-f574d8c252c7" testListId="8c84fa94-04c1-424b-9868-57a2d4851a1d" />
    <TestEntry testId="37d38e0f-a0a3-f805-960b-b79c907db2d1" executionId="62195bed-0f16-4ac4-bf5a-5a02b09c3ac8" testListId="8c84fa94-04c1-424b-9868-57a2d4851a1d" />
    <TestEntry testId="38ddcbdc-90ef-2951-c548-802e8fc5794a" executionId="58234a17-c1e2-4d65-b7e0-916801f4d887" testListId="8c84fa94-04c1-424b-9868-57a2d4851a1d" />
    <TestEntry testId="539c9340-a804-7a42-311f-6a1a6a1665fa" executionId="ae20d752-297e-448f-8168-aa6f8836d1cc" testListId="8c84fa94-04c1-424b-9868-57a2d4851a1d" />
    <TestEntry testId="5ccda0e6-cb57-22aa-a61a-d5d7db017a1e" executionId="cad1f1a9-6af9-491a-85f9-e810a2e1dd32" testListId="8c84fa94-04c1-424b-9868-57a2d4851a1d" />
    <TestEntry testId="72c2e1ea-f683-de09-46c7-13a8b5647aa6" executionId="13db1ef5-5a63-4960-8d5d-9a06c1394f24" testListId="8c84fa94-04c1-424b-9868-57a2d4851a1d" />
    <TestEntry testId="748a8f2e-d148-697d-60d1-f99da6697e3a" executionId="7b7390b9-4d9f-4796-9a15-aa4ee683cb85" testListId="8c84fa94-04c1-424b-9868-57a2d4851a1d" />
    <TestEntry testId="816cc9f4-a77b-7e69-7744-1c1759fa27d1" executionId="59470107-53a5-44ce-a08c-8a86d14721a1" testListId="8c84fa94-04c1-424b-9868-57a2d4851a1d" />
    <TestEntry testId="87c7c7ef-baec-8a96-99e0-019a01fa5242" executionId="81376c4f-0736-40e9-b758-14bb15db11f7" testListId="8c84fa94-04c1-424b-9868-57a2d4851a1d" />
    <TestEntry testId="87ef48b7-e5f8-5712-9b96-8e42cc8290ed" executionId="1dcf1223-ea8e-4db7-a161-6a6777e3f119" testListId="8c84fa94-04c1-424b-9868-57a2d4851a1d" />
    <TestEntry testId="b8981d34-8594-77fc-1933-bc5fd03a5815" executionId="8913f2b5-ddf4-43d8-9db9-cafedb2cbd79" testListId="8c84fa94-04c1-424b-9868-57a2d4851a1d" />
    <TestEntry testId="e0437eed-f780-57e1-2179-2bf21a3ec276" executionId="55fb5e98-fd73-469b-ac63-ea68e39fdfbd" testListId="8c84fa94-04c1-424b-9868-57a2d4851a1d" />
    <TestEntry testId="e31daab1-e762-4c09-cb80-8ce5d2f94775" executionId="459f770b-c6ce-4f7f-a65e-b7255932a5ea" testListId="8c84fa94-04c1-424b-9868-57a2d4851a1d" />
    <TestEntry testId="fdf5766e-3956-7562-7b72-16531bffbb9a" executionId="9ba6b6e9-d05f-48eb-aee2-5366359bb2c7" testListId="8c84fa94-04c1-424b-9868-57a2d4851a1d" />
  </TestEntries>
  <Results>
    <UnitTestResult executionId="df030e73-39c8-46ef-9bd6-2c570c6a7710" testId="1a820d2b-c66b-f40e-f5b9-4ced96d3432d" testName="setPublicKeyTest" computerName="SDABROSKI" duration="00:00:00.0245357" startTime="2012-04-25T09:27:20.5455595-04:00" endTime="2012-04-25T09:27:20.8756165-04:00" testType="13cdc9d9-ddb5-4fa4-a97d-d965ccfc6d4b" outcome="Passed" testListId="8c84fa94-04c1-424b-9868-57a2d4851a1d" relativeResultsDirectory="df030e73-39c8-46ef-9bd6-2c570c6a7710">
    </UnitTestResult>
    <UnitTestResult executionId="9ef3cb58-6223-4e72-a5f7-2b92564239db" testId="1b69a5d3-4699-e5d4-4a1a-af8bb1ed965f" testName="extendedGcdTest" computerName="SDABROSKI" duration="00:00:00.0106703" startTime="2012-04-25T09:27:20.8804990-04:00" endTime="2012-04-25T09:27:20.8980760-04:00" testType="13cdc9d9-ddb5-4fa4-a97d-d965ccfc6d4b" outcome="Passed" testListId="8c84fa94-04c1-424b-9868-57a2d4851a1d" relativeResultsDirectory="9ef3cb58-6223-4e72-a5f7-2b92564239db">
    </UnitTestResult>
    <UnitTestResult executionId="df690692-de10-4d53-8bd8-6b6426600dfe" testId="2d369b67-841e-9a52-f611-3d45bcd43df4" testName="ulongEncryptionConsistencyTest" computerName="SDABROSKI" duration="00:00:00.0253462" startTime="2012-04-25T09:27:20.9049115-04:00" endTime="2012-04-25T09:27:20.9429950-04:00" testType="13cdc9d9-ddb5-4fa4-a97d-d965ccfc6d4b" outcome="Failed" testListId="8c84fa94-04c1-424b-9868-57a2d4851a1d" relativeResultsDirectory="df690692-de10-4d53-8bd8-6b6426600dfe">
      <Output>
        <ErrorInfo>
          <Message>Assert.AreEqual failed. Expected:&lt;28&gt;. Actual:&lt;54&gt;. </Message>
          <StackTrace>   at TestRSA.RSATest.ulongEncryptionConsistencyTest() in E:\Scott's Stuff\School Work\Geneva College\8 2012 Spring\CSC 452\RSAClasses\TestRSA\RSATest.cs:line 114
</StackTrace>
        </ErrorInfo>
      </Output>
    </UnitTestResult>
    <UnitTestResult executionId="9f5d68f0-4f89-4284-86aa-f574d8c252c7" testId="373184ad-e3ae-87ac-0f61-930171229dad" testName="encryptUlongTest" computerName="SDABROSKI" duration="00:00:00.0003042" startTime="2012-04-25T09:27:20.9508070-04:00" endTime="2012-04-25T09:27:20.9635015-04:00" testType="13cdc9d9-ddb5-4fa4-a97d-d965ccfc6d4b" outcome="Passed" testListId="8c84fa94-04c1-424b-9868-57a2d4851a1d" relativeResultsDirectory="9f5d68f0-4f89-4284-86aa-f574d8c252c7">
    </UnitTestResult>
    <UnitTestResult executionId="62195bed-0f16-4ac4-bf5a-5a02b09c3ac8" testId="37d38e0f-a0a3-f805-960b-b79c907db2d1" testName="encryptTest" computerName="SDABROSKI" duration="00:00:00.0012250" startTime="2012-04-25T09:27:20.9722900-04:00" endTime="2012-04-25T09:27:20.9781490-04:00" testType="13cdc9d9-ddb5-4fa4-a97d-d965ccfc6d4b" outcome="Passed" testListId="8c84fa94-04c1-424b-9868-57a2d4851a1d" relativeResultsDirectory="62195bed-0f16-4ac4-bf5a-5a02b09c3ac8">
    </UnitTestResult>
    <UnitTestResult executionId="58234a17-c1e2-4d65-b7e0-916801f4d887" testId="38ddcbdc-90ef-2951-c548-802e8fc5794a" testName="recalculateKeysTest" computerName="SDABROSKI" duration="00:00:00.0002511" startTime="2012-04-25T09:27:20.9810785-04:00" endTime="2012-04-25T09:27:20.9869375-04:00" testType="13cdc9d9-ddb5-4fa4-a97d-d965ccfc6d4b" outcome="Passed" testListId="8c84fa94-04c1-424b-9868-57a2d4851a1d" relativeResultsDirectory="58234a17-c1e2-4d65-b7e0-916801f4d887">
    </UnitTestResult>
    <UnitTestResult executionId="ae20d752-297e-448f-8168-aa6f8836d1cc" testId="539c9340-a804-7a42-311f-6a1a6a1665fa" testName="blockToUlongTest" computerName="SDABROSKI" duration="00:00:00.0002707" startTime="2012-04-25T09:27:20.9888905-04:00" endTime="2012-04-25T09:27:20.9937730-04:00" testType="13cdc9d9-ddb5-4fa4-a97d-d965ccfc6d4b" outcome="Passed" testListId="8c84fa94-04c1-424b-9868-57a2d4851a1d" relativeResultsDirectory="ae20d752-297e-448f-8168-aa6f8836d1cc">
    </UnitTestResult>
    <UnitTestResult executionId="cad1f1a9-6af9-491a-85f9-e810a2e1dd32" testId="5ccda0e6-cb57-22aa-a61a-d5d7db017a1e" testName="getPublicKeyTest" computerName="SDABROSKI" duration="00:00:00.0003209" startTime="2012-04-25T09:27:20.9947495-04:00" endTime="2012-04-25T09:27:21.0006085-04:00" testType="13cdc9d9-ddb5-4fa4-a97d-d965ccfc6d4b" outcome="Passed" testListId="8c84fa94-04c1-424b-9868-57a2d4851a1d" relativeResultsDirectory="cad1f1a9-6af9-491a-85f9-e810a2e1dd32">
    </UnitTestResult>
    <UnitTestResult executionId="13db1ef5-5a63-4960-8d5d-9a06c1394f24" testId="72c2e1ea-f683-de09-46c7-13a8b5647aa6" testName="decryptUlongTest" computerName="SDABROSKI" duration="00:00:00.0021499" startTime="2012-04-25T09:27:21.0025615-04:00" endTime="2012-04-25T09:27:21.0103735-04:00" testType="13cdc9d9-ddb5-4fa4-a97d-d965ccfc6d4b" outcome="Failed" testListId="8c84fa94-04c1-424b-9868-57a2d4851a1d" relativeResultsDirectory="13db1ef5-5a63-4960-8d5d-9a06c1394f24">
      <Output>
        <ErrorInfo>
          <Message>Assert.AreEqual failed. Expected:&lt;28&gt;. Actual:&lt;54&gt;. </Message>
          <StackTrace>   at TestRSA.RSATest.decryptUlongTest() in E:\Scott's Stuff\School Work\Geneva College\8 2012 Spring\CSC 452\RSAClasses\TestRSA\RSATest.cs:line 103
</StackTrace>
        </ErrorInfo>
      </Output>
    </UnitTestResult>
    <UnitTestResult executionId="7b7390b9-4d9f-4796-9a15-aa4ee683cb85" testId="748a8f2e-d148-697d-60d1-f99da6697e3a" testName="getPrivateKeyTest" computerName="SDABROSKI" duration="00:00:00.0014471" startTime="2012-04-25T09:27:21.0211150-04:00" endTime="2012-04-25T09:27:21.0396685-04:00" testType="13cdc9d9-ddb5-4fa4-a97d-d965ccfc6d4b" outcome="Passed" testListId="8c84fa94-04c1-424b-9868-57a2d4851a1d" relativeResultsDirectory="7b7390b9-4d9f-4796-9a15-aa4ee683cb85">
    </UnitTestResult>
    <UnitTestResult executionId="59470107-53a5-44ce-a08c-8a86d14721a1" testId="816cc9f4-a77b-7e69-7744-1c1759fa27d1" testName="encryptionConsistencyTest" computerName="SDABROSKI" duration="00:00:00.0038046" startTime="2012-04-25T09:27:21.0425980-04:00" endTime="2012-04-25T09:27:21.0504100-04:00" testType="13cdc9d9-ddb5-4fa4-a97d-d965ccfc6d4b" outcome="Failed" testListId="8c84fa94-04c1-424b-9868-57a2d4851a1d" relativeResultsDirectory="59470107-53a5-44ce-a08c-8a86d14721a1">
      <Output>
        <ErrorInfo>
          <Message>Assert.AreEqual failed. Expected:&lt;I had a fun time today.&gt;. Actual:&lt;ųÚ΂Ǌãʈ
΍¨ɏ˵ϑ6Ȍ̃̅ôŇȚȃƢ&gt;. </Message>
          <StackTrace>   at TestRSA.RSATest.encryptionConsistencyTest() in E:\Scott's Stuff\School Work\Geneva College\8 2012 Spring\CSC 452\RSAClasses\TestRSA\RSATest.cs:line 246
</StackTrace>
        </ErrorInfo>
      </Output>
    </UnitTestResult>
    <UnitTestResult executionId="81376c4f-0736-40e9-b758-14bb15db11f7" testId="87c7c7ef-baec-8a96-99e0-019a01fa5242" testName="ulongToBlockConsistencyTest" computerName="SDABROSKI" duration="00:00:00.0003053" startTime="2012-04-25T09:27:21.0513865-04:00" endTime="2012-04-25T09:27:21.0591985-04:00" testType="13cdc9d9-ddb5-4fa4-a97d-d965ccfc6d4b" outcome="Passed" testListId="8c84fa94-04c1-424b-9868-57a2d4851a1d" relativeResultsDirectory="81376c4f-0736-40e9-b758-14bb15db11f7">
    </UnitTestResult>
    <UnitTestResult executionId="1dcf1223-ea8e-4db7-a161-6a6777e3f119" testId="87ef48b7-e5f8-5712-9b96-8e42cc8290ed" testName="decryptTest" computerName="SDABROSKI" duration="00:00:00.0030562" startTime="2012-04-25T09:27:21.0621280-04:00" endTime="2012-04-25T09:27:21.0699400-04:00" testType="13cdc9d9-ddb5-4fa4-a97d-d965ccfc6d4b" outcome="Failed" testListId="8c84fa94-04c1-424b-9868-57a2d4851a1d" relativeResultsDirectory="1dcf1223-ea8e-4db7-a161-6a6777e3f119">
      <Output>
        <ErrorInfo>
          <Message>Assert.AreEqual failed. Expected:&lt;I had a fun time today.&gt;. Actual:&lt;ʔx:İȷɠɑİ˙Ý͓²]Ϥ̱#ıÅʕ˅Òεʜ&gt;. </Message>
          <StackTrace>   at TestRSA.RSATest.decryptTest() in E:\Scott's Stuff\School Work\Geneva College\8 2012 Spring\CSC 452\RSAClasses\TestRSA\RSATest.cs:line 238
</StackTrace>
        </ErrorInfo>
      </Output>
    </UnitTestResult>
    <UnitTestResult executionId="8913f2b5-ddf4-43d8-9db9-cafedb2cbd79" testId="b8981d34-8594-77fc-1933-bc5fd03a5815" testName="setPrivateKeyTest" computerName="SDABROSKI" duration="00:00:00.0046134" startTime="2012-04-25T09:27:21.0875170-04:00" endTime="2012-04-25T09:27:21.1050940-04:00" testType="13cdc9d9-ddb5-4fa4-a97d-d965ccfc6d4b" outcome="Passed" testListId="8c84fa94-04c1-424b-9868-57a2d4851a1d" relativeResultsDirectory="8913f2b5-ddf4-43d8-9db9-cafedb2cbd79">
    </UnitTestResult>
    <UnitTestResult executionId="55fb5e98-fd73-469b-ac63-ea68e39fdfbd" testId="e0437eed-f780-57e1-2179-2bf21a3ec276" testName="gcdTest" computerName="SDABROSKI" duration="00:00:00.0003059" startTime="2012-04-25T09:27:21.1099765-04:00" endTime="2012-04-25T09:27:21.1148590-04:00" testType="13cdc9d9-ddb5-4fa4-a97d-d965ccfc6d4b" outcome="Passed" testListId="8c84fa94-04c1-424b-9868-57a2d4851a1d" relativeResultsDirectory="55fb5e98-fd73-469b-ac63-ea68e39fdfbd">
    </UnitTestResult>
    <UnitTestResult executionId="459f770b-c6ce-4f7f-a65e-b7255932a5ea" testId="e31daab1-e762-4c09-cb80-8ce5d2f94775" testName="ulongToBlockTest" computerName="SDABROSKI" duration="00:00:00.0002505" startTime="2012-04-25T09:27:21.1177885-04:00" endTime="2012-04-25T09:27:21.1216945-04:00" testType="13cdc9d9-ddb5-4fa4-a97d-d965ccfc6d4b" outcome="Passed" testListId="8c84fa94-04c1-424b-9868-57a2d4851a1d" relativeResultsDirectory="459f770b-c6ce-4f7f-a65e-b7255932a5ea">
    </UnitTestResult>
    <UnitTestResult executionId="9ba6b6e9-d05f-48eb-aee2-5366359bb2c7" testId="fdf5766e-3956-7562-7b72-16531bffbb9a" testName="RSAConstructorTest" computerName="SDABROSKI" duration="00:00:00.0002941" startTime="2012-04-25T09:27:21.1236475-04:00" endTime="2012-04-25T09:27:21.1295065-04:00" testType="13cdc9d9-ddb5-4fa4-a97d-d965ccfc6d4b" outcome="Passed" testListId="8c84fa94-04c1-424b-9868-57a2d4851a1d" relativeResultsDirectory="9ba6b6e9-d05f-48eb-aee2-5366359bb2c7">
    </UnitTestResult>
  </Results>
</TestRun>