<?xml version="1.0" encoding="UTF-8"?>
<TestRun id="59336b48-695c-46bd-88af-5500717e3b20" name="Scott@SDABROSKI 2012-04-21 14:33:36" runUser="SDABROSKI\Scott" xmlns="http://microsoft.com/schemas/VisualStudio/TeamTest/2010">
  <TestSettings name="Local" id="c39100f7-7fdf-4760-8e72-70b98aab7b63">
    <Description>These are default test settings for a local test run.</Description>
    <Deployment userDeploymentRoot="E:\Scott's Stuff\School Work\Geneva College\8 2012 Spring\CSC 452\RSAClasses\TestResults" useDefaultDeploymentRoot="false" enabled="false" runDeploymentRoot="Scott_SDABROSKI 2012-04-21 14_33_36">
      <DeploymentItem filename="E:\Scott's Stuff\School Work\Geneva College\8 2012 Spring\CSC 452\RSAClasses\RSAClasses\bin\Debug\RSAClasses.dll" />
    </Deployment>
    <Execution>
      <TestTypeSpecific />
      <AgentRule name="Execution Agents">
      </AgentRule>
    </Execution>
  </TestSettings>
  <Times creation="2012-04-21T14:33:36.6963663-04:00" queuing="2012-04-21T14:33:36.7862043-04:00" start="2012-04-21T14:33:36.7959693-04:00" finish="2012-04-21T14:33:48.2307843-04:00" />
  <ResultSummary outcome="Aborted">
    <Counters total="1" executed="1" error="0" failed="0" timeout="0" aborted="1" inconclusive="0" passedButRunAborted="0" notRunnable="0" notExecuted="0" disconnected="0" warning="0" passed="0" completed="0" inProgress="0" pending="0" />
  </ResultSummary>
  <TestDefinitions>
    <UnitTest name="decryptTest" storage="e:\scott's stuff\school work\geneva college\8 2012 spring\csc 452\rsaclasses\testrsa\bin\debug\testrsa.dll" id="87ef48b7-e5f8-5712-9b96-8e42cc8290ed">
      <Execution id="0243b3db-5d47-40b4-bc32-d8737a2c79b7" />
      <TestMethod codeBase="E:/Scott's Stuff/School Work/Geneva College/8 2012 Spring/CSC 452/RSAClasses/TestRSA/bin/Debug/TestRSA.DLL" adapterTypeName="Microsoft.VisualStudio.TestTools.TestTypes.Unit.UnitTestAdapter, Microsoft.VisualStudio.QualityTools.Tips.UnitTest.Adapter, Version=10.0.0.0, Culture=neutral, PublicKeyToken=b03f5f7f11d50a3a" className="TestRSA.RSATest, TestRSA, Version=1.0.0.0, Culture=neutral, PublicKeyToken=null" name="decryptTest" />
    </UnitTest>
  </TestDefinitions>
  <TestLists>
    <TestList name="Results Not in a List" id="8c84fa94-04c1-424b-9868-57a2d4851a1d" />
    <TestList name="All Loaded Results" id="19431567-8539-422a-85d7-44ee4e166bda" />
  </TestLists>
  <TestEntries>
    <TestEntry testId="87ef48b7-e5f8-5712-9b96-8e42cc8290ed" executionId="0243b3db-5d47-40b4-bc32-d8737a2c79b7" testListId="8c84fa94-04c1-424b-9868-57a2d4851a1d" />
  </TestEntries>
  <Results>
    <UnitTestResult executionId="0243b3db-5d47-40b4-bc32-d8737a2c79b7" testId="87ef48b7-e5f8-5712-9b96-8e42cc8290ed" testName="decryptTest" computerName="SDABROSKI" duration="00:00:06.0728535" startTime="2012-04-21T14:33:36.8135463-04:00" endTime="2012-04-21T14:33:42.8863998-04:00" testType="13cdc9d9-ddb5-4fa4-a97d-d965ccfc6d4b" outcome="Aborted" testListId="8c84fa94-04c1-424b-9868-57a2d4851a1d" relativeResultsDirectory="0243b3db-5d47-40b4-bc32-d8737a2c79b7">
      <Output>
        <ErrorInfo>
          <Message>User aborted test run.</Message>
        </ErrorInfo>
      </Output>
    </UnitTestResult>
  </Results>
</TestRun>