<?xml version="1.0" encoding="UTF-8"?>
<TestRun id="da229b51-34fb-462a-8973-1ceeef1ae015" name="Scott@SDABROSKI 2012-04-14 22:37:25" runUser="SDABROSKI\Scott" xmlns="http://microsoft.com/schemas/VisualStudio/TeamTest/2010">
  <TestSettings name="Local" id="c39100f7-7fdf-4760-8e72-70b98aab7b63">
    <Description>These are default test settings for a local test run.</Description>
    <Deployment enabled="false" runDeploymentRoot="Scott_SDABROSKI 2012-04-14 22_37_25">
      <DeploymentItem filename="E:\Scott's Stuff\School Work\Geneva College\8 2012 Spring\CSC 452\RSAClasses\RSAClasses\bin\Debug\RSAClasses.dll" />
    </Deployment>
    <Execution>
      <TestTypeSpecific />
      <AgentRule name="Execution Agents">
      </AgentRule>
    </Execution>
  </TestSettings>
  <Times creation="2012-04-14T22:37:25.3839420-04:00" queuing="2012-04-14T22:37:25.4337435-04:00" start="2012-04-14T22:37:25.4474145-04:00" finish="2012-04-14T22:37:25.9190640-04:00" />
  <ResultSummary outcome="Completed">
    <Counters total="5" executed="5" passed="5" error="0" failed="0" timeout="0" aborted="0" inconclusive="0" passedButRunAborted="0" notRunnable="0" notExecuted="0" disconnected="0" warning="0" completed="0" inProgress="0" pending="0" />
  </ResultSummary>
  <TestDefinitions>
    <UnitTest name="publicKeyTest" storage="e:\scott's stuff\school work\geneva college\8 2012 spring\csc 452\rsaclasses\testrsa\bin\debug\testrsa.dll" id="71a20605-9b99-0bd1-0d12-ebf6f2d94e41">
      <Execution id="293316a7-eb3e-4921-b11e-5b8fb6749577" />
      <TestMethod codeBase="E:/Scott's Stuff/School Work/Geneva College/8 2012 Spring/CSC 452/RSAClasses/TestRSA/bin/Debug/TestRSA.DLL" adapterTypeName="Microsoft.VisualStudio.TestTools.TestTypes.Unit.UnitTestAdapter, Microsoft.VisualStudio.QualityTools.Tips.UnitTest.Adapter, Version=10.0.0.0, Culture=neutral, PublicKeyToken=b03f5f7f11d50a3a" className="TestRSA.RSATest, TestRSA, Version=1.0.0.0, Culture=neutral, PublicKeyToken=null" name="publicKeyTest" />
    </UnitTest>
    <UnitTest name="RSAConstructorTest" storage="e:\scott's stuff\school work\geneva college\8 2012 spring\csc 452\rsaclasses\testrsa\bin\debug\testrsa.dll" id="fdf5766e-3956-7562-7b72-16531bffbb9a">
      <Execution id="12175579-91d4-4448-b582-61c11bda664b" />
      <TestMethod codeBase="E:/Scott's Stuff/School Work/Geneva College/8 2012 Spring/CSC 452/RSAClasses/TestRSA/bin/Debug/TestRSA.DLL" adapterTypeName="Microsoft.VisualStudio.TestTools.TestTypes.Unit.UnitTestAdapter, Microsoft.VisualStudio.QualityTools.Tips.UnitTest.Adapter, Version=10.0.0.0, Culture=neutral, PublicKeyToken=b03f5f7f11d50a3a" className="TestRSA.RSATest, TestRSA, Version=1.0.0.0, Culture=neutral, PublicKeyToken=null" name="RSAConstructorTest" />
    </UnitTest>
    <UnitTest name="privateKeyTest" storage="e:\scott's stuff\school work\geneva college\8 2012 spring\csc 452\rsaclasses\testrsa\bin\debug\testrsa.dll" id="b2ec1216-f569-6609-ecc1-724a8e5fe5ac">
      <Execution id="b0fd2837-98b5-4b4e-87e9-7ee21fedf3a3" />
      <TestMethod codeBase="E:/Scott's Stuff/School Work/Geneva College/8 2012 Spring/CSC 452/RSAClasses/TestRSA/bin/Debug/TestRSA.DLL" adapterTypeName="Microsoft.VisualStudio.TestTools.TestTypes.Unit.UnitTestAdapter, Microsoft.VisualStudio.QualityTools.Tips.UnitTest.Adapter, Version=10.0.0.0, Culture=neutral, PublicKeyToken=b03f5f7f11d50a3a" className="TestRSA.RSATest, TestRSA, Version=1.0.0.0, Culture=neutral, PublicKeyToken=null" name="privateKeyTest" />
    </UnitTest>
    <UnitTest name="gcdTest" storage="e:\scott's stuff\school work\geneva college\8 2012 spring\csc 452\rsaclasses\testrsa\bin\debug\testrsa.dll" id="e0437eed-f780-57e1-2179-2bf21a3ec276">
      <DeploymentItems>
        <DeploymentItem filename="RSAClasses.dll" />
      </DeploymentItems>
      <Execution id="050e1393-dcd4-47a7-955f-5709184c4293" />
      <TestMethod codeBase="E:/Scott's Stuff/School Work/Geneva College/8 2012 Spring/CSC 452/RSAClasses/TestRSA/bin/Debug/TestRSA.DLL" adapterTypeName="Microsoft.VisualStudio.TestTools.TestTypes.Unit.UnitTestAdapter, Microsoft.VisualStudio.QualityTools.Tips.UnitTest.Adapter, Version=10.0.0.0, Culture=neutral, PublicKeyToken=b03f5f7f11d50a3a" className="TestRSA.RSATest, TestRSA, Version=1.0.0.0, Culture=neutral, PublicKeyToken=null" name="gcdTest" />
    </UnitTest>
    <UnitTest name="newPrimesTest" storage="e:\scott's stuff\school work\geneva college\8 2012 spring\csc 452\rsaclasses\testrsa\bin\debug\testrsa.dll" id="563fe02d-d9e5-5b28-8667-b08bfc4a9432">
      <Execution id="61a70f46-5f3b-4742-8999-3bfe0e4c40a2" />
      <TestMethod codeBase="E:/Scott's Stuff/School Work/Geneva College/8 2012 Spring/CSC 452/RSAClasses/TestRSA/bin/Debug/TestRSA.DLL" adapterTypeName="Microsoft.VisualStudio.TestTools.TestTypes.Unit.UnitTestAdapter, Microsoft.VisualStudio.QualityTools.Tips.UnitTest.Adapter, Version=10.0.0.0, Culture=neutral, PublicKeyToken=b03f5f7f11d50a3a" className="TestRSA.RSATest, TestRSA, Version=1.0.0.0, Culture=neutral, PublicKeyToken=null" name="newPrimesTest" />
    </UnitTest>
  </TestDefinitions>
  <TestLists>
    <TestList name="Results Not in a List" id="8c84fa94-04c1-424b-9868-57a2d4851a1d" />
    <TestList name="All Loaded Results" id="19431567-8539-422a-85d7-44ee4e166bda" />
  </TestLists>
  <TestEntries>
    <TestEntry testId="563fe02d-d9e5-5b28-8667-b08bfc4a9432" executionId="61a70f46-5f3b-4742-8999-3bfe0e4c40a2" testListId="8c84fa94-04c1-424b-9868-57a2d4851a1d" />
    <TestEntry testId="71a20605-9b99-0bd1-0d12-ebf6f2d94e41" executionId="293316a7-eb3e-4921-b11e-5b8fb6749577" testListId="8c84fa94-04c1-424b-9868-57a2d4851a1d" />
    <TestEntry testId="b2ec1216-f569-6609-ecc1-724a8e5fe5ac" executionId="b0fd2837-98b5-4b4e-87e9-7ee21fedf3a3" testListId="8c84fa94-04c1-424b-9868-57a2d4851a1d" />
    <TestEntry testId="e0437eed-f780-57e1-2179-2bf21a3ec276" executionId="050e1393-dcd4-47a7-955f-5709184c4293" testListId="8c84fa94-04c1-424b-9868-57a2d4851a1d" />
    <TestEntry testId="fdf5766e-3956-7562-7b72-16531bffbb9a" executionId="12175579-91d4-4448-b582-61c11bda664b" testListId="8c84fa94-04c1-424b-9868-57a2d4851a1d" />
  </TestEntries>
  <Results>
    <UnitTestResult executionId="61a70f46-5f3b-4742-8999-3bfe0e4c40a2" testId="563fe02d-d9e5-5b28-8667-b08bfc4a9432" testName="newPrimesTest" computerName="SDABROSKI" duration="00:00:00.0197539" startTime="2012-04-14T22:37:25.4757330-04:00" endTime="2012-04-14T22:37:25.8594975-04:00" testType="13cdc9d9-ddb5-4fa4-a97d-d965ccfc6d4b" outcome="Passed" testListId="8c84fa94-04c1-424b-9868-57a2d4851a1d" relativeResultsDirectory="61a70f46-5f3b-4742-8999-3bfe0e4c40a2">
    </UnitTestResult>
    <UnitTestResult executionId="293316a7-eb3e-4921-b11e-5b8fb6749577" testId="71a20605-9b99-0bd1-0d12-ebf6f2d94e41" testName="publicKeyTest" computerName="SDABROSKI" duration="00:00:00.0005953" startTime="2012-04-14T22:37:25.8653565-04:00" endTime="2012-04-14T22:37:25.8712155-04:00" testType="13cdc9d9-ddb5-4fa4-a97d-d965ccfc6d4b" outcome="Passed" testListId="8c84fa94-04c1-424b-9868-57a2d4851a1d" relativeResultsDirectory="293316a7-eb3e-4921-b11e-5b8fb6749577">
    </UnitTestResult>
    <UnitTestResult executionId="b0fd2837-98b5-4b4e-87e9-7ee21fedf3a3" testId="b2ec1216-f569-6609-ecc1-724a8e5fe5ac" testName="privateKeyTest" computerName="SDABROSKI" duration="00:00:00.0007266" startTime="2012-04-14T22:37:25.8741450-04:00" endTime="2012-04-14T22:37:25.8790275-04:00" testType="13cdc9d9-ddb5-4fa4-a97d-d965ccfc6d4b" outcome="Passed" testListId="8c84fa94-04c1-424b-9868-57a2d4851a1d" relativeResultsDirectory="b0fd2837-98b5-4b4e-87e9-7ee21fedf3a3">
    </UnitTestResult>
    <UnitTestResult executionId="050e1393-dcd4-47a7-955f-5709184c4293" testId="e0437eed-f780-57e1-2179-2bf21a3ec276" testName="gcdTest" computerName="SDABROSKI" duration="00:00:00.0002930" startTime="2012-04-14T22:37:25.8800040-04:00" endTime="2012-04-14T22:37:25.8887925-04:00" testType="13cdc9d9-ddb5-4fa4-a97d-d965ccfc6d4b" outcome="Passed" testListId="8c84fa94-04c1-424b-9868-57a2d4851a1d" relativeResultsDirectory="050e1393-dcd4-47a7-955f-5709184c4293">
    </UnitTestResult>
    <UnitTestResult executionId="12175579-91d4-4448-b582-61c11bda664b" testId="fdf5766e-3956-7562-7b72-16531bffbb9a" testName="RSAConstructorTest" computerName="SDABROSKI" duration="00:00:00.0002352" startTime="2012-04-14T22:37:25.8907455-04:00" endTime="2012-04-14T22:37:25.8966045-04:00" testType="13cdc9d9-ddb5-4fa4-a97d-d965ccfc6d4b" outcome="Passed" testListId="8c84fa94-04c1-424b-9868-57a2d4851a1d" relativeResultsDirectory="12175579-91d4-4448-b582-61c11bda664b">
    </UnitTestResult>
  </Results>
</TestRun>