<?xml version="1.0" encoding="UTF-8"?>
<TestRun id="c211ab86-9316-42c6-a243-f4d8f91414db" name="Scott@SDABROSKI 2012-04-25 09:40:21" runUser="SDABROSKI\Scott" xmlns="http://microsoft.com/schemas/VisualStudio/TeamTest/2010">
  <TestSettings name="Local" id="c39100f7-7fdf-4760-8e72-70b98aab7b63">
    <Description>These are default test settings for a local test run.</Description>
    <Deployment enabled="false" runDeploymentRoot="Scott_SDABROSKI 2012-04-25 09_40_21">
      <DeploymentItem filename="E:\Scott's Stuff\School Work\Geneva College\8 2012 Spring\CSC 452\RSAClasses\RSAClasses\bin\Debug\RSAClasses.dll" />
    </Deployment>
    <Execution>
      <TestTypeSpecific />
      <AgentRule name="Execution Agents">
      </AgentRule>
    </Execution>
  </TestSettings>
  <Times creation="2012-04-25T09:40:21.0190435-04:00" queuing="2012-04-25T09:40:21.0883750-04:00" start="2012-04-25T09:40:21.1069285-04:00" finish="2012-04-25T09:41:17.1541225-04:00" />
  <ResultSummary outcome="Completed">
    <Counters total="18" executed="18" passed="18" error="0" failed="0" timeout="0" aborted="0" inconclusive="0" passedButRunAborted="0" notRunnable="0" notExecuted="0" disconnected="0" warning="0" completed="0" inProgress="0" pending="0" />
  </ResultSummary>
  <TestDefinitions>
    <UnitTest name="getPublicKeyTest" storage="e:\scott's stuff\school work\geneva college\8 2012 spring\csc 452\rsaclasses\testrsa\bin\debug\testrsa.dll" id="5ccda0e6-cb57-22aa-a61a-d5d7db017a1e">
      <Execution id="f48aedd7-7786-4f7c-b899-c4eca0a5d20a" />
      <TestMethod codeBase="E:/Scott's Stuff/School Work/Geneva College/8 2012 Spring/CSC 452/RSAClasses/TestRSA/bin/Debug/TestRSA.DLL" adapterTypeName="Microsoft.VisualStudio.TestTools.TestTypes.Unit.UnitTestAdapter, Microsoft.VisualStudio.QualityTools.Tips.UnitTest.Adapter, Version=10.0.0.0, Culture=neutral, PublicKeyToken=b03f5f7f11d50a3a" className="TestRSA.RSATest, TestRSA, Version=1.0.0.0, Culture=neutral, PublicKeyToken=null" name="getPublicKeyTest" />
    </UnitTest>
    <UnitTest name="ulongToBlockTest" storage="e:\scott's stuff\school work\geneva college\8 2012 spring\csc 452\rsaclasses\testrsa\bin\debug\testrsa.dll" id="e31daab1-e762-4c09-cb80-8ce5d2f94775">
      <DeploymentItems>
        <DeploymentItem filename="RSAClasses.dll" />
      </DeploymentItems>
      <Execution id="2c7b62fa-0c57-4960-ada0-243def89c72e" />
      <TestMethod codeBase="E:/Scott's Stuff/School Work/Geneva College/8 2012 Spring/CSC 452/RSAClasses/TestRSA/bin/Debug/TestRSA.DLL" adapterTypeName="Microsoft.VisualStudio.TestTools.TestTypes.Unit.UnitTestAdapter, Microsoft.VisualStudio.QualityTools.Tips.UnitTest.Adapter, Version=10.0.0.0, Culture=neutral, PublicKeyToken=b03f5f7f11d50a3a" className="TestRSA.RSATest, TestRSA, Version=1.0.0.0, Culture=neutral, PublicKeyToken=null" name="ulongToBlockTest" />
    </UnitTest>
    <UnitTest name="RSAConstructorTest" storage="e:\scott's stuff\school work\geneva college\8 2012 spring\csc 452\rsaclasses\testrsa\bin\debug\testrsa.dll" id="fdf5766e-3956-7562-7b72-16531bffbb9a">
      <Execution id="7cc0147a-feba-479e-a8bc-439c70362ca1" />
      <TestMethod codeBase="E:/Scott's Stuff/School Work/Geneva College/8 2012 Spring/CSC 452/RSAClasses/TestRSA/bin/Debug/TestRSA.DLL" adapterTypeName="Microsoft.VisualStudio.TestTools.TestTypes.Unit.UnitTestAdapter, Microsoft.VisualStudio.QualityTools.Tips.UnitTest.Adapter, Version=10.0.0.0, Culture=neutral, PublicKeyToken=b03f5f7f11d50a3a" className="TestRSA.RSATest, TestRSA, Version=1.0.0.0, Culture=neutral, PublicKeyToken=null" name="RSAConstructorTest" />
    </UnitTest>
    <UnitTest name="getPrivateKeyTest" storage="e:\scott's stuff\school work\geneva college\8 2012 spring\csc 452\rsaclasses\testrsa\bin\debug\testrsa.dll" id="748a8f2e-d148-697d-60d1-f99da6697e3a">
      <Execution id="44e3d694-b6be-4dd9-bbe0-4af2f6fd97cd" />
      <TestMethod codeBase="E:/Scott's Stuff/School Work/Geneva College/8 2012 Spring/CSC 452/RSAClasses/TestRSA/bin/Debug/TestRSA.DLL" adapterTypeName="Microsoft.VisualStudio.TestTools.TestTypes.Unit.UnitTestAdapter, Microsoft.VisualStudio.QualityTools.Tips.UnitTest.Adapter, Version=10.0.0.0, Culture=neutral, PublicKeyToken=b03f5f7f11d50a3a" className="TestRSA.RSATest, TestRSA, Version=1.0.0.0, Culture=neutral, PublicKeyToken=null" name="getPrivateKeyTest" />
    </UnitTest>
    <UnitTest name="decryptUlongTest" storage="e:\scott's stuff\school work\geneva college\8 2012 spring\csc 452\rsaclasses\testrsa\bin\debug\testrsa.dll" id="72c2e1ea-f683-de09-46c7-13a8b5647aa6">
      <DeploymentItems>
        <DeploymentItem filename="RSAClasses.dll" />
      </DeploymentItems>
      <Execution id="3af66f41-2aa8-4d9a-b4fd-25ca7d63ea88" />
      <TestMethod codeBase="E:/Scott's Stuff/School Work/Geneva College/8 2012 Spring/CSC 452/RSAClasses/TestRSA/bin/Debug/TestRSA.DLL" adapterTypeName="Microsoft.VisualStudio.TestTools.TestTypes.Unit.UnitTestAdapter, Microsoft.VisualStudio.QualityTools.Tips.UnitTest.Adapter, Version=10.0.0.0, Culture=neutral, PublicKeyToken=b03f5f7f11d50a3a" className="TestRSA.RSATest, TestRSA, Version=1.0.0.0, Culture=neutral, PublicKeyToken=null" name="decryptUlongTest" />
    </UnitTest>
    <UnitTest name="ulongToBlockConsistencyTest" storage="e:\scott's stuff\school work\geneva college\8 2012 spring\csc 452\rsaclasses\testrsa\bin\debug\testrsa.dll" id="87c7c7ef-baec-8a96-99e0-019a01fa5242">
      <DeploymentItems>
        <DeploymentItem filename="RSAClasses.dll" />
      </DeploymentItems>
      <Execution id="1eb28b04-0269-487b-a875-63e4bafaa33e" />
      <TestMethod codeBase="E:/Scott's Stuff/School Work/Geneva College/8 2012 Spring/CSC 452/RSAClasses/TestRSA/bin/Debug/TestRSA.DLL" adapterTypeName="Microsoft.VisualStudio.TestTools.TestTypes.Unit.UnitTestAdapter, Microsoft.VisualStudio.QualityTools.Tips.UnitTest.Adapter, Version=10.0.0.0, Culture=neutral, PublicKeyToken=b03f5f7f11d50a3a" className="TestRSA.RSATest, TestRSA, Version=1.0.0.0, Culture=neutral, PublicKeyToken=null" name="ulongToBlockConsistencyTest" />
    </UnitTest>
    <UnitTest name="gcdTest" storage="e:\scott's stuff\school work\geneva college\8 2012 spring\csc 452\rsaclasses\testrsa\bin\debug\testrsa.dll" id="e0437eed-f780-57e1-2179-2bf21a3ec276">
      <DeploymentItems>
        <DeploymentItem filename="RSAClasses.dll" />
      </DeploymentItems>
      <Execution id="801bbb2e-c9ab-4265-9fb1-fa5b7fa1bca8" />
      <TestMethod codeBase="E:/Scott's Stuff/School Work/Geneva College/8 2012 Spring/CSC 452/RSAClasses/TestRSA/bin/Debug/TestRSA.DLL" adapterTypeName="Microsoft.VisualStudio.TestTools.TestTypes.Unit.UnitTestAdapter, Microsoft.VisualStudio.QualityTools.Tips.UnitTest.Adapter, Version=10.0.0.0, Culture=neutral, PublicKeyToken=b03f5f7f11d50a3a" className="TestRSA.RSATest, TestRSA, Version=1.0.0.0, Culture=neutral, PublicKeyToken=null" name="gcdTest" />
    </UnitTest>
    <UnitTest name="ulongEncryptionConsistencyTest" storage="e:\scott's stuff\school work\geneva college\8 2012 spring\csc 452\rsaclasses\testrsa\bin\debug\testrsa.dll" id="2d369b67-841e-9a52-f611-3d45bcd43df4">
      <DeploymentItems>
        <DeploymentItem filename="RSAClasses.dll" />
      </DeploymentItems>
      <Execution id="5207fff6-e961-4d5d-84ab-4fda6fe33813" />
      <TestMethod codeBase="E:/Scott's Stuff/School Work/Geneva College/8 2012 Spring/CSC 452/RSAClasses/TestRSA/bin/Debug/TestRSA.DLL" adapterTypeName="Microsoft.VisualStudio.TestTools.TestTypes.Unit.UnitTestAdapter, Microsoft.VisualStudio.QualityTools.Tips.UnitTest.Adapter, Version=10.0.0.0, Culture=neutral, PublicKeyToken=b03f5f7f11d50a3a" className="TestRSA.RSATest, TestRSA, Version=1.0.0.0, Culture=neutral, PublicKeyToken=null" name="ulongEncryptionConsistencyTest" />
    </UnitTest>
    <UnitTest name="setPrivateKeyTest" storage="e:\scott's stuff\school work\geneva college\8 2012 spring\csc 452\rsaclasses\testrsa\bin\debug\testrsa.dll" id="b8981d34-8594-77fc-1933-bc5fd03a5815">
      <Execution id="7afa6e99-1b5f-44e0-88c1-cb57ada2e181" />
      <TestMethod codeBase="E:/Scott's Stuff/School Work/Geneva College/8 2012 Spring/CSC 452/RSAClasses/TestRSA/bin/Debug/TestRSA.DLL" adapterTypeName="Microsoft.VisualStudio.TestTools.TestTypes.Unit.UnitTestAdapter, Microsoft.VisualStudio.QualityTools.Tips.UnitTest.Adapter, Version=10.0.0.0, Culture=neutral, PublicKeyToken=b03f5f7f11d50a3a" className="TestRSA.RSATest, TestRSA, Version=1.0.0.0, Culture=neutral, PublicKeyToken=null" name="setPrivateKeyTest" />
    </UnitTest>
    <UnitTest name="encryptionConsistencyTest" storage="e:\scott's stuff\school work\geneva college\8 2012 spring\csc 452\rsaclasses\testrsa\bin\debug\testrsa.dll" id="816cc9f4-a77b-7e69-7744-1c1759fa27d1">
      <Execution id="cb85a25f-6299-4981-8916-7140e87131f1" />
      <TestMethod codeBase="E:/Scott's Stuff/School Work/Geneva College/8 2012 Spring/CSC 452/RSAClasses/TestRSA/bin/Debug/TestRSA.DLL" adapterTypeName="Microsoft.VisualStudio.TestTools.TestTypes.Unit.UnitTestAdapter, Microsoft.VisualStudio.QualityTools.Tips.UnitTest.Adapter, Version=10.0.0.0, Culture=neutral, PublicKeyToken=b03f5f7f11d50a3a" className="TestRSA.RSATest, TestRSA, Version=1.0.0.0, Culture=neutral, PublicKeyToken=null" name="encryptionConsistencyTest" />
    </UnitTest>
    <UnitTest name="setPublicKeyTest" storage="e:\scott's stuff\school work\geneva college\8 2012 spring\csc 452\rsaclasses\testrsa\bin\debug\testrsa.dll" id="1a820d2b-c66b-f40e-f5b9-4ced96d3432d">
      <Execution id="d7a07c80-bd94-4f94-aa50-dc7e65c485fc" />
      <TestMethod codeBase="E:/Scott's Stuff/School Work/Geneva College/8 2012 Spring/CSC 452/RSAClasses/TestRSA/bin/Debug/TestRSA.DLL" adapterTypeName="Microsoft.VisualStudio.TestTools.TestTypes.Unit.UnitTestAdapter, Microsoft.VisualStudio.QualityTools.Tips.UnitTest.Adapter, Version=10.0.0.0, Culture=neutral, PublicKeyToken=b03f5f7f11d50a3a" className="TestRSA.RSATest, TestRSA, Version=1.0.0.0, Culture=neutral, PublicKeyToken=null" name="setPublicKeyTest" />
    </UnitTest>
    <UnitTest name="blockToUlongTest" storage="e:\scott's stuff\school work\geneva college\8 2012 spring\csc 452\rsaclasses\testrsa\bin\debug\testrsa.dll" id="539c9340-a804-7a42-311f-6a1a6a1665fa">
      <DeploymentItems>
        <DeploymentItem filename="RSAClasses.dll" />
      </DeploymentItems>
      <Execution id="bc9eb66d-93a7-4301-89c0-bf2a39a2f3fa" />
      <TestMethod codeBase="E:/Scott's Stuff/School Work/Geneva College/8 2012 Spring/CSC 452/RSAClasses/TestRSA/bin/Debug/TestRSA.DLL" adapterTypeName="Microsoft.VisualStudio.TestTools.TestTypes.Unit.UnitTestAdapter, Microsoft.VisualStudio.QualityTools.Tips.UnitTest.Adapter, Version=10.0.0.0, Culture=neutral, PublicKeyToken=b03f5f7f11d50a3a" className="TestRSA.RSATest, TestRSA, Version=1.0.0.0, Culture=neutral, PublicKeyToken=null" name="blockToUlongTest" />
    </UnitTest>
    <UnitTest name="extendedGcdTest" storage="e:\scott's stuff\school work\geneva college\8 2012 spring\csc 452\rsaclasses\testrsa\bin\debug\testrsa.dll" id="1b69a5d3-4699-e5d4-4a1a-af8bb1ed965f">
      <DeploymentItems>
        <DeploymentItem filename="RSAClasses.dll" />
      </DeploymentItems>
      <Execution id="c855b21e-2a04-4a86-b604-28df7ec336a7" />
      <TestMethod codeBase="E:/Scott's Stuff/School Work/Geneva College/8 2012 Spring/CSC 452/RSAClasses/TestRSA/bin/Debug/TestRSA.DLL" adapterTypeName="Microsoft.VisualStudio.TestTools.TestTypes.Unit.UnitTestAdapter, Microsoft.VisualStudio.QualityTools.Tips.UnitTest.Adapter, Version=10.0.0.0, Culture=neutral, PublicKeyToken=b03f5f7f11d50a3a" className="TestRSA.RSATest, TestRSA, Version=1.0.0.0, Culture=neutral, PublicKeyToken=null" name="extendedGcdTest" />
    </UnitTest>
    <UnitTest name="encryptUlongTest" storage="e:\scott's stuff\school work\geneva college\8 2012 spring\csc 452\rsaclasses\testrsa\bin\debug\testrsa.dll" id="373184ad-e3ae-87ac-0f61-930171229dad">
      <DeploymentItems>
        <DeploymentItem filename="RSAClasses.dll" />
      </DeploymentItems>
      <Execution id="f36584b3-b6bf-4204-83b8-c98cd5b233fc" />
      <TestMethod codeBase="E:/Scott's Stuff/School Work/Geneva College/8 2012 Spring/CSC 452/RSAClasses/TestRSA/bin/Debug/TestRSA.DLL" adapterTypeName="Microsoft.VisualStudio.TestTools.TestTypes.Unit.UnitTestAdapter, Microsoft.VisualStudio.QualityTools.Tips.UnitTest.Adapter, Version=10.0.0.0, Culture=neutral, PublicKeyToken=b03f5f7f11d50a3a" className="TestRSA.RSATest, TestRSA, Version=1.0.0.0, Culture=neutral, PublicKeyToken=null" name="encryptUlongTest" />
    </UnitTest>
    <UnitTest name="encryptTest" storage="e:\scott's stuff\school work\geneva college\8 2012 spring\csc 452\rsaclasses\testrsa\bin\debug\testrsa.dll" id="37d38e0f-a0a3-f805-960b-b79c907db2d1">
      <Execution id="fd1a151d-30f0-4e42-a203-4ab734485e60" />
      <TestMethod codeBase="E:/Scott's Stuff/School Work/Geneva College/8 2012 Spring/CSC 452/RSAClasses/TestRSA/bin/Debug/TestRSA.DLL" adapterTypeName="Microsoft.VisualStudio.TestTools.TestTypes.Unit.UnitTestAdapter, Microsoft.VisualStudio.QualityTools.Tips.UnitTest.Adapter, Version=10.0.0.0, Culture=neutral, PublicKeyToken=b03f5f7f11d50a3a" className="TestRSA.RSATest, TestRSA, Version=1.0.0.0, Culture=neutral, PublicKeyToken=null" name="encryptTest" />
    </UnitTest>
    <UnitTest name="decryptTest" storage="e:\scott's stuff\school work\geneva college\8 2012 spring\csc 452\rsaclasses\testrsa\bin\debug\testrsa.dll" id="87ef48b7-e5f8-5712-9b96-8e42cc8290ed">
      <Execution id="d3435a1b-f951-4a62-b63e-708b70d323a6" />
      <TestMethod codeBase="E:/Scott's Stuff/School Work/Geneva College/8 2012 Spring/CSC 452/RSAClasses/TestRSA/bin/Debug/TestRSA.DLL" adapterTypeName="Microsoft.VisualStudio.TestTools.TestTypes.Unit.UnitTestAdapter, Microsoft.VisualStudio.QualityTools.Tips.UnitTest.Adapter, Version=10.0.0.0, Culture=neutral, PublicKeyToken=b03f5f7f11d50a3a" className="TestRSA.RSATest, TestRSA, Version=1.0.0.0, Culture=neutral, PublicKeyToken=null" name="decryptTest" />
    </UnitTest>
    <UnitTest name="randomInfoTest" storage="e:\scott's stuff\school work\geneva college\8 2012 spring\csc 452\rsaclasses\testrsa\bin\debug\testrsa.dll" id="997eb596-6b75-0302-a03f-dec5e11e3e34">
      <Execution id="ecb4b661-5dd3-4057-82dd-b299e53f462b" />
      <TestMethod codeBase="E:/Scott's Stuff/School Work/Geneva College/8 2012 Spring/CSC 452/RSAClasses/TestRSA/bin/Debug/TestRSA.DLL" adapterTypeName="Microsoft.VisualStudio.TestTools.TestTypes.Unit.UnitTestAdapter, Microsoft.VisualStudio.QualityTools.Tips.UnitTest.Adapter, Version=10.0.0.0, Culture=neutral, PublicKeyToken=b03f5f7f11d50a3a" className="TestRSA.RSATest, TestRSA, Version=1.0.0.0, Culture=neutral, PublicKeyToken=null" name="randomInfoTest" />
    </UnitTest>
    <UnitTest name="recalculateKeysTest" storage="e:\scott's stuff\school work\geneva college\8 2012 spring\csc 452\rsaclasses\testrsa\bin\debug\testrsa.dll" id="38ddcbdc-90ef-2951-c548-802e8fc5794a">
      <Execution id="9834e93b-3545-4276-bde4-878dbf53ba57" />
      <TestMethod codeBase="E:/Scott's Stuff/School Work/Geneva College/8 2012 Spring/CSC 452/RSAClasses/TestRSA/bin/Debug/TestRSA.DLL" adapterTypeName="Microsoft.VisualStudio.TestTools.TestTypes.Unit.UnitTestAdapter, Microsoft.VisualStudio.QualityTools.Tips.UnitTest.Adapter, Version=10.0.0.0, Culture=neutral, PublicKeyToken=b03f5f7f11d50a3a" className="TestRSA.RSATest, TestRSA, Version=1.0.0.0, Culture=neutral, PublicKeyToken=null" name="recalculateKeysTest" />
    </UnitTest>
  </TestDefinitions>
  <TestLists>
    <TestList name="Results Not in a List" id="8c84fa94-04c1-424b-9868-57a2d4851a1d" />
    <TestList name="All Loaded Results" id="19431567-8539-422a-85d7-44ee4e166bda" />
  </TestLists>
  <TestEntries>
    <TestEntry testId="1a820d2b-c66b-f40e-f5b9-4ced96d3432d" executionId="d7a07c80-bd94-4f94-aa50-dc7e65c485fc" testListId="8c84fa94-04c1-424b-9868-57a2d4851a1d" />
    <TestEntry testId="1b69a5d3-4699-e5d4-4a1a-af8bb1ed965f" executionId="c855b21e-2a04-4a86-b604-28df7ec336a7" testListId="8c84fa94-04c1-424b-9868-57a2d4851a1d" />
    <TestEntry testId="2d369b67-841e-9a52-f611-3d45bcd43df4" executionId="5207fff6-e961-4d5d-84ab-4fda6fe33813" testListId="8c84fa94-04c1-424b-9868-57a2d4851a1d" />
    <TestEntry testId="373184ad-e3ae-87ac-0f61-930171229dad" executionId="f36584b3-b6bf-4204-83b8-c98cd5b233fc" testListId="8c84fa94-04c1-424b-9868-57a2d4851a1d" />
    <TestEntry testId="37d38e0f-a0a3-f805-960b-b79c907db2d1" executionId="fd1a151d-30f0-4e42-a203-4ab734485e60" testListId="8c84fa94-04c1-424b-9868-57a2d4851a1d" />
    <TestEntry testId="38ddcbdc-90ef-2951-c548-802e8fc5794a" executionId="9834e93b-3545-4276-bde4-878dbf53ba57" testListId="8c84fa94-04c1-424b-9868-57a2d4851a1d" />
    <TestEntry testId="539c9340-a804-7a42-311f-6a1a6a1665fa" executionId="bc9eb66d-93a7-4301-89c0-bf2a39a2f3fa" testListId="8c84fa94-04c1-424b-9868-57a2d4851a1d" />
    <TestEntry testId="5ccda0e6-cb57-22aa-a61a-d5d7db017a1e" executionId="f48aedd7-7786-4f7c-b899-c4eca0a5d20a" testListId="8c84fa94-04c1-424b-9868-57a2d4851a1d" />
    <TestEntry testId="72c2e1ea-f683-de09-46c7-13a8b5647aa6" executionId="3af66f41-2aa8-4d9a-b4fd-25ca7d63ea88" testListId="8c84fa94-04c1-424b-9868-57a2d4851a1d" />
    <TestEntry testId="748a8f2e-d148-697d-60d1-f99da6697e3a" executionId="44e3d694-b6be-4dd9-bbe0-4af2f6fd97cd" testListId="8c84fa94-04c1-424b-9868-57a2d4851a1d" />
    <TestEntry testId="816cc9f4-a77b-7e69-7744-1c1759fa27d1" executionId="cb85a25f-6299-4981-8916-7140e87131f1" testListId="8c84fa94-04c1-424b-9868-57a2d4851a1d" />
    <TestEntry testId="87c7c7ef-baec-8a96-99e0-019a01fa5242" executionId="1eb28b04-0269-487b-a875-63e4bafaa33e" testListId="8c84fa94-04c1-424b-9868-57a2d4851a1d" />
    <TestEntry testId="87ef48b7-e5f8-5712-9b96-8e42cc8290ed" executionId="d3435a1b-f951-4a62-b63e-708b70d323a6" testListId="8c84fa94-04c1-424b-9868-57a2d4851a1d" />
    <TestEntry testId="997eb596-6b75-0302-a03f-dec5e11e3e34" executionId="ecb4b661-5dd3-4057-82dd-b299e53f462b" testListId="8c84fa94-04c1-424b-9868-57a2d4851a1d" />
    <TestEntry testId="b8981d34-8594-77fc-1933-bc5fd03a5815" executionId="7afa6e99-1b5f-44e0-88c1-cb57ada2e181" testListId="8c84fa94-04c1-424b-9868-57a2d4851a1d" />
    <TestEntry testId="e0437eed-f780-57e1-2179-2bf21a3ec276" executionId="801bbb2e-c9ab-4265-9fb1-fa5b7fa1bca8" testListId="8c84fa94-04c1-424b-9868-57a2d4851a1d" />
    <TestEntry testId="e31daab1-e762-4c09-cb80-8ce5d2f94775" executionId="2c7b62fa-0c57-4960-ada0-243def89c72e" testListId="8c84fa94-04c1-424b-9868-57a2d4851a1d" />
    <TestEntry testId="fdf5766e-3956-7562-7b72-16531bffbb9a" executionId="7cc0147a-feba-479e-a8bc-439c70362ca1" testListId="8c84fa94-04c1-424b-9868-57a2d4851a1d" />
  </TestEntries>
  <Results>
    <UnitTestResult executionId="d7a07c80-bd94-4f94-aa50-dc7e65c485fc" testId="1a820d2b-c66b-f40e-f5b9-4ced96d3432d" testName="setPublicKeyTest" computerName="SDABROSKI" duration="00:00:00.0214639" startTime="2012-04-25T09:40:21.1196230-04:00" endTime="2012-04-25T09:40:21.4760455-04:00" testType="13cdc9d9-ddb5-4fa4-a97d-d965ccfc6d4b" outcome="Passed" testListId="8c84fa94-04c1-424b-9868-57a2d4851a1d" relativeResultsDirectory="d7a07c80-bd94-4f94-aa50-dc7e65c485fc">
    </UnitTestResult>
    <UnitTestResult executionId="c855b21e-2a04-4a86-b604-28df7ec336a7" testId="1b69a5d3-4699-e5d4-4a1a-af8bb1ed965f" testName="extendedGcdTest" computerName="SDABROSKI" duration="00:00:00.0003268" startTime="2012-04-25T09:40:21.4809280-04:00" endTime="2012-04-25T09:40:21.4877635-04:00" testType="13cdc9d9-ddb5-4fa4-a97d-d965ccfc6d4b" outcome="Passed" testListId="8c84fa94-04c1-424b-9868-57a2d4851a1d" relativeResultsDirectory="c855b21e-2a04-4a86-b604-28df7ec336a7">
    </UnitTestResult>
    <UnitTestResult executionId="5207fff6-e961-4d5d-84ab-4fda6fe33813" testId="2d369b67-841e-9a52-f611-3d45bcd43df4" testName="ulongEncryptionConsistencyTest" computerName="SDABROSKI" duration="00:00:00.0009051" startTime="2012-04-25T09:40:21.4916695-04:00" endTime="2012-04-25T09:40:21.5014345-04:00" testType="13cdc9d9-ddb5-4fa4-a97d-d965ccfc6d4b" outcome="Passed" testListId="8c84fa94-04c1-424b-9868-57a2d4851a1d" relativeResultsDirectory="5207fff6-e961-4d5d-84ab-4fda6fe33813">
    </UnitTestResult>
    <UnitTestResult executionId="f36584b3-b6bf-4204-83b8-c98cd5b233fc" testId="373184ad-e3ae-87ac-0f61-930171229dad" testName="encryptUlongTest" computerName="SDABROSKI" duration="00:00:00.0002871" startTime="2012-04-25T09:40:21.5033875-04:00" endTime="2012-04-25T09:40:21.5209645-04:00" testType="13cdc9d9-ddb5-4fa4-a97d-d965ccfc6d4b" outcome="Passed" testListId="8c84fa94-04c1-424b-9868-57a2d4851a1d" relativeResultsDirectory="f36584b3-b6bf-4204-83b8-c98cd5b233fc">
    </UnitTestResult>
    <UnitTestResult executionId="fd1a151d-30f0-4e42-a203-4ab734485e60" testId="37d38e0f-a0a3-f805-960b-b79c907db2d1" testName="encryptTest" computerName="SDABROSKI" duration="00:00:00.0018818" startTime="2012-04-25T09:40:21.5258470-04:00" endTime="2012-04-25T09:40:21.5356120-04:00" testType="13cdc9d9-ddb5-4fa4-a97d-d965ccfc6d4b" outcome="Passed" testListId="8c84fa94-04c1-424b-9868-57a2d4851a1d" relativeResultsDirectory="fd1a151d-30f0-4e42-a203-4ab734485e60">
    </UnitTestResult>
    <UnitTestResult executionId="9834e93b-3545-4276-bde4-878dbf53ba57" testId="38ddcbdc-90ef-2951-c548-802e8fc5794a" testName="recalculateKeysTest" computerName="SDABROSKI" duration="00:00:00.0002550" startTime="2012-04-25T09:40:21.5492830-04:00" endTime="2012-04-25T09:40:21.5658835-04:00" testType="13cdc9d9-ddb5-4fa4-a97d-d965ccfc6d4b" outcome="Passed" testListId="8c84fa94-04c1-424b-9868-57a2d4851a1d" relativeResultsDirectory="9834e93b-3545-4276-bde4-878dbf53ba57">
    </UnitTestResult>
    <UnitTestResult executionId="bc9eb66d-93a7-4301-89c0-bf2a39a2f3fa" testId="539c9340-a804-7a42-311f-6a1a6a1665fa" testName="blockToUlongTest" computerName="SDABROSKI" duration="00:00:00.0011881" startTime="2012-04-25T09:40:21.5697895-04:00" endTime="2012-04-25T09:40:21.5883430-04:00" testType="13cdc9d9-ddb5-4fa4-a97d-d965ccfc6d4b" outcome="Passed" testListId="8c84fa94-04c1-424b-9868-57a2d4851a1d" relativeResultsDirectory="bc9eb66d-93a7-4301-89c0-bf2a39a2f3fa">
    </UnitTestResult>
    <UnitTestResult executionId="f48aedd7-7786-4f7c-b899-c4eca0a5d20a" testId="5ccda0e6-cb57-22aa-a61a-d5d7db017a1e" testName="getPublicKeyTest" computerName="SDABROSKI" duration="00:00:00.0003276" startTime="2012-04-25T09:40:21.5902960-04:00" endTime="2012-04-25T09:40:21.6010375-04:00" testType="13cdc9d9-ddb5-4fa4-a97d-d965ccfc6d4b" outcome="Passed" testListId="8c84fa94-04c1-424b-9868-57a2d4851a1d" relativeResultsDirectory="f48aedd7-7786-4f7c-b899-c4eca0a5d20a">
    </UnitTestResult>
    <UnitTestResult executionId="3af66f41-2aa8-4d9a-b4fd-25ca7d63ea88" testId="72c2e1ea-f683-de09-46c7-13a8b5647aa6" testName="decryptUlongTest" computerName="SDABROSKI" duration="00:00:00.0003394" startTime="2012-04-25T09:40:21.6068965-04:00" endTime="2012-04-25T09:40:21.6176380-04:00" testType="13cdc9d9-ddb5-4fa4-a97d-d965ccfc6d4b" outcome="Passed" testListId="8c84fa94-04c1-424b-9868-57a2d4851a1d" relativeResultsDirectory="3af66f41-2aa8-4d9a-b4fd-25ca7d63ea88">
    </UnitTestResult>
    <UnitTestResult executionId="44e3d694-b6be-4dd9-bbe0-4af2f6fd97cd" testId="748a8f2e-d148-697d-60d1-f99da6697e3a" testName="getPrivateKeyTest" computerName="SDABROSKI" duration="00:00:00.0004117" startTime="2012-04-25T09:40:21.6215440-04:00" endTime="2012-04-25T09:40:21.6274030-04:00" testType="13cdc9d9-ddb5-4fa4-a97d-d965ccfc6d4b" outcome="Passed" testListId="8c84fa94-04c1-424b-9868-57a2d4851a1d" relativeResultsDirectory="44e3d694-b6be-4dd9-bbe0-4af2f6fd97cd">
    </UnitTestResult>
    <UnitTestResult executionId="cb85a25f-6299-4981-8916-7140e87131f1" testId="816cc9f4-a77b-7e69-7744-1c1759fa27d1" testName="encryptionConsistencyTest" computerName="SDABROSKI" duration="00:00:38.5464127" startTime="2012-04-25T09:40:21.6303325-04:00" endTime="2012-04-25T09:41:00.1786465-04:00" testType="13cdc9d9-ddb5-4fa4-a97d-d965ccfc6d4b" outcome="Passed" testListId="8c84fa94-04c1-424b-9868-57a2d4851a1d" relativeResultsDirectory="cb85a25f-6299-4981-8916-7140e87131f1">
    </UnitTestResult>
    <UnitTestResult executionId="1eb28b04-0269-487b-a875-63e4bafaa33e" testId="87c7c7ef-baec-8a96-99e0-019a01fa5242" testName="ulongToBlockConsistencyTest" computerName="SDABROSKI" duration="00:00:00.0003285" startTime="2012-04-25T09:41:00.1805995-04:00" endTime="2012-04-25T09:41:00.1903645-04:00" testType="13cdc9d9-ddb5-4fa4-a97d-d965ccfc6d4b" outcome="Passed" testListId="8c84fa94-04c1-424b-9868-57a2d4851a1d" relativeResultsDirectory="1eb28b04-0269-487b-a875-63e4bafaa33e">
    </UnitTestResult>
    <UnitTestResult executionId="d3435a1b-f951-4a62-b63e-708b70d323a6" testId="87ef48b7-e5f8-5712-9b96-8e42cc8290ed" testName="decryptTest" computerName="SDABROSKI" duration="00:00:00.3172512" startTime="2012-04-25T09:41:00.1923175-04:00" endTime="2012-04-25T09:41:00.5184685-04:00" testType="13cdc9d9-ddb5-4fa4-a97d-d965ccfc6d4b" outcome="Passed" testListId="8c84fa94-04c1-424b-9868-57a2d4851a1d" relativeResultsDirectory="d3435a1b-f951-4a62-b63e-708b70d323a6">
    </UnitTestResult>
    <UnitTestResult executionId="ecb4b661-5dd3-4057-82dd-b299e53f462b" testId="997eb596-6b75-0302-a03f-dec5e11e3e34" testName="randomInfoTest" computerName="SDABROSKI" duration="00:00:16.3840731" startTime="2012-04-25T09:41:00.5213980-04:00" endTime="2012-04-25T09:41:16.9139035-04:00" testType="13cdc9d9-ddb5-4fa4-a97d-d965ccfc6d4b" outcome="Passed" testListId="8c84fa94-04c1-424b-9868-57a2d4851a1d" relativeResultsDirectory="ecb4b661-5dd3-4057-82dd-b299e53f462b">
    </UnitTestResult>
    <UnitTestResult executionId="7afa6e99-1b5f-44e0-88c1-cb57ada2e181" testId="b8981d34-8594-77fc-1933-bc5fd03a5815" testName="setPrivateKeyTest" computerName="SDABROSKI" duration="00:00:00.0006467" startTime="2012-04-25T09:41:16.9197625-04:00" endTime="2012-04-25T09:41:16.9383160-04:00" testType="13cdc9d9-ddb5-4fa4-a97d-d965ccfc6d4b" outcome="Passed" testListId="8c84fa94-04c1-424b-9868-57a2d4851a1d" relativeResultsDirectory="7afa6e99-1b5f-44e0-88c1-cb57ada2e181">
    </UnitTestResult>
    <UnitTestResult executionId="801bbb2e-c9ab-4265-9fb1-fa5b7fa1bca8" testId="e0437eed-f780-57e1-2179-2bf21a3ec276" testName="gcdTest" computerName="SDABROSKI" duration="00:00:00.0015155" startTime="2012-04-25T09:41:16.9392925-04:00" endTime="2012-04-25T09:41:16.9715170-04:00" testType="13cdc9d9-ddb5-4fa4-a97d-d965ccfc6d4b" outcome="Passed" testListId="8c84fa94-04c1-424b-9868-57a2d4851a1d" relativeResultsDirectory="801bbb2e-c9ab-4265-9fb1-fa5b7fa1bca8">
    </UnitTestResult>
    <UnitTestResult executionId="2c7b62fa-0c57-4960-ada0-243def89c72e" testId="e31daab1-e762-4c09-cb80-8ce5d2f94775" testName="ulongToBlockTest" computerName="SDABROSKI" duration="00:00:00.0003542" startTime="2012-04-25T09:41:16.9734700-04:00" endTime="2012-04-25T09:41:17.0242480-04:00" testType="13cdc9d9-ddb5-4fa4-a97d-d965ccfc6d4b" outcome="Passed" testListId="8c84fa94-04c1-424b-9868-57a2d4851a1d" relativeResultsDirectory="2c7b62fa-0c57-4960-ada0-243def89c72e">
    </UnitTestResult>
    <UnitTestResult executionId="7cc0147a-feba-479e-a8bc-439c70362ca1" testId="fdf5766e-3956-7562-7b72-16531bffbb9a" testName="RSAConstructorTest" computerName="SDABROSKI" duration="00:00:00.0003441" startTime="2012-04-25T09:41:17.0623315-04:00" endTime="2012-04-25T09:41:17.0926030-04:00" testType="13cdc9d9-ddb5-4fa4-a97d-d965ccfc6d4b" outcome="Passed" testListId="8c84fa94-04c1-424b-9868-57a2d4851a1d" relativeResultsDirectory="7cc0147a-feba-479e-a8bc-439c70362ca1">
    </UnitTestResult>
  </Results>
</TestRun>