<?xml version="1.0" encoding="UTF-8"?>
<TestRun id="b49c4b69-1d98-4b07-80e9-b1758b44fff5" name="Steven@2TAFFY 2012-04-26 03:08:26" runUser="2taffy\Steven" xmlns="http://microsoft.com/schemas/VisualStudio/TeamTest/2010">
  <TestSettings name="Local" id="948a7d2c-a449-40cc-93d7-295f2060e854">
    <Description>These are default test settings for a local test run.</Description>
    <Deployment enabled="false" runDeploymentRoot="Steven_2TAFFY 2012-04-26 03_08_26">
      <DeploymentItem filename="C:\Users\Steven\Documents\Visual Studio 2010\Projects\Web Security Backend Login Handler\Web Security Backend Login Handler\bin\Web Security Backend Login Handler.dll" />
      <DeploymentItem filename="C:\Users\Steven\Documents\Visual Studio 2010\Projects\Web Security Backend Login Handler\RSAClasses\RSAClasses\bin\Debug\RSAClasses.dll" />
      <DeploymentItem filename="C:\Users\Steven\Documents\Visual Studio 2010\Projects\Web Security Backend Login Handler\packages\EntityFramework.4.1.10331.0\lib\EntityFramework.dll" />
    </Deployment>
    <Execution>
      <TestTypeSpecific />
      <AgentRule name="Execution Agents">
      </AgentRule>
    </Execution>
  </TestSettings>
  <Times creation="2012-04-26T03:08:26.5957031-04:00" queuing="2012-04-26T03:08:27.1738281-04:00" start="2012-04-26T03:08:27.2988281-04:00" finish="2012-04-26T03:08:28.3906250-04:00" />
  <ResultSummary outcome="Completed">
    <Counters total="1" executed="1" passed="1" error="0" failed="0" timeout="0" aborted="0" inconclusive="0" passedButRunAborted="0" notRunnable="0" notExecuted="0" disconnected="0" warning="0" completed="0" inProgress="0" pending="0" />
  </ResultSummary>
  <TestDefinitions>
    <UnitTest name="authenticateTest_should_gracefully_handle_a_bad_message_after_decryption" storage="c:\users\steven\documents\visual studio 2010\projects\web security backend login handler\test.web_security_backend_login_handler\bin\debug\test.web_security_backend_login_handler.dll" id="b9396433-2322-63fe-79c2-1ea5701ad9ab">
      <Execution id="57525bf5-501d-4c54-ae0f-e8b7eb26aa1c" />
      <TestMethod codeBase="C:/Users/Steven/Documents/Visual Studio 2010/Projects/Web Security Backend Login Handler/Test.Web_Security_Backend_Login_Handler/bin/Debug/Test.Web_Security_Backend_Login_Handler.DLL" adapterTypeName="Microsoft.VisualStudio.TestTools.TestTypes.Unit.UnitTestAdapter, Microsoft.VisualStudio.QualityTools.Tips.UnitTest.Adapter, Version=10.0.0.0, Culture=neutral, PublicKeyToken=b03f5f7f11d50a3a" className="Test.Web_Security_Backend_Login_Handler.AuthenticationControllerTest, Test.Web_Security_Backend_Login_Handler, Version=1.0.0.0, Culture=neutral, PublicKeyToken=null" name="authenticateTest_should_gracefully_handle_a_bad_message_after_decryption" />
    </UnitTest>
  </TestDefinitions>
  <TestLists>
    <TestList name="Results Not in a List" id="8c84fa94-04c1-424b-9868-57a2d4851a1d" />
    <TestList name="All Loaded Results" id="19431567-8539-422a-85d7-44ee4e166bda" />
  </TestLists>
  <TestEntries>
    <TestEntry testId="b9396433-2322-63fe-79c2-1ea5701ad9ab" executionId="57525bf5-501d-4c54-ae0f-e8b7eb26aa1c" testListId="8c84fa94-04c1-424b-9868-57a2d4851a1d" />
  </TestEntries>
  <Results>
    <UnitTestResult executionId="57525bf5-501d-4c54-ae0f-e8b7eb26aa1c" testId="b9396433-2322-63fe-79c2-1ea5701ad9ab" testName="authenticateTest_should_gracefully_handle_a_bad_message_after_decryption" computerName="2TAFFY" duration="00:00:00.2798281" startTime="2012-04-26T03:08:27.3925781-04:00" endTime="2012-04-26T03:08:28.2031250-04:00" testType="13cdc9d9-ddb5-4fa4-a97d-d965ccfc6d4b" outcome="Passed" testListId="8c84fa94-04c1-424b-9868-57a2d4851a1d" relativeResultsDirectory="57525bf5-501d-4c54-ae0f-e8b7eb26aa1c">
    </UnitTestResult>
  </Results>
</TestRun>