<?xml version="1.0" encoding="UTF-8"?>
<TestRun id="5e9140d3-be0a-4e07-be26-7b4252a6e721" name="Steven@2TAFFY 2012-04-25 16:20:36" runUser="2taffy\Steven" xmlns="http://microsoft.com/schemas/VisualStudio/TeamTest/2010">
  <TestSettings name="Local" id="948a7d2c-a449-40cc-93d7-295f2060e854">
    <Description>These are default test settings for a local test run.</Description>
    <Deployment enabled="false" runDeploymentRoot="Steven_2TAFFY 2012-04-25 16_20_36">
      <DeploymentItem filename="C:\Users\Steven\Documents\Visual Studio 2010\Projects\Web Security Backend Login Handler\Web Security Backend Login Handler\bin\Web Security Backend Login Handler.dll" />
      <DeploymentItem filename="C:\Users\Steven\Desktop\RSAClasses\RSAClasses\bin\Debug\RSAClasses.dll" />
      <DeploymentItem filename="C:\Users\Steven\Documents\Visual Studio 2010\Projects\Web Security Backend Login Handler\packages\EntityFramework.4.1.10331.0\lib\EntityFramework.dll" />
    </Deployment>
    <Execution>
      <TestTypeSpecific />
      <AgentRule name="Execution Agents">
      </AgentRule>
    </Execution>
  </TestSettings>
  <Times creation="2012-04-25T16:20:36.4306640-04:00" queuing="2012-04-25T16:20:36.5869140-04:00" start="2012-04-25T16:20:36.7119140-04:00" finish="2012-04-25T16:21:02.8476562-04:00" />
  <ResultSummary outcome="Failed">
    <Counters total="42" executed="42" passed="34" error="0" failed="7" timeout="0" aborted="0" inconclusive="1" passedButRunAborted="0" notRunnable="0" notExecuted="0" disconnected="0" warning="0" completed="0" inProgress="0" pending="0" />
  </ResultSummary>
  <TestDefinitions>
    <UnitTest name="validateloginTest_should_return_false_when_SessionHolder_does_not_contain_same_values" storage="c:\users\steven\documents\visual studio 2010\projects\web security backend login handler\test.web_security_backend_login_handler\bin\debug\test.web_security_backend_login_handler.dll" id="4897a04b-2374-7309-30e3-a76570127718">
      <Execution id="bc6de485-18ac-41ff-bfe0-bfca47c7f4c6" />
      <TestMethod codeBase="C:/Users/Steven/Documents/Visual Studio 2010/Projects/Web Security Backend Login Handler/Test.Web_Security_Backend_Login_Handler/bin/Debug/Test.Web_Security_Backend_Login_Handler.DLL" adapterTypeName="Microsoft.VisualStudio.TestTools.TestTypes.Unit.UnitTestAdapter, Microsoft.VisualStudio.QualityTools.Tips.UnitTest.Adapter, Version=10.0.0.0, Culture=neutral, PublicKeyToken=b03f5f7f11d50a3a" className="Test.Web_Security_Backend_Login_Handler.Session_HolderTest, Test.Web_Security_Backend_Login_Handler, Version=1.0.0.0, Culture=neutral, PublicKeyToken=null" name="validateloginTest_should_return_false_when_SessionHolder_does_not_contain_same_values" />
    </UnitTest>
    <UnitTest name="check_for_unique_session_idTest_should_return_true_when_id_is_not_found_in_db" storage="c:\users\steven\documents\visual studio 2010\projects\web security backend login handler\test.web_security_backend_login_handler\bin\debug\test.web_security_backend_login_handler.dll" id="c661e960-557d-6758-3466-a0b7ec8ac25b">
      <Execution id="1651f1ed-d1fc-4037-b363-16dc43a4fbeb" />
      <TestMethod codeBase="C:/Users/Steven/Documents/Visual Studio 2010/Projects/Web Security Backend Login Handler/Test.Web_Security_Backend_Login_Handler/bin/Debug/Test.Web_Security_Backend_Login_Handler.DLL" adapterTypeName="Microsoft.VisualStudio.TestTools.TestTypes.Unit.UnitTestAdapter, Microsoft.VisualStudio.QualityTools.Tips.UnitTest.Adapter, Version=10.0.0.0, Culture=neutral, PublicKeyToken=b03f5f7f11d50a3a" className="Test.Web_Security_Backend_Login_Handler.EF_Login_Data_RepositoryTest, Test.Web_Security_Backend_Login_Handler, Version=1.0.0.0, Culture=neutral, PublicKeyToken=null" name="check_for_unique_session_idTest_should_return_true_when_id_is_not_found_in_db" />
    </UnitTest>
    <UnitTest name="check_for_unique_data_stringTest_should_return_true_when_string_is_not_found_in_db" storage="c:\users\steven\documents\visual studio 2010\projects\web security backend login handler\test.web_security_backend_login_handler\bin\debug\test.web_security_backend_login_handler.dll" id="c25c7c45-fb93-cba1-9819-ebb7722350c0">
      <Execution id="194e3c94-047b-4456-8b4c-559ed42fc3f9" />
      <TestMethod codeBase="C:/Users/Steven/Documents/Visual Studio 2010/Projects/Web Security Backend Login Handler/Test.Web_Security_Backend_Login_Handler/bin/Debug/Test.Web_Security_Backend_Login_Handler.DLL" adapterTypeName="Microsoft.VisualStudio.TestTools.TestTypes.Unit.UnitTestAdapter, Microsoft.VisualStudio.QualityTools.Tips.UnitTest.Adapter, Version=10.0.0.0, Culture=neutral, PublicKeyToken=b03f5f7f11d50a3a" className="Test.Web_Security_Backend_Login_Handler.EF_Login_Data_RepositoryTest, Test.Web_Security_Backend_Login_Handler, Version=1.0.0.0, Culture=neutral, PublicKeyToken=null" name="check_for_unique_data_stringTest_should_return_true_when_string_is_not_found_in_db" />
    </UnitTest>
    <UnitTest name="check_for_unique_pub_keyTest_should_return_True_when_a_different_REMOTE_key_exists" storage="c:\users\steven\documents\visual studio 2010\projects\web security backend login handler\test.web_security_backend_login_handler\bin\debug\test.web_security_backend_login_handler.dll" id="2772b7c6-aea8-ca9f-63ce-5faa048dec51">
      <Execution id="5d77e8ff-7d35-40fc-b2cb-1be79b92bade" />
      <TestMethod codeBase="C:/Users/Steven/Documents/Visual Studio 2010/Projects/Web Security Backend Login Handler/Test.Web_Security_Backend_Login_Handler/bin/Debug/Test.Web_Security_Backend_Login_Handler.DLL" adapterTypeName="Microsoft.VisualStudio.TestTools.TestTypes.Unit.UnitTestAdapter, Microsoft.VisualStudio.QualityTools.Tips.UnitTest.Adapter, Version=10.0.0.0, Culture=neutral, PublicKeyToken=b03f5f7f11d50a3a" className="Test.Web_Security_Backend_Login_Handler.EF_Login_Data_RepositoryTest, Test.Web_Security_Backend_Login_Handler, Version=1.0.0.0, Culture=neutral, PublicKeyToken=null" name="check_for_unique_pub_keyTest_should_return_True_when_a_different_REMOTE_key_exists" />
    </UnitTest>
    <UnitTest name="authenticateTest_should_fail_login_when_given_bad_session_id" storage="c:\users\steven\documents\visual studio 2010\projects\web security backend login handler\test.web_security_backend_login_handler\bin\debug\test.web_security_backend_login_handler.dll" id="2aac691f-68fa-51c4-f6b6-04c304918a9a">
      <Execution id="dd59c7ae-da06-4d8c-ad6a-689b1da02c53" />
      <TestMethod codeBase="C:/Users/Steven/Documents/Visual Studio 2010/Projects/Web Security Backend Login Handler/Test.Web_Security_Backend_Login_Handler/bin/Debug/Test.Web_Security_Backend_Login_Handler.DLL" adapterTypeName="Microsoft.VisualStudio.TestTools.TestTypes.Unit.UnitTestAdapter, Microsoft.VisualStudio.QualityTools.Tips.UnitTest.Adapter, Version=10.0.0.0, Culture=neutral, PublicKeyToken=b03f5f7f11d50a3a" className="Test.Web_Security_Backend_Login_Handler.AuthenticationControllerTest, Test.Web_Security_Backend_Login_Handler, Version=1.0.0.0, Culture=neutral, PublicKeyToken=null" name="authenticateTest_should_fail_login_when_given_bad_session_id" />
    </UnitTest>
    <UnitTest name="record_failed_attemptTest_should_create_a_new_ip_record_when_none_is_found" storage="c:\users\steven\documents\visual studio 2010\projects\web security backend login handler\test.web_security_backend_login_handler\bin\debug\test.web_security_backend_login_handler.dll" id="9979932b-cf13-fa30-2fc9-ff4981bbae56">
      <Execution id="17f6a0fa-9c3f-4121-8a51-e823e0b30e9b" />
      <TestMethod codeBase="C:/Users/Steven/Documents/Visual Studio 2010/Projects/Web Security Backend Login Handler/Test.Web_Security_Backend_Login_Handler/bin/Debug/Test.Web_Security_Backend_Login_Handler.DLL" adapterTypeName="Microsoft.VisualStudio.TestTools.TestTypes.Unit.UnitTestAdapter, Microsoft.VisualStudio.QualityTools.Tips.UnitTest.Adapter, Version=10.0.0.0, Culture=neutral, PublicKeyToken=b03f5f7f11d50a3a" className="Test.Web_Security_Backend_Login_Handler.Service_ManagerTest, Test.Web_Security_Backend_Login_Handler, Version=1.0.0.0, Culture=neutral, PublicKeyToken=null" name="record_failed_attemptTest_should_create_a_new_ip_record_when_none_is_found" />
    </UnitTest>
    <UnitTest name="store_sessionTest" storage="c:\users\steven\documents\visual studio 2010\projects\web security backend login handler\test.web_security_backend_login_handler\bin\debug\test.web_security_backend_login_handler.dll" id="49ac4308-2507-de1d-6da1-ee6cc36e8c86">
      <Execution id="6f6c7cfd-be53-4297-9e86-41c5b8339015" />
      <TestMethod codeBase="C:/Users/Steven/Documents/Visual Studio 2010/Projects/Web Security Backend Login Handler/Test.Web_Security_Backend_Login_Handler/bin/Debug/Test.Web_Security_Backend_Login_Handler.DLL" adapterTypeName="Microsoft.VisualStudio.TestTools.TestTypes.Unit.UnitTestAdapter, Microsoft.VisualStudio.QualityTools.Tips.UnitTest.Adapter, Version=10.0.0.0, Culture=neutral, PublicKeyToken=b03f5f7f11d50a3a" className="Test.Web_Security_Backend_Login_Handler.EF_Login_Data_RepositoryTest, Test.Web_Security_Backend_Login_Handler, Version=1.0.0.0, Culture=neutral, PublicKeyToken=null" name="store_sessionTest" />
    </UnitTest>
    <UnitTest name="calculate_keyTest" storage="c:\users\steven\documents\visual studio 2010\projects\web security backend login handler\test.web_security_backend_login_handler\bin\debug\test.web_security_backend_login_handler.dll" id="a47d8046-29f4-8927-47f0-c265c9287b02">
      <Execution id="d30809fc-5d0b-4e69-9180-3641a4a34691" />
      <TestMethod codeBase="C:/Users/Steven/Documents/Visual Studio 2010/Projects/Web Security Backend Login Handler/Test.Web_Security_Backend_Login_Handler/bin/Debug/Test.Web_Security_Backend_Login_Handler.DLL" adapterTypeName="Microsoft.VisualStudio.TestTools.TestTypes.Unit.UnitTestAdapter, Microsoft.VisualStudio.QualityTools.Tips.UnitTest.Adapter, Version=10.0.0.0, Culture=neutral, PublicKeyToken=b03f5f7f11d50a3a" className="Test.Web_Security_Backend_Login_Handler.Picture1Test, Test.Web_Security_Backend_Login_Handler, Version=1.0.0.0, Culture=neutral, PublicKeyToken=null" name="calculate_keyTest" />
    </UnitTest>
    <UnitTest name="Service_Manager_object_should_still_hold_attempts_when_deserialized" storage="c:\users\steven\documents\visual studio 2010\projects\web security backend login handler\test.web_security_backend_login_handler\bin\debug\test.web_security_backend_login_handler.dll" id="67edcd63-6396-56e4-d814-19352322cb50">
      <Execution id="2f346074-f718-436e-9b93-bde008bb6935" />
      <TestMethod codeBase="C:/Users/Steven/Documents/Visual Studio 2010/Projects/Web Security Backend Login Handler/Test.Web_Security_Backend_Login_Handler/bin/Debug/Test.Web_Security_Backend_Login_Handler.DLL" adapterTypeName="Microsoft.VisualStudio.TestTools.TestTypes.Unit.UnitTestAdapter, Microsoft.VisualStudio.QualityTools.Tips.UnitTest.Adapter, Version=10.0.0.0, Culture=neutral, PublicKeyToken=b03f5f7f11d50a3a" className="Test.Web_Security_Backend_Login_Handler.ObjectSerializingTest, Test.Web_Security_Backend_Login_Handler, Version=1.0.0.0, Culture=neutral, PublicKeyToken=null" name="Service_Manager_object_should_still_hold_attempts_when_deserialized" />
    </UnitTest>
    <UnitTest name="is_ip_lockedTest_users_should_unlocklock_out_after_four_attempts_if_unlock_period_has_been_exceeded" storage="c:\users\steven\documents\visual studio 2010\projects\web security backend login handler\test.web_security_backend_login_handler\bin\debug\test.web_security_backend_login_handler.dll" id="451ca797-209b-dee9-6367-89f6f7d14060">
      <Execution id="a0a13002-39ec-4ce1-9a15-28318202499e" />
      <TestMethod codeBase="C:/Users/Steven/Documents/Visual Studio 2010/Projects/Web Security Backend Login Handler/Test.Web_Security_Backend_Login_Handler/bin/Debug/Test.Web_Security_Backend_Login_Handler.DLL" adapterTypeName="Microsoft.VisualStudio.TestTools.TestTypes.Unit.UnitTestAdapter, Microsoft.VisualStudio.QualityTools.Tips.UnitTest.Adapter, Version=10.0.0.0, Culture=neutral, PublicKeyToken=b03f5f7f11d50a3a" className="Test.Web_Security_Backend_Login_Handler.Service_ManagerTest, Test.Web_Security_Backend_Login_Handler, Version=1.0.0.0, Culture=neutral, PublicKeyToken=null" name="is_ip_lockedTest_users_should_unlocklock_out_after_four_attempts_if_unlock_period_has_been_exceeded" />
    </UnitTest>
    <UnitTest name="authenticateTest_should_fail_login_when_given_incorrect_login_data" storage="c:\users\steven\documents\visual studio 2010\projects\web security backend login handler\test.web_security_backend_login_handler\bin\debug\test.web_security_backend_login_handler.dll" id="456fe2e4-effc-7286-1bfa-b6cee2caa7e3">
      <Execution id="7d4523eb-ee22-4cb8-bd80-1baaf438ed9d" />
      <TestMethod codeBase="C:/Users/Steven/Documents/Visual Studio 2010/Projects/Web Security Backend Login Handler/Test.Web_Security_Backend_Login_Handler/bin/Debug/Test.Web_Security_Backend_Login_Handler.DLL" adapterTypeName="Microsoft.VisualStudio.TestTools.TestTypes.Unit.UnitTestAdapter, Microsoft.VisualStudio.QualityTools.Tips.UnitTest.Adapter, Version=10.0.0.0, Culture=neutral, PublicKeyToken=b03f5f7f11d50a3a" className="Test.Web_Security_Backend_Login_Handler.AuthenticationControllerTest, Test.Web_Security_Backend_Login_Handler, Version=1.0.0.0, Culture=neutral, PublicKeyToken=null" name="authenticateTest_should_fail_login_when_given_incorrect_login_data" />
    </UnitTest>
    <UnitTest name="initializeTest_when_given_bad_key_should_return_fake_data" storage="c:\users\steven\documents\visual studio 2010\projects\web security backend login handler\test.web_security_backend_login_handler\bin\debug\test.web_security_backend_login_handler.dll" id="9a17c7d1-5b24-127e-8a9a-1e236c20a42e">
      <Execution id="984a0bbc-4afe-4c1b-baa4-73d5e9739b0e" />
      <TestMethod codeBase="C:/Users/Steven/Documents/Visual Studio 2010/Projects/Web Security Backend Login Handler/Test.Web_Security_Backend_Login_Handler/bin/Debug/Test.Web_Security_Backend_Login_Handler.DLL" adapterTypeName="Microsoft.VisualStudio.TestTools.TestTypes.Unit.UnitTestAdapter, Microsoft.VisualStudio.QualityTools.Tips.UnitTest.Adapter, Version=10.0.0.0, Culture=neutral, PublicKeyToken=b03f5f7f11d50a3a" className="Test.Web_Security_Backend_Login_Handler.AuthenticationControllerTest, Test.Web_Security_Backend_Login_Handler, Version=1.0.0.0, Culture=neutral, PublicKeyToken=null" name="initializeTest_when_given_bad_key_should_return_fake_data" />
    </UnitTest>
    <UnitTest name="record_failed_attemptTest_should_update_ip_record_when_ip_is_found" storage="c:\users\steven\documents\visual studio 2010\projects\web security backend login handler\test.web_security_backend_login_handler\bin\debug\test.web_security_backend_login_handler.dll" id="2f6d8dc3-e175-6550-f600-a0a25a455edb">
      <Execution id="12e737c5-43ca-46d2-93a6-b364f0729e01" />
      <TestMethod codeBase="C:/Users/Steven/Documents/Visual Studio 2010/Projects/Web Security Backend Login Handler/Test.Web_Security_Backend_Login_Handler/bin/Debug/Test.Web_Security_Backend_Login_Handler.DLL" adapterTypeName="Microsoft.VisualStudio.TestTools.TestTypes.Unit.UnitTestAdapter, Microsoft.VisualStudio.QualityTools.Tips.UnitTest.Adapter, Version=10.0.0.0, Culture=neutral, PublicKeyToken=b03f5f7f11d50a3a" className="Test.Web_Security_Backend_Login_Handler.Service_ManagerTest, Test.Web_Security_Backend_Login_Handler, Version=1.0.0.0, Culture=neutral, PublicKeyToken=null" name="record_failed_attemptTest_should_update_ip_record_when_ip_is_found" />
    </UnitTest>
    <UnitTest name="clean_keyTest" storage="c:\users\steven\documents\visual studio 2010\projects\web security backend login handler\test.web_security_backend_login_handler\bin\debug\test.web_security_backend_login_handler.dll" id="972b6f7c-0580-faff-8ab3-18e7fe4dd471">
      <Execution id="6d3d1ae2-5562-4c47-816b-485717227994" />
      <TestMethod codeBase="C:/Users/Steven/Documents/Visual Studio 2010/Projects/Web Security Backend Login Handler/Test.Web_Security_Backend_Login_Handler/bin/Debug/Test.Web_Security_Backend_Login_Handler.DLL" adapterTypeName="Microsoft.VisualStudio.TestTools.TestTypes.Unit.UnitTestAdapter, Microsoft.VisualStudio.QualityTools.Tips.UnitTest.Adapter, Version=10.0.0.0, Culture=neutral, PublicKeyToken=b03f5f7f11d50a3a" className="Test.Web_Security_Backend_Login_Handler.validate_keyTest, Test.Web_Security_Backend_Login_Handler, Version=1.0.0.0, Culture=neutral, PublicKeyToken=null" name="clean_keyTest" />
    </UnitTest>
    <UnitTest name="check_for_unique_data_stringTest_should_return_false_when_string_is_found_in_db" storage="c:\users\steven\documents\visual studio 2010\projects\web security backend login handler\test.web_security_backend_login_handler\bin\debug\test.web_security_backend_login_handler.dll" id="5a62df0c-700f-04be-be4d-bfeee5483f10">
      <Execution id="efb7f1c7-b87a-4208-b053-f0e60872dd1d" />
      <TestMethod codeBase="C:/Users/Steven/Documents/Visual Studio 2010/Projects/Web Security Backend Login Handler/Test.Web_Security_Backend_Login_Handler/bin/Debug/Test.Web_Security_Backend_Login_Handler.DLL" adapterTypeName="Microsoft.VisualStudio.TestTools.TestTypes.Unit.UnitTestAdapter, Microsoft.VisualStudio.QualityTools.Tips.UnitTest.Adapter, Version=10.0.0.0, Culture=neutral, PublicKeyToken=b03f5f7f11d50a3a" className="Test.Web_Security_Backend_Login_Handler.EF_Login_Data_RepositoryTest, Test.Web_Security_Backend_Login_Handler, Version=1.0.0.0, Culture=neutral, PublicKeyToken=null" name="check_for_unique_data_stringTest_should_return_false_when_string_is_found_in_db" />
    </UnitTest>
    <UnitTest name="expire_sessionTest" storage="c:\users\steven\documents\visual studio 2010\projects\web security backend login handler\test.web_security_backend_login_handler\bin\debug\test.web_security_backend_login_handler.dll" id="a06c8703-aad3-9716-909a-c0a258c09d3f">
      <Execution id="f7e16ccb-d003-4d2b-952a-dd41ebc61a86" />
      <TestMethod codeBase="C:/Users/Steven/Documents/Visual Studio 2010/Projects/Web Security Backend Login Handler/Test.Web_Security_Backend_Login_Handler/bin/Debug/Test.Web_Security_Backend_Login_Handler.DLL" adapterTypeName="Microsoft.VisualStudio.TestTools.TestTypes.Unit.UnitTestAdapter, Microsoft.VisualStudio.QualityTools.Tips.UnitTest.Adapter, Version=10.0.0.0, Culture=neutral, PublicKeyToken=b03f5f7f11d50a3a" className="Test.Web_Security_Backend_Login_Handler.EF_Login_Data_RepositoryTest, Test.Web_Security_Backend_Login_Handler, Version=1.0.0.0, Culture=neutral, PublicKeyToken=null" name="expire_sessionTest" />
    </UnitTest>
    <UnitTest name="validateloginTest_should_return_false_when_login_attempt_is_empty" storage="c:\users\steven\documents\visual studio 2010\projects\web security backend login handler\test.web_security_backend_login_handler\bin\debug\test.web_security_backend_login_handler.dll" id="3a663574-3180-85f1-cdde-1030a0ef32ad">
      <Execution id="e62b54d2-1231-4b1f-a71c-1f97cb8da704" />
      <TestMethod codeBase="C:/Users/Steven/Documents/Visual Studio 2010/Projects/Web Security Backend Login Handler/Test.Web_Security_Backend_Login_Handler/bin/Debug/Test.Web_Security_Backend_Login_Handler.DLL" adapterTypeName="Microsoft.VisualStudio.TestTools.TestTypes.Unit.UnitTestAdapter, Microsoft.VisualStudio.QualityTools.Tips.UnitTest.Adapter, Version=10.0.0.0, Culture=neutral, PublicKeyToken=b03f5f7f11d50a3a" className="Test.Web_Security_Backend_Login_Handler.Session_HolderTest, Test.Web_Security_Backend_Login_Handler, Version=1.0.0.0, Culture=neutral, PublicKeyToken=null" name="validateloginTest_should_return_false_when_login_attempt_is_empty" />
    </UnitTest>
    <UnitTest name="validateTest" storage="c:\users\steven\documents\visual studio 2010\projects\web security backend login handler\test.web_security_backend_login_handler\bin\debug\test.web_security_backend_login_handler.dll" id="b8b91aae-b377-e572-aa09-5986400c100d">
      <Execution id="ec6fd9a0-095b-4503-87e8-fe78fd326d48" />
      <TestMethod codeBase="C:/Users/Steven/Documents/Visual Studio 2010/Projects/Web Security Backend Login Handler/Test.Web_Security_Backend_Login_Handler/bin/Debug/Test.Web_Security_Backend_Login_Handler.DLL" adapterTypeName="Microsoft.VisualStudio.TestTools.TestTypes.Unit.UnitTestAdapter, Microsoft.VisualStudio.QualityTools.Tips.UnitTest.Adapter, Version=10.0.0.0, Culture=neutral, PublicKeyToken=b03f5f7f11d50a3a" className="Test.Web_Security_Backend_Login_Handler.validate_keyTest, Test.Web_Security_Backend_Login_Handler, Version=1.0.0.0, Culture=neutral, PublicKeyToken=null" name="validateTest" />
    </UnitTest>
    <UnitTest name="store_sessionTest_should_allow_multiple_sessions_to_be_stored" storage="c:\users\steven\documents\visual studio 2010\projects\web security backend login handler\test.web_security_backend_login_handler\bin\debug\test.web_security_backend_login_handler.dll" id="368bdd97-67d3-cf24-9eb4-e8a0266a0986">
      <Execution id="21ff4cc7-e7b5-48d9-bbe9-7b0378fd09eb" />
      <TestMethod codeBase="C:/Users/Steven/Documents/Visual Studio 2010/Projects/Web Security Backend Login Handler/Test.Web_Security_Backend_Login_Handler/bin/Debug/Test.Web_Security_Backend_Login_Handler.DLL" adapterTypeName="Microsoft.VisualStudio.TestTools.TestTypes.Unit.UnitTestAdapter, Microsoft.VisualStudio.QualityTools.Tips.UnitTest.Adapter, Version=10.0.0.0, Culture=neutral, PublicKeyToken=b03f5f7f11d50a3a" className="Test.Web_Security_Backend_Login_Handler.EF_Login_Data_RepositoryTest, Test.Web_Security_Backend_Login_Handler, Version=1.0.0.0, Culture=neutral, PublicKeyToken=null" name="store_sessionTest_should_allow_multiple_sessions_to_be_stored" />
    </UnitTest>
    <UnitTest name="store_failed_initialize_attemptTest" storage="c:\users\steven\documents\visual studio 2010\projects\web security backend login handler\test.web_security_backend_login_handler\bin\debug\test.web_security_backend_login_handler.dll" id="079bf086-b93c-c2c9-1f00-42b7634ec2f2">
      <Execution id="ef3a76c3-7cdd-41a5-8718-6acd11a75fd8" />
      <TestMethod codeBase="C:/Users/Steven/Documents/Visual Studio 2010/Projects/Web Security Backend Login Handler/Test.Web_Security_Backend_Login_Handler/bin/Debug/Test.Web_Security_Backend_Login_Handler.DLL" adapterTypeName="Microsoft.VisualStudio.TestTools.TestTypes.Unit.UnitTestAdapter, Microsoft.VisualStudio.QualityTools.Tips.UnitTest.Adapter, Version=10.0.0.0, Culture=neutral, PublicKeyToken=b03f5f7f11d50a3a" className="Test.Web_Security_Backend_Login_Handler.EF_Login_Data_RepositoryTest, Test.Web_Security_Backend_Login_Handler, Version=1.0.0.0, Culture=neutral, PublicKeyToken=null" name="store_failed_initialize_attemptTest" />
    </UnitTest>
    <UnitTest name="validateloginTest_should_return_true_when_login_attempt_from_different_hash_objects" storage="c:\users\steven\documents\visual studio 2010\projects\web security backend login handler\test.web_security_backend_login_handler\bin\debug\test.web_security_backend_login_handler.dll" id="0841dfaf-52bb-7dfb-7275-49a894f07712">
      <Execution id="ae9d0239-b101-4b02-91f7-527224c126f0" />
      <TestMethod codeBase="C:/Users/Steven/Documents/Visual Studio 2010/Projects/Web Security Backend Login Handler/Test.Web_Security_Backend_Login_Handler/bin/Debug/Test.Web_Security_Backend_Login_Handler.DLL" adapterTypeName="Microsoft.VisualStudio.TestTools.TestTypes.Unit.UnitTestAdapter, Microsoft.VisualStudio.QualityTools.Tips.UnitTest.Adapter, Version=10.0.0.0, Culture=neutral, PublicKeyToken=b03f5f7f11d50a3a" className="Test.Web_Security_Backend_Login_Handler.Session_HolderTest, Test.Web_Security_Backend_Login_Handler, Version=1.0.0.0, Culture=neutral, PublicKeyToken=null" name="validateloginTest_should_return_true_when_login_attempt_from_different_hash_objects" />
    </UnitTest>
    <UnitTest name="check_for_unique_pub_keyTest_should_return_true_when_key_does_not_exist_in_db" storage="c:\users\steven\documents\visual studio 2010\projects\web security backend login handler\test.web_security_backend_login_handler\bin\debug\test.web_security_backend_login_handler.dll" id="3ca1841b-33ff-64be-37dc-bb3397b6b3f8">
      <Execution id="45873313-7271-4aaf-b667-58b67cc356d9" />
      <TestMethod codeBase="C:/Users/Steven/Documents/Visual Studio 2010/Projects/Web Security Backend Login Handler/Test.Web_Security_Backend_Login_Handler/bin/Debug/Test.Web_Security_Backend_Login_Handler.DLL" adapterTypeName="Microsoft.VisualStudio.TestTools.TestTypes.Unit.UnitTestAdapter, Microsoft.VisualStudio.QualityTools.Tips.UnitTest.Adapter, Version=10.0.0.0, Culture=neutral, PublicKeyToken=b03f5f7f11d50a3a" className="Test.Web_Security_Backend_Login_Handler.EF_Login_Data_RepositoryTest, Test.Web_Security_Backend_Login_Handler, Version=1.0.0.0, Culture=neutral, PublicKeyToken=null" name="check_for_unique_pub_keyTest_should_return_true_when_key_does_not_exist_in_db" />
    </UnitTest>
    <UnitTest name="validateloginTest_should_return_true_when_SessionHolder_contains_alls_same_element_dispite_extra_passed_in_elements" storage="c:\users\steven\documents\visual studio 2010\projects\web security backend login handler\test.web_security_backend_login_handler\bin\debug\test.web_security_backend_login_handler.dll" id="4db1e1e3-7d8c-da35-b557-8700fecb4cae">
      <Execution id="bb801371-1e14-4db7-a526-4985cdbdd4de" />
      <TestMethod codeBase="C:/Users/Steven/Documents/Visual Studio 2010/Projects/Web Security Backend Login Handler/Test.Web_Security_Backend_Login_Handler/bin/Debug/Test.Web_Security_Backend_Login_Handler.DLL" adapterTypeName="Microsoft.VisualStudio.TestTools.TestTypes.Unit.UnitTestAdapter, Microsoft.VisualStudio.QualityTools.Tips.UnitTest.Adapter, Version=10.0.0.0, Culture=neutral, PublicKeyToken=b03f5f7f11d50a3a" className="Test.Web_Security_Backend_Login_Handler.Session_HolderTest, Test.Web_Security_Backend_Login_Handler, Version=1.0.0.0, Culture=neutral, PublicKeyToken=null" name="validateloginTest_should_return_true_when_SessionHolder_contains_alls_same_element_dispite_extra_passed_in_elements" />
    </UnitTest>
    <UnitTest name="validateloginTest_should_return_false_when_SessionHolder_contains_no_values" storage="c:\users\steven\documents\visual studio 2010\projects\web security backend login handler\test.web_security_backend_login_handler\bin\debug\test.web_security_backend_login_handler.dll" id="7ec82646-bfa5-fc5d-43af-a673eb439cf8">
      <Execution id="20a8b3fc-1c5e-4a62-a7ba-39702cc10385" />
      <TestMethod codeBase="C:/Users/Steven/Documents/Visual Studio 2010/Projects/Web Security Backend Login Handler/Test.Web_Security_Backend_Login_Handler/bin/Debug/Test.Web_Security_Backend_Login_Handler.DLL" adapterTypeName="Microsoft.VisualStudio.TestTools.TestTypes.Unit.UnitTestAdapter, Microsoft.VisualStudio.QualityTools.Tips.UnitTest.Adapter, Version=10.0.0.0, Culture=neutral, PublicKeyToken=b03f5f7f11d50a3a" className="Test.Web_Security_Backend_Login_Handler.Session_HolderTest, Test.Web_Security_Backend_Login_Handler, Version=1.0.0.0, Culture=neutral, PublicKeyToken=null" name="validateloginTest_should_return_false_when_SessionHolder_contains_no_values" />
    </UnitTest>
    <UnitTest name="authenticateTest_should_expire_session_during_login_attempt" storage="c:\users\steven\documents\visual studio 2010\projects\web security backend login handler\test.web_security_backend_login_handler\bin\debug\test.web_security_backend_login_handler.dll" id="29405316-9966-0a8b-31c9-bcb4897049f4">
      <Execution id="54d15527-eec8-4943-933b-0b3d6a345095" />
      <TestMethod codeBase="C:/Users/Steven/Documents/Visual Studio 2010/Projects/Web Security Backend Login Handler/Test.Web_Security_Backend_Login_Handler/bin/Debug/Test.Web_Security_Backend_Login_Handler.DLL" adapterTypeName="Microsoft.VisualStudio.TestTools.TestTypes.Unit.UnitTestAdapter, Microsoft.VisualStudio.QualityTools.Tips.UnitTest.Adapter, Version=10.0.0.0, Culture=neutral, PublicKeyToken=b03f5f7f11d50a3a" className="Test.Web_Security_Backend_Login_Handler.AuthenticationControllerTest, Test.Web_Security_Backend_Login_Handler, Version=1.0.0.0, Culture=neutral, PublicKeyToken=null" name="authenticateTest_should_expire_session_during_login_attempt" />
    </UnitTest>
    <UnitTest name="Raw_Data_BuilderConstructorTest" storage="c:\users\steven\documents\visual studio 2010\projects\web security backend login handler\test.web_security_backend_login_handler\bin\debug\test.web_security_backend_login_handler.dll" id="9f02821a-fcc4-04ab-16ff-bb8c74969c39">
      <Execution id="d6e54ff1-a64d-4fb0-8fcf-9403663b3bbf" />
      <TestMethod codeBase="C:/Users/Steven/Documents/Visual Studio 2010/Projects/Web Security Backend Login Handler/Test.Web_Security_Backend_Login_Handler/bin/Debug/Test.Web_Security_Backend_Login_Handler.DLL" adapterTypeName="Microsoft.VisualStudio.TestTools.TestTypes.Unit.UnitTestAdapter, Microsoft.VisualStudio.QualityTools.Tips.UnitTest.Adapter, Version=10.0.0.0, Culture=neutral, PublicKeyToken=b03f5f7f11d50a3a" className="Test.Web_Security_Backend_Login_Handler.Raw_Data_BuilderTest, Test.Web_Security_Backend_Login_Handler, Version=1.0.0.0, Culture=neutral, PublicKeyToken=null" name="Raw_Data_BuilderConstructorTest" />
    </UnitTest>
    <UnitTest name="is_ip_lockedTest_users_should_lock_out_after_four_attempts_even_though_time_between_attempts" storage="c:\users\steven\documents\visual studio 2010\projects\web security backend login handler\test.web_security_backend_login_handler\bin\debug\test.web_security_backend_login_handler.dll" id="c6fdb9bc-0e83-4bbf-fff2-a9c35967cc4a">
      <Execution id="3b36ec1a-bdd4-41c0-80e3-ef59c9cb8057" />
      <TestMethod codeBase="C:/Users/Steven/Documents/Visual Studio 2010/Projects/Web Security Backend Login Handler/Test.Web_Security_Backend_Login_Handler/bin/Debug/Test.Web_Security_Backend_Login_Handler.DLL" adapterTypeName="Microsoft.VisualStudio.TestTools.TestTypes.Unit.UnitTestAdapter, Microsoft.VisualStudio.QualityTools.Tips.UnitTest.Adapter, Version=10.0.0.0, Culture=neutral, PublicKeyToken=b03f5f7f11d50a3a" className="Test.Web_Security_Backend_Login_Handler.Service_ManagerTest, Test.Web_Security_Backend_Login_Handler, Version=1.0.0.0, Culture=neutral, PublicKeyToken=null" name="is_ip_lockedTest_users_should_lock_out_after_four_attempts_even_though_time_between_attempts" />
    </UnitTest>
    <UnitTest name="check_that_initialize_is_not_lockedTest_should_return_false_when_failed_login_attempt_has_happened_within_last_minute" storage="c:\users\steven\documents\visual studio 2010\projects\web security backend login handler\test.web_security_backend_login_handler\bin\debug\test.web_security_backend_login_handler.dll" id="3b19c030-ff52-ee48-2871-fe3bdb8e3c5f">
      <Execution id="3a2027c6-bbc5-445d-9b13-bea6b45c734a" />
      <TestMethod codeBase="C:/Users/Steven/Documents/Visual Studio 2010/Projects/Web Security Backend Login Handler/Test.Web_Security_Backend_Login_Handler/bin/Debug/Test.Web_Security_Backend_Login_Handler.DLL" adapterTypeName="Microsoft.VisualStudio.TestTools.TestTypes.Unit.UnitTestAdapter, Microsoft.VisualStudio.QualityTools.Tips.UnitTest.Adapter, Version=10.0.0.0, Culture=neutral, PublicKeyToken=b03f5f7f11d50a3a" className="Test.Web_Security_Backend_Login_Handler.EF_Login_Data_RepositoryTest, Test.Web_Security_Backend_Login_Handler, Version=1.0.0.0, Culture=neutral, PublicKeyToken=null" name="check_that_initialize_is_not_lockedTest_should_return_false_when_failed_login_attempt_has_happened_within_last_minute" />
    </UnitTest>
    <UnitTest name="is_ip_lockedTest_users_should_not_lock_out_an_unknown_ip" storage="c:\users\steven\documents\visual studio 2010\projects\web security backend login handler\test.web_security_backend_login_handler\bin\debug\test.web_security_backend_login_handler.dll" id="7d16d515-8857-ef40-7b11-d26c075d3e87">
      <Execution id="f4060865-1882-4317-8b4b-94e8d5b44395" />
      <TestMethod codeBase="C:/Users/Steven/Documents/Visual Studio 2010/Projects/Web Security Backend Login Handler/Test.Web_Security_Backend_Login_Handler/bin/Debug/Test.Web_Security_Backend_Login_Handler.DLL" adapterTypeName="Microsoft.VisualStudio.TestTools.TestTypes.Unit.UnitTestAdapter, Microsoft.VisualStudio.QualityTools.Tips.UnitTest.Adapter, Version=10.0.0.0, Culture=neutral, PublicKeyToken=b03f5f7f11d50a3a" className="Test.Web_Security_Backend_Login_Handler.Service_ManagerTest, Test.Web_Security_Backend_Login_Handler, Version=1.0.0.0, Culture=neutral, PublicKeyToken=null" name="is_ip_lockedTest_users_should_not_lock_out_an_unknown_ip" />
    </UnitTest>
    <UnitTest name="check_for_unique_pub_keyTest_should_return_false_when_the_same_REMOTE_key_exists" storage="c:\users\steven\documents\visual studio 2010\projects\web security backend login handler\test.web_security_backend_login_handler\bin\debug\test.web_security_backend_login_handler.dll" id="22c85f12-a1ad-519d-548e-0be7657b5c5d">
      <Execution id="54db10a6-6d45-43e6-b81e-8db94fdcbafa" />
      <TestMethod codeBase="C:/Users/Steven/Documents/Visual Studio 2010/Projects/Web Security Backend Login Handler/Test.Web_Security_Backend_Login_Handler/bin/Debug/Test.Web_Security_Backend_Login_Handler.DLL" adapterTypeName="Microsoft.VisualStudio.TestTools.TestTypes.Unit.UnitTestAdapter, Microsoft.VisualStudio.QualityTools.Tips.UnitTest.Adapter, Version=10.0.0.0, Culture=neutral, PublicKeyToken=b03f5f7f11d50a3a" className="Test.Web_Security_Backend_Login_Handler.EF_Login_Data_RepositoryTest, Test.Web_Security_Backend_Login_Handler, Version=1.0.0.0, Culture=neutral, PublicKeyToken=null" name="check_for_unique_pub_keyTest_should_return_false_when_the_same_REMOTE_key_exists" />
    </UnitTest>
    <UnitTest name="check_for_unique_pub_keyTest_should_return_false_when_the_same_SERVER_key_exists" storage="c:\users\steven\documents\visual studio 2010\projects\web security backend login handler\test.web_security_backend_login_handler\bin\debug\test.web_security_backend_login_handler.dll" id="ddd024be-5c7b-d757-e53e-80df9d3f62ee">
      <Execution id="5bc0ccec-a9e0-4362-9f1a-b3305904e65a" />
      <TestMethod codeBase="C:/Users/Steven/Documents/Visual Studio 2010/Projects/Web Security Backend Login Handler/Test.Web_Security_Backend_Login_Handler/bin/Debug/Test.Web_Security_Backend_Login_Handler.DLL" adapterTypeName="Microsoft.VisualStudio.TestTools.TestTypes.Unit.UnitTestAdapter, Microsoft.VisualStudio.QualityTools.Tips.UnitTest.Adapter, Version=10.0.0.0, Culture=neutral, PublicKeyToken=b03f5f7f11d50a3a" className="Test.Web_Security_Backend_Login_Handler.EF_Login_Data_RepositoryTest, Test.Web_Security_Backend_Login_Handler, Version=1.0.0.0, Culture=neutral, PublicKeyToken=null" name="check_for_unique_pub_keyTest_should_return_false_when_the_same_SERVER_key_exists" />
    </UnitTest>
    <UnitTest name="dirty_keyTest" storage="c:\users\steven\documents\visual studio 2010\projects\web security backend login handler\test.web_security_backend_login_handler\bin\debug\test.web_security_backend_login_handler.dll" id="fec82914-8d2b-ce0e-0f68-141c8e76da6f">
      <Execution id="8823a539-7888-4210-a515-c612bb36232a" />
      <TestMethod codeBase="C:/Users/Steven/Documents/Visual Studio 2010/Projects/Web Security Backend Login Handler/Test.Web_Security_Backend_Login_Handler/bin/Debug/Test.Web_Security_Backend_Login_Handler.DLL" adapterTypeName="Microsoft.VisualStudio.TestTools.TestTypes.Unit.UnitTestAdapter, Microsoft.VisualStudio.QualityTools.Tips.UnitTest.Adapter, Version=10.0.0.0, Culture=neutral, PublicKeyToken=b03f5f7f11d50a3a" className="Test.Web_Security_Backend_Login_Handler.validate_keyTest, Test.Web_Security_Backend_Login_Handler, Version=1.0.0.0, Culture=neutral, PublicKeyToken=null" name="dirty_keyTest" />
    </UnitTest>
    <UnitTest name="initializeTest_when_given_string_in_pubKey_should_return_fake_data" storage="c:\users\steven\documents\visual studio 2010\projects\web security backend login handler\test.web_security_backend_login_handler\bin\debug\test.web_security_backend_login_handler.dll" id="8b26d94c-54b1-f145-32dd-94c7292f6dc1">
      <Execution id="4249d174-39bd-4272-916e-b741c79f0515" />
      <TestMethod codeBase="C:/Users/Steven/Documents/Visual Studio 2010/Projects/Web Security Backend Login Handler/Test.Web_Security_Backend_Login_Handler/bin/Debug/Test.Web_Security_Backend_Login_Handler.DLL" adapterTypeName="Microsoft.VisualStudio.TestTools.TestTypes.Unit.UnitTestAdapter, Microsoft.VisualStudio.QualityTools.Tips.UnitTest.Adapter, Version=10.0.0.0, Culture=neutral, PublicKeyToken=b03f5f7f11d50a3a" className="Test.Web_Security_Backend_Login_Handler.AuthenticationControllerTest, Test.Web_Security_Backend_Login_Handler, Version=1.0.0.0, Culture=neutral, PublicKeyToken=null" name="initializeTest_when_given_string_in_pubKey_should_return_fake_data" />
    </UnitTest>
    <UnitTest name="get_sessionTest_should_return_null_when_session_is_not_found" storage="c:\users\steven\documents\visual studio 2010\projects\web security backend login handler\test.web_security_backend_login_handler\bin\debug\test.web_security_backend_login_handler.dll" id="2d732953-32f7-04b9-b633-0438ccd5a389">
      <Execution id="7c1a40ab-6160-4a5c-abc4-ebdb72347a5c" />
      <TestMethod codeBase="C:/Users/Steven/Documents/Visual Studio 2010/Projects/Web Security Backend Login Handler/Test.Web_Security_Backend_Login_Handler/bin/Debug/Test.Web_Security_Backend_Login_Handler.DLL" adapterTypeName="Microsoft.VisualStudio.TestTools.TestTypes.Unit.UnitTestAdapter, Microsoft.VisualStudio.QualityTools.Tips.UnitTest.Adapter, Version=10.0.0.0, Culture=neutral, PublicKeyToken=b03f5f7f11d50a3a" className="Test.Web_Security_Backend_Login_Handler.EF_Login_Data_RepositoryTest, Test.Web_Security_Backend_Login_Handler, Version=1.0.0.0, Culture=neutral, PublicKeyToken=null" name="get_sessionTest_should_return_null_when_session_is_not_found" />
    </UnitTest>
    <UnitTest name="check_for_unique_pub_keyTest_should_return_True_when_a_different_SERVER_key_exists" storage="c:\users\steven\documents\visual studio 2010\projects\web security backend login handler\test.web_security_backend_login_handler\bin\debug\test.web_security_backend_login_handler.dll" id="a2b354b1-8faa-db23-b9f7-ec425e3e65c4">
      <Execution id="33a61e67-a693-4132-81b2-f098e434668d" />
      <TestMethod codeBase="C:/Users/Steven/Documents/Visual Studio 2010/Projects/Web Security Backend Login Handler/Test.Web_Security_Backend_Login_Handler/bin/Debug/Test.Web_Security_Backend_Login_Handler.DLL" adapterTypeName="Microsoft.VisualStudio.TestTools.TestTypes.Unit.UnitTestAdapter, Microsoft.VisualStudio.QualityTools.Tips.UnitTest.Adapter, Version=10.0.0.0, Culture=neutral, PublicKeyToken=b03f5f7f11d50a3a" className="Test.Web_Security_Backend_Login_Handler.EF_Login_Data_RepositoryTest, Test.Web_Security_Backend_Login_Handler, Version=1.0.0.0, Culture=neutral, PublicKeyToken=null" name="check_for_unique_pub_keyTest_should_return_True_when_a_different_SERVER_key_exists" />
    </UnitTest>
    <UnitTest name="check_that_initialize_is_not_lockedTest_should_return_true_when_it_is_not_locked" storage="c:\users\steven\documents\visual studio 2010\projects\web security backend login handler\test.web_security_backend_login_handler\bin\debug\test.web_security_backend_login_handler.dll" id="e9c46ba5-c232-bbce-d63c-9ee4c6aa846d">
      <Execution id="fadbfcd0-85e9-4538-9e81-da8ca20a7b41" />
      <TestMethod codeBase="C:/Users/Steven/Documents/Visual Studio 2010/Projects/Web Security Backend Login Handler/Test.Web_Security_Backend_Login_Handler/bin/Debug/Test.Web_Security_Backend_Login_Handler.DLL" adapterTypeName="Microsoft.VisualStudio.TestTools.TestTypes.Unit.UnitTestAdapter, Microsoft.VisualStudio.QualityTools.Tips.UnitTest.Adapter, Version=10.0.0.0, Culture=neutral, PublicKeyToken=b03f5f7f11d50a3a" className="Test.Web_Security_Backend_Login_Handler.EF_Login_Data_RepositoryTest, Test.Web_Security_Backend_Login_Handler, Version=1.0.0.0, Culture=neutral, PublicKeyToken=null" name="check_that_initialize_is_not_lockedTest_should_return_true_when_it_is_not_locked" />
    </UnitTest>
    <UnitTest name="authenticateTest_should_launch_nuke_when_given_proper_login_data" storage="c:\users\steven\documents\visual studio 2010\projects\web security backend login handler\test.web_security_backend_login_handler\bin\debug\test.web_security_backend_login_handler.dll" id="4130b1bb-a456-1806-55a8-3f7e2e63d7a0">
      <Execution id="135c292d-c45d-4e36-8e0a-d46e7e2e5f98" />
      <TestMethod codeBase="C:/Users/Steven/Documents/Visual Studio 2010/Projects/Web Security Backend Login Handler/Test.Web_Security_Backend_Login_Handler/bin/Debug/Test.Web_Security_Backend_Login_Handler.DLL" adapterTypeName="Microsoft.VisualStudio.TestTools.TestTypes.Unit.UnitTestAdapter, Microsoft.VisualStudio.QualityTools.Tips.UnitTest.Adapter, Version=10.0.0.0, Culture=neutral, PublicKeyToken=b03f5f7f11d50a3a" className="Test.Web_Security_Backend_Login_Handler.AuthenticationControllerTest, Test.Web_Security_Backend_Login_Handler, Version=1.0.0.0, Culture=neutral, PublicKeyToken=null" name="authenticateTest_should_launch_nuke_when_given_proper_login_data" />
    </UnitTest>
    <UnitTest name="initializeTest_when_given_good_key_should_return_real_data" storage="c:\users\steven\documents\visual studio 2010\projects\web security backend login handler\test.web_security_backend_login_handler\bin\debug\test.web_security_backend_login_handler.dll" id="a9bb2a96-fdf6-f082-afa7-d86f78b1f65e">
      <Execution id="f9fd27c5-2ed3-4758-9c81-bf356a716528" />
      <TestMethod codeBase="C:/Users/Steven/Documents/Visual Studio 2010/Projects/Web Security Backend Login Handler/Test.Web_Security_Backend_Login_Handler/bin/Debug/Test.Web_Security_Backend_Login_Handler.DLL" adapterTypeName="Microsoft.VisualStudio.TestTools.TestTypes.Unit.UnitTestAdapter, Microsoft.VisualStudio.QualityTools.Tips.UnitTest.Adapter, Version=10.0.0.0, Culture=neutral, PublicKeyToken=b03f5f7f11d50a3a" className="Test.Web_Security_Backend_Login_Handler.AuthenticationControllerTest, Test.Web_Security_Backend_Login_Handler, Version=1.0.0.0, Culture=neutral, PublicKeyToken=null" name="initializeTest_when_given_good_key_should_return_real_data" />
    </UnitTest>
    <UnitTest name="validateloginTest_should_return_false_when_SessionHolder_contains_same_key_but_different_value" storage="c:\users\steven\documents\visual studio 2010\projects\web security backend login handler\test.web_security_backend_login_handler\bin\debug\test.web_security_backend_login_handler.dll" id="c0f680fd-63b7-0fd0-2fe9-268095203a3f">
      <Execution id="7cc0085d-d1da-440e-a25e-993e18bdbb14" />
      <TestMethod codeBase="C:/Users/Steven/Documents/Visual Studio 2010/Projects/Web Security Backend Login Handler/Test.Web_Security_Backend_Login_Handler/bin/Debug/Test.Web_Security_Backend_Login_Handler.DLL" adapterTypeName="Microsoft.VisualStudio.TestTools.TestTypes.Unit.UnitTestAdapter, Microsoft.VisualStudio.QualityTools.Tips.UnitTest.Adapter, Version=10.0.0.0, Culture=neutral, PublicKeyToken=b03f5f7f11d50a3a" className="Test.Web_Security_Backend_Login_Handler.Session_HolderTest, Test.Web_Security_Backend_Login_Handler, Version=1.0.0.0, Culture=neutral, PublicKeyToken=null" name="validateloginTest_should_return_false_when_SessionHolder_contains_same_key_but_different_value" />
    </UnitTest>
    <UnitTest name="get_sessionTest" storage="c:\users\steven\documents\visual studio 2010\projects\web security backend login handler\test.web_security_backend_login_handler\bin\debug\test.web_security_backend_login_handler.dll" id="2fcca4c6-5024-5037-e412-25e2db3d580b">
      <Execution id="8c3158bc-d019-4975-963f-57e42b197a6c" />
      <TestMethod codeBase="C:/Users/Steven/Documents/Visual Studio 2010/Projects/Web Security Backend Login Handler/Test.Web_Security_Backend_Login_Handler/bin/Debug/Test.Web_Security_Backend_Login_Handler.DLL" adapterTypeName="Microsoft.VisualStudio.TestTools.TestTypes.Unit.UnitTestAdapter, Microsoft.VisualStudio.QualityTools.Tips.UnitTest.Adapter, Version=10.0.0.0, Culture=neutral, PublicKeyToken=b03f5f7f11d50a3a" className="Test.Web_Security_Backend_Login_Handler.EF_Login_Data_RepositoryTest, Test.Web_Security_Backend_Login_Handler, Version=1.0.0.0, Culture=neutral, PublicKeyToken=null" name="get_sessionTest" />
    </UnitTest>
    <UnitTest name="is_ip_lockedTest_users_should_not_lock_out_after_three_attempts_when_time_between_attempts_is_greater_then_needed" storage="c:\users\steven\documents\visual studio 2010\projects\web security backend login handler\test.web_security_backend_login_handler\bin\debug\test.web_security_backend_login_handler.dll" id="54c985bb-e719-f23b-e3d5-9f6d52ae4c84">
      <Execution id="c1335761-be17-45c8-a232-c081bbe82447" />
      <TestMethod codeBase="C:/Users/Steven/Documents/Visual Studio 2010/Projects/Web Security Backend Login Handler/Test.Web_Security_Backend_Login_Handler/bin/Debug/Test.Web_Security_Backend_Login_Handler.DLL" adapterTypeName="Microsoft.VisualStudio.TestTools.TestTypes.Unit.UnitTestAdapter, Microsoft.VisualStudio.QualityTools.Tips.UnitTest.Adapter, Version=10.0.0.0, Culture=neutral, PublicKeyToken=b03f5f7f11d50a3a" className="Test.Web_Security_Backend_Login_Handler.Service_ManagerTest, Test.Web_Security_Backend_Login_Handler, Version=1.0.0.0, Culture=neutral, PublicKeyToken=null" name="is_ip_lockedTest_users_should_not_lock_out_after_three_attempts_when_time_between_attempts_is_greater_then_needed" />
    </UnitTest>
    <UnitTest name="check_for_unique_session_idTest_should_return_false_when_id_is_found_in_db" storage="c:\users\steven\documents\visual studio 2010\projects\web security backend login handler\test.web_security_backend_login_handler\bin\debug\test.web_security_backend_login_handler.dll" id="7b1471ee-1c15-02d5-289f-ba94c57c4ed4">
      <Execution id="fe215ee9-7e27-4de8-a417-35a8e888a1ba" />
      <TestMethod codeBase="C:/Users/Steven/Documents/Visual Studio 2010/Projects/Web Security Backend Login Handler/Test.Web_Security_Backend_Login_Handler/bin/Debug/Test.Web_Security_Backend_Login_Handler.DLL" adapterTypeName="Microsoft.VisualStudio.TestTools.TestTypes.Unit.UnitTestAdapter, Microsoft.VisualStudio.QualityTools.Tips.UnitTest.Adapter, Version=10.0.0.0, Culture=neutral, PublicKeyToken=b03f5f7f11d50a3a" className="Test.Web_Security_Backend_Login_Handler.EF_Login_Data_RepositoryTest, Test.Web_Security_Backend_Login_Handler, Version=1.0.0.0, Culture=neutral, PublicKeyToken=null" name="check_for_unique_session_idTest_should_return_false_when_id_is_found_in_db" />
    </UnitTest>
  </TestDefinitions>
  <TestLists>
    <TestList name="Results Not in a List" id="8c84fa94-04c1-424b-9868-57a2d4851a1d" />
    <TestList name="All Loaded Results" id="19431567-8539-422a-85d7-44ee4e166bda" />
  </TestLists>
  <TestEntries>
    <TestEntry testId="079bf086-b93c-c2c9-1f00-42b7634ec2f2" executionId="ef3a76c3-7cdd-41a5-8718-6acd11a75fd8" testListId="8c84fa94-04c1-424b-9868-57a2d4851a1d" />
    <TestEntry testId="0841dfaf-52bb-7dfb-7275-49a894f07712" executionId="ae9d0239-b101-4b02-91f7-527224c126f0" testListId="8c84fa94-04c1-424b-9868-57a2d4851a1d" />
    <TestEntry testId="22c85f12-a1ad-519d-548e-0be7657b5c5d" executionId="54db10a6-6d45-43e6-b81e-8db94fdcbafa" testListId="8c84fa94-04c1-424b-9868-57a2d4851a1d" />
    <TestEntry testId="2772b7c6-aea8-ca9f-63ce-5faa048dec51" executionId="5d77e8ff-7d35-40fc-b2cb-1be79b92bade" testListId="8c84fa94-04c1-424b-9868-57a2d4851a1d" />
    <TestEntry testId="29405316-9966-0a8b-31c9-bcb4897049f4" executionId="54d15527-eec8-4943-933b-0b3d6a345095" testListId="8c84fa94-04c1-424b-9868-57a2d4851a1d" />
    <TestEntry testId="2aac691f-68fa-51c4-f6b6-04c304918a9a" executionId="dd59c7ae-da06-4d8c-ad6a-689b1da02c53" testListId="8c84fa94-04c1-424b-9868-57a2d4851a1d" />
    <TestEntry testId="2d732953-32f7-04b9-b633-0438ccd5a389" executionId="7c1a40ab-6160-4a5c-abc4-ebdb72347a5c" testListId="8c84fa94-04c1-424b-9868-57a2d4851a1d" />
    <TestEntry testId="2f6d8dc3-e175-6550-f600-a0a25a455edb" executionId="12e737c5-43ca-46d2-93a6-b364f0729e01" testListId="8c84fa94-04c1-424b-9868-57a2d4851a1d" />
    <TestEntry testId="2fcca4c6-5024-5037-e412-25e2db3d580b" executionId="8c3158bc-d019-4975-963f-57e42b197a6c" testListId="8c84fa94-04c1-424b-9868-57a2d4851a1d" />
    <TestEntry testId="368bdd97-67d3-cf24-9eb4-e8a0266a0986" executionId="21ff4cc7-e7b5-48d9-bbe9-7b0378fd09eb" testListId="8c84fa94-04c1-424b-9868-57a2d4851a1d" />
    <TestEntry testId="3a663574-3180-85f1-cdde-1030a0ef32ad" executionId="e62b54d2-1231-4b1f-a71c-1f97cb8da704" testListId="8c84fa94-04c1-424b-9868-57a2d4851a1d" />
    <TestEntry testId="3b19c030-ff52-ee48-2871-fe3bdb8e3c5f" executionId="3a2027c6-bbc5-445d-9b13-bea6b45c734a" testListId="8c84fa94-04c1-424b-9868-57a2d4851a1d" />
    <TestEntry testId="3ca1841b-33ff-64be-37dc-bb3397b6b3f8" executionId="45873313-7271-4aaf-b667-58b67cc356d9" testListId="8c84fa94-04c1-424b-9868-57a2d4851a1d" />
    <TestEntry testId="4130b1bb-a456-1806-55a8-3f7e2e63d7a0" executionId="135c292d-c45d-4e36-8e0a-d46e7e2e5f98" testListId="8c84fa94-04c1-424b-9868-57a2d4851a1d" />
    <TestEntry testId="451ca797-209b-dee9-6367-89f6f7d14060" executionId="a0a13002-39ec-4ce1-9a15-28318202499e" testListId="8c84fa94-04c1-424b-9868-57a2d4851a1d" />
    <TestEntry testId="456fe2e4-effc-7286-1bfa-b6cee2caa7e3" executionId="7d4523eb-ee22-4cb8-bd80-1baaf438ed9d" testListId="8c84fa94-04c1-424b-9868-57a2d4851a1d" />
    <TestEntry testId="4897a04b-2374-7309-30e3-a76570127718" executionId="bc6de485-18ac-41ff-bfe0-bfca47c7f4c6" testListId="8c84fa94-04c1-424b-9868-57a2d4851a1d" />
    <TestEntry testId="49ac4308-2507-de1d-6da1-ee6cc36e8c86" executionId="6f6c7cfd-be53-4297-9e86-41c5b8339015" testListId="8c84fa94-04c1-424b-9868-57a2d4851a1d" />
    <TestEntry testId="4db1e1e3-7d8c-da35-b557-8700fecb4cae" executionId="bb801371-1e14-4db7-a526-4985cdbdd4de" testListId="8c84fa94-04c1-424b-9868-57a2d4851a1d" />
    <TestEntry testId="54c985bb-e719-f23b-e3d5-9f6d52ae4c84" executionId="c1335761-be17-45c8-a232-c081bbe82447" testListId="8c84fa94-04c1-424b-9868-57a2d4851a1d" />
    <TestEntry testId="5a62df0c-700f-04be-be4d-bfeee5483f10" executionId="efb7f1c7-b87a-4208-b053-f0e60872dd1d" testListId="8c84fa94-04c1-424b-9868-57a2d4851a1d" />
    <TestEntry testId="67edcd63-6396-56e4-d814-19352322cb50" executionId="2f346074-f718-436e-9b93-bde008bb6935" testListId="8c84fa94-04c1-424b-9868-57a2d4851a1d" />
    <TestEntry testId="7b1471ee-1c15-02d5-289f-ba94c57c4ed4" executionId="fe215ee9-7e27-4de8-a417-35a8e888a1ba" testListId="8c84fa94-04c1-424b-9868-57a2d4851a1d" />
    <TestEntry testId="7d16d515-8857-ef40-7b11-d26c075d3e87" executionId="f4060865-1882-4317-8b4b-94e8d5b44395" testListId="8c84fa94-04c1-424b-9868-57a2d4851a1d" />
    <TestEntry testId="7ec82646-bfa5-fc5d-43af-a673eb439cf8" executionId="20a8b3fc-1c5e-4a62-a7ba-39702cc10385" testListId="8c84fa94-04c1-424b-9868-57a2d4851a1d" />
    <TestEntry testId="8b26d94c-54b1-f145-32dd-94c7292f6dc1" executionId="4249d174-39bd-4272-916e-b741c79f0515" testListId="8c84fa94-04c1-424b-9868-57a2d4851a1d" />
    <TestEntry testId="972b6f7c-0580-faff-8ab3-18e7fe4dd471" executionId="6d3d1ae2-5562-4c47-816b-485717227994" testListId="8c84fa94-04c1-424b-9868-57a2d4851a1d" />
    <TestEntry testId="9979932b-cf13-fa30-2fc9-ff4981bbae56" executionId="17f6a0fa-9c3f-4121-8a51-e823e0b30e9b" testListId="8c84fa94-04c1-424b-9868-57a2d4851a1d" />
    <TestEntry testId="9a17c7d1-5b24-127e-8a9a-1e236c20a42e" executionId="984a0bbc-4afe-4c1b-baa4-73d5e9739b0e" testListId="8c84fa94-04c1-424b-9868-57a2d4851a1d" />
    <TestEntry testId="9f02821a-fcc4-04ab-16ff-bb8c74969c39" executionId="d6e54ff1-a64d-4fb0-8fcf-9403663b3bbf" testListId="8c84fa94-04c1-424b-9868-57a2d4851a1d" />
    <TestEntry testId="a06c8703-aad3-9716-909a-c0a258c09d3f" executionId="f7e16ccb-d003-4d2b-952a-dd41ebc61a86" testListId="8c84fa94-04c1-424b-9868-57a2d4851a1d" />
    <TestEntry testId="a2b354b1-8faa-db23-b9f7-ec425e3e65c4" executionId="33a61e67-a693-4132-81b2-f098e434668d" testListId="8c84fa94-04c1-424b-9868-57a2d4851a1d" />
    <TestEntry testId="a47d8046-29f4-8927-47f0-c265c9287b02" executionId="d30809fc-5d0b-4e69-9180-3641a4a34691" testListId="8c84fa94-04c1-424b-9868-57a2d4851a1d" />
    <TestEntry testId="a9bb2a96-fdf6-f082-afa7-d86f78b1f65e" executionId="f9fd27c5-2ed3-4758-9c81-bf356a716528" testListId="8c84fa94-04c1-424b-9868-57a2d4851a1d" />
    <TestEntry testId="b8b91aae-b377-e572-aa09-5986400c100d" executionId="ec6fd9a0-095b-4503-87e8-fe78fd326d48" testListId="8c84fa94-04c1-424b-9868-57a2d4851a1d" />
    <TestEntry testId="c0f680fd-63b7-0fd0-2fe9-268095203a3f" executionId="7cc0085d-d1da-440e-a25e-993e18bdbb14" testListId="8c84fa94-04c1-424b-9868-57a2d4851a1d" />
    <TestEntry testId="c25c7c45-fb93-cba1-9819-ebb7722350c0" executionId="194e3c94-047b-4456-8b4c-559ed42fc3f9" testListId="8c84fa94-04c1-424b-9868-57a2d4851a1d" />
    <TestEntry testId="c661e960-557d-6758-3466-a0b7ec8ac25b" executionId="1651f1ed-d1fc-4037-b363-16dc43a4fbeb" testListId="8c84fa94-04c1-424b-9868-57a2d4851a1d" />
    <TestEntry testId="c6fdb9bc-0e83-4bbf-fff2-a9c35967cc4a" executionId="3b36ec1a-bdd4-41c0-80e3-ef59c9cb8057" testListId="8c84fa94-04c1-424b-9868-57a2d4851a1d" />
    <TestEntry testId="ddd024be-5c7b-d757-e53e-80df9d3f62ee" executionId="5bc0ccec-a9e0-4362-9f1a-b3305904e65a" testListId="8c84fa94-04c1-424b-9868-57a2d4851a1d" />
    <TestEntry testId="e9c46ba5-c232-bbce-d63c-9ee4c6aa846d" executionId="fadbfcd0-85e9-4538-9e81-da8ca20a7b41" testListId="8c84fa94-04c1-424b-9868-57a2d4851a1d" />
    <TestEntry testId="fec82914-8d2b-ce0e-0f68-141c8e76da6f" executionId="8823a539-7888-4210-a515-c612bb36232a" testListId="8c84fa94-04c1-424b-9868-57a2d4851a1d" />
  </TestEntries>
  <Results>
    <UnitTestResult executionId="ef3a76c3-7cdd-41a5-8718-6acd11a75fd8" testId="079bf086-b93c-c2c9-1f00-42b7634ec2f2" testName="store_failed_initialize_attemptTest" computerName="2TAFFY" duration="00:00:04.2100409" startTime="2012-04-25T16:20:36.9150390-04:00" endTime="2012-04-25T16:20:41.7148437-04:00" testType="13cdc9d9-ddb5-4fa4-a97d-d965ccfc6d4b" outcome="Passed" testListId="8c84fa94-04c1-424b-9868-57a2d4851a1d" relativeResultsDirectory="ef3a76c3-7cdd-41a5-8718-6acd11a75fd8">
    </UnitTestResult>
    <UnitTestResult executionId="ae9d0239-b101-4b02-91f7-527224c126f0" testId="0841dfaf-52bb-7dfb-7275-49a894f07712" testName="validateloginTest_should_return_true_when_login_attempt_from_different_hash_objects" computerName="2TAFFY" duration="00:00:00.0079335" startTime="2012-04-25T16:20:41.7304687-04:00" endTime="2012-04-25T16:20:41.7617187-04:00" testType="13cdc9d9-ddb5-4fa4-a97d-d965ccfc6d4b" outcome="Passed" testListId="8c84fa94-04c1-424b-9868-57a2d4851a1d" relativeResultsDirectory="ae9d0239-b101-4b02-91f7-527224c126f0">
    </UnitTestResult>
    <UnitTestResult executionId="54db10a6-6d45-43e6-b81e-8db94fdcbafa" testId="22c85f12-a1ad-519d-548e-0be7657b5c5d" testName="check_for_unique_pub_keyTest_should_return_false_when_the_same_REMOTE_key_exists" computerName="2TAFFY" duration="00:00:01.7281949" startTime="2012-04-25T16:20:41.7773437-04:00" endTime="2012-04-25T16:20:43.5273437-04:00" testType="13cdc9d9-ddb5-4fa4-a97d-d965ccfc6d4b" outcome="Passed" testListId="8c84fa94-04c1-424b-9868-57a2d4851a1d" relativeResultsDirectory="54db10a6-6d45-43e6-b81e-8db94fdcbafa">
    </UnitTestResult>
    <UnitTestResult executionId="5d77e8ff-7d35-40fc-b2cb-1be79b92bade" testId="2772b7c6-aea8-ca9f-63ce-5faa048dec51" testName="check_for_unique_pub_keyTest_should_return_True_when_a_different_REMOTE_key_exists" computerName="2TAFFY" duration="00:00:01.2998547" startTime="2012-04-25T16:20:43.5429687-04:00" endTime="2012-04-25T16:20:44.8554687-04:00" testType="13cdc9d9-ddb5-4fa4-a97d-d965ccfc6d4b" outcome="Passed" testListId="8c84fa94-04c1-424b-9868-57a2d4851a1d" relativeResultsDirectory="5d77e8ff-7d35-40fc-b2cb-1be79b92bade">
    </UnitTestResult>
    <UnitTestResult executionId="54d15527-eec8-4943-933b-0b3d6a345095" testId="29405316-9966-0a8b-31c9-bcb4897049f4" testName="authenticateTest_should_expire_session_during_login_attempt" computerName="2TAFFY" duration="00:00:00.0919328" startTime="2012-04-25T16:20:44.8710937-04:00" endTime="2012-04-25T16:20:44.9804687-04:00" testType="13cdc9d9-ddb5-4fa4-a97d-d965ccfc6d4b" outcome="Failed" testListId="8c84fa94-04c1-424b-9868-57a2d4851a1d" relativeResultsDirectory="54d15527-eec8-4943-933b-0b3d6a345095">
      <Output>
        <ErrorInfo>
          <Message>Test method Test.Web_Security_Backend_Login_Handler.AuthenticationControllerTest.authenticateTest_should_expire_session_during_login_attempt threw exception: 
System.ArgumentNullException: Value cannot be null.
Parameter name: path1</Message>
          <StackTrace>   at Web_Security_Backend_Login_Handler.Controllers.AuthenticationController_Accessor..ctor(IDataRepository db)
   at Test.Web_Security_Backend_Login_Handler.AuthenticationControllerTest.authenticateTest_should_expire_session_during_login_attempt() in C:\Users\Steven\Documents\Visual Studio 2010\Projects\Web Security Backend Login Handler\Test.Web_Security_Backend_Login_Handler\AuthenticationControllerTest.cs:line 131
</StackTrace>
        </ErrorInfo>
      </Output>
    </UnitTestResult>
    <UnitTestResult executionId="dd59c7ae-da06-4d8c-ad6a-689b1da02c53" testId="2aac691f-68fa-51c4-f6b6-04c304918a9a" testName="authenticateTest_should_fail_login_when_given_bad_session_id" computerName="2TAFFY" duration="00:00:00.0174790" startTime="2012-04-25T16:20:44.9960937-04:00" endTime="2012-04-25T16:20:45.0273437-04:00" testType="13cdc9d9-ddb5-4fa4-a97d-d965ccfc6d4b" outcome="Failed" testListId="8c84fa94-04c1-424b-9868-57a2d4851a1d" relativeResultsDirectory="dd59c7ae-da06-4d8c-ad6a-689b1da02c53">
      <Output>
        <ErrorInfo>
          <Message>Test method Test.Web_Security_Backend_Login_Handler.AuthenticationControllerTest.authenticateTest_should_fail_login_when_given_bad_session_id threw exception: 
System.ArgumentNullException: Value cannot be null.
Parameter name: path1</Message>
          <StackTrace>    at System.IO.Path.Combine(String path1, String path2, String path3)
   at Web_Security_Backend_Login_Handler.Controllers.AuthenticationController..ctor(IDataRepository db) in C:\Users\Steven\Documents\Visual Studio 2010\Projects\Web Security Backend Login Handler\Web Security Backend Login Handler\Controllers\AuthenticationController.cs:line 18
   at Test.Web_Security_Backend_Login_Handler.AuthenticationControllerTest.authenticateTest_should_fail_login_when_given_bad_session_id() in C:\Users\Steven\Documents\Visual Studio 2010\Projects\Web Security Backend Login Handler\Test.Web_Security_Backend_Login_Handler\AuthenticationControllerTest.cs:line 165
</StackTrace>
        </ErrorInfo>
      </Output>
    </UnitTestResult>
    <UnitTestResult executionId="7c1a40ab-6160-4a5c-abc4-ebdb72347a5c" testId="2d732953-32f7-04b9-b633-0438ccd5a389" testName="get_sessionTest_should_return_null_when_session_is_not_found" computerName="2TAFFY" duration="00:00:01.3587880" startTime="2012-04-25T16:20:45.0429687-04:00" endTime="2012-04-25T16:20:46.4179687-04:00" testType="13cdc9d9-ddb5-4fa4-a97d-d965ccfc6d4b" outcome="Passed" testListId="8c84fa94-04c1-424b-9868-57a2d4851a1d" relativeResultsDirectory="7c1a40ab-6160-4a5c-abc4-ebdb72347a5c">
    </UnitTestResult>
    <UnitTestResult executionId="12e737c5-43ca-46d2-93a6-b364f0729e01" testId="2f6d8dc3-e175-6550-f600-a0a25a455edb" testName="record_failed_attemptTest_should_update_ip_record_when_ip_is_found" computerName="2TAFFY" duration="00:00:00.0068926" startTime="2012-04-25T16:20:46.4335937-04:00" endTime="2012-04-25T16:20:46.4492187-04:00" testType="13cdc9d9-ddb5-4fa4-a97d-d965ccfc6d4b" outcome="Passed" testListId="8c84fa94-04c1-424b-9868-57a2d4851a1d" relativeResultsDirectory="12e737c5-43ca-46d2-93a6-b364f0729e01">
    </UnitTestResult>
    <UnitTestResult executionId="8c3158bc-d019-4975-963f-57e42b197a6c" testId="2fcca4c6-5024-5037-e412-25e2db3d580b" testName="get_sessionTest" computerName="2TAFFY" duration="00:00:01.1699026" startTime="2012-04-25T16:20:46.4648437-04:00" endTime="2012-04-25T16:20:47.6367187-04:00" testType="13cdc9d9-ddb5-4fa4-a97d-d965ccfc6d4b" outcome="Passed" testListId="8c84fa94-04c1-424b-9868-57a2d4851a1d" relativeResultsDirectory="8c3158bc-d019-4975-963f-57e42b197a6c">
    </UnitTestResult>
    <UnitTestResult executionId="21ff4cc7-e7b5-48d9-bbe9-7b0378fd09eb" testId="368bdd97-67d3-cf24-9eb4-e8a0266a0986" testName="store_sessionTest_should_allow_multiple_sessions_to_be_stored" computerName="2TAFFY" duration="00:00:01.4809159" startTime="2012-04-25T16:20:47.6523437-04:00" endTime="2012-04-25T16:20:49.1494140-04:00" testType="13cdc9d9-ddb5-4fa4-a97d-d965ccfc6d4b" outcome="Passed" testListId="8c84fa94-04c1-424b-9868-57a2d4851a1d" relativeResultsDirectory="21ff4cc7-e7b5-48d9-bbe9-7b0378fd09eb">
    </UnitTestResult>
    <UnitTestResult executionId="e62b54d2-1231-4b1f-a71c-1f97cb8da704" testId="3a663574-3180-85f1-cdde-1030a0ef32ad" testName="validateloginTest_should_return_false_when_login_attempt_is_empty" computerName="2TAFFY" duration="00:00:00.0007805" startTime="2012-04-25T16:20:49.1689453-04:00" endTime="2012-04-25T16:20:49.1787109-04:00" testType="13cdc9d9-ddb5-4fa4-a97d-d965ccfc6d4b" outcome="Passed" testListId="8c84fa94-04c1-424b-9868-57a2d4851a1d" relativeResultsDirectory="e62b54d2-1231-4b1f-a71c-1f97cb8da704">
    </UnitTestResult>
    <UnitTestResult executionId="3a2027c6-bbc5-445d-9b13-bea6b45c734a" testId="3b19c030-ff52-ee48-2871-fe3bdb8e3c5f" testName="check_that_initialize_is_not_lockedTest_should_return_false_when_failed_login_attempt_has_happened_within_last_minute" computerName="2TAFFY" duration="00:00:00.0037708" startTime="2012-04-25T16:20:49.1933593-04:00" endTime="2012-04-25T16:20:49.2060546-04:00" testType="13cdc9d9-ddb5-4fa4-a97d-d965ccfc6d4b" outcome="Inconclusive" testListId="8c84fa94-04c1-424b-9868-57a2d4851a1d" relativeResultsDirectory="3a2027c6-bbc5-445d-9b13-bea6b45c734a">
      <Output>
        <ErrorInfo>
          <Message>Assert.Inconclusive failed. </Message>
          <StackTrace>   at Test.Web_Security_Backend_Login_Handler.EF_Login_Data_RepositoryTest.check_that_initialize_is_not_lockedTest_should_return_false_when_failed_login_attempt_has_happened_within_last_minute() in C:\Users\Steven\Documents\Visual Studio 2010\Projects\Web Security Backend Login Handler\Test.Web_Security_Backend_Login_Handler\EF_Login_Data_RepositoryTest.cs:line 209
</StackTrace>
        </ErrorInfo>
      </Output>
    </UnitTestResult>
    <UnitTestResult executionId="45873313-7271-4aaf-b667-58b67cc356d9" testId="3ca1841b-33ff-64be-37dc-bb3397b6b3f8" testName="check_for_unique_pub_keyTest_should_return_true_when_key_does_not_exist_in_db" computerName="2TAFFY" duration="00:00:01.0883221" startTime="2012-04-25T16:20:49.2197265-04:00" endTime="2012-04-25T16:20:50.3281250-04:00" testType="13cdc9d9-ddb5-4fa4-a97d-d965ccfc6d4b" outcome="Passed" testListId="8c84fa94-04c1-424b-9868-57a2d4851a1d" relativeResultsDirectory="45873313-7271-4aaf-b667-58b67cc356d9">
    </UnitTestResult>
    <UnitTestResult executionId="135c292d-c45d-4e36-8e0a-d46e7e2e5f98" testId="4130b1bb-a456-1806-55a8-3f7e2e63d7a0" testName="authenticateTest_should_launch_nuke_when_given_proper_login_data" computerName="2TAFFY" duration="00:00:00.0044362" startTime="2012-04-25T16:20:50.3437500-04:00" endTime="2012-04-25T16:20:50.3593750-04:00" testType="13cdc9d9-ddb5-4fa4-a97d-d965ccfc6d4b" outcome="Failed" testListId="8c84fa94-04c1-424b-9868-57a2d4851a1d" relativeResultsDirectory="135c292d-c45d-4e36-8e0a-d46e7e2e5f98">
      <Output>
        <ErrorInfo>
          <Message>Test method Test.Web_Security_Backend_Login_Handler.AuthenticationControllerTest.authenticateTest_should_launch_nuke_when_given_proper_login_data threw exception: 
System.ArgumentNullException: Value cannot be null.
Parameter name: path1</Message>
          <StackTrace>    at System.IO.Path.Combine(String path1, String path2, String path3)
   at Web_Security_Backend_Login_Handler.Controllers.AuthenticationController..ctor(IDataRepository db) in C:\Users\Steven\Documents\Visual Studio 2010\Projects\Web Security Backend Login Handler\Web Security Backend Login Handler\Controllers\AuthenticationController.cs:line 18
   at Test.Web_Security_Backend_Login_Handler.AuthenticationControllerTest.authenticateTest_should_launch_nuke_when_given_proper_login_data() in C:\Users\Steven\Documents\Visual Studio 2010\Projects\Web Security Backend Login Handler\Test.Web_Security_Backend_Login_Handler\AuthenticationControllerTest.cs:line 120
</StackTrace>
        </ErrorInfo>
      </Output>
    </UnitTestResult>
    <UnitTestResult executionId="a0a13002-39ec-4ce1-9a15-28318202499e" testId="451ca797-209b-dee9-6367-89f6f7d14060" testName="is_ip_lockedTest_users_should_unlocklock_out_after_four_attempts_if_unlock_period_has_been_exceeded" computerName="2TAFFY" duration="00:00:00.0069910" startTime="2012-04-25T16:20:50.3593750-04:00" endTime="2012-04-25T16:20:50.3906250-04:00" testType="13cdc9d9-ddb5-4fa4-a97d-d965ccfc6d4b" outcome="Passed" testListId="8c84fa94-04c1-424b-9868-57a2d4851a1d" relativeResultsDirectory="a0a13002-39ec-4ce1-9a15-28318202499e">
    </UnitTestResult>
    <UnitTestResult executionId="7d4523eb-ee22-4cb8-bd80-1baaf438ed9d" testId="456fe2e4-effc-7286-1bfa-b6cee2caa7e3" testName="authenticateTest_should_fail_login_when_given_incorrect_login_data" computerName="2TAFFY" duration="00:00:00.0044497" startTime="2012-04-25T16:20:50.4062500-04:00" endTime="2012-04-25T16:20:50.4062500-04:00" testType="13cdc9d9-ddb5-4fa4-a97d-d965ccfc6d4b" outcome="Failed" testListId="8c84fa94-04c1-424b-9868-57a2d4851a1d" relativeResultsDirectory="7d4523eb-ee22-4cb8-bd80-1baaf438ed9d">
      <Output>
        <ErrorInfo>
          <Message>Test method Test.Web_Security_Backend_Login_Handler.AuthenticationControllerTest.authenticateTest_should_fail_login_when_given_incorrect_login_data threw exception: 
System.ArgumentNullException: Value cannot be null.
Parameter name: path1</Message>
          <StackTrace>    at System.IO.Path.Combine(String path1, String path2, String path3)
   at Web_Security_Backend_Login_Handler.Controllers.AuthenticationController..ctor(IDataRepository db) in C:\Users\Steven\Documents\Visual Studio 2010\Projects\Web Security Backend Login Handler\Web Security Backend Login Handler\Controllers\AuthenticationController.cs:line 18
   at Test.Web_Security_Backend_Login_Handler.AuthenticationControllerTest.authenticateTest_should_fail_login_when_given_incorrect_login_data() in C:\Users\Steven\Documents\Visual Studio 2010\Projects\Web Security Backend Login Handler\Test.Web_Security_Backend_Login_Handler\AuthenticationControllerTest.cs:line 153
</StackTrace>
        </ErrorInfo>
      </Output>
    </UnitTestResult>
    <UnitTestResult executionId="bc6de485-18ac-41ff-bfe0-bfca47c7f4c6" testId="4897a04b-2374-7309-30e3-a76570127718" testName="validateloginTest_should_return_false_when_SessionHolder_does_not_contain_same_values" computerName="2TAFFY" duration="00:00:00.0007041" startTime="2012-04-25T16:20:50.4375000-04:00" endTime="2012-04-25T16:20:50.4375000-04:00" testType="13cdc9d9-ddb5-4fa4-a97d-d965ccfc6d4b" outcome="Passed" testListId="8c84fa94-04c1-424b-9868-57a2d4851a1d" relativeResultsDirectory="bc6de485-18ac-41ff-bfe0-bfca47c7f4c6">
    </UnitTestResult>
    <UnitTestResult executionId="6f6c7cfd-be53-4297-9e86-41c5b8339015" testId="49ac4308-2507-de1d-6da1-ee6cc36e8c86" testName="store_sessionTest" computerName="2TAFFY" duration="00:00:01.2248145" startTime="2012-04-25T16:20:50.4531250-04:00" endTime="2012-04-25T16:20:51.6875000-04:00" testType="13cdc9d9-ddb5-4fa4-a97d-d965ccfc6d4b" outcome="Passed" testListId="8c84fa94-04c1-424b-9868-57a2d4851a1d" relativeResultsDirectory="6f6c7cfd-be53-4297-9e86-41c5b8339015">
    </UnitTestResult>
    <UnitTestResult executionId="bb801371-1e14-4db7-a526-4985cdbdd4de" testId="4db1e1e3-7d8c-da35-b557-8700fecb4cae" testName="validateloginTest_should_return_true_when_SessionHolder_contains_alls_same_element_dispite_extra_passed_in_elements" computerName="2TAFFY" duration="00:00:00.0008215" startTime="2012-04-25T16:20:51.7031250-04:00" endTime="2012-04-25T16:20:51.7187500-04:00" testType="13cdc9d9-ddb5-4fa4-a97d-d965ccfc6d4b" outcome="Passed" testListId="8c84fa94-04c1-424b-9868-57a2d4851a1d" relativeResultsDirectory="bb801371-1e14-4db7-a526-4985cdbdd4de">
    </UnitTestResult>
    <UnitTestResult executionId="c1335761-be17-45c8-a232-c081bbe82447" testId="54c985bb-e719-f23b-e3d5-9f6d52ae4c84" testName="is_ip_lockedTest_users_should_not_lock_out_after_three_attempts_when_time_between_attempts_is_greater_then_needed" computerName="2TAFFY" duration="00:00:00.0009260" startTime="2012-04-25T16:20:51.7343750-04:00" endTime="2012-04-25T16:20:51.7343750-04:00" testType="13cdc9d9-ddb5-4fa4-a97d-d965ccfc6d4b" outcome="Passed" testListId="8c84fa94-04c1-424b-9868-57a2d4851a1d" relativeResultsDirectory="c1335761-be17-45c8-a232-c081bbe82447">
    </UnitTestResult>
    <UnitTestResult executionId="efb7f1c7-b87a-4208-b053-f0e60872dd1d" testId="5a62df0c-700f-04be-be4d-bfeee5483f10" testName="check_for_unique_data_stringTest_should_return_false_when_string_is_found_in_db" computerName="2TAFFY" duration="00:00:01.3612795" startTime="2012-04-25T16:20:51.7500000-04:00" endTime="2012-04-25T16:20:53.1250000-04:00" testType="13cdc9d9-ddb5-4fa4-a97d-d965ccfc6d4b" outcome="Passed" testListId="8c84fa94-04c1-424b-9868-57a2d4851a1d" relativeResultsDirectory="efb7f1c7-b87a-4208-b053-f0e60872dd1d">
    </UnitTestResult>
    <UnitTestResult executionId="2f346074-f718-436e-9b93-bde008bb6935" testId="67edcd63-6396-56e4-d814-19352322cb50" testName="Service_Manager_object_should_still_hold_attempts_when_deserialized" computerName="2TAFFY" duration="00:00:00.0138830" startTime="2012-04-25T16:20:53.1406250-04:00" endTime="2012-04-25T16:20:53.1718750-04:00" testType="13cdc9d9-ddb5-4fa4-a97d-d965ccfc6d4b" outcome="Passed" testListId="8c84fa94-04c1-424b-9868-57a2d4851a1d" relativeResultsDirectory="2f346074-f718-436e-9b93-bde008bb6935">
    </UnitTestResult>
    <UnitTestResult executionId="fe215ee9-7e27-4de8-a417-35a8e888a1ba" testId="7b1471ee-1c15-02d5-289f-ba94c57c4ed4" testName="check_for_unique_session_idTest_should_return_false_when_id_is_found_in_db" computerName="2TAFFY" duration="00:00:01.4724760" startTime="2012-04-25T16:20:53.1875000-04:00" endTime="2012-04-25T16:20:54.6875000-04:00" testType="13cdc9d9-ddb5-4fa4-a97d-d965ccfc6d4b" outcome="Passed" testListId="8c84fa94-04c1-424b-9868-57a2d4851a1d" relativeResultsDirectory="fe215ee9-7e27-4de8-a417-35a8e888a1ba">
    </UnitTestResult>
    <UnitTestResult executionId="f4060865-1882-4317-8b4b-94e8d5b44395" testId="7d16d515-8857-ef40-7b11-d26c075d3e87" testName="is_ip_lockedTest_users_should_not_lock_out_an_unknown_ip" computerName="2TAFFY" duration="00:00:00.0006120" startTime="2012-04-25T16:20:54.7031250-04:00" endTime="2012-04-25T16:20:54.7031250-04:00" testType="13cdc9d9-ddb5-4fa4-a97d-d965ccfc6d4b" outcome="Passed" testListId="8c84fa94-04c1-424b-9868-57a2d4851a1d" relativeResultsDirectory="f4060865-1882-4317-8b4b-94e8d5b44395">
    </UnitTestResult>
    <UnitTestResult executionId="20a8b3fc-1c5e-4a62-a7ba-39702cc10385" testId="7ec82646-bfa5-fc5d-43af-a673eb439cf8" testName="validateloginTest_should_return_false_when_SessionHolder_contains_no_values" computerName="2TAFFY" duration="00:00:00.0005853" startTime="2012-04-25T16:20:54.7187500-04:00" endTime="2012-04-25T16:20:54.7343750-04:00" testType="13cdc9d9-ddb5-4fa4-a97d-d965ccfc6d4b" outcome="Passed" testListId="8c84fa94-04c1-424b-9868-57a2d4851a1d" relativeResultsDirectory="20a8b3fc-1c5e-4a62-a7ba-39702cc10385">
    </UnitTestResult>
    <UnitTestResult executionId="4249d174-39bd-4272-916e-b741c79f0515" testId="8b26d94c-54b1-f145-32dd-94c7292f6dc1" testName="initializeTest_when_given_string_in_pubKey_should_return_fake_data" computerName="2TAFFY" duration="00:00:00.0056174" startTime="2012-04-25T16:20:54.7500000-04:00" endTime="2012-04-25T16:20:54.7500000-04:00" testType="13cdc9d9-ddb5-4fa4-a97d-d965ccfc6d4b" outcome="Failed" testListId="8c84fa94-04c1-424b-9868-57a2d4851a1d" relativeResultsDirectory="4249d174-39bd-4272-916e-b741c79f0515">
      <Output>
        <ErrorInfo>
          <Message>Test method Test.Web_Security_Backend_Login_Handler.AuthenticationControllerTest.initializeTest_when_given_string_in_pubKey_should_return_fake_data threw exception: 
System.ArgumentNullException: Value cannot be null.
Parameter name: path1</Message>
          <StackTrace>    at System.IO.Path.Combine(String path1, String path2, String path3)
   at Web_Security_Backend_Login_Handler.Controllers.AuthenticationController..ctor(IDataRepository db) in C:\Users\Steven\Documents\Visual Studio 2010\Projects\Web Security Backend Login Handler\Web Security Backend Login Handler\Controllers\AuthenticationController.cs:line 18
   at Test.Web_Security_Backend_Login_Handler.AuthenticationControllerTest.initializeTest_when_given_string_in_pubKey_should_return_fake_data() in C:\Users\Steven\Documents\Visual Studio 2010\Projects\Web Security Backend Login Handler\Test.Web_Security_Backend_Login_Handler\AuthenticationControllerTest.cs:line 98
</StackTrace>
        </ErrorInfo>
      </Output>
    </UnitTestResult>
    <UnitTestResult executionId="6d3d1ae2-5562-4c47-816b-485717227994" testId="972b6f7c-0580-faff-8ab3-18e7fe4dd471" testName="clean_keyTest" computerName="2TAFFY" duration="00:00:00.0009549" startTime="2012-04-25T16:20:54.7812500-04:00" endTime="2012-04-25T16:20:54.7968750-04:00" testType="13cdc9d9-ddb5-4fa4-a97d-d965ccfc6d4b" outcome="Passed" testListId="8c84fa94-04c1-424b-9868-57a2d4851a1d" relativeResultsDirectory="6d3d1ae2-5562-4c47-816b-485717227994">
    </UnitTestResult>
    <UnitTestResult executionId="17f6a0fa-9c3f-4121-8a51-e823e0b30e9b" testId="9979932b-cf13-fa30-2fc9-ff4981bbae56" testName="record_failed_attemptTest_should_create_a_new_ip_record_when_none_is_found" computerName="2TAFFY" duration="00:00:00.0010551" startTime="2012-04-25T16:20:54.8125000-04:00" endTime="2012-04-25T16:20:54.8281250-04:00" testType="13cdc9d9-ddb5-4fa4-a97d-d965ccfc6d4b" outcome="Passed" testListId="8c84fa94-04c1-424b-9868-57a2d4851a1d" relativeResultsDirectory="17f6a0fa-9c3f-4121-8a51-e823e0b30e9b">
    </UnitTestResult>
    <UnitTestResult executionId="984a0bbc-4afe-4c1b-baa4-73d5e9739b0e" testId="9a17c7d1-5b24-127e-8a9a-1e236c20a42e" testName="initializeTest_when_given_bad_key_should_return_fake_data" computerName="2TAFFY" duration="00:00:00.0052398" startTime="2012-04-25T16:20:54.8281250-04:00" endTime="2012-04-25T16:20:54.8437500-04:00" testType="13cdc9d9-ddb5-4fa4-a97d-d965ccfc6d4b" outcome="Failed" testListId="8c84fa94-04c1-424b-9868-57a2d4851a1d" relativeResultsDirectory="984a0bbc-4afe-4c1b-baa4-73d5e9739b0e">
      <Output>
        <ErrorInfo>
          <Message>Test method Test.Web_Security_Backend_Login_Handler.AuthenticationControllerTest.initializeTest_when_given_bad_key_should_return_fake_data threw exception: 
System.ArgumentNullException: Value cannot be null.
Parameter name: path1</Message>
          <StackTrace>    at System.IO.Path.Combine(String path1, String path2, String path3)
   at Web_Security_Backend_Login_Handler.Controllers.AuthenticationController..ctor(IDataRepository db) in C:\Users\Steven\Documents\Visual Studio 2010\Projects\Web Security Backend Login Handler\Web Security Backend Login Handler\Controllers\AuthenticationController.cs:line 18
   at Test.Web_Security_Backend_Login_Handler.AuthenticationControllerTest.initializeTest_when_given_bad_key_should_return_fake_data() in C:\Users\Steven\Documents\Visual Studio 2010\Projects\Web Security Backend Login Handler\Test.Web_Security_Backend_Login_Handler\AuthenticationControllerTest.cs:line 87
</StackTrace>
        </ErrorInfo>
      </Output>
    </UnitTestResult>
    <UnitTestResult executionId="d6e54ff1-a64d-4fb0-8fcf-9403663b3bbf" testId="9f02821a-fcc4-04ab-16ff-bb8c74969c39" testName="Raw_Data_BuilderConstructorTest" computerName="2TAFFY" duration="00:00:00.0041956" startTime="2012-04-25T16:20:54.8593750-04:00" endTime="2012-04-25T16:20:54.8750000-04:00" testType="13cdc9d9-ddb5-4fa4-a97d-d965ccfc6d4b" outcome="Passed" testListId="8c84fa94-04c1-424b-9868-57a2d4851a1d" relativeResultsDirectory="d6e54ff1-a64d-4fb0-8fcf-9403663b3bbf">
    </UnitTestResult>
    <UnitTestResult executionId="f7e16ccb-d003-4d2b-952a-dd41ebc61a86" testId="a06c8703-aad3-9716-909a-c0a258c09d3f" testName="expire_sessionTest" computerName="2TAFFY" duration="00:00:01.4975771" startTime="2012-04-25T16:20:54.8906250-04:00" endTime="2012-04-25T16:20:56.4023437-04:00" testType="13cdc9d9-ddb5-4fa4-a97d-d965ccfc6d4b" outcome="Passed" testListId="8c84fa94-04c1-424b-9868-57a2d4851a1d" relativeResultsDirectory="f7e16ccb-d003-4d2b-952a-dd41ebc61a86">
    </UnitTestResult>
    <UnitTestResult executionId="33a61e67-a693-4132-81b2-f098e434668d" testId="a2b354b1-8faa-db23-b9f7-ec425e3e65c4" testName="check_for_unique_pub_keyTest_should_return_True_when_a_different_SERVER_key_exists" computerName="2TAFFY" duration="00:00:01.4193189" startTime="2012-04-25T16:20:56.4082031-04:00" endTime="2012-04-25T16:20:57.8632812-04:00" testType="13cdc9d9-ddb5-4fa4-a97d-d965ccfc6d4b" outcome="Passed" testListId="8c84fa94-04c1-424b-9868-57a2d4851a1d" relativeResultsDirectory="33a61e67-a693-4132-81b2-f098e434668d">
    </UnitTestResult>
    <UnitTestResult executionId="d30809fc-5d0b-4e69-9180-3641a4a34691" testId="a47d8046-29f4-8927-47f0-c265c9287b02" testName="calculate_keyTest" computerName="2TAFFY" duration="00:00:00.0035474" startTime="2012-04-25T16:20:57.8789062-04:00" endTime="2012-04-25T16:20:57.8945312-04:00" testType="13cdc9d9-ddb5-4fa4-a97d-d965ccfc6d4b" outcome="Passed" testListId="8c84fa94-04c1-424b-9868-57a2d4851a1d" relativeResultsDirectory="d30809fc-5d0b-4e69-9180-3641a4a34691">
    </UnitTestResult>
    <UnitTestResult executionId="f9fd27c5-2ed3-4758-9c81-bf356a716528" testId="a9bb2a96-fdf6-f082-afa7-d86f78b1f65e" testName="initializeTest_when_given_good_key_should_return_real_data" computerName="2TAFFY" duration="00:00:00.0098793" startTime="2012-04-25T16:20:57.9101562-04:00" endTime="2012-04-25T16:20:57.9257812-04:00" testType="13cdc9d9-ddb5-4fa4-a97d-d965ccfc6d4b" outcome="Failed" testListId="8c84fa94-04c1-424b-9868-57a2d4851a1d" relativeResultsDirectory="f9fd27c5-2ed3-4758-9c81-bf356a716528">
      <Output>
        <ErrorInfo>
          <Message>Test method Test.Web_Security_Backend_Login_Handler.AuthenticationControllerTest.initializeTest_when_given_good_key_should_return_real_data threw exception: 
System.ArgumentNullException: Value cannot be null.
Parameter name: path1</Message>
          <StackTrace>    at System.IO.Path.Combine(String path1, String path2, String path3)
   at Web_Security_Backend_Login_Handler.Controllers.AuthenticationController..ctor(IDataRepository db) in C:\Users\Steven\Documents\Visual Studio 2010\Projects\Web Security Backend Login Handler\Web Security Backend Login Handler\Controllers\AuthenticationController.cs:line 18
   at Test.Web_Security_Backend_Login_Handler.AuthenticationControllerTest.initializeTest_when_given_good_key_should_return_real_data() in C:\Users\Steven\Documents\Visual Studio 2010\Projects\Web Security Backend Login Handler\Test.Web_Security_Backend_Login_Handler\AuthenticationControllerTest.cs:line 76
</StackTrace>
        </ErrorInfo>
      </Output>
    </UnitTestResult>
    <UnitTestResult executionId="ec6fd9a0-095b-4503-87e8-fe78fd326d48" testId="b8b91aae-b377-e572-aa09-5986400c100d" testName="validateTest" computerName="2TAFFY" duration="00:00:00.0006357" startTime="2012-04-25T16:20:57.9414062-04:00" endTime="2012-04-25T16:20:57.9726562-04:00" testType="13cdc9d9-ddb5-4fa4-a97d-d965ccfc6d4b" outcome="Passed" testListId="8c84fa94-04c1-424b-9868-57a2d4851a1d" relativeResultsDirectory="ec6fd9a0-095b-4503-87e8-fe78fd326d48">
    </UnitTestResult>
    <UnitTestResult executionId="7cc0085d-d1da-440e-a25e-993e18bdbb14" testId="c0f680fd-63b7-0fd0-2fe9-268095203a3f" testName="validateloginTest_should_return_false_when_SessionHolder_contains_same_key_but_different_value" computerName="2TAFFY" duration="00:00:00.0006946" startTime="2012-04-25T16:20:57.9726562-04:00" endTime="2012-04-25T16:20:57.9882812-04:00" testType="13cdc9d9-ddb5-4fa4-a97d-d965ccfc6d4b" outcome="Passed" testListId="8c84fa94-04c1-424b-9868-57a2d4851a1d" relativeResultsDirectory="7cc0085d-d1da-440e-a25e-993e18bdbb14">
    </UnitTestResult>
    <UnitTestResult executionId="194e3c94-047b-4456-8b4c-559ed42fc3f9" testId="c25c7c45-fb93-cba1-9819-ebb7722350c0" testName="check_for_unique_data_stringTest_should_return_true_when_string_is_not_found_in_db" computerName="2TAFFY" duration="00:00:01.0713977" startTime="2012-04-25T16:20:58.0039062-04:00" endTime="2012-04-25T16:20:59.0820312-04:00" testType="13cdc9d9-ddb5-4fa4-a97d-d965ccfc6d4b" outcome="Passed" testListId="8c84fa94-04c1-424b-9868-57a2d4851a1d" relativeResultsDirectory="194e3c94-047b-4456-8b4c-559ed42fc3f9">
    </UnitTestResult>
    <UnitTestResult executionId="1651f1ed-d1fc-4037-b363-16dc43a4fbeb" testId="c661e960-557d-6758-3466-a0b7ec8ac25b" testName="check_for_unique_session_idTest_should_return_true_when_id_is_not_found_in_db" computerName="2TAFFY" duration="00:00:01.2386628" startTime="2012-04-25T16:20:59.0976562-04:00" endTime="2012-04-25T16:21:00.3476562-04:00" testType="13cdc9d9-ddb5-4fa4-a97d-d965ccfc6d4b" outcome="Passed" testListId="8c84fa94-04c1-424b-9868-57a2d4851a1d" relativeResultsDirectory="1651f1ed-d1fc-4037-b363-16dc43a4fbeb">
    </UnitTestResult>
    <UnitTestResult executionId="3b36ec1a-bdd4-41c0-80e3-ef59c9cb8057" testId="c6fdb9bc-0e83-4bbf-fff2-a9c35967cc4a" testName="is_ip_lockedTest_users_should_lock_out_after_four_attempts_even_though_time_between_attempts" computerName="2TAFFY" duration="00:00:00.0010068" startTime="2012-04-25T16:21:00.3632812-04:00" endTime="2012-04-25T16:21:00.3789062-04:00" testType="13cdc9d9-ddb5-4fa4-a97d-d965ccfc6d4b" outcome="Passed" testListId="8c84fa94-04c1-424b-9868-57a2d4851a1d" relativeResultsDirectory="3b36ec1a-bdd4-41c0-80e3-ef59c9cb8057">
    </UnitTestResult>
    <UnitTestResult executionId="5bc0ccec-a9e0-4362-9f1a-b3305904e65a" testId="ddd024be-5c7b-d757-e53e-80df9d3f62ee" testName="check_for_unique_pub_keyTest_should_return_false_when_the_same_SERVER_key_exists" computerName="2TAFFY" duration="00:00:01.2147115" startTime="2012-04-25T16:21:00.3945312-04:00" endTime="2012-04-25T16:21:01.6132812-04:00" testType="13cdc9d9-ddb5-4fa4-a97d-d965ccfc6d4b" outcome="Passed" testListId="8c84fa94-04c1-424b-9868-57a2d4851a1d" relativeResultsDirectory="5bc0ccec-a9e0-4362-9f1a-b3305904e65a">
    </UnitTestResult>
    <UnitTestResult executionId="fadbfcd0-85e9-4538-9e81-da8ca20a7b41" testId="e9c46ba5-c232-bbce-d63c-9ee4c6aa846d" testName="check_that_initialize_is_not_lockedTest_should_return_true_when_it_is_not_locked" computerName="2TAFFY" duration="00:00:01.0986354" startTime="2012-04-25T16:21:01.6289062-04:00" endTime="2012-04-25T16:21:02.7539062-04:00" testType="13cdc9d9-ddb5-4fa4-a97d-d965ccfc6d4b" outcome="Passed" testListId="8c84fa94-04c1-424b-9868-57a2d4851a1d" relativeResultsDirectory="fadbfcd0-85e9-4538-9e81-da8ca20a7b41">
    </UnitTestResult>
    <UnitTestResult executionId="8823a539-7888-4210-a515-c612bb36232a" testId="fec82914-8d2b-ce0e-0f68-141c8e76da6f" testName="dirty_keyTest" computerName="2TAFFY" duration="00:00:00.0007476" startTime="2012-04-25T16:21:02.7695312-04:00" endTime="2012-04-25T16:21:02.7851562-04:00" testType="13cdc9d9-ddb5-4fa4-a97d-d965ccfc6d4b" outcome="Passed" testListId="8c84fa94-04c1-424b-9868-57a2d4851a1d" relativeResultsDirectory="8823a539-7888-4210-a515-c612bb36232a">
    </UnitTestResult>
  </Results>
</TestRun>