<?xml version="1.0" encoding="UTF-8"?>
<TestRun id="d35185cd-715c-4948-92e0-458360af142a" name="Steven@2TAFFY 2012-04-25 10:50:56" runUser="2taffy\Steven" xmlns="http://microsoft.com/schemas/VisualStudio/TeamTest/2010">
  <TestSettings name="Local" id="948a7d2c-a449-40cc-93d7-295f2060e854">
    <Description>These are default test settings for a local test run.</Description>
    <Deployment enabled="false" runDeploymentRoot="Steven_2TAFFY 2012-04-25 10_50_56">
      <DeploymentItem filename="C:\Users\Steven\Documents\Visual Studio 2010\Projects\Web Security Backend Login Handler\Web Security Backend Login Handler\bin\Web Security Backend Login Handler.dll" />
      <DeploymentItem filename="C:\Users\Steven\Desktop\RSAClasses\RSAClasses\bin\Debug\RSAClasses.dll" />
      <DeploymentItem filename="C:\Users\Steven\Documents\Visual Studio 2010\Projects\Web Security Backend Login Handler\packages\EntityFramework.4.1.10331.0\lib\EntityFramework.dll" />
    </Deployment>
    <Execution>
      <TestTypeSpecific />
      <AgentRule name="Execution Agents">
      </AgentRule>
    </Execution>
  </TestSettings>
  <Times creation="2012-04-25T10:50:56.9287109-04:00" queuing="2012-04-25T10:50:57.6787109-04:00" start="2012-04-25T10:50:57.7880859-04:00" finish="2012-04-25T10:50:58.4443359-04:00" />
  <ResultSummary outcome="Completed">
    <Counters total="1" executed="1" passed="1" error="0" failed="0" timeout="0" aborted="0" inconclusive="0" passedButRunAborted="0" notRunnable="0" notExecuted="0" disconnected="0" warning="0" completed="0" inProgress="0" pending="0" />
  </ResultSummary>
  <TestDefinitions>
    <UnitTest name="is_ip_lockedTest_users_should_lock_out_after_four_attempts_even_though_time_between_attempts" storage="c:\users\steven\documents\visual studio 2010\projects\web security backend login handler\test.web_security_backend_login_handler\bin\debug\test.web_security_backend_login_handler.dll" id="c6fdb9bc-0e83-4bbf-fff2-a9c35967cc4a">
      <Execution id="eb3c1339-7aef-4550-bb6b-8c193f964f58" />
      <TestMethod codeBase="C:/Users/Steven/Documents/Visual Studio 2010/Projects/Web Security Backend Login Handler/Test.Web_Security_Backend_Login_Handler/bin/Debug/Test.Web_Security_Backend_Login_Handler.DLL" adapterTypeName="Microsoft.VisualStudio.TestTools.TestTypes.Unit.UnitTestAdapter, Microsoft.VisualStudio.QualityTools.Tips.UnitTest.Adapter, Version=10.0.0.0, Culture=neutral, PublicKeyToken=b03f5f7f11d50a3a" className="Test.Web_Security_Backend_Login_Handler.Service_ManagerTest, Test.Web_Security_Backend_Login_Handler, Version=1.0.0.0, Culture=neutral, PublicKeyToken=null" name="is_ip_lockedTest_users_should_lock_out_after_four_attempts_even_though_time_between_attempts" />
    </UnitTest>
  </TestDefinitions>
  <TestLists>
    <TestList name="Results Not in a List" id="8c84fa94-04c1-424b-9868-57a2d4851a1d" />
    <TestList name="All Loaded Results" id="19431567-8539-422a-85d7-44ee4e166bda" />
  </TestLists>
  <TestEntries>
    <TestEntry testId="c6fdb9bc-0e83-4bbf-fff2-a9c35967cc4a" executionId="eb3c1339-7aef-4550-bb6b-8c193f964f58" testListId="8c84fa94-04c1-424b-9868-57a2d4851a1d" />
  </TestEntries>
  <Results>
    <UnitTestResult executionId="eb3c1339-7aef-4550-bb6b-8c193f964f58" testId="c6fdb9bc-0e83-4bbf-fff2-a9c35967cc4a" testName="is_ip_lockedTest_users_should_lock_out_after_four_attempts_even_though_time_between_attempts" computerName="2TAFFY" duration="00:00:00.0726904" startTime="2012-04-25T10:50:57.8193359-04:00" endTime="2012-04-25T10:50:58.3974609-04:00" testType="13cdc9d9-ddb5-4fa4-a97d-d965ccfc6d4b" outcome="Passed" testListId="8c84fa94-04c1-424b-9868-57a2d4851a1d" relativeResultsDirectory="eb3c1339-7aef-4550-bb6b-8c193f964f58">
    </UnitTestResult>
  </Results>
</TestRun>