<?xml version="1.0" encoding="UTF-8"?>
<TestRun id="21001bb5-0c9a-4f34-ab9b-01ba4efe5928" name="Steven@2TAFFY 2012-04-06 11:21:16" runUser="2taffy\Steven" xmlns="http://microsoft.com/schemas/VisualStudio/TeamTest/2010">
  <TestSettings name="Local" id="948a7d2c-a449-40cc-93d7-295f2060e854">
    <Description>These are default test settings for a local test run.</Description>
    <Deployment enabled="false" runDeploymentRoot="Steven_2TAFFY 2012-04-06 11_21_16">
      <DeploymentItem filename="c:\users\steven\documents\visual studio 2010\Projects\Web Security Backend Login Handler\packages\EntityFramework.4.1.10331.0\lib\EntityFramework.dll" />
      <DeploymentItem filename="c:\users\steven\documents\visual studio 2010\Projects\Web Security Backend Login Handler\Web Security Backend Login Handler\bin\Web Security Backend Login Handler.dll" />
    </Deployment>
    <Execution>
      <TestTypeSpecific />
      <AgentRule name="Execution Agents">
      </AgentRule>
    </Execution>
  </TestSettings>
  <Times creation="2012-04-06T11:21:16.9082031-04:00" queuing="2012-04-06T11:21:16.9863281-04:00" start="2012-04-06T11:21:17.0332031-04:00" finish="2012-04-06T11:21:17.6113281-04:00" />
  <ResultSummary outcome="Completed">
    <Counters total="3" executed="3" passed="3" error="0" failed="0" timeout="0" aborted="0" inconclusive="0" passedButRunAborted="0" notRunnable="0" notExecuted="0" disconnected="0" warning="0" completed="0" inProgress="0" pending="0" />
  </ResultSummary>
  <TestDefinitions>
    <UnitTest name="dirty_keyTest" storage="c:\users\steven\documents\visual studio 2010\projects\web security backend login handler\test.web_security_backend_login_handler\bin\debug\test.web_security_backend_login_handler.dll" id="fec82914-8d2b-ce0e-0f68-141c8e76da6f">
      <Execution id="200961b1-7d94-45c6-9d42-1f83f149ebc6" />
      <TestMethod codeBase="c:/users/steven/documents/visual studio 2010/Projects/Web Security Backend Login Handler/Test.Web_Security_Backend_Login_Handler/bin/Debug/Test.Web_Security_Backend_Login_Handler.DLL" adapterTypeName="Microsoft.VisualStudio.TestTools.TestTypes.Unit.UnitTestAdapter, Microsoft.VisualStudio.QualityTools.Tips.UnitTest.Adapter, Version=10.0.0.0, Culture=neutral, PublicKeyToken=b03f5f7f11d50a3a" className="Test.Web_Security_Backend_Login_Handler.validate_keyTest, Test.Web_Security_Backend_Login_Handler, Version=1.0.0.0, Culture=neutral, PublicKeyToken=null" name="dirty_keyTest" />
    </UnitTest>
    <UnitTest name="validateTest" storage="c:\users\steven\documents\visual studio 2010\projects\web security backend login handler\test.web_security_backend_login_handler\bin\debug\test.web_security_backend_login_handler.dll" id="b8b91aae-b377-e572-aa09-5986400c100d">
      <Execution id="dda4682e-56ae-4683-96be-03da2c877902" />
      <TestMethod codeBase="c:/users/steven/documents/visual studio 2010/Projects/Web Security Backend Login Handler/Test.Web_Security_Backend_Login_Handler/bin/Debug/Test.Web_Security_Backend_Login_Handler.DLL" adapterTypeName="Microsoft.VisualStudio.TestTools.TestTypes.Unit.UnitTestAdapter, Microsoft.VisualStudio.QualityTools.Tips.UnitTest.Adapter, Version=10.0.0.0, Culture=neutral, PublicKeyToken=b03f5f7f11d50a3a" className="Test.Web_Security_Backend_Login_Handler.validate_keyTest, Test.Web_Security_Backend_Login_Handler, Version=1.0.0.0, Culture=neutral, PublicKeyToken=null" name="validateTest" />
    </UnitTest>
    <UnitTest name="clean_keyTest" storage="c:\users\steven\documents\visual studio 2010\projects\web security backend login handler\test.web_security_backend_login_handler\bin\debug\test.web_security_backend_login_handler.dll" id="972b6f7c-0580-faff-8ab3-18e7fe4dd471">
      <Execution id="f8f687e2-9703-48d9-bf53-014d24c8ca18" />
      <TestMethod codeBase="c:/users/steven/documents/visual studio 2010/Projects/Web Security Backend Login Handler/Test.Web_Security_Backend_Login_Handler/bin/Debug/Test.Web_Security_Backend_Login_Handler.DLL" adapterTypeName="Microsoft.VisualStudio.TestTools.TestTypes.Unit.UnitTestAdapter, Microsoft.VisualStudio.QualityTools.Tips.UnitTest.Adapter, Version=10.0.0.0, Culture=neutral, PublicKeyToken=b03f5f7f11d50a3a" className="Test.Web_Security_Backend_Login_Handler.validate_keyTest, Test.Web_Security_Backend_Login_Handler, Version=1.0.0.0, Culture=neutral, PublicKeyToken=null" name="clean_keyTest" />
    </UnitTest>
  </TestDefinitions>
  <TestLists>
    <TestList name="Results Not in a List" id="8c84fa94-04c1-424b-9868-57a2d4851a1d" />
    <TestList name="All Loaded Results" id="19431567-8539-422a-85d7-44ee4e166bda" />
  </TestLists>
  <TestEntries>
    <TestEntry testId="972b6f7c-0580-faff-8ab3-18e7fe4dd471" executionId="f8f687e2-9703-48d9-bf53-014d24c8ca18" testListId="8c84fa94-04c1-424b-9868-57a2d4851a1d" />
    <TestEntry testId="b8b91aae-b377-e572-aa09-5986400c100d" executionId="dda4682e-56ae-4683-96be-03da2c877902" testListId="8c84fa94-04c1-424b-9868-57a2d4851a1d" />
    <TestEntry testId="fec82914-8d2b-ce0e-0f68-141c8e76da6f" executionId="200961b1-7d94-45c6-9d42-1f83f149ebc6" testListId="8c84fa94-04c1-424b-9868-57a2d4851a1d" />
  </TestEntries>
  <Results>
    <UnitTestResult executionId="f8f687e2-9703-48d9-bf53-014d24c8ca18" testId="972b6f7c-0580-faff-8ab3-18e7fe4dd471" testName="clean_keyTest" computerName="2TAFFY" duration="00:00:00.0312180" startTime="2012-04-06T11:21:17.0644531-04:00" endTime="2012-04-06T11:21:17.4707031-04:00" testType="13cdc9d9-ddb5-4fa4-a97d-d965ccfc6d4b" outcome="Passed" testListId="8c84fa94-04c1-424b-9868-57a2d4851a1d" relativeResultsDirectory="f8f687e2-9703-48d9-bf53-014d24c8ca18">
    </UnitTestResult>
    <UnitTestResult executionId="dda4682e-56ae-4683-96be-03da2c877902" testId="b8b91aae-b377-e572-aa09-5986400c100d" testName="validateTest" computerName="2TAFFY" duration="00:00:00.0148679" startTime="2012-04-06T11:21:17.4863281-04:00" endTime="2012-04-06T11:21:17.5175781-04:00" testType="13cdc9d9-ddb5-4fa4-a97d-d965ccfc6d4b" outcome="Passed" testListId="8c84fa94-04c1-424b-9868-57a2d4851a1d" relativeResultsDirectory="dda4682e-56ae-4683-96be-03da2c877902">
    </UnitTestResult>
    <UnitTestResult executionId="200961b1-7d94-45c6-9d42-1f83f149ebc6" testId="fec82914-8d2b-ce0e-0f68-141c8e76da6f" testName="dirty_keyTest" computerName="2TAFFY" duration="00:00:00.0147458" startTime="2012-04-06T11:21:17.5175781-04:00" endTime="2012-04-06T11:21:17.5488281-04:00" testType="13cdc9d9-ddb5-4fa4-a97d-d965ccfc6d4b" outcome="Passed" testListId="8c84fa94-04c1-424b-9868-57a2d4851a1d" relativeResultsDirectory="200961b1-7d94-45c6-9d42-1f83f149ebc6">
    </UnitTestResult>
  </Results>
</TestRun>