<?xml version="1.0" encoding="UTF-8"?>
<TestRun id="f8787731-c7b7-42b9-a9a3-b4eb6725f43c" name="Steven@2TAFFY 2012-04-07 08:45:59" runUser="2taffy\Steven" xmlns="http://microsoft.com/schemas/VisualStudio/TeamTest/2010">
  <TestSettings name="Local" id="948a7d2c-a449-40cc-93d7-295f2060e854">
    <Description>These are default test settings for a local test run.</Description>
    <Deployment enabled="false" runDeploymentRoot="Steven_2TAFFY 2012-04-07 08_45_59">
      <DeploymentItem filename="C:\Users\Steven\Documents\Visual Studio 2010\Projects\Web Security Backend Login Handler\packages\EntityFramework.4.1.10331.0\lib\EntityFramework.dll" />
      <DeploymentItem filename="c:\users\steven\documents\visual studio 2010\Projects\Web Security Backend Login Handler\Web Security Backend Login Handler\bin\Web Security Backend Login Handler.dll" />
    </Deployment>
    <Execution>
      <TestTypeSpecific />
      <AgentRule name="Execution Agents">
      </AgentRule>
    </Execution>
  </TestSettings>
  <Times creation="2012-04-07T08:45:59.3203125-04:00" queuing="2012-04-07T08:45:59.4648437-04:00" start="2012-04-07T08:45:59.5126953-04:00" finish="2012-04-07T08:46:00.2314453-04:00" />
  <ResultSummary outcome="Failed">
    <Counters total="4" executed="4" passed="3" error="0" failed="1" timeout="0" aborted="0" inconclusive="0" passedButRunAborted="0" notRunnable="0" notExecuted="0" disconnected="0" warning="0" completed="0" inProgress="0" pending="0" />
  </ResultSummary>
  <TestDefinitions>
    <UnitTest name="validateloginTest_should_return_false_when_SessionHolder_contains_values" storage="c:\users\steven\documents\visual studio 2010\projects\web security backend login handler\test.web_security_backend_login_handler\bin\debug\test.web_security_backend_login_handler.dll" id="1012d737-a081-d0ca-e4cf-8246f294839a">
      <Execution id="44fd207f-e7a0-4861-882d-fc923544e6c2" />
      <TestMethod codeBase="C:/Users/Steven/Documents/Visual Studio 2010/Projects/Web Security Backend Login Handler/Test.Web_Security_Backend_Login_Handler/bin/Debug/Test.Web_Security_Backend_Login_Handler.DLL" adapterTypeName="Microsoft.VisualStudio.TestTools.TestTypes.Unit.UnitTestAdapter, Microsoft.VisualStudio.QualityTools.Tips.UnitTest.Adapter, Version=10.0.0.0, Culture=neutral, PublicKeyToken=b03f5f7f11d50a3a" className="Test.Web_Security_Backend_Login_Handler.Session_HolderTest, Test.Web_Security_Backend_Login_Handler, Version=1.0.0.0, Culture=neutral, PublicKeyToken=null" name="validateloginTest_should_return_false_when_SessionHolder_contains_values" />
    </UnitTest>
    <UnitTest name="validateloginTest_should_return_false_when_SessionHolder_contains_same_key_but_different_value" storage="c:\users\steven\documents\visual studio 2010\projects\web security backend login handler\test.web_security_backend_login_handler\bin\debug\test.web_security_backend_login_handler.dll" id="c0f680fd-63b7-0fd0-2fe9-268095203a3f">
      <Execution id="ff150224-50c1-4ba4-966d-ba3db1263fb5" />
      <TestMethod codeBase="C:/Users/Steven/Documents/Visual Studio 2010/Projects/Web Security Backend Login Handler/Test.Web_Security_Backend_Login_Handler/bin/Debug/Test.Web_Security_Backend_Login_Handler.DLL" adapterTypeName="Microsoft.VisualStudio.TestTools.TestTypes.Unit.UnitTestAdapter, Microsoft.VisualStudio.QualityTools.Tips.UnitTest.Adapter, Version=10.0.0.0, Culture=neutral, PublicKeyToken=b03f5f7f11d50a3a" className="Test.Web_Security_Backend_Login_Handler.Session_HolderTest, Test.Web_Security_Backend_Login_Handler, Version=1.0.0.0, Culture=neutral, PublicKeyToken=null" name="validateloginTest_should_return_false_when_SessionHolder_contains_same_key_but_different_value" />
    </UnitTest>
    <UnitTest name="validateloginTest_should_return_false_when_SessionHolder_contains_same_values" storage="c:\users\steven\documents\visual studio 2010\projects\web security backend login handler\test.web_security_backend_login_handler\bin\debug\test.web_security_backend_login_handler.dll" id="2d930705-e667-c004-4cdf-802ff3b43254">
      <Execution id="59fa7ded-6627-458a-a47f-09451807543e" />
      <TestMethod codeBase="C:/Users/Steven/Documents/Visual Studio 2010/Projects/Web Security Backend Login Handler/Test.Web_Security_Backend_Login_Handler/bin/Debug/Test.Web_Security_Backend_Login_Handler.DLL" adapterTypeName="Microsoft.VisualStudio.TestTools.TestTypes.Unit.UnitTestAdapter, Microsoft.VisualStudio.QualityTools.Tips.UnitTest.Adapter, Version=10.0.0.0, Culture=neutral, PublicKeyToken=b03f5f7f11d50a3a" className="Test.Web_Security_Backend_Login_Handler.Session_HolderTest, Test.Web_Security_Backend_Login_Handler, Version=1.0.0.0, Culture=neutral, PublicKeyToken=null" name="validateloginTest_should_return_false_when_SessionHolder_contains_same_values" />
    </UnitTest>
    <UnitTest name="validateloginTest_should_return_true_when_SessionHolder_contains_at_least_one_same_element" storage="c:\users\steven\documents\visual studio 2010\projects\web security backend login handler\test.web_security_backend_login_handler\bin\debug\test.web_security_backend_login_handler.dll" id="840641d1-a34d-6fcd-0f3a-9ca8ee8a9c07">
      <Execution id="5624dc83-4d58-46b0-9608-4660d14a4460" />
      <TestMethod codeBase="C:/Users/Steven/Documents/Visual Studio 2010/Projects/Web Security Backend Login Handler/Test.Web_Security_Backend_Login_Handler/bin/Debug/Test.Web_Security_Backend_Login_Handler.DLL" adapterTypeName="Microsoft.VisualStudio.TestTools.TestTypes.Unit.UnitTestAdapter, Microsoft.VisualStudio.QualityTools.Tips.UnitTest.Adapter, Version=10.0.0.0, Culture=neutral, PublicKeyToken=b03f5f7f11d50a3a" className="Test.Web_Security_Backend_Login_Handler.Session_HolderTest, Test.Web_Security_Backend_Login_Handler, Version=1.0.0.0, Culture=neutral, PublicKeyToken=null" name="validateloginTest_should_return_true_when_SessionHolder_contains_at_least_one_same_element" />
    </UnitTest>
  </TestDefinitions>
  <TestLists>
    <TestList name="Results Not in a List" id="8c84fa94-04c1-424b-9868-57a2d4851a1d" />
    <TestList name="All Loaded Results" id="19431567-8539-422a-85d7-44ee4e166bda" />
  </TestLists>
  <TestEntries>
    <TestEntry testId="1012d737-a081-d0ca-e4cf-8246f294839a" executionId="44fd207f-e7a0-4861-882d-fc923544e6c2" testListId="8c84fa94-04c1-424b-9868-57a2d4851a1d" />
    <TestEntry testId="2d930705-e667-c004-4cdf-802ff3b43254" executionId="59fa7ded-6627-458a-a47f-09451807543e" testListId="8c84fa94-04c1-424b-9868-57a2d4851a1d" />
    <TestEntry testId="840641d1-a34d-6fcd-0f3a-9ca8ee8a9c07" executionId="5624dc83-4d58-46b0-9608-4660d14a4460" testListId="8c84fa94-04c1-424b-9868-57a2d4851a1d" />
    <TestEntry testId="c0f680fd-63b7-0fd0-2fe9-268095203a3f" executionId="ff150224-50c1-4ba4-966d-ba3db1263fb5" testListId="8c84fa94-04c1-424b-9868-57a2d4851a1d" />
  </TestEntries>
  <Results>
    <UnitTestResult executionId="44fd207f-e7a0-4861-882d-fc923544e6c2" testId="1012d737-a081-d0ca-e4cf-8246f294839a" testName="validateloginTest_should_return_false_when_SessionHolder_contains_values" computerName="2TAFFY" duration="00:00:00.0739794" startTime="2012-04-07T08:45:59.5283203-04:00" endTime="2012-04-07T08:46:00.0205078-04:00" testType="13cdc9d9-ddb5-4fa4-a97d-d965ccfc6d4b" outcome="Failed" testListId="8c84fa94-04c1-424b-9868-57a2d4851a1d" relativeResultsDirectory="44fd207f-e7a0-4861-882d-fc923544e6c2">
      <Output>
        <ErrorInfo>
          <Message>Assert.AreEqual failed. Expected:&lt;False&gt;. Actual:&lt;True&gt;. </Message>
          <StackTrace>   at Test.Web_Security_Backend_Login_Handler.Session_HolderTest.validateloginTest_should_return_false_when_SessionHolder_contains_values() in C:\Users\Steven\Documents\Visual Studio 2010\Projects\Web Security Backend Login Handler\Test.Web_Security_Backend_Login_Handler\Session_HolderTest.cs:line 135
</StackTrace>
        </ErrorInfo>
      </Output>
    </UnitTestResult>
    <UnitTestResult executionId="59fa7ded-6627-458a-a47f-09451807543e" testId="2d930705-e667-c004-4cdf-802ff3b43254" testName="validateloginTest_should_return_false_when_SessionHolder_contains_same_values" computerName="2TAFFY" duration="00:00:00.0006628" startTime="2012-04-07T08:46:00.0488281-04:00" endTime="2012-04-07T08:46:00.0771484-04:00" testType="13cdc9d9-ddb5-4fa4-a97d-d965ccfc6d4b" outcome="Passed" testListId="8c84fa94-04c1-424b-9868-57a2d4851a1d" relativeResultsDirectory="59fa7ded-6627-458a-a47f-09451807543e">
    </UnitTestResult>
    <UnitTestResult executionId="5624dc83-4d58-46b0-9608-4660d14a4460" testId="840641d1-a34d-6fcd-0f3a-9ca8ee8a9c07" testName="validateloginTest_should_return_true_when_SessionHolder_contains_at_least_one_same_element" computerName="2TAFFY" duration="00:00:00.0113019" startTime="2012-04-07T08:46:00.0820312-04:00" endTime="2012-04-07T08:46:00.1171875-04:00" testType="13cdc9d9-ddb5-4fa4-a97d-d965ccfc6d4b" outcome="Passed" testListId="8c84fa94-04c1-424b-9868-57a2d4851a1d" relativeResultsDirectory="5624dc83-4d58-46b0-9608-4660d14a4460">
    </UnitTestResult>
    <UnitTestResult executionId="ff150224-50c1-4ba4-966d-ba3db1263fb5" testId="c0f680fd-63b7-0fd0-2fe9-268095203a3f" testName="validateloginTest_should_return_false_when_SessionHolder_contains_same_key_but_different_value" computerName="2TAFFY" duration="00:00:00.0038189" startTime="2012-04-07T08:46:00.1240234-04:00" endTime="2012-04-07T08:46:00.1552734-04:00" testType="13cdc9d9-ddb5-4fa4-a97d-d965ccfc6d4b" outcome="Passed" testListId="8c84fa94-04c1-424b-9868-57a2d4851a1d" relativeResultsDirectory="ff150224-50c1-4ba4-966d-ba3db1263fb5">
    </UnitTestResult>
  </Results>
</TestRun>