<?xml version="1.0" encoding="UTF-8"?>
<TestRun id="95635569-1af7-40e9-b8aa-6cf87ea7c0e3" name="Steven@2TAFFY 2012-04-06 13:36:57" runUser="2taffy\Steven" xmlns="http://microsoft.com/schemas/VisualStudio/TeamTest/2010">
  <TestSettings name="Local" id="948a7d2c-a449-40cc-93d7-295f2060e854">
    <Description>These are default test settings for a local test run.</Description>
    <Deployment enabled="false" runDeploymentRoot="Steven_2TAFFY 2012-04-06 13_36_57">
      <DeploymentItem filename="c:\users\steven\documents\visual studio 2010\Projects\Web Security Backend Login Handler\packages\EntityFramework.4.1.10331.0\lib\EntityFramework.dll" />
      <DeploymentItem filename="c:\users\steven\documents\visual studio 2010\Projects\Web Security Backend Login Handler\Web Security Backend Login Handler\bin\Web Security Backend Login Handler.dll" />
    </Deployment>
    <Execution>
      <TestTypeSpecific />
      <AgentRule name="Execution Agents">
      </AgentRule>
    </Execution>
  </TestSettings>
  <Times creation="2012-04-06T13:36:57.7353515-04:00" queuing="2012-04-06T13:36:59.9384765-04:00" start="2012-04-06T13:37:00.1103515-04:00" finish="2012-04-06T13:37:14.3613281-04:00" />
  <ResultSummary outcome="Error">
    <Counters total="1" executed="1" error="0" failed="0" timeout="0" aborted="1" inconclusive="0" passedButRunAborted="0" notRunnable="0" notExecuted="0" disconnected="0" warning="0" passed="0" completed="0" inProgress="0" pending="0" />
    <RunInfos>
      <RunInfo computerName="2TAFFY" outcome="Error" timestamp="2012-04-06T13:37:14.3613281-04:00">
        <Text>Test host process exited unexpectedly.</Text>
      </RunInfo>
    </RunInfos>
  </ResultSummary>
  <TestDefinitions>
    <UnitTest name="Raw_Data_BuilderConstructorTest" storage="c:\users\steven\documents\visual studio 2010\projects\web security backend login handler\test.web_security_backend_login_handler\bin\debug\test.web_security_backend_login_handler.dll" id="9f02821a-fcc4-04ab-16ff-bb8c74969c39">
      <Execution id="111835bd-7c2c-43bd-b99b-6aa730181989" />
      <TestMethod codeBase="c:/users/steven/documents/visual studio 2010/Projects/Web Security Backend Login Handler/Test.Web_Security_Backend_Login_Handler/bin/Debug/Test.Web_Security_Backend_Login_Handler.DLL" adapterTypeName="Microsoft.VisualStudio.TestTools.TestTypes.Unit.UnitTestAdapter, Microsoft.VisualStudio.QualityTools.Tips.UnitTest.Adapter, Version=10.0.0.0, Culture=neutral, PublicKeyToken=b03f5f7f11d50a3a" className="Test.Web_Security_Backend_Login_Handler.Raw_Data_BuilderTest, Test.Web_Security_Backend_Login_Handler, Version=1.0.0.0, Culture=neutral, PublicKeyToken=null" name="Raw_Data_BuilderConstructorTest" />
    </UnitTest>
  </TestDefinitions>
  <TestLists>
    <TestList name="Results Not in a List" id="8c84fa94-04c1-424b-9868-57a2d4851a1d" />
    <TestList name="All Loaded Results" id="19431567-8539-422a-85d7-44ee4e166bda" />
  </TestLists>
  <TestEntries>
    <TestEntry testId="9f02821a-fcc4-04ab-16ff-bb8c74969c39" executionId="111835bd-7c2c-43bd-b99b-6aa730181989" testListId="8c84fa94-04c1-424b-9868-57a2d4851a1d" />
  </TestEntries>
  <Results>
    <UnitTestResult executionId="111835bd-7c2c-43bd-b99b-6aa730181989" testId="9f02821a-fcc4-04ab-16ff-bb8c74969c39" testName="Raw_Data_BuilderConstructorTest" computerName="2TAFFY" duration="00:00:14.1259766" startTime="2012-04-06T13:37:00.2353515-04:00" endTime="2012-04-06T13:37:14.3613281-04:00" testType="13cdc9d9-ddb5-4fa4-a97d-d965ccfc6d4b" outcome="Aborted" testListId="8c84fa94-04c1-424b-9868-57a2d4851a1d" relativeResultsDirectory="111835bd-7c2c-43bd-b99b-6aa730181989">
    </UnitTestResult>
  </Results>
</TestRun>