<?xml version="1.0" encoding="UTF-8"?>
<TestRun id="f2ee520d-cdb3-43da-87c8-147c8d9989da" name="Steven@2TAFFY 2012-04-26 02:33:45" runUser="2taffy\Steven" xmlns="http://microsoft.com/schemas/VisualStudio/TeamTest/2010">
  <TestSettings name="Local" id="948a7d2c-a449-40cc-93d7-295f2060e854">
    <Description>These are default test settings for a local test run.</Description>
    <Deployment enabled="false" runDeploymentRoot="Steven_2TAFFY 2012-04-26 02_33_45">
      <DeploymentItem filename="C:\Users\Steven\Documents\Visual Studio 2010\Projects\Web Security Backend Login Handler\Web Security Backend Login Handler\bin\Web Security Backend Login Handler.dll" />
      <DeploymentItem filename="C:\Users\Steven\Documents\Visual Studio 2010\Projects\Web Security Backend Login Handler\RSAClasses\RSAClasses\bin\Debug\RSAClasses.dll" />
      <DeploymentItem filename="C:\Users\Steven\Documents\Visual Studio 2010\Projects\Web Security Backend Login Handler\packages\EntityFramework.4.1.10331.0\lib\EntityFramework.dll" />
    </Deployment>
    <Execution>
      <TestTypeSpecific />
      <AgentRule name="Execution Agents">
      </AgentRule>
    </Execution>
  </TestSettings>
  <Times creation="2012-04-26T02:33:45.4833984-04:00" queuing="2012-04-26T02:33:45.5771484-04:00" start="2012-04-26T02:33:45.6083984-04:00" finish="2012-04-26T02:33:53.8300781-04:00" />
  <ResultSummary outcome="Inconclusive">
    <Counters total="8" executed="8" passed="7" error="0" failed="0" timeout="0" aborted="0" inconclusive="1" passedButRunAborted="0" notRunnable="0" notExecuted="0" disconnected="0" warning="0" completed="0" inProgress="0" pending="0" />
  </ResultSummary>
  <TestDefinitions>
    <UnitTest name="authenticateTest_should_launch_nuke_when_given_proper_login_data" storage="c:\users\steven\documents\visual studio 2010\projects\web security backend login handler\test.web_security_backend_login_handler\bin\debug\test.web_security_backend_login_handler.dll" id="4130b1bb-a456-1806-55a8-3f7e2e63d7a0">
      <Execution id="8bef48ee-5b6d-4ed8-bdf3-aaf663e55f9c" />
      <TestMethod codeBase="C:/Users/Steven/Documents/Visual Studio 2010/Projects/Web Security Backend Login Handler/Test.Web_Security_Backend_Login_Handler/bin/Debug/Test.Web_Security_Backend_Login_Handler.DLL" adapterTypeName="Microsoft.VisualStudio.TestTools.TestTypes.Unit.UnitTestAdapter, Microsoft.VisualStudio.QualityTools.Tips.UnitTest.Adapter, Version=10.0.0.0, Culture=neutral, PublicKeyToken=b03f5f7f11d50a3a" className="Test.Web_Security_Backend_Login_Handler.AuthenticationControllerTest, Test.Web_Security_Backend_Login_Handler, Version=1.0.0.0, Culture=neutral, PublicKeyToken=null" name="authenticateTest_should_launch_nuke_when_given_proper_login_data" />
    </UnitTest>
    <UnitTest name="initializeTest_when_given_bad_key_should_return_fake_data" storage="c:\users\steven\documents\visual studio 2010\projects\web security backend login handler\test.web_security_backend_login_handler\bin\debug\test.web_security_backend_login_handler.dll" id="9a17c7d1-5b24-127e-8a9a-1e236c20a42e">
      <Execution id="72f54d78-70ae-4ea1-8c7a-5815b89b62d2" />
      <TestMethod codeBase="C:/Users/Steven/Documents/Visual Studio 2010/Projects/Web Security Backend Login Handler/Test.Web_Security_Backend_Login_Handler/bin/Debug/Test.Web_Security_Backend_Login_Handler.DLL" adapterTypeName="Microsoft.VisualStudio.TestTools.TestTypes.Unit.UnitTestAdapter, Microsoft.VisualStudio.QualityTools.Tips.UnitTest.Adapter, Version=10.0.0.0, Culture=neutral, PublicKeyToken=b03f5f7f11d50a3a" className="Test.Web_Security_Backend_Login_Handler.AuthenticationControllerTest, Test.Web_Security_Backend_Login_Handler, Version=1.0.0.0, Culture=neutral, PublicKeyToken=null" name="initializeTest_when_given_bad_key_should_return_fake_data" />
    </UnitTest>
    <UnitTest name="initializeTest_when_given_good_key_should_return_real_data" storage="c:\users\steven\documents\visual studio 2010\projects\web security backend login handler\test.web_security_backend_login_handler\bin\debug\test.web_security_backend_login_handler.dll" id="a9bb2a96-fdf6-f082-afa7-d86f78b1f65e">
      <Execution id="65dca2ce-da1f-406f-ae97-27db3a3468b7" />
      <TestMethod codeBase="C:/Users/Steven/Documents/Visual Studio 2010/Projects/Web Security Backend Login Handler/Test.Web_Security_Backend_Login_Handler/bin/Debug/Test.Web_Security_Backend_Login_Handler.DLL" adapterTypeName="Microsoft.VisualStudio.TestTools.TestTypes.Unit.UnitTestAdapter, Microsoft.VisualStudio.QualityTools.Tips.UnitTest.Adapter, Version=10.0.0.0, Culture=neutral, PublicKeyToken=b03f5f7f11d50a3a" className="Test.Web_Security_Backend_Login_Handler.AuthenticationControllerTest, Test.Web_Security_Backend_Login_Handler, Version=1.0.0.0, Culture=neutral, PublicKeyToken=null" name="initializeTest_when_given_good_key_should_return_real_data" />
    </UnitTest>
    <UnitTest name="initializeTest_when_given_string_in_pubKey_should_return_fake_data" storage="c:\users\steven\documents\visual studio 2010\projects\web security backend login handler\test.web_security_backend_login_handler\bin\debug\test.web_security_backend_login_handler.dll" id="8b26d94c-54b1-f145-32dd-94c7292f6dc1">
      <Execution id="6aeb40b2-d0b7-47bd-bd9d-ded959ff0112" />
      <TestMethod codeBase="C:/Users/Steven/Documents/Visual Studio 2010/Projects/Web Security Backend Login Handler/Test.Web_Security_Backend_Login_Handler/bin/Debug/Test.Web_Security_Backend_Login_Handler.DLL" adapterTypeName="Microsoft.VisualStudio.TestTools.TestTypes.Unit.UnitTestAdapter, Microsoft.VisualStudio.QualityTools.Tips.UnitTest.Adapter, Version=10.0.0.0, Culture=neutral, PublicKeyToken=b03f5f7f11d50a3a" className="Test.Web_Security_Backend_Login_Handler.AuthenticationControllerTest, Test.Web_Security_Backend_Login_Handler, Version=1.0.0.0, Culture=neutral, PublicKeyToken=null" name="initializeTest_when_given_string_in_pubKey_should_return_fake_data" />
    </UnitTest>
    <UnitTest name="authenticateTest_should_fail_login_when_given_incorrect_login_data" storage="c:\users\steven\documents\visual studio 2010\projects\web security backend login handler\test.web_security_backend_login_handler\bin\debug\test.web_security_backend_login_handler.dll" id="456fe2e4-effc-7286-1bfa-b6cee2caa7e3">
      <Execution id="44a48357-b701-4dd1-8f71-d47e7574f11f" />
      <TestMethod codeBase="C:/Users/Steven/Documents/Visual Studio 2010/Projects/Web Security Backend Login Handler/Test.Web_Security_Backend_Login_Handler/bin/Debug/Test.Web_Security_Backend_Login_Handler.DLL" adapterTypeName="Microsoft.VisualStudio.TestTools.TestTypes.Unit.UnitTestAdapter, Microsoft.VisualStudio.QualityTools.Tips.UnitTest.Adapter, Version=10.0.0.0, Culture=neutral, PublicKeyToken=b03f5f7f11d50a3a" className="Test.Web_Security_Backend_Login_Handler.AuthenticationControllerTest, Test.Web_Security_Backend_Login_Handler, Version=1.0.0.0, Culture=neutral, PublicKeyToken=null" name="authenticateTest_should_fail_login_when_given_incorrect_login_data" />
    </UnitTest>
    <UnitTest name="authenticateTest_should_fail_login_when_given_bad_session_id" storage="c:\users\steven\documents\visual studio 2010\projects\web security backend login handler\test.web_security_backend_login_handler\bin\debug\test.web_security_backend_login_handler.dll" id="2aac691f-68fa-51c4-f6b6-04c304918a9a">
      <Execution id="1b27dfeb-542f-477f-ae2c-f61c072b7622" />
      <TestMethod codeBase="C:/Users/Steven/Documents/Visual Studio 2010/Projects/Web Security Backend Login Handler/Test.Web_Security_Backend_Login_Handler/bin/Debug/Test.Web_Security_Backend_Login_Handler.DLL" adapterTypeName="Microsoft.VisualStudio.TestTools.TestTypes.Unit.UnitTestAdapter, Microsoft.VisualStudio.QualityTools.Tips.UnitTest.Adapter, Version=10.0.0.0, Culture=neutral, PublicKeyToken=b03f5f7f11d50a3a" className="Test.Web_Security_Backend_Login_Handler.AuthenticationControllerTest, Test.Web_Security_Backend_Login_Handler, Version=1.0.0.0, Culture=neutral, PublicKeyToken=null" name="authenticateTest_should_fail_login_when_given_bad_session_id" />
    </UnitTest>
    <UnitTest name="authenticateTest_should_gracefully_handle_a_bad_message_after_decryption" storage="c:\users\steven\documents\visual studio 2010\projects\web security backend login handler\test.web_security_backend_login_handler\bin\debug\test.web_security_backend_login_handler.dll" id="b9396433-2322-63fe-79c2-1ea5701ad9ab">
      <Execution id="c58115bf-fda5-4814-90e4-8cb000cf4d48" />
      <TestMethod codeBase="C:/Users/Steven/Documents/Visual Studio 2010/Projects/Web Security Backend Login Handler/Test.Web_Security_Backend_Login_Handler/bin/Debug/Test.Web_Security_Backend_Login_Handler.DLL" adapterTypeName="Microsoft.VisualStudio.TestTools.TestTypes.Unit.UnitTestAdapter, Microsoft.VisualStudio.QualityTools.Tips.UnitTest.Adapter, Version=10.0.0.0, Culture=neutral, PublicKeyToken=b03f5f7f11d50a3a" className="Test.Web_Security_Backend_Login_Handler.AuthenticationControllerTest, Test.Web_Security_Backend_Login_Handler, Version=1.0.0.0, Culture=neutral, PublicKeyToken=null" name="authenticateTest_should_gracefully_handle_a_bad_message_after_decryption" />
    </UnitTest>
    <UnitTest name="authenticateTest_should_expire_session_during_login_attempt" storage="c:\users\steven\documents\visual studio 2010\projects\web security backend login handler\test.web_security_backend_login_handler\bin\debug\test.web_security_backend_login_handler.dll" id="29405316-9966-0a8b-31c9-bcb4897049f4">
      <Execution id="55181f04-cffd-4f9c-92d6-ed529764f1e5" />
      <TestMethod codeBase="C:/Users/Steven/Documents/Visual Studio 2010/Projects/Web Security Backend Login Handler/Test.Web_Security_Backend_Login_Handler/bin/Debug/Test.Web_Security_Backend_Login_Handler.DLL" adapterTypeName="Microsoft.VisualStudio.TestTools.TestTypes.Unit.UnitTestAdapter, Microsoft.VisualStudio.QualityTools.Tips.UnitTest.Adapter, Version=10.0.0.0, Culture=neutral, PublicKeyToken=b03f5f7f11d50a3a" className="Test.Web_Security_Backend_Login_Handler.AuthenticationControllerTest, Test.Web_Security_Backend_Login_Handler, Version=1.0.0.0, Culture=neutral, PublicKeyToken=null" name="authenticateTest_should_expire_session_during_login_attempt" />
    </UnitTest>
  </TestDefinitions>
  <TestLists>
    <TestList name="Results Not in a List" id="8c84fa94-04c1-424b-9868-57a2d4851a1d" />
    <TestList name="All Loaded Results" id="19431567-8539-422a-85d7-44ee4e166bda" />
  </TestLists>
  <TestEntries>
    <TestEntry testId="29405316-9966-0a8b-31c9-bcb4897049f4" executionId="55181f04-cffd-4f9c-92d6-ed529764f1e5" testListId="8c84fa94-04c1-424b-9868-57a2d4851a1d" />
    <TestEntry testId="2aac691f-68fa-51c4-f6b6-04c304918a9a" executionId="1b27dfeb-542f-477f-ae2c-f61c072b7622" testListId="8c84fa94-04c1-424b-9868-57a2d4851a1d" />
    <TestEntry testId="4130b1bb-a456-1806-55a8-3f7e2e63d7a0" executionId="8bef48ee-5b6d-4ed8-bdf3-aaf663e55f9c" testListId="8c84fa94-04c1-424b-9868-57a2d4851a1d" />
    <TestEntry testId="456fe2e4-effc-7286-1bfa-b6cee2caa7e3" executionId="44a48357-b701-4dd1-8f71-d47e7574f11f" testListId="8c84fa94-04c1-424b-9868-57a2d4851a1d" />
    <TestEntry testId="8b26d94c-54b1-f145-32dd-94c7292f6dc1" executionId="6aeb40b2-d0b7-47bd-bd9d-ded959ff0112" testListId="8c84fa94-04c1-424b-9868-57a2d4851a1d" />
    <TestEntry testId="9a17c7d1-5b24-127e-8a9a-1e236c20a42e" executionId="72f54d78-70ae-4ea1-8c7a-5815b89b62d2" testListId="8c84fa94-04c1-424b-9868-57a2d4851a1d" />
    <TestEntry testId="a9bb2a96-fdf6-f082-afa7-d86f78b1f65e" executionId="65dca2ce-da1f-406f-ae97-27db3a3468b7" testListId="8c84fa94-04c1-424b-9868-57a2d4851a1d" />
    <TestEntry testId="b9396433-2322-63fe-79c2-1ea5701ad9ab" executionId="c58115bf-fda5-4814-90e4-8cb000cf4d48" testListId="8c84fa94-04c1-424b-9868-57a2d4851a1d" />
  </TestEntries>
  <Results>
    <UnitTestResult executionId="55181f04-cffd-4f9c-92d6-ed529764f1e5" testId="29405316-9966-0a8b-31c9-bcb4897049f4" testName="authenticateTest_should_expire_session_during_login_attempt" computerName="2TAFFY" duration="00:00:00.8650292" startTime="2012-04-26T02:33:45.6396484-04:00" endTime="2012-04-26T02:33:46.9521484-04:00" testType="13cdc9d9-ddb5-4fa4-a97d-d965ccfc6d4b" outcome="Passed" testListId="8c84fa94-04c1-424b-9868-57a2d4851a1d" relativeResultsDirectory="55181f04-cffd-4f9c-92d6-ed529764f1e5">
    </UnitTestResult>
    <UnitTestResult executionId="1b27dfeb-542f-477f-ae2c-f61c072b7622" testId="2aac691f-68fa-51c4-f6b6-04c304918a9a" testName="authenticateTest_should_fail_login_when_given_bad_session_id" computerName="2TAFFY" duration="00:00:00.0321353" startTime="2012-04-26T02:33:46.9521484-04:00" endTime="2012-04-26T02:33:46.9990234-04:00" testType="13cdc9d9-ddb5-4fa4-a97d-d965ccfc6d4b" outcome="Passed" testListId="8c84fa94-04c1-424b-9868-57a2d4851a1d" relativeResultsDirectory="1b27dfeb-542f-477f-ae2c-f61c072b7622">
    </UnitTestResult>
    <UnitTestResult executionId="8bef48ee-5b6d-4ed8-bdf3-aaf663e55f9c" testId="4130b1bb-a456-1806-55a8-3f7e2e63d7a0" testName="authenticateTest_should_launch_nuke_when_given_proper_login_data" computerName="2TAFFY" duration="00:00:05.1446395" startTime="2012-04-26T02:33:46.9990234-04:00" endTime="2012-04-26T02:33:52.1582031-04:00" testType="13cdc9d9-ddb5-4fa4-a97d-d965ccfc6d4b" outcome="Passed" testListId="8c84fa94-04c1-424b-9868-57a2d4851a1d" relativeResultsDirectory="8bef48ee-5b6d-4ed8-bdf3-aaf663e55f9c">
    </UnitTestResult>
    <UnitTestResult executionId="44a48357-b701-4dd1-8f71-d47e7574f11f" testId="456fe2e4-effc-7286-1bfa-b6cee2caa7e3" testName="authenticateTest_should_fail_login_when_given_incorrect_login_data" computerName="2TAFFY" duration="00:00:01.4841990" startTime="2012-04-26T02:33:52.1738281-04:00" endTime="2012-04-26T02:33:53.6738281-04:00" testType="13cdc9d9-ddb5-4fa4-a97d-d965ccfc6d4b" outcome="Passed" testListId="8c84fa94-04c1-424b-9868-57a2d4851a1d" relativeResultsDirectory="44a48357-b701-4dd1-8f71-d47e7574f11f">
    </UnitTestResult>
    <UnitTestResult executionId="6aeb40b2-d0b7-47bd-bd9d-ded959ff0112" testId="8b26d94c-54b1-f145-32dd-94c7292f6dc1" testName="initializeTest_when_given_string_in_pubKey_should_return_fake_data" computerName="2TAFFY" duration="00:00:00.0208349" startTime="2012-04-26T02:33:53.6738281-04:00" endTime="2012-04-26T02:33:53.7050781-04:00" testType="13cdc9d9-ddb5-4fa4-a97d-d965ccfc6d4b" outcome="Passed" testListId="8c84fa94-04c1-424b-9868-57a2d4851a1d" relativeResultsDirectory="6aeb40b2-d0b7-47bd-bd9d-ded959ff0112">
    </UnitTestResult>
    <UnitTestResult executionId="72f54d78-70ae-4ea1-8c7a-5815b89b62d2" testId="9a17c7d1-5b24-127e-8a9a-1e236c20a42e" testName="initializeTest_when_given_bad_key_should_return_fake_data" computerName="2TAFFY" duration="00:00:00.0134139" startTime="2012-04-26T02:33:53.7050781-04:00" endTime="2012-04-26T02:33:53.7363281-04:00" testType="13cdc9d9-ddb5-4fa4-a97d-d965ccfc6d4b" outcome="Passed" testListId="8c84fa94-04c1-424b-9868-57a2d4851a1d" relativeResultsDirectory="72f54d78-70ae-4ea1-8c7a-5815b89b62d2">
    </UnitTestResult>
    <UnitTestResult executionId="65dca2ce-da1f-406f-ae97-27db3a3468b7" testId="a9bb2a96-fdf6-f082-afa7-d86f78b1f65e" testName="initializeTest_when_given_good_key_should_return_real_data" computerName="2TAFFY" duration="00:00:00.0200902" startTime="2012-04-26T02:33:53.7363281-04:00" endTime="2012-04-26T02:33:53.7675781-04:00" testType="13cdc9d9-ddb5-4fa4-a97d-d965ccfc6d4b" outcome="Passed" testListId="8c84fa94-04c1-424b-9868-57a2d4851a1d" relativeResultsDirectory="65dca2ce-da1f-406f-ae97-27db3a3468b7">
    </UnitTestResult>
    <UnitTestResult executionId="c58115bf-fda5-4814-90e4-8cb000cf4d48" testId="b9396433-2322-63fe-79c2-1ea5701ad9ab" testName="authenticateTest_should_gracefully_handle_a_bad_message_after_decryption" computerName="2TAFFY" duration="00:00:00.0156444" startTime="2012-04-26T02:33:53.7675781-04:00" endTime="2012-04-26T02:33:53.7832031-04:00" testType="13cdc9d9-ddb5-4fa4-a97d-d965ccfc6d4b" outcome="Inconclusive" testListId="8c84fa94-04c1-424b-9868-57a2d4851a1d" relativeResultsDirectory="c58115bf-fda5-4814-90e4-8cb000cf4d48">
      <Output>
        <ErrorInfo>
          <Message>Assert.Inconclusive failed. </Message>
          <StackTrace>   at Test.Web_Security_Backend_Login_Handler.AuthenticationControllerTest.authenticateTest_should_gracefully_handle_a_bad_message_after_decryption() in C:\Users\Steven\Documents\Visual Studio 2010\Projects\Web Security Backend Login Handler\Test.Web_Security_Backend_Login_Handler\AuthenticationControllerTest.cs:line 146
</StackTrace>
        </ErrorInfo>
      </Output>
    </UnitTestResult>
  </Results>
</TestRun>