<?xml version="1.0" encoding="UTF-8"?>
<TestRun id="826f679b-94a1-4be6-9ec0-50b2553870bf" name="Steven@2TAFFY 2012-04-26 02:19:00" runUser="2taffy\Steven" xmlns="http://microsoft.com/schemas/VisualStudio/TeamTest/2010">
  <TestSettings name="Local" id="948a7d2c-a449-40cc-93d7-295f2060e854">
    <Description>These are default test settings for a local test run.</Description>
    <Deployment enabled="false" runDeploymentRoot="Steven_2TAFFY 2012-04-26 02_19_00">
      <DeploymentItem filename="C:\Users\Steven\Documents\Visual Studio 2010\Projects\Web Security Backend Login Handler\Web Security Backend Login Handler\bin\Web Security Backend Login Handler.dll" />
      <DeploymentItem filename="C:\Users\Steven\Documents\Visual Studio 2010\Projects\Web Security Backend Login Handler\RSAClasses\RSAClasses\bin\Debug\RSAClasses.dll" />
      <DeploymentItem filename="C:\Users\Steven\Documents\Visual Studio 2010\Projects\Web Security Backend Login Handler\packages\EntityFramework.4.1.10331.0\lib\EntityFramework.dll" />
    </Deployment>
    <Execution>
      <TestTypeSpecific />
      <AgentRule name="Execution Agents">
      </AgentRule>
    </Execution>
  </TestSettings>
  <Times creation="2012-04-26T02:19:00.7324218-04:00" queuing="2012-04-26T02:19:01.2480468-04:00" start="2012-04-26T02:19:01.3261718-04:00" finish="2012-04-26T02:19:02.0449218-04:00" />
  <ResultSummary outcome="Failed">
    <Counters total="1" executed="1" error="0" failed="1" timeout="0" aborted="0" inconclusive="0" passedButRunAborted="0" notRunnable="0" notExecuted="0" disconnected="0" warning="0" passed="0" completed="0" inProgress="0" pending="0" />
  </ResultSummary>
  <TestDefinitions>
    <UnitTest name="data_generatorConstructorTest" storage="c:\users\steven\documents\visual studio 2010\projects\web security backend login handler\test.web_security_backend_login_handler\bin\debug\test.web_security_backend_login_handler.dll" id="a04901ac-a6e1-631a-f72e-e8766a695244">
      <Execution id="039488a9-ce37-4ecb-aaac-91b32069a7a0" />
      <TestMethod codeBase="C:/Users/Steven/Documents/Visual Studio 2010/Projects/Web Security Backend Login Handler/Test.Web_Security_Backend_Login_Handler/bin/Debug/Test.Web_Security_Backend_Login_Handler.DLL" adapterTypeName="Microsoft.VisualStudio.TestTools.TestTypes.Unit.UnitTestAdapter, Microsoft.VisualStudio.QualityTools.Tips.UnitTest.Adapter, Version=10.0.0.0, Culture=neutral, PublicKeyToken=b03f5f7f11d50a3a" className="Test.Web_Security_Backend_Login_Handler.data_generatorTest, Test.Web_Security_Backend_Login_Handler, Version=1.0.0.0, Culture=neutral, PublicKeyToken=null" name="data_generatorConstructorTest" />
    </UnitTest>
  </TestDefinitions>
  <TestLists>
    <TestList name="Results Not in a List" id="8c84fa94-04c1-424b-9868-57a2d4851a1d" />
    <TestList name="All Loaded Results" id="19431567-8539-422a-85d7-44ee4e166bda" />
  </TestLists>
  <TestEntries>
    <TestEntry testId="a04901ac-a6e1-631a-f72e-e8766a695244" executionId="039488a9-ce37-4ecb-aaac-91b32069a7a0" testListId="8c84fa94-04c1-424b-9868-57a2d4851a1d" />
  </TestEntries>
  <Results>
    <UnitTestResult executionId="039488a9-ce37-4ecb-aaac-91b32069a7a0" testId="a04901ac-a6e1-631a-f72e-e8766a695244" testName="data_generatorConstructorTest" computerName="2TAFFY" duration="00:00:00.0944990" startTime="2012-04-26T02:19:01.3886718-04:00" endTime="2012-04-26T02:19:01.9980468-04:00" testType="13cdc9d9-ddb5-4fa4-a97d-d965ccfc6d4b" outcome="Failed" testListId="8c84fa94-04c1-424b-9868-57a2d4851a1d" relativeResultsDirectory="039488a9-ce37-4ecb-aaac-91b32069a7a0">
      <Output>
        <ErrorInfo>
          <Message>Test method Test.Web_Security_Backend_Login_Handler.data_generatorTest.data_generatorConstructorTest threw exception: 
System.ArgumentException: Item has already been added. Key in dictionary: 'stage2_box-14'  Key being added: 'stage2_box-14'</Message>
          <StackTrace>    at System.Collections.Hashtable.Insert(Object key, Object nvalue, Boolean add)
   at System.Collections.Hashtable.Add(Object key, Object value)
   at Web_Security_Backend_Login_Handler.Models.Display_Data.Stages.Gridbox_data.pick_random_item() in C:\Users\Steven\Documents\Visual Studio 2010\Projects\Web Security Backend Login Handler\Web Security Backend Login Handler\Models\Display_Data\Stages\Gridbox_data.cs:line 53
   at Web_Security_Backend_Login_Handler.Models.data_generator.getString() in C:\Users\Steven\Documents\Visual Studio 2010\Projects\Web Security Backend Login Handler\Web Security Backend Login Handler\Models\Display_Data\data_generator.cs:line 64
   at Web_Security_Backend_Login_Handler.Models.data_generator.get_random_data(IDataRepository db) in C:\Users\Steven\Documents\Visual Studio 2010\Projects\Web Security Backend Login Handler\Web Security Backend Login Handler\Models\Display_Data\data_generator.cs:line 82
   at Web_Security_Backend_Login_Handler.Models.data_generator..ctor(IDataRepository db, Int32 key) in C:\Users\Steven\Documents\Visual Studio 2010\Projects\Web Security Backend Login Handler\Web Security Backend Login Handler\Models\Display_Data\data_generator.cs:line 36
   at Web_Security_Backend_Login_Handler.Models.Session_Holder..ctor(IDataRepository db, Int64 remote_key, Int64 remote_shared_key) in C:\Users\Steven\Documents\Visual Studio 2010\Projects\Web Security Backend Login Handler\Web Security Backend Login Handler\Models\Session_Holder.cs:line 33
   at Test.Web_Security_Backend_Login_Handler.Database_mock_up..ctor(Int64 remote_pub_key, Int64 remote_shared_key) in C:\Users\Steven\Documents\Visual Studio 2010\Projects\Web Security Backend Login Handler\Test.Web_Security_Backend_Login_Handler\Database_mock_up.cs:line 22
   at Test.Web_Security_Backend_Login_Handler.data_generatorTest.data_generatorConstructorTest() in C:\Users\Steven\Documents\Visual Studio 2010\Projects\Web Security Backend Login Handler\Test.Web_Security_Backend_Login_Handler\data_generatorTest.cs:line 98
</StackTrace>
        </ErrorInfo>
      </Output>
    </UnitTestResult>
  </Results>
</TestRun>