<?xml version="1.0" encoding="UTF-8"?>
<TestRun id="1d2621d8-ddf4-42d3-8307-6ce6a92d792f" name="Steven@2TAFFY 2012-04-26 02:33:56" runUser="2taffy\Steven" xmlns="http://microsoft.com/schemas/VisualStudio/TeamTest/2010">
  <TestSettings name="Local" id="948a7d2c-a449-40cc-93d7-295f2060e854">
    <Description>These are default test settings for a local test run.</Description>
    <Deployment userDeploymentRoot="C:\Users\Steven\Documents\Visual Studio 2010\Projects\Web Security Backend Login Handler\TestResults" useDefaultDeploymentRoot="false" enabled="false" runDeploymentRoot="Steven_2TAFFY 2012-04-26 02_33_56">
      <DeploymentItem filename="C:\Users\Steven\Documents\Visual Studio 2010\Projects\Web Security Backend Login Handler\Web Security Backend Login Handler\bin\Web Security Backend Login Handler.dll" />
      <DeploymentItem filename="C:\Users\Steven\Documents\Visual Studio 2010\Projects\Web Security Backend Login Handler\RSAClasses\RSAClasses\bin\Debug\RSAClasses.dll" />
      <DeploymentItem filename="C:\Users\Steven\Documents\Visual Studio 2010\Projects\Web Security Backend Login Handler\packages\EntityFramework.4.1.10331.0\lib\EntityFramework.dll" />
    </Deployment>
    <Execution>
      <TestTypeSpecific />
      <AgentRule name="Execution Agents">
      </AgentRule>
    </Execution>
  </TestSettings>
  <Times creation="2012-04-26T02:33:56.8408203-04:00" queuing="2012-04-26T02:33:57.0341797-04:00" start="2012-04-26T02:33:57.0615234-04:00" finish="2012-04-26T02:33:57.6054687-04:00" />
  <ResultSummary outcome="Inconclusive">
    <Counters total="1" executed="1" error="0" failed="0" timeout="0" aborted="0" inconclusive="1" passedButRunAborted="0" notRunnable="0" notExecuted="0" disconnected="0" warning="0" passed="0" completed="0" inProgress="0" pending="0" />
  </ResultSummary>
  <TestDefinitions>
    <UnitTest name="authenticateTest_should_gracefully_handle_a_bad_message_after_decryption" storage="c:\users\steven\documents\visual studio 2010\projects\web security backend login handler\test.web_security_backend_login_handler\bin\debug\test.web_security_backend_login_handler.dll" id="b9396433-2322-63fe-79c2-1ea5701ad9ab">
      <Execution id="89e2d8f9-9f48-449d-8977-808a2d205ed5" />
      <TestMethod codeBase="C:/Users/Steven/Documents/Visual Studio 2010/Projects/Web Security Backend Login Handler/Test.Web_Security_Backend_Login_Handler/bin/Debug/Test.Web_Security_Backend_Login_Handler.DLL" adapterTypeName="Microsoft.VisualStudio.TestTools.TestTypes.Unit.UnitTestAdapter, Microsoft.VisualStudio.QualityTools.Tips.UnitTest.Adapter, Version=10.0.0.0, Culture=neutral, PublicKeyToken=b03f5f7f11d50a3a" className="Test.Web_Security_Backend_Login_Handler.AuthenticationControllerTest, Test.Web_Security_Backend_Login_Handler, Version=1.0.0.0, Culture=neutral, PublicKeyToken=null" name="authenticateTest_should_gracefully_handle_a_bad_message_after_decryption" />
    </UnitTest>
  </TestDefinitions>
  <TestLists>
    <TestList name="Results Not in a List" id="8c84fa94-04c1-424b-9868-57a2d4851a1d" />
    <TestList name="All Loaded Results" id="19431567-8539-422a-85d7-44ee4e166bda" />
  </TestLists>
  <TestEntries>
    <TestEntry testId="b9396433-2322-63fe-79c2-1ea5701ad9ab" executionId="89e2d8f9-9f48-449d-8977-808a2d205ed5" testListId="8c84fa94-04c1-424b-9868-57a2d4851a1d" />
  </TestEntries>
  <Results>
    <UnitTestResult executionId="89e2d8f9-9f48-449d-8977-808a2d205ed5" testId="b9396433-2322-63fe-79c2-1ea5701ad9ab" testName="authenticateTest_should_gracefully_handle_a_bad_message_after_decryption" computerName="2TAFFY" duration="00:00:00.0374731" startTime="2012-04-26T02:33:57.0791015-04:00" endTime="2012-04-26T02:33:57.5429687-04:00" testType="13cdc9d9-ddb5-4fa4-a97d-d965ccfc6d4b" outcome="Inconclusive" testListId="8c84fa94-04c1-424b-9868-57a2d4851a1d" relativeResultsDirectory="89e2d8f9-9f48-449d-8977-808a2d205ed5">
      <Output>
        <ErrorInfo>
          <Message>Assert.Inconclusive failed. </Message>
          <StackTrace>   at Test.Web_Security_Backend_Login_Handler.AuthenticationControllerTest.authenticateTest_should_gracefully_handle_a_bad_message_after_decryption() in C:\Users\Steven\Documents\Visual Studio 2010\Projects\Web Security Backend Login Handler\Test.Web_Security_Backend_Login_Handler\AuthenticationControllerTest.cs:line 146
</StackTrace>
        </ErrorInfo>
      </Output>
    </UnitTestResult>
  </Results>
</TestRun>