<?xml version="1.0" encoding="UTF-8"?>
<TestRun id="2a4c5a29-b382-4b18-ad48-e610ef3ff2c9" name="Steven@2TAFFY 2012-04-06 11:18:16" runUser="2taffy\Steven" xmlns="http://microsoft.com/schemas/VisualStudio/TeamTest/2010">
  <TestSettings name="Local" id="948a7d2c-a449-40cc-93d7-295f2060e854">
    <Description>These are default test settings for a local test run.</Description>
    <Deployment enabled="false" runDeploymentRoot="Steven_2TAFFY 2012-04-06 11_18_16">
      <DeploymentItem filename="c:\users\steven\documents\visual studio 2010\Projects\Web Security Backend Login Handler\packages\EntityFramework.4.1.10331.0\lib\EntityFramework.dll" />
      <DeploymentItem filename="c:\users\steven\documents\visual studio 2010\Projects\Web Security Backend Login Handler\Web Security Backend Login Handler\bin\Web Security Backend Login Handler.dll" />
    </Deployment>
    <Execution>
      <TestTypeSpecific />
      <AgentRule name="Execution Agents">
      </AgentRule>
    </Execution>
  </TestSettings>
  <Times creation="2012-04-06T11:18:16.2880859-04:00" queuing="2012-04-06T11:18:16.3505859-04:00" start="2012-04-06T11:18:16.3818359-04:00" finish="2012-04-06T11:18:16.9443359-04:00" />
  <ResultSummary outcome="Failed">
    <Counters total="1" executed="1" error="0" failed="1" timeout="0" aborted="0" inconclusive="0" passedButRunAborted="0" notRunnable="0" notExecuted="0" disconnected="0" warning="0" passed="0" completed="0" inProgress="0" pending="0" />
  </ResultSummary>
  <TestDefinitions>
    <UnitTest name="dirty_keyTest" storage="c:\users\steven\documents\visual studio 2010\projects\web security backend login handler\test.web_security_backend_login_handler\bin\debug\test.web_security_backend_login_handler.dll" id="fec82914-8d2b-ce0e-0f68-141c8e76da6f">
      <Execution id="afe22367-0f2b-45fe-a60e-93cdb99f0a5c" />
      <TestMethod codeBase="c:/users/steven/documents/visual studio 2010/Projects/Web Security Backend Login Handler/Test.Web_Security_Backend_Login_Handler/bin/Debug/Test.Web_Security_Backend_Login_Handler.DLL" adapterTypeName="Microsoft.VisualStudio.TestTools.TestTypes.Unit.UnitTestAdapter, Microsoft.VisualStudio.QualityTools.Tips.UnitTest.Adapter, Version=10.0.0.0, Culture=neutral, PublicKeyToken=b03f5f7f11d50a3a" className="Test.Web_Security_Backend_Login_Handler.validate_keyTest, Test.Web_Security_Backend_Login_Handler, Version=1.0.0.0, Culture=neutral, PublicKeyToken=null" name="dirty_keyTest" />
    </UnitTest>
  </TestDefinitions>
  <TestLists>
    <TestList name="Results Not in a List" id="8c84fa94-04c1-424b-9868-57a2d4851a1d" />
    <TestList name="All Loaded Results" id="19431567-8539-422a-85d7-44ee4e166bda" />
  </TestLists>
  <TestEntries>
    <TestEntry testId="fec82914-8d2b-ce0e-0f68-141c8e76da6f" executionId="afe22367-0f2b-45fe-a60e-93cdb99f0a5c" testListId="8c84fa94-04c1-424b-9868-57a2d4851a1d" />
  </TestEntries>
  <Results>
    <UnitTestResult executionId="afe22367-0f2b-45fe-a60e-93cdb99f0a5c" testId="fec82914-8d2b-ce0e-0f68-141c8e76da6f" testName="dirty_keyTest" computerName="2TAFFY" duration="00:00:00.0712353" startTime="2012-04-06T11:18:16.4130859-04:00" endTime="2012-04-06T11:18:16.9130859-04:00" testType="13cdc9d9-ddb5-4fa4-a97d-d965ccfc6d4b" outcome="Failed" testListId="8c84fa94-04c1-424b-9868-57a2d4851a1d" relativeResultsDirectory="afe22367-0f2b-45fe-a60e-93cdb99f0a5c">
      <Output>
        <ErrorInfo>
          <Message>Assert.AreEqual failed. Expected:&lt;se2hgyt9875hgkjhjf&gt;. Actual:&lt;se2ehgy9t875hgkjhjf&gt;. </Message>
          <StackTrace>   at Test.Web_Security_Backend_Login_Handler.validate_keyTest.dirty_keyTest() in c:\users\steven\documents\visual studio 2010\Projects\Web Security Backend Login Handler\Test.Web_Security_Backend_Login_Handler\validate_keyTest.cs:line 85
</StackTrace>
        </ErrorInfo>
      </Output>
    </UnitTestResult>
  </Results>
</TestRun>