<?xml version="1.0" encoding="UTF-8"?>
<TestRun id="d0503d35-5e4e-43bd-ba0d-919763724436" name="Steven@2TAFFY 2012-04-25 10:10:06" runUser="2taffy\Steven" xmlns="http://microsoft.com/schemas/VisualStudio/TeamTest/2010">
  <TestSettings name="Local" id="948a7d2c-a449-40cc-93d7-295f2060e854">
    <Description>These are default test settings for a local test run.</Description>
    <Deployment enabled="false" runDeploymentRoot="Steven_2TAFFY 2012-04-25 10_10_06">
      <DeploymentItem filename="C:\Users\Steven\Documents\Visual Studio 2010\Projects\Web Security Backend Login Handler\Web Security Backend Login Handler\bin\Web Security Backend Login Handler.dll" />
      <DeploymentItem filename="C:\Users\Steven\Documents\Visual Studio 2010\Projects\Web Security Backend Login Handler\packages\EntityFramework.4.1.10331.0\lib\EntityFramework.dll" />
    </Deployment>
    <Execution>
      <TestTypeSpecific />
      <AgentRule name="Execution Agents">
      </AgentRule>
    </Execution>
  </TestSettings>
  <Times creation="2012-04-25T10:10:06.4892578-04:00" queuing="2012-04-25T10:10:06.6357421-04:00" start="2012-04-25T10:10:06.6894531-04:00" finish="2012-04-25T10:10:07.2539062-04:00" />
  <ResultSummary outcome="Completed">
    <Counters total="2" executed="2" passed="2" error="0" failed="0" timeout="0" aborted="0" inconclusive="0" passedButRunAborted="0" notRunnable="0" notExecuted="0" disconnected="0" warning="0" completed="0" inProgress="0" pending="0" />
  </ResultSummary>
  <TestDefinitions>
    <UnitTest name="record_failed_attemptTest_should_create_a_new_ip_record_when_none_is_found" storage="c:\users\steven\documents\visual studio 2010\projects\web security backend login handler\test.web_security_backend_login_handler\bin\debug\test.web_security_backend_login_handler.dll" id="9979932b-cf13-fa30-2fc9-ff4981bbae56">
      <Execution id="e66bde38-9a1c-4e5d-bc26-5dc1159209de" />
      <TestMethod codeBase="C:/Users/Steven/Documents/Visual Studio 2010/Projects/Web Security Backend Login Handler/Test.Web_Security_Backend_Login_Handler/bin/Debug/Test.Web_Security_Backend_Login_Handler.DLL" adapterTypeName="Microsoft.VisualStudio.TestTools.TestTypes.Unit.UnitTestAdapter, Microsoft.VisualStudio.QualityTools.Tips.UnitTest.Adapter, Version=10.0.0.0, Culture=neutral, PublicKeyToken=b03f5f7f11d50a3a" className="Test.Web_Security_Backend_Login_Handler.Service_ManagerTest, Test.Web_Security_Backend_Login_Handler, Version=1.0.0.0, Culture=neutral, PublicKeyToken=null" name="record_failed_attemptTest_should_create_a_new_ip_record_when_none_is_found" />
    </UnitTest>
    <UnitTest name="record_failed_attemptTest_should_update_ip_record_when_ip_is_found" storage="c:\users\steven\documents\visual studio 2010\projects\web security backend login handler\test.web_security_backend_login_handler\bin\debug\test.web_security_backend_login_handler.dll" id="2f6d8dc3-e175-6550-f600-a0a25a455edb">
      <Execution id="79798a34-ba3c-413e-a833-bde2013d7b79" />
      <TestMethod codeBase="C:/Users/Steven/Documents/Visual Studio 2010/Projects/Web Security Backend Login Handler/Test.Web_Security_Backend_Login_Handler/bin/Debug/Test.Web_Security_Backend_Login_Handler.DLL" adapterTypeName="Microsoft.VisualStudio.TestTools.TestTypes.Unit.UnitTestAdapter, Microsoft.VisualStudio.QualityTools.Tips.UnitTest.Adapter, Version=10.0.0.0, Culture=neutral, PublicKeyToken=b03f5f7f11d50a3a" className="Test.Web_Security_Backend_Login_Handler.Service_ManagerTest, Test.Web_Security_Backend_Login_Handler, Version=1.0.0.0, Culture=neutral, PublicKeyToken=null" name="record_failed_attemptTest_should_update_ip_record_when_ip_is_found" />
    </UnitTest>
  </TestDefinitions>
  <TestLists>
    <TestList name="Results Not in a List" id="8c84fa94-04c1-424b-9868-57a2d4851a1d" />
    <TestList name="All Loaded Results" id="19431567-8539-422a-85d7-44ee4e166bda" />
  </TestLists>
  <TestEntries>
    <TestEntry testId="2f6d8dc3-e175-6550-f600-a0a25a455edb" executionId="79798a34-ba3c-413e-a833-bde2013d7b79" testListId="8c84fa94-04c1-424b-9868-57a2d4851a1d" />
    <TestEntry testId="9979932b-cf13-fa30-2fc9-ff4981bbae56" executionId="e66bde38-9a1c-4e5d-bc26-5dc1159209de" testListId="8c84fa94-04c1-424b-9868-57a2d4851a1d" />
  </TestEntries>
  <Results>
    <UnitTestResult executionId="79798a34-ba3c-413e-a833-bde2013d7b79" testId="2f6d8dc3-e175-6550-f600-a0a25a455edb" testName="record_failed_attemptTest_should_update_ip_record_when_ip_is_found" computerName="2TAFFY" duration="00:00:00.0370106" startTime="2012-04-25T10:10:06.7216796-04:00" endTime="2012-04-25T10:10:07.1865234-04:00" testType="13cdc9d9-ddb5-4fa4-a97d-d965ccfc6d4b" outcome="Passed" testListId="8c84fa94-04c1-424b-9868-57a2d4851a1d" relativeResultsDirectory="79798a34-ba3c-413e-a833-bde2013d7b79">
    </UnitTestResult>
    <UnitTestResult executionId="e66bde38-9a1c-4e5d-bc26-5dc1159209de" testId="9979932b-cf13-fa30-2fc9-ff4981bbae56" testName="record_failed_attemptTest_should_create_a_new_ip_record_when_none_is_found" computerName="2TAFFY" duration="00:00:00.0007918" startTime="2012-04-25T10:10:07.1953125-04:00" endTime="2012-04-25T10:10:07.2031250-04:00" testType="13cdc9d9-ddb5-4fa4-a97d-d965ccfc6d4b" outcome="Passed" testListId="8c84fa94-04c1-424b-9868-57a2d4851a1d" relativeResultsDirectory="e66bde38-9a1c-4e5d-bc26-5dc1159209de">
    </UnitTestResult>
  </Results>
</TestRun>