<?xml version="1.0" encoding="UTF-8"?>
<TestRun id="e81c220e-f544-4e0a-8df8-c4290212e183" name="Steven@2TAFFY 2012-04-25 21:13:21" runUser="2taffy\Steven" xmlns="http://microsoft.com/schemas/VisualStudio/TeamTest/2010">
  <TestSettings name="Local" id="948a7d2c-a449-40cc-93d7-295f2060e854">
    <Description>These are default test settings for a local test run.</Description>
    <Deployment enabled="false" runDeploymentRoot="Steven_2TAFFY 2012-04-25 21_13_21">
      <DeploymentItem filename="C:\Users\Steven\Documents\Visual Studio 2010\Projects\Web Security Backend Login Handler\Web Security Backend Login Handler\bin\Web Security Backend Login Handler.dll" />
      <DeploymentItem filename="C:\Users\Steven\Desktop\RSAClasses\RSAClasses\bin\Debug\RSAClasses.dll" />
      <DeploymentItem filename="C:\Users\Steven\Documents\Visual Studio 2010\Projects\Web Security Backend Login Handler\packages\EntityFramework.4.1.10331.0\lib\EntityFramework.dll" />
    </Deployment>
    <Execution>
      <TestTypeSpecific />
      <AgentRule name="Execution Agents">
      </AgentRule>
    </Execution>
  </TestSettings>
  <Times creation="2012-04-25T21:13:21.7626953-04:00" queuing="2012-04-25T21:13:21.8710937-04:00" start="2012-04-25T21:13:21.9375000-04:00" finish="2012-04-25T21:13:50.7109375-04:00" />
  <ResultSummary outcome="Failed">
    <Counters total="44" executed="44" passed="42" error="0" failed="2" timeout="0" aborted="0" inconclusive="0" passedButRunAborted="0" notRunnable="0" notExecuted="0" disconnected="0" warning="0" completed="0" inProgress="0" pending="0" />
  </ResultSummary>
  <TestDefinitions>
    <UnitTest name="validateloginTest_should_return_false_when_SessionHolder_does_not_contain_same_values" storage="c:\users\steven\documents\visual studio 2010\projects\web security backend login handler\test.web_security_backend_login_handler\bin\debug\test.web_security_backend_login_handler.dll" id="4897a04b-2374-7309-30e3-a76570127718">
      <Execution id="ba11e104-c2b5-4e24-8afb-36b301f650f2" />
      <TestMethod codeBase="C:/Users/Steven/Documents/Visual Studio 2010/Projects/Web Security Backend Login Handler/Test.Web_Security_Backend_Login_Handler/bin/Debug/Test.Web_Security_Backend_Login_Handler.DLL" adapterTypeName="Microsoft.VisualStudio.TestTools.TestTypes.Unit.UnitTestAdapter, Microsoft.VisualStudio.QualityTools.Tips.UnitTest.Adapter, Version=10.0.0.0, Culture=neutral, PublicKeyToken=b03f5f7f11d50a3a" className="Test.Web_Security_Backend_Login_Handler.Session_HolderTest, Test.Web_Security_Backend_Login_Handler, Version=1.0.0.0, Culture=neutral, PublicKeyToken=null" name="validateloginTest_should_return_false_when_SessionHolder_does_not_contain_same_values" />
    </UnitTest>
    <UnitTest name="record_failed_attemptTest_should_create_a_new_ip_record_when_none_is_found" storage="c:\users\steven\documents\visual studio 2010\projects\web security backend login handler\test.web_security_backend_login_handler\bin\debug\test.web_security_backend_login_handler.dll" id="9979932b-cf13-fa30-2fc9-ff4981bbae56">
      <Execution id="35e4b172-dd29-409e-a151-a004e668953e" />
      <TestMethod codeBase="C:/Users/Steven/Documents/Visual Studio 2010/Projects/Web Security Backend Login Handler/Test.Web_Security_Backend_Login_Handler/bin/Debug/Test.Web_Security_Backend_Login_Handler.DLL" adapterTypeName="Microsoft.VisualStudio.TestTools.TestTypes.Unit.UnitTestAdapter, Microsoft.VisualStudio.QualityTools.Tips.UnitTest.Adapter, Version=10.0.0.0, Culture=neutral, PublicKeyToken=b03f5f7f11d50a3a" className="Test.Web_Security_Backend_Login_Handler.Service_ManagerTest, Test.Web_Security_Backend_Login_Handler, Version=1.0.0.0, Culture=neutral, PublicKeyToken=null" name="record_failed_attemptTest_should_create_a_new_ip_record_when_none_is_found" />
    </UnitTest>
    <UnitTest name="check_for_unique_session_idTest_should_return_true_when_id_is_not_found_in_db" storage="c:\users\steven\documents\visual studio 2010\projects\web security backend login handler\test.web_security_backend_login_handler\bin\debug\test.web_security_backend_login_handler.dll" id="c661e960-557d-6758-3466-a0b7ec8ac25b">
      <Execution id="febd0566-4e3a-4fec-8bd2-d1980eba1e3e" />
      <TestMethod codeBase="C:/Users/Steven/Documents/Visual Studio 2010/Projects/Web Security Backend Login Handler/Test.Web_Security_Backend_Login_Handler/bin/Debug/Test.Web_Security_Backend_Login_Handler.DLL" adapterTypeName="Microsoft.VisualStudio.TestTools.TestTypes.Unit.UnitTestAdapter, Microsoft.VisualStudio.QualityTools.Tips.UnitTest.Adapter, Version=10.0.0.0, Culture=neutral, PublicKeyToken=b03f5f7f11d50a3a" className="Test.Web_Security_Backend_Login_Handler.EF_Login_Data_RepositoryTest, Test.Web_Security_Backend_Login_Handler, Version=1.0.0.0, Culture=neutral, PublicKeyToken=null" name="check_for_unique_session_idTest_should_return_true_when_id_is_not_found_in_db" />
    </UnitTest>
    <UnitTest name="check_for_unique_data_stringTest_should_return_true_when_string_is_not_found_in_db" storage="c:\users\steven\documents\visual studio 2010\projects\web security backend login handler\test.web_security_backend_login_handler\bin\debug\test.web_security_backend_login_handler.dll" id="c25c7c45-fb93-cba1-9819-ebb7722350c0">
      <Execution id="269cf8ef-9401-49c1-aebd-11822081aa98" />
      <TestMethod codeBase="C:/Users/Steven/Documents/Visual Studio 2010/Projects/Web Security Backend Login Handler/Test.Web_Security_Backend_Login_Handler/bin/Debug/Test.Web_Security_Backend_Login_Handler.DLL" adapterTypeName="Microsoft.VisualStudio.TestTools.TestTypes.Unit.UnitTestAdapter, Microsoft.VisualStudio.QualityTools.Tips.UnitTest.Adapter, Version=10.0.0.0, Culture=neutral, PublicKeyToken=b03f5f7f11d50a3a" className="Test.Web_Security_Backend_Login_Handler.EF_Login_Data_RepositoryTest, Test.Web_Security_Backend_Login_Handler, Version=1.0.0.0, Culture=neutral, PublicKeyToken=null" name="check_for_unique_data_stringTest_should_return_true_when_string_is_not_found_in_db" />
    </UnitTest>
    <UnitTest name="check_for_unique_pub_keyTest_should_return_True_when_a_different_REMOTE_key_exists" storage="c:\users\steven\documents\visual studio 2010\projects\web security backend login handler\test.web_security_backend_login_handler\bin\debug\test.web_security_backend_login_handler.dll" id="2772b7c6-aea8-ca9f-63ce-5faa048dec51">
      <Execution id="1eca05ab-2e6a-4eec-a8d9-5c41545e47d1" />
      <TestMethod codeBase="C:/Users/Steven/Documents/Visual Studio 2010/Projects/Web Security Backend Login Handler/Test.Web_Security_Backend_Login_Handler/bin/Debug/Test.Web_Security_Backend_Login_Handler.DLL" adapterTypeName="Microsoft.VisualStudio.TestTools.TestTypes.Unit.UnitTestAdapter, Microsoft.VisualStudio.QualityTools.Tips.UnitTest.Adapter, Version=10.0.0.0, Culture=neutral, PublicKeyToken=b03f5f7f11d50a3a" className="Test.Web_Security_Backend_Login_Handler.EF_Login_Data_RepositoryTest, Test.Web_Security_Backend_Login_Handler, Version=1.0.0.0, Culture=neutral, PublicKeyToken=null" name="check_for_unique_pub_keyTest_should_return_True_when_a_different_REMOTE_key_exists" />
    </UnitTest>
    <UnitTest name="authenticateTest_should_fail_login_when_given_bad_session_id" storage="c:\users\steven\documents\visual studio 2010\projects\web security backend login handler\test.web_security_backend_login_handler\bin\debug\test.web_security_backend_login_handler.dll" id="2aac691f-68fa-51c4-f6b6-04c304918a9a">
      <Execution id="0c78694a-0e5c-481e-85ec-a93a0eb7cbb0" />
      <TestMethod codeBase="C:/Users/Steven/Documents/Visual Studio 2010/Projects/Web Security Backend Login Handler/Test.Web_Security_Backend_Login_Handler/bin/Debug/Test.Web_Security_Backend_Login_Handler.DLL" adapterTypeName="Microsoft.VisualStudio.TestTools.TestTypes.Unit.UnitTestAdapter, Microsoft.VisualStudio.QualityTools.Tips.UnitTest.Adapter, Version=10.0.0.0, Culture=neutral, PublicKeyToken=b03f5f7f11d50a3a" className="Test.Web_Security_Backend_Login_Handler.AuthenticationControllerTest, Test.Web_Security_Backend_Login_Handler, Version=1.0.0.0, Culture=neutral, PublicKeyToken=null" name="authenticateTest_should_fail_login_when_given_bad_session_id" />
    </UnitTest>
    <UnitTest name="dirty_keyTest_on_original_of_size_6" storage="c:\users\steven\documents\visual studio 2010\projects\web security backend login handler\test.web_security_backend_login_handler\bin\debug\test.web_security_backend_login_handler.dll" id="8e37c1b8-7197-4065-2cda-557d5aa868fc">
      <Execution id="870db391-7525-4007-b5e8-be68b52030af" />
      <TestMethod codeBase="C:/Users/Steven/Documents/Visual Studio 2010/Projects/Web Security Backend Login Handler/Test.Web_Security_Backend_Login_Handler/bin/Debug/Test.Web_Security_Backend_Login_Handler.DLL" adapterTypeName="Microsoft.VisualStudio.TestTools.TestTypes.Unit.UnitTestAdapter, Microsoft.VisualStudio.QualityTools.Tips.UnitTest.Adapter, Version=10.0.0.0, Culture=neutral, PublicKeyToken=b03f5f7f11d50a3a" className="Test.Web_Security_Backend_Login_Handler.validate_keyTest, Test.Web_Security_Backend_Login_Handler, Version=1.0.0.0, Culture=neutral, PublicKeyToken=null" name="dirty_keyTest_on_original_of_size_6" />
    </UnitTest>
    <UnitTest name="store_sessionTest" storage="c:\users\steven\documents\visual studio 2010\projects\web security backend login handler\test.web_security_backend_login_handler\bin\debug\test.web_security_backend_login_handler.dll" id="49ac4308-2507-de1d-6da1-ee6cc36e8c86">
      <Execution id="8af1b8bc-f0ce-4009-a2a1-05a2bf73e3fa" />
      <TestMethod codeBase="C:/Users/Steven/Documents/Visual Studio 2010/Projects/Web Security Backend Login Handler/Test.Web_Security_Backend_Login_Handler/bin/Debug/Test.Web_Security_Backend_Login_Handler.DLL" adapterTypeName="Microsoft.VisualStudio.TestTools.TestTypes.Unit.UnitTestAdapter, Microsoft.VisualStudio.QualityTools.Tips.UnitTest.Adapter, Version=10.0.0.0, Culture=neutral, PublicKeyToken=b03f5f7f11d50a3a" className="Test.Web_Security_Backend_Login_Handler.EF_Login_Data_RepositoryTest, Test.Web_Security_Backend_Login_Handler, Version=1.0.0.0, Culture=neutral, PublicKeyToken=null" name="store_sessionTest" />
    </UnitTest>
    <UnitTest name="calculate_keyTest" storage="c:\users\steven\documents\visual studio 2010\projects\web security backend login handler\test.web_security_backend_login_handler\bin\debug\test.web_security_backend_login_handler.dll" id="a47d8046-29f4-8927-47f0-c265c9287b02">
      <Execution id="bd35dfbc-23f4-4cc7-921c-5e58620dd521" />
      <TestMethod codeBase="C:/Users/Steven/Documents/Visual Studio 2010/Projects/Web Security Backend Login Handler/Test.Web_Security_Backend_Login_Handler/bin/Debug/Test.Web_Security_Backend_Login_Handler.DLL" adapterTypeName="Microsoft.VisualStudio.TestTools.TestTypes.Unit.UnitTestAdapter, Microsoft.VisualStudio.QualityTools.Tips.UnitTest.Adapter, Version=10.0.0.0, Culture=neutral, PublicKeyToken=b03f5f7f11d50a3a" className="Test.Web_Security_Backend_Login_Handler.Picture1Test, Test.Web_Security_Backend_Login_Handler, Version=1.0.0.0, Culture=neutral, PublicKeyToken=null" name="calculate_keyTest" />
    </UnitTest>
    <UnitTest name="Service_Manager_object_should_still_hold_attempts_when_deserialized" storage="c:\users\steven\documents\visual studio 2010\projects\web security backend login handler\test.web_security_backend_login_handler\bin\debug\test.web_security_backend_login_handler.dll" id="67edcd63-6396-56e4-d814-19352322cb50">
      <Execution id="095b5a5b-b6c7-42fa-b0a2-b0bdaf6696d8" />
      <TestMethod codeBase="C:/Users/Steven/Documents/Visual Studio 2010/Projects/Web Security Backend Login Handler/Test.Web_Security_Backend_Login_Handler/bin/Debug/Test.Web_Security_Backend_Login_Handler.DLL" adapterTypeName="Microsoft.VisualStudio.TestTools.TestTypes.Unit.UnitTestAdapter, Microsoft.VisualStudio.QualityTools.Tips.UnitTest.Adapter, Version=10.0.0.0, Culture=neutral, PublicKeyToken=b03f5f7f11d50a3a" className="Test.Web_Security_Backend_Login_Handler.ObjectSerializingTest, Test.Web_Security_Backend_Login_Handler, Version=1.0.0.0, Culture=neutral, PublicKeyToken=null" name="Service_Manager_object_should_still_hold_attempts_when_deserialized" />
    </UnitTest>
    <UnitTest name="is_ip_lockedTest_users_should_unlocklock_out_after_four_attempts_if_unlock_period_has_been_exceeded" storage="c:\users\steven\documents\visual studio 2010\projects\web security backend login handler\test.web_security_backend_login_handler\bin\debug\test.web_security_backend_login_handler.dll" id="451ca797-209b-dee9-6367-89f6f7d14060">
      <Execution id="646263c8-0f4c-4b5f-975b-2dde287f22d0" />
      <TestMethod codeBase="C:/Users/Steven/Documents/Visual Studio 2010/Projects/Web Security Backend Login Handler/Test.Web_Security_Backend_Login_Handler/bin/Debug/Test.Web_Security_Backend_Login_Handler.DLL" adapterTypeName="Microsoft.VisualStudio.TestTools.TestTypes.Unit.UnitTestAdapter, Microsoft.VisualStudio.QualityTools.Tips.UnitTest.Adapter, Version=10.0.0.0, Culture=neutral, PublicKeyToken=b03f5f7f11d50a3a" className="Test.Web_Security_Backend_Login_Handler.Service_ManagerTest, Test.Web_Security_Backend_Login_Handler, Version=1.0.0.0, Culture=neutral, PublicKeyToken=null" name="is_ip_lockedTest_users_should_unlocklock_out_after_four_attempts_if_unlock_period_has_been_exceeded" />
    </UnitTest>
    <UnitTest name="authenticateTest_should_fail_login_when_given_incorrect_login_data" storage="c:\users\steven\documents\visual studio 2010\projects\web security backend login handler\test.web_security_backend_login_handler\bin\debug\test.web_security_backend_login_handler.dll" id="456fe2e4-effc-7286-1bfa-b6cee2caa7e3">
      <Execution id="4bfacd78-2c31-44f4-b3c2-9acdd0bc7b00" />
      <TestMethod codeBase="C:/Users/Steven/Documents/Visual Studio 2010/Projects/Web Security Backend Login Handler/Test.Web_Security_Backend_Login_Handler/bin/Debug/Test.Web_Security_Backend_Login_Handler.DLL" adapterTypeName="Microsoft.VisualStudio.TestTools.TestTypes.Unit.UnitTestAdapter, Microsoft.VisualStudio.QualityTools.Tips.UnitTest.Adapter, Version=10.0.0.0, Culture=neutral, PublicKeyToken=b03f5f7f11d50a3a" className="Test.Web_Security_Backend_Login_Handler.AuthenticationControllerTest, Test.Web_Security_Backend_Login_Handler, Version=1.0.0.0, Culture=neutral, PublicKeyToken=null" name="authenticateTest_should_fail_login_when_given_incorrect_login_data" />
    </UnitTest>
    <UnitTest name="initializeTest_when_given_bad_key_should_return_fake_data" storage="c:\users\steven\documents\visual studio 2010\projects\web security backend login handler\test.web_security_backend_login_handler\bin\debug\test.web_security_backend_login_handler.dll" id="9a17c7d1-5b24-127e-8a9a-1e236c20a42e">
      <Execution id="a8178222-85eb-49e1-b51f-af1cf1e3de0a" />
      <TestMethod codeBase="C:/Users/Steven/Documents/Visual Studio 2010/Projects/Web Security Backend Login Handler/Test.Web_Security_Backend_Login_Handler/bin/Debug/Test.Web_Security_Backend_Login_Handler.DLL" adapterTypeName="Microsoft.VisualStudio.TestTools.TestTypes.Unit.UnitTestAdapter, Microsoft.VisualStudio.QualityTools.Tips.UnitTest.Adapter, Version=10.0.0.0, Culture=neutral, PublicKeyToken=b03f5f7f11d50a3a" className="Test.Web_Security_Backend_Login_Handler.AuthenticationControllerTest, Test.Web_Security_Backend_Login_Handler, Version=1.0.0.0, Culture=neutral, PublicKeyToken=null" name="initializeTest_when_given_bad_key_should_return_fake_data" />
    </UnitTest>
    <UnitTest name="record_failed_attemptTest_should_update_ip_record_when_ip_is_found" storage="c:\users\steven\documents\visual studio 2010\projects\web security backend login handler\test.web_security_backend_login_handler\bin\debug\test.web_security_backend_login_handler.dll" id="2f6d8dc3-e175-6550-f600-a0a25a455edb">
      <Execution id="9e5845d7-b4ff-4c97-bf17-7e2ddc185937" />
      <TestMethod codeBase="C:/Users/Steven/Documents/Visual Studio 2010/Projects/Web Security Backend Login Handler/Test.Web_Security_Backend_Login_Handler/bin/Debug/Test.Web_Security_Backend_Login_Handler.DLL" adapterTypeName="Microsoft.VisualStudio.TestTools.TestTypes.Unit.UnitTestAdapter, Microsoft.VisualStudio.QualityTools.Tips.UnitTest.Adapter, Version=10.0.0.0, Culture=neutral, PublicKeyToken=b03f5f7f11d50a3a" className="Test.Web_Security_Backend_Login_Handler.Service_ManagerTest, Test.Web_Security_Backend_Login_Handler, Version=1.0.0.0, Culture=neutral, PublicKeyToken=null" name="record_failed_attemptTest_should_update_ip_record_when_ip_is_found" />
    </UnitTest>
    <UnitTest name="clean_keyTest" storage="c:\users\steven\documents\visual studio 2010\projects\web security backend login handler\test.web_security_backend_login_handler\bin\debug\test.web_security_backend_login_handler.dll" id="972b6f7c-0580-faff-8ab3-18e7fe4dd471">
      <Execution id="127a5e90-c142-4912-8009-78f13f978fd2" />
      <TestMethod codeBase="C:/Users/Steven/Documents/Visual Studio 2010/Projects/Web Security Backend Login Handler/Test.Web_Security_Backend_Login_Handler/bin/Debug/Test.Web_Security_Backend_Login_Handler.DLL" adapterTypeName="Microsoft.VisualStudio.TestTools.TestTypes.Unit.UnitTestAdapter, Microsoft.VisualStudio.QualityTools.Tips.UnitTest.Adapter, Version=10.0.0.0, Culture=neutral, PublicKeyToken=b03f5f7f11d50a3a" className="Test.Web_Security_Backend_Login_Handler.validate_keyTest, Test.Web_Security_Backend_Login_Handler, Version=1.0.0.0, Culture=neutral, PublicKeyToken=null" name="clean_keyTest" />
    </UnitTest>
    <UnitTest name="check_for_unique_data_stringTest_should_return_false_when_string_is_found_in_db" storage="c:\users\steven\documents\visual studio 2010\projects\web security backend login handler\test.web_security_backend_login_handler\bin\debug\test.web_security_backend_login_handler.dll" id="5a62df0c-700f-04be-be4d-bfeee5483f10">
      <Execution id="5377b286-a106-4ce0-8c90-931505bcf3c4" />
      <TestMethod codeBase="C:/Users/Steven/Documents/Visual Studio 2010/Projects/Web Security Backend Login Handler/Test.Web_Security_Backend_Login_Handler/bin/Debug/Test.Web_Security_Backend_Login_Handler.DLL" adapterTypeName="Microsoft.VisualStudio.TestTools.TestTypes.Unit.UnitTestAdapter, Microsoft.VisualStudio.QualityTools.Tips.UnitTest.Adapter, Version=10.0.0.0, Culture=neutral, PublicKeyToken=b03f5f7f11d50a3a" className="Test.Web_Security_Backend_Login_Handler.EF_Login_Data_RepositoryTest, Test.Web_Security_Backend_Login_Handler, Version=1.0.0.0, Culture=neutral, PublicKeyToken=null" name="check_for_unique_data_stringTest_should_return_false_when_string_is_found_in_db" />
    </UnitTest>
    <UnitTest name="expire_sessionTest" storage="c:\users\steven\documents\visual studio 2010\projects\web security backend login handler\test.web_security_backend_login_handler\bin\debug\test.web_security_backend_login_handler.dll" id="a06c8703-aad3-9716-909a-c0a258c09d3f">
      <Execution id="8a45e1e2-983f-4a55-b5c7-3aadabbce8ee" />
      <TestMethod codeBase="C:/Users/Steven/Documents/Visual Studio 2010/Projects/Web Security Backend Login Handler/Test.Web_Security_Backend_Login_Handler/bin/Debug/Test.Web_Security_Backend_Login_Handler.DLL" adapterTypeName="Microsoft.VisualStudio.TestTools.TestTypes.Unit.UnitTestAdapter, Microsoft.VisualStudio.QualityTools.Tips.UnitTest.Adapter, Version=10.0.0.0, Culture=neutral, PublicKeyToken=b03f5f7f11d50a3a" className="Test.Web_Security_Backend_Login_Handler.EF_Login_Data_RepositoryTest, Test.Web_Security_Backend_Login_Handler, Version=1.0.0.0, Culture=neutral, PublicKeyToken=null" name="expire_sessionTest" />
    </UnitTest>
    <UnitTest name="validateloginTest_should_return_false_when_login_attempt_is_empty" storage="c:\users\steven\documents\visual studio 2010\projects\web security backend login handler\test.web_security_backend_login_handler\bin\debug\test.web_security_backend_login_handler.dll" id="3a663574-3180-85f1-cdde-1030a0ef32ad">
      <Execution id="382053d6-ded2-42b8-b765-ff92a036bc9b" />
      <TestMethod codeBase="C:/Users/Steven/Documents/Visual Studio 2010/Projects/Web Security Backend Login Handler/Test.Web_Security_Backend_Login_Handler/bin/Debug/Test.Web_Security_Backend_Login_Handler.DLL" adapterTypeName="Microsoft.VisualStudio.TestTools.TestTypes.Unit.UnitTestAdapter, Microsoft.VisualStudio.QualityTools.Tips.UnitTest.Adapter, Version=10.0.0.0, Culture=neutral, PublicKeyToken=b03f5f7f11d50a3a" className="Test.Web_Security_Backend_Login_Handler.Session_HolderTest, Test.Web_Security_Backend_Login_Handler, Version=1.0.0.0, Culture=neutral, PublicKeyToken=null" name="validateloginTest_should_return_false_when_login_attempt_is_empty" />
    </UnitTest>
    <UnitTest name="validateTest" storage="c:\users\steven\documents\visual studio 2010\projects\web security backend login handler\test.web_security_backend_login_handler\bin\debug\test.web_security_backend_login_handler.dll" id="b8b91aae-b377-e572-aa09-5986400c100d">
      <Execution id="6d97a623-a194-44f4-9611-498c545bb979" />
      <TestMethod codeBase="C:/Users/Steven/Documents/Visual Studio 2010/Projects/Web Security Backend Login Handler/Test.Web_Security_Backend_Login_Handler/bin/Debug/Test.Web_Security_Backend_Login_Handler.DLL" adapterTypeName="Microsoft.VisualStudio.TestTools.TestTypes.Unit.UnitTestAdapter, Microsoft.VisualStudio.QualityTools.Tips.UnitTest.Adapter, Version=10.0.0.0, Culture=neutral, PublicKeyToken=b03f5f7f11d50a3a" className="Test.Web_Security_Backend_Login_Handler.validate_keyTest, Test.Web_Security_Backend_Login_Handler, Version=1.0.0.0, Culture=neutral, PublicKeyToken=null" name="validateTest" />
    </UnitTest>
    <UnitTest name="store_sessionTest_should_allow_multiple_sessions_to_be_stored" storage="c:\users\steven\documents\visual studio 2010\projects\web security backend login handler\test.web_security_backend_login_handler\bin\debug\test.web_security_backend_login_handler.dll" id="368bdd97-67d3-cf24-9eb4-e8a0266a0986">
      <Execution id="382d2fa5-b8f1-48d4-8e30-2137970599da" />
      <TestMethod codeBase="C:/Users/Steven/Documents/Visual Studio 2010/Projects/Web Security Backend Login Handler/Test.Web_Security_Backend_Login_Handler/bin/Debug/Test.Web_Security_Backend_Login_Handler.DLL" adapterTypeName="Microsoft.VisualStudio.TestTools.TestTypes.Unit.UnitTestAdapter, Microsoft.VisualStudio.QualityTools.Tips.UnitTest.Adapter, Version=10.0.0.0, Culture=neutral, PublicKeyToken=b03f5f7f11d50a3a" className="Test.Web_Security_Backend_Login_Handler.EF_Login_Data_RepositoryTest, Test.Web_Security_Backend_Login_Handler, Version=1.0.0.0, Culture=neutral, PublicKeyToken=null" name="store_sessionTest_should_allow_multiple_sessions_to_be_stored" />
    </UnitTest>
    <UnitTest name="store_failed_initialize_attemptTest" storage="c:\users\steven\documents\visual studio 2010\projects\web security backend login handler\test.web_security_backend_login_handler\bin\debug\test.web_security_backend_login_handler.dll" id="079bf086-b93c-c2c9-1f00-42b7634ec2f2">
      <Execution id="9e20da7b-4a78-4713-8330-e70a5aa573f2" />
      <TestMethod codeBase="C:/Users/Steven/Documents/Visual Studio 2010/Projects/Web Security Backend Login Handler/Test.Web_Security_Backend_Login_Handler/bin/Debug/Test.Web_Security_Backend_Login_Handler.DLL" adapterTypeName="Microsoft.VisualStudio.TestTools.TestTypes.Unit.UnitTestAdapter, Microsoft.VisualStudio.QualityTools.Tips.UnitTest.Adapter, Version=10.0.0.0, Culture=neutral, PublicKeyToken=b03f5f7f11d50a3a" className="Test.Web_Security_Backend_Login_Handler.EF_Login_Data_RepositoryTest, Test.Web_Security_Backend_Login_Handler, Version=1.0.0.0, Culture=neutral, PublicKeyToken=null" name="store_failed_initialize_attemptTest" />
    </UnitTest>
    <UnitTest name="validateloginTest_should_return_true_when_login_attempt_from_different_hash_objects" storage="c:\users\steven\documents\visual studio 2010\projects\web security backend login handler\test.web_security_backend_login_handler\bin\debug\test.web_security_backend_login_handler.dll" id="0841dfaf-52bb-7dfb-7275-49a894f07712">
      <Execution id="245fe3ab-7319-45b7-ae30-3439fb01b4b8" />
      <TestMethod codeBase="C:/Users/Steven/Documents/Visual Studio 2010/Projects/Web Security Backend Login Handler/Test.Web_Security_Backend_Login_Handler/bin/Debug/Test.Web_Security_Backend_Login_Handler.DLL" adapterTypeName="Microsoft.VisualStudio.TestTools.TestTypes.Unit.UnitTestAdapter, Microsoft.VisualStudio.QualityTools.Tips.UnitTest.Adapter, Version=10.0.0.0, Culture=neutral, PublicKeyToken=b03f5f7f11d50a3a" className="Test.Web_Security_Backend_Login_Handler.Session_HolderTest, Test.Web_Security_Backend_Login_Handler, Version=1.0.0.0, Culture=neutral, PublicKeyToken=null" name="validateloginTest_should_return_true_when_login_attempt_from_different_hash_objects" />
    </UnitTest>
    <UnitTest name="check_for_unique_pub_keyTest_should_return_true_when_key_does_not_exist_in_db" storage="c:\users\steven\documents\visual studio 2010\projects\web security backend login handler\test.web_security_backend_login_handler\bin\debug\test.web_security_backend_login_handler.dll" id="3ca1841b-33ff-64be-37dc-bb3397b6b3f8">
      <Execution id="329cc5c6-000c-4e73-af88-7e30fc375d31" />
      <TestMethod codeBase="C:/Users/Steven/Documents/Visual Studio 2010/Projects/Web Security Backend Login Handler/Test.Web_Security_Backend_Login_Handler/bin/Debug/Test.Web_Security_Backend_Login_Handler.DLL" adapterTypeName="Microsoft.VisualStudio.TestTools.TestTypes.Unit.UnitTestAdapter, Microsoft.VisualStudio.QualityTools.Tips.UnitTest.Adapter, Version=10.0.0.0, Culture=neutral, PublicKeyToken=b03f5f7f11d50a3a" className="Test.Web_Security_Backend_Login_Handler.EF_Login_Data_RepositoryTest, Test.Web_Security_Backend_Login_Handler, Version=1.0.0.0, Culture=neutral, PublicKeyToken=null" name="check_for_unique_pub_keyTest_should_return_true_when_key_does_not_exist_in_db" />
    </UnitTest>
    <UnitTest name="validateloginTest_should_return_true_when_SessionHolder_contains_alls_same_element_dispite_extra_passed_in_elements" storage="c:\users\steven\documents\visual studio 2010\projects\web security backend login handler\test.web_security_backend_login_handler\bin\debug\test.web_security_backend_login_handler.dll" id="4db1e1e3-7d8c-da35-b557-8700fecb4cae">
      <Execution id="1a546389-6098-4a28-9e28-ab692a1ff9dd" />
      <TestMethod codeBase="C:/Users/Steven/Documents/Visual Studio 2010/Projects/Web Security Backend Login Handler/Test.Web_Security_Backend_Login_Handler/bin/Debug/Test.Web_Security_Backend_Login_Handler.DLL" adapterTypeName="Microsoft.VisualStudio.TestTools.TestTypes.Unit.UnitTestAdapter, Microsoft.VisualStudio.QualityTools.Tips.UnitTest.Adapter, Version=10.0.0.0, Culture=neutral, PublicKeyToken=b03f5f7f11d50a3a" className="Test.Web_Security_Backend_Login_Handler.Session_HolderTest, Test.Web_Security_Backend_Login_Handler, Version=1.0.0.0, Culture=neutral, PublicKeyToken=null" name="validateloginTest_should_return_true_when_SessionHolder_contains_alls_same_element_dispite_extra_passed_in_elements" />
    </UnitTest>
    <UnitTest name="validateloginTest_should_return_false_when_SessionHolder_contains_no_values" storage="c:\users\steven\documents\visual studio 2010\projects\web security backend login handler\test.web_security_backend_login_handler\bin\debug\test.web_security_backend_login_handler.dll" id="7ec82646-bfa5-fc5d-43af-a673eb439cf8">
      <Execution id="03fde7fc-73a1-47df-9001-51ea1230d95e" />
      <TestMethod codeBase="C:/Users/Steven/Documents/Visual Studio 2010/Projects/Web Security Backend Login Handler/Test.Web_Security_Backend_Login_Handler/bin/Debug/Test.Web_Security_Backend_Login_Handler.DLL" adapterTypeName="Microsoft.VisualStudio.TestTools.TestTypes.Unit.UnitTestAdapter, Microsoft.VisualStudio.QualityTools.Tips.UnitTest.Adapter, Version=10.0.0.0, Culture=neutral, PublicKeyToken=b03f5f7f11d50a3a" className="Test.Web_Security_Backend_Login_Handler.Session_HolderTest, Test.Web_Security_Backend_Login_Handler, Version=1.0.0.0, Culture=neutral, PublicKeyToken=null" name="validateloginTest_should_return_false_when_SessionHolder_contains_no_values" />
    </UnitTest>
    <UnitTest name="authenticateTest_should_expire_session_during_login_attempt" storage="c:\users\steven\documents\visual studio 2010\projects\web security backend login handler\test.web_security_backend_login_handler\bin\debug\test.web_security_backend_login_handler.dll" id="29405316-9966-0a8b-31c9-bcb4897049f4">
      <Execution id="615956c2-67bb-4d6f-9314-4e34348b9d1c" />
      <TestMethod codeBase="C:/Users/Steven/Documents/Visual Studio 2010/Projects/Web Security Backend Login Handler/Test.Web_Security_Backend_Login_Handler/bin/Debug/Test.Web_Security_Backend_Login_Handler.DLL" adapterTypeName="Microsoft.VisualStudio.TestTools.TestTypes.Unit.UnitTestAdapter, Microsoft.VisualStudio.QualityTools.Tips.UnitTest.Adapter, Version=10.0.0.0, Culture=neutral, PublicKeyToken=b03f5f7f11d50a3a" className="Test.Web_Security_Backend_Login_Handler.AuthenticationControllerTest, Test.Web_Security_Backend_Login_Handler, Version=1.0.0.0, Culture=neutral, PublicKeyToken=null" name="authenticateTest_should_expire_session_during_login_attempt" />
    </UnitTest>
    <UnitTest name="Raw_Data_BuilderConstructorTest" storage="c:\users\steven\documents\visual studio 2010\projects\web security backend login handler\test.web_security_backend_login_handler\bin\debug\test.web_security_backend_login_handler.dll" id="9f02821a-fcc4-04ab-16ff-bb8c74969c39">
      <Execution id="8c5d17f6-2b33-430a-aa33-c5ef38adab1d" />
      <TestMethod codeBase="C:/Users/Steven/Documents/Visual Studio 2010/Projects/Web Security Backend Login Handler/Test.Web_Security_Backend_Login_Handler/bin/Debug/Test.Web_Security_Backend_Login_Handler.DLL" adapterTypeName="Microsoft.VisualStudio.TestTools.TestTypes.Unit.UnitTestAdapter, Microsoft.VisualStudio.QualityTools.Tips.UnitTest.Adapter, Version=10.0.0.0, Culture=neutral, PublicKeyToken=b03f5f7f11d50a3a" className="Test.Web_Security_Backend_Login_Handler.Raw_Data_BuilderTest, Test.Web_Security_Backend_Login_Handler, Version=1.0.0.0, Culture=neutral, PublicKeyToken=null" name="Raw_Data_BuilderConstructorTest" />
    </UnitTest>
    <UnitTest name="is_ip_lockedTest_users_should_lock_out_after_four_attempts_even_though_time_between_attempts" storage="c:\users\steven\documents\visual studio 2010\projects\web security backend login handler\test.web_security_backend_login_handler\bin\debug\test.web_security_backend_login_handler.dll" id="c6fdb9bc-0e83-4bbf-fff2-a9c35967cc4a">
      <Execution id="4c7bac5e-f172-4ed0-84b9-352e2bfd929b" />
      <TestMethod codeBase="C:/Users/Steven/Documents/Visual Studio 2010/Projects/Web Security Backend Login Handler/Test.Web_Security_Backend_Login_Handler/bin/Debug/Test.Web_Security_Backend_Login_Handler.DLL" adapterTypeName="Microsoft.VisualStudio.TestTools.TestTypes.Unit.UnitTestAdapter, Microsoft.VisualStudio.QualityTools.Tips.UnitTest.Adapter, Version=10.0.0.0, Culture=neutral, PublicKeyToken=b03f5f7f11d50a3a" className="Test.Web_Security_Backend_Login_Handler.Service_ManagerTest, Test.Web_Security_Backend_Login_Handler, Version=1.0.0.0, Culture=neutral, PublicKeyToken=null" name="is_ip_lockedTest_users_should_lock_out_after_four_attempts_even_though_time_between_attempts" />
    </UnitTest>
    <UnitTest name="is_ip_lockedTest_users_should_not_lock_out_an_unknown_ip" storage="c:\users\steven\documents\visual studio 2010\projects\web security backend login handler\test.web_security_backend_login_handler\bin\debug\test.web_security_backend_login_handler.dll" id="7d16d515-8857-ef40-7b11-d26c075d3e87">
      <Execution id="44446638-8be8-47fd-ab7d-dadb51d109c5" />
      <TestMethod codeBase="C:/Users/Steven/Documents/Visual Studio 2010/Projects/Web Security Backend Login Handler/Test.Web_Security_Backend_Login_Handler/bin/Debug/Test.Web_Security_Backend_Login_Handler.DLL" adapterTypeName="Microsoft.VisualStudio.TestTools.TestTypes.Unit.UnitTestAdapter, Microsoft.VisualStudio.QualityTools.Tips.UnitTest.Adapter, Version=10.0.0.0, Culture=neutral, PublicKeyToken=b03f5f7f11d50a3a" className="Test.Web_Security_Backend_Login_Handler.Service_ManagerTest, Test.Web_Security_Backend_Login_Handler, Version=1.0.0.0, Culture=neutral, PublicKeyToken=null" name="is_ip_lockedTest_users_should_not_lock_out_an_unknown_ip" />
    </UnitTest>
    <UnitTest name="check_for_unique_pub_keyTest_should_return_false_when_the_same_REMOTE_key_exists" storage="c:\users\steven\documents\visual studio 2010\projects\web security backend login handler\test.web_security_backend_login_handler\bin\debug\test.web_security_backend_login_handler.dll" id="22c85f12-a1ad-519d-548e-0be7657b5c5d">
      <Execution id="759f601d-623c-42ff-8001-57fd12ae1b47" />
      <TestMethod codeBase="C:/Users/Steven/Documents/Visual Studio 2010/Projects/Web Security Backend Login Handler/Test.Web_Security_Backend_Login_Handler/bin/Debug/Test.Web_Security_Backend_Login_Handler.DLL" adapterTypeName="Microsoft.VisualStudio.TestTools.TestTypes.Unit.UnitTestAdapter, Microsoft.VisualStudio.QualityTools.Tips.UnitTest.Adapter, Version=10.0.0.0, Culture=neutral, PublicKeyToken=b03f5f7f11d50a3a" className="Test.Web_Security_Backend_Login_Handler.EF_Login_Data_RepositoryTest, Test.Web_Security_Backend_Login_Handler, Version=1.0.0.0, Culture=neutral, PublicKeyToken=null" name="check_for_unique_pub_keyTest_should_return_false_when_the_same_REMOTE_key_exists" />
    </UnitTest>
    <UnitTest name="check_for_unique_pub_keyTest_should_return_false_when_the_same_SERVER_key_exists" storage="c:\users\steven\documents\visual studio 2010\projects\web security backend login handler\test.web_security_backend_login_handler\bin\debug\test.web_security_backend_login_handler.dll" id="ddd024be-5c7b-d757-e53e-80df9d3f62ee">
      <Execution id="792fa308-1605-432d-8ec8-5e2d20f49969" />
      <TestMethod codeBase="C:/Users/Steven/Documents/Visual Studio 2010/Projects/Web Security Backend Login Handler/Test.Web_Security_Backend_Login_Handler/bin/Debug/Test.Web_Security_Backend_Login_Handler.DLL" adapterTypeName="Microsoft.VisualStudio.TestTools.TestTypes.Unit.UnitTestAdapter, Microsoft.VisualStudio.QualityTools.Tips.UnitTest.Adapter, Version=10.0.0.0, Culture=neutral, PublicKeyToken=b03f5f7f11d50a3a" className="Test.Web_Security_Backend_Login_Handler.EF_Login_Data_RepositoryTest, Test.Web_Security_Backend_Login_Handler, Version=1.0.0.0, Culture=neutral, PublicKeyToken=null" name="check_for_unique_pub_keyTest_should_return_false_when_the_same_SERVER_key_exists" />
    </UnitTest>
    <UnitTest name="dirty_keyTest" storage="c:\users\steven\documents\visual studio 2010\projects\web security backend login handler\test.web_security_backend_login_handler\bin\debug\test.web_security_backend_login_handler.dll" id="fec82914-8d2b-ce0e-0f68-141c8e76da6f">
      <Execution id="a80ed1ea-d223-43c2-9d66-947e6fd33a31" />
      <TestMethod codeBase="C:/Users/Steven/Documents/Visual Studio 2010/Projects/Web Security Backend Login Handler/Test.Web_Security_Backend_Login_Handler/bin/Debug/Test.Web_Security_Backend_Login_Handler.DLL" adapterTypeName="Microsoft.VisualStudio.TestTools.TestTypes.Unit.UnitTestAdapter, Microsoft.VisualStudio.QualityTools.Tips.UnitTest.Adapter, Version=10.0.0.0, Culture=neutral, PublicKeyToken=b03f5f7f11d50a3a" className="Test.Web_Security_Backend_Login_Handler.validate_keyTest, Test.Web_Security_Backend_Login_Handler, Version=1.0.0.0, Culture=neutral, PublicKeyToken=null" name="dirty_keyTest" />
    </UnitTest>
    <UnitTest name="initializeTest_when_given_string_in_pubKey_should_return_fake_data" storage="c:\users\steven\documents\visual studio 2010\projects\web security backend login handler\test.web_security_backend_login_handler\bin\debug\test.web_security_backend_login_handler.dll" id="8b26d94c-54b1-f145-32dd-94c7292f6dc1">
      <Execution id="cc36d8c5-9bea-423b-bc73-e7e08adda147" />
      <TestMethod codeBase="C:/Users/Steven/Documents/Visual Studio 2010/Projects/Web Security Backend Login Handler/Test.Web_Security_Backend_Login_Handler/bin/Debug/Test.Web_Security_Backend_Login_Handler.DLL" adapterTypeName="Microsoft.VisualStudio.TestTools.TestTypes.Unit.UnitTestAdapter, Microsoft.VisualStudio.QualityTools.Tips.UnitTest.Adapter, Version=10.0.0.0, Culture=neutral, PublicKeyToken=b03f5f7f11d50a3a" className="Test.Web_Security_Backend_Login_Handler.AuthenticationControllerTest, Test.Web_Security_Backend_Login_Handler, Version=1.0.0.0, Culture=neutral, PublicKeyToken=null" name="initializeTest_when_given_string_in_pubKey_should_return_fake_data" />
    </UnitTest>
    <UnitTest name="get_sessionTest_should_return_null_when_session_is_not_found" storage="c:\users\steven\documents\visual studio 2010\projects\web security backend login handler\test.web_security_backend_login_handler\bin\debug\test.web_security_backend_login_handler.dll" id="2d732953-32f7-04b9-b633-0438ccd5a389">
      <Execution id="5c4d0924-c10e-4fbf-803a-feebf78c5729" />
      <TestMethod codeBase="C:/Users/Steven/Documents/Visual Studio 2010/Projects/Web Security Backend Login Handler/Test.Web_Security_Backend_Login_Handler/bin/Debug/Test.Web_Security_Backend_Login_Handler.DLL" adapterTypeName="Microsoft.VisualStudio.TestTools.TestTypes.Unit.UnitTestAdapter, Microsoft.VisualStudio.QualityTools.Tips.UnitTest.Adapter, Version=10.0.0.0, Culture=neutral, PublicKeyToken=b03f5f7f11d50a3a" className="Test.Web_Security_Backend_Login_Handler.EF_Login_Data_RepositoryTest, Test.Web_Security_Backend_Login_Handler, Version=1.0.0.0, Culture=neutral, PublicKeyToken=null" name="get_sessionTest_should_return_null_when_session_is_not_found" />
    </UnitTest>
    <UnitTest name="clean_keyTest_on_original_of_size_6" storage="c:\users\steven\documents\visual studio 2010\projects\web security backend login handler\test.web_security_backend_login_handler\bin\debug\test.web_security_backend_login_handler.dll" id="fbbe8828-06a5-2bef-1a86-cd6776514619">
      <Execution id="88e8b344-96e1-444e-8478-1f0bdd1f8ab6" />
      <TestMethod codeBase="C:/Users/Steven/Documents/Visual Studio 2010/Projects/Web Security Backend Login Handler/Test.Web_Security_Backend_Login_Handler/bin/Debug/Test.Web_Security_Backend_Login_Handler.DLL" adapterTypeName="Microsoft.VisualStudio.TestTools.TestTypes.Unit.UnitTestAdapter, Microsoft.VisualStudio.QualityTools.Tips.UnitTest.Adapter, Version=10.0.0.0, Culture=neutral, PublicKeyToken=b03f5f7f11d50a3a" className="Test.Web_Security_Backend_Login_Handler.validate_keyTest, Test.Web_Security_Backend_Login_Handler, Version=1.0.0.0, Culture=neutral, PublicKeyToken=null" name="clean_keyTest_on_original_of_size_6" />
    </UnitTest>
    <UnitTest name="check_for_unique_pub_keyTest_should_return_True_when_a_different_SERVER_key_exists" storage="c:\users\steven\documents\visual studio 2010\projects\web security backend login handler\test.web_security_backend_login_handler\bin\debug\test.web_security_backend_login_handler.dll" id="a2b354b1-8faa-db23-b9f7-ec425e3e65c4">
      <Execution id="1fbce9ce-b4ca-463d-ad79-31d0b3673585" />
      <TestMethod codeBase="C:/Users/Steven/Documents/Visual Studio 2010/Projects/Web Security Backend Login Handler/Test.Web_Security_Backend_Login_Handler/bin/Debug/Test.Web_Security_Backend_Login_Handler.DLL" adapterTypeName="Microsoft.VisualStudio.TestTools.TestTypes.Unit.UnitTestAdapter, Microsoft.VisualStudio.QualityTools.Tips.UnitTest.Adapter, Version=10.0.0.0, Culture=neutral, PublicKeyToken=b03f5f7f11d50a3a" className="Test.Web_Security_Backend_Login_Handler.EF_Login_Data_RepositoryTest, Test.Web_Security_Backend_Login_Handler, Version=1.0.0.0, Culture=neutral, PublicKeyToken=null" name="check_for_unique_pub_keyTest_should_return_True_when_a_different_SERVER_key_exists" />
    </UnitTest>
    <UnitTest name="check_that_initialize_is_not_lockedTest_should_return_true_when_it_is_not_locked" storage="c:\users\steven\documents\visual studio 2010\projects\web security backend login handler\test.web_security_backend_login_handler\bin\debug\test.web_security_backend_login_handler.dll" id="e9c46ba5-c232-bbce-d63c-9ee4c6aa846d">
      <Execution id="659d9f05-58df-486a-b127-581a4c3cc4e8" />
      <TestMethod codeBase="C:/Users/Steven/Documents/Visual Studio 2010/Projects/Web Security Backend Login Handler/Test.Web_Security_Backend_Login_Handler/bin/Debug/Test.Web_Security_Backend_Login_Handler.DLL" adapterTypeName="Microsoft.VisualStudio.TestTools.TestTypes.Unit.UnitTestAdapter, Microsoft.VisualStudio.QualityTools.Tips.UnitTest.Adapter, Version=10.0.0.0, Culture=neutral, PublicKeyToken=b03f5f7f11d50a3a" className="Test.Web_Security_Backend_Login_Handler.EF_Login_Data_RepositoryTest, Test.Web_Security_Backend_Login_Handler, Version=1.0.0.0, Culture=neutral, PublicKeyToken=null" name="check_that_initialize_is_not_lockedTest_should_return_true_when_it_is_not_locked" />
    </UnitTest>
    <UnitTest name="authenticateTest_should_gracefully_handle_a_bad_message_after_decryption" storage="c:\users\steven\documents\visual studio 2010\projects\web security backend login handler\test.web_security_backend_login_handler\bin\debug\test.web_security_backend_login_handler.dll" id="b9396433-2322-63fe-79c2-1ea5701ad9ab">
      <Execution id="da4e2158-dcad-42f3-b9ce-30b36eac9fe0" />
      <TestMethod codeBase="C:/Users/Steven/Documents/Visual Studio 2010/Projects/Web Security Backend Login Handler/Test.Web_Security_Backend_Login_Handler/bin/Debug/Test.Web_Security_Backend_Login_Handler.DLL" adapterTypeName="Microsoft.VisualStudio.TestTools.TestTypes.Unit.UnitTestAdapter, Microsoft.VisualStudio.QualityTools.Tips.UnitTest.Adapter, Version=10.0.0.0, Culture=neutral, PublicKeyToken=b03f5f7f11d50a3a" className="Test.Web_Security_Backend_Login_Handler.AuthenticationControllerTest, Test.Web_Security_Backend_Login_Handler, Version=1.0.0.0, Culture=neutral, PublicKeyToken=null" name="authenticateTest_should_gracefully_handle_a_bad_message_after_decryption" />
    </UnitTest>
    <UnitTest name="authenticateTest_should_launch_nuke_when_given_proper_login_data" storage="c:\users\steven\documents\visual studio 2010\projects\web security backend login handler\test.web_security_backend_login_handler\bin\debug\test.web_security_backend_login_handler.dll" id="4130b1bb-a456-1806-55a8-3f7e2e63d7a0">
      <Execution id="dc968a21-0a21-48bd-b536-eda28d09a18d" />
      <TestMethod codeBase="C:/Users/Steven/Documents/Visual Studio 2010/Projects/Web Security Backend Login Handler/Test.Web_Security_Backend_Login_Handler/bin/Debug/Test.Web_Security_Backend_Login_Handler.DLL" adapterTypeName="Microsoft.VisualStudio.TestTools.TestTypes.Unit.UnitTestAdapter, Microsoft.VisualStudio.QualityTools.Tips.UnitTest.Adapter, Version=10.0.0.0, Culture=neutral, PublicKeyToken=b03f5f7f11d50a3a" className="Test.Web_Security_Backend_Login_Handler.AuthenticationControllerTest, Test.Web_Security_Backend_Login_Handler, Version=1.0.0.0, Culture=neutral, PublicKeyToken=null" name="authenticateTest_should_launch_nuke_when_given_proper_login_data" />
    </UnitTest>
    <UnitTest name="initializeTest_when_given_good_key_should_return_real_data" storage="c:\users\steven\documents\visual studio 2010\projects\web security backend login handler\test.web_security_backend_login_handler\bin\debug\test.web_security_backend_login_handler.dll" id="a9bb2a96-fdf6-f082-afa7-d86f78b1f65e">
      <Execution id="82d254ff-b908-46f3-8eeb-075ba6de490c" />
      <TestMethod codeBase="C:/Users/Steven/Documents/Visual Studio 2010/Projects/Web Security Backend Login Handler/Test.Web_Security_Backend_Login_Handler/bin/Debug/Test.Web_Security_Backend_Login_Handler.DLL" adapterTypeName="Microsoft.VisualStudio.TestTools.TestTypes.Unit.UnitTestAdapter, Microsoft.VisualStudio.QualityTools.Tips.UnitTest.Adapter, Version=10.0.0.0, Culture=neutral, PublicKeyToken=b03f5f7f11d50a3a" className="Test.Web_Security_Backend_Login_Handler.AuthenticationControllerTest, Test.Web_Security_Backend_Login_Handler, Version=1.0.0.0, Culture=neutral, PublicKeyToken=null" name="initializeTest_when_given_good_key_should_return_real_data" />
    </UnitTest>
    <UnitTest name="validateloginTest_should_return_false_when_SessionHolder_contains_same_key_but_different_value" storage="c:\users\steven\documents\visual studio 2010\projects\web security backend login handler\test.web_security_backend_login_handler\bin\debug\test.web_security_backend_login_handler.dll" id="c0f680fd-63b7-0fd0-2fe9-268095203a3f">
      <Execution id="daac7e35-eeef-4aab-b830-ef88cf78260f" />
      <TestMethod codeBase="C:/Users/Steven/Documents/Visual Studio 2010/Projects/Web Security Backend Login Handler/Test.Web_Security_Backend_Login_Handler/bin/Debug/Test.Web_Security_Backend_Login_Handler.DLL" adapterTypeName="Microsoft.VisualStudio.TestTools.TestTypes.Unit.UnitTestAdapter, Microsoft.VisualStudio.QualityTools.Tips.UnitTest.Adapter, Version=10.0.0.0, Culture=neutral, PublicKeyToken=b03f5f7f11d50a3a" className="Test.Web_Security_Backend_Login_Handler.Session_HolderTest, Test.Web_Security_Backend_Login_Handler, Version=1.0.0.0, Culture=neutral, PublicKeyToken=null" name="validateloginTest_should_return_false_when_SessionHolder_contains_same_key_but_different_value" />
    </UnitTest>
    <UnitTest name="get_sessionTest" storage="c:\users\steven\documents\visual studio 2010\projects\web security backend login handler\test.web_security_backend_login_handler\bin\debug\test.web_security_backend_login_handler.dll" id="2fcca4c6-5024-5037-e412-25e2db3d580b">
      <Execution id="ee3aa998-ef11-4867-87c3-a5c70e44ba5e" />
      <TestMethod codeBase="C:/Users/Steven/Documents/Visual Studio 2010/Projects/Web Security Backend Login Handler/Test.Web_Security_Backend_Login_Handler/bin/Debug/Test.Web_Security_Backend_Login_Handler.DLL" adapterTypeName="Microsoft.VisualStudio.TestTools.TestTypes.Unit.UnitTestAdapter, Microsoft.VisualStudio.QualityTools.Tips.UnitTest.Adapter, Version=10.0.0.0, Culture=neutral, PublicKeyToken=b03f5f7f11d50a3a" className="Test.Web_Security_Backend_Login_Handler.EF_Login_Data_RepositoryTest, Test.Web_Security_Backend_Login_Handler, Version=1.0.0.0, Culture=neutral, PublicKeyToken=null" name="get_sessionTest" />
    </UnitTest>
    <UnitTest name="is_ip_lockedTest_users_should_not_lock_out_after_three_attempts_when_time_between_attempts_is_greater_then_needed" storage="c:\users\steven\documents\visual studio 2010\projects\web security backend login handler\test.web_security_backend_login_handler\bin\debug\test.web_security_backend_login_handler.dll" id="54c985bb-e719-f23b-e3d5-9f6d52ae4c84">
      <Execution id="778ac886-de07-4128-aa7e-6c8a12e55c1c" />
      <TestMethod codeBase="C:/Users/Steven/Documents/Visual Studio 2010/Projects/Web Security Backend Login Handler/Test.Web_Security_Backend_Login_Handler/bin/Debug/Test.Web_Security_Backend_Login_Handler.DLL" adapterTypeName="Microsoft.VisualStudio.TestTools.TestTypes.Unit.UnitTestAdapter, Microsoft.VisualStudio.QualityTools.Tips.UnitTest.Adapter, Version=10.0.0.0, Culture=neutral, PublicKeyToken=b03f5f7f11d50a3a" className="Test.Web_Security_Backend_Login_Handler.Service_ManagerTest, Test.Web_Security_Backend_Login_Handler, Version=1.0.0.0, Culture=neutral, PublicKeyToken=null" name="is_ip_lockedTest_users_should_not_lock_out_after_three_attempts_when_time_between_attempts_is_greater_then_needed" />
    </UnitTest>
    <UnitTest name="check_for_unique_session_idTest_should_return_false_when_id_is_found_in_db" storage="c:\users\steven\documents\visual studio 2010\projects\web security backend login handler\test.web_security_backend_login_handler\bin\debug\test.web_security_backend_login_handler.dll" id="7b1471ee-1c15-02d5-289f-ba94c57c4ed4">
      <Execution id="12f6a181-ecc0-4e40-a4a4-c8d3d46a80da" />
      <TestMethod codeBase="C:/Users/Steven/Documents/Visual Studio 2010/Projects/Web Security Backend Login Handler/Test.Web_Security_Backend_Login_Handler/bin/Debug/Test.Web_Security_Backend_Login_Handler.DLL" adapterTypeName="Microsoft.VisualStudio.TestTools.TestTypes.Unit.UnitTestAdapter, Microsoft.VisualStudio.QualityTools.Tips.UnitTest.Adapter, Version=10.0.0.0, Culture=neutral, PublicKeyToken=b03f5f7f11d50a3a" className="Test.Web_Security_Backend_Login_Handler.EF_Login_Data_RepositoryTest, Test.Web_Security_Backend_Login_Handler, Version=1.0.0.0, Culture=neutral, PublicKeyToken=null" name="check_for_unique_session_idTest_should_return_false_when_id_is_found_in_db" />
    </UnitTest>
  </TestDefinitions>
  <TestLists>
    <TestList name="Results Not in a List" id="8c84fa94-04c1-424b-9868-57a2d4851a1d" />
    <TestList name="All Loaded Results" id="19431567-8539-422a-85d7-44ee4e166bda" />
  </TestLists>
  <TestEntries>
    <TestEntry testId="079bf086-b93c-c2c9-1f00-42b7634ec2f2" executionId="9e20da7b-4a78-4713-8330-e70a5aa573f2" testListId="8c84fa94-04c1-424b-9868-57a2d4851a1d" />
    <TestEntry testId="0841dfaf-52bb-7dfb-7275-49a894f07712" executionId="245fe3ab-7319-45b7-ae30-3439fb01b4b8" testListId="8c84fa94-04c1-424b-9868-57a2d4851a1d" />
    <TestEntry testId="22c85f12-a1ad-519d-548e-0be7657b5c5d" executionId="759f601d-623c-42ff-8001-57fd12ae1b47" testListId="8c84fa94-04c1-424b-9868-57a2d4851a1d" />
    <TestEntry testId="2772b7c6-aea8-ca9f-63ce-5faa048dec51" executionId="1eca05ab-2e6a-4eec-a8d9-5c41545e47d1" testListId="8c84fa94-04c1-424b-9868-57a2d4851a1d" />
    <TestEntry testId="29405316-9966-0a8b-31c9-bcb4897049f4" executionId="615956c2-67bb-4d6f-9314-4e34348b9d1c" testListId="8c84fa94-04c1-424b-9868-57a2d4851a1d" />
    <TestEntry testId="2aac691f-68fa-51c4-f6b6-04c304918a9a" executionId="0c78694a-0e5c-481e-85ec-a93a0eb7cbb0" testListId="8c84fa94-04c1-424b-9868-57a2d4851a1d" />
    <TestEntry testId="2d732953-32f7-04b9-b633-0438ccd5a389" executionId="5c4d0924-c10e-4fbf-803a-feebf78c5729" testListId="8c84fa94-04c1-424b-9868-57a2d4851a1d" />
    <TestEntry testId="2f6d8dc3-e175-6550-f600-a0a25a455edb" executionId="9e5845d7-b4ff-4c97-bf17-7e2ddc185937" testListId="8c84fa94-04c1-424b-9868-57a2d4851a1d" />
    <TestEntry testId="2fcca4c6-5024-5037-e412-25e2db3d580b" executionId="ee3aa998-ef11-4867-87c3-a5c70e44ba5e" testListId="8c84fa94-04c1-424b-9868-57a2d4851a1d" />
    <TestEntry testId="368bdd97-67d3-cf24-9eb4-e8a0266a0986" executionId="382d2fa5-b8f1-48d4-8e30-2137970599da" testListId="8c84fa94-04c1-424b-9868-57a2d4851a1d" />
    <TestEntry testId="3a663574-3180-85f1-cdde-1030a0ef32ad" executionId="382053d6-ded2-42b8-b765-ff92a036bc9b" testListId="8c84fa94-04c1-424b-9868-57a2d4851a1d" />
    <TestEntry testId="3ca1841b-33ff-64be-37dc-bb3397b6b3f8" executionId="329cc5c6-000c-4e73-af88-7e30fc375d31" testListId="8c84fa94-04c1-424b-9868-57a2d4851a1d" />
    <TestEntry testId="4130b1bb-a456-1806-55a8-3f7e2e63d7a0" executionId="dc968a21-0a21-48bd-b536-eda28d09a18d" testListId="8c84fa94-04c1-424b-9868-57a2d4851a1d" />
    <TestEntry testId="451ca797-209b-dee9-6367-89f6f7d14060" executionId="646263c8-0f4c-4b5f-975b-2dde287f22d0" testListId="8c84fa94-04c1-424b-9868-57a2d4851a1d" />
    <TestEntry testId="456fe2e4-effc-7286-1bfa-b6cee2caa7e3" executionId="4bfacd78-2c31-44f4-b3c2-9acdd0bc7b00" testListId="8c84fa94-04c1-424b-9868-57a2d4851a1d" />
    <TestEntry testId="4897a04b-2374-7309-30e3-a76570127718" executionId="ba11e104-c2b5-4e24-8afb-36b301f650f2" testListId="8c84fa94-04c1-424b-9868-57a2d4851a1d" />
    <TestEntry testId="49ac4308-2507-de1d-6da1-ee6cc36e8c86" executionId="8af1b8bc-f0ce-4009-a2a1-05a2bf73e3fa" testListId="8c84fa94-04c1-424b-9868-57a2d4851a1d" />
    <TestEntry testId="4db1e1e3-7d8c-da35-b557-8700fecb4cae" executionId="1a546389-6098-4a28-9e28-ab692a1ff9dd" testListId="8c84fa94-04c1-424b-9868-57a2d4851a1d" />
    <TestEntry testId="54c985bb-e719-f23b-e3d5-9f6d52ae4c84" executionId="778ac886-de07-4128-aa7e-6c8a12e55c1c" testListId="8c84fa94-04c1-424b-9868-57a2d4851a1d" />
    <TestEntry testId="5a62df0c-700f-04be-be4d-bfeee5483f10" executionId="5377b286-a106-4ce0-8c90-931505bcf3c4" testListId="8c84fa94-04c1-424b-9868-57a2d4851a1d" />
    <TestEntry testId="67edcd63-6396-56e4-d814-19352322cb50" executionId="095b5a5b-b6c7-42fa-b0a2-b0bdaf6696d8" testListId="8c84fa94-04c1-424b-9868-57a2d4851a1d" />
    <TestEntry testId="7b1471ee-1c15-02d5-289f-ba94c57c4ed4" executionId="12f6a181-ecc0-4e40-a4a4-c8d3d46a80da" testListId="8c84fa94-04c1-424b-9868-57a2d4851a1d" />
    <TestEntry testId="7d16d515-8857-ef40-7b11-d26c075d3e87" executionId="44446638-8be8-47fd-ab7d-dadb51d109c5" testListId="8c84fa94-04c1-424b-9868-57a2d4851a1d" />
    <TestEntry testId="7ec82646-bfa5-fc5d-43af-a673eb439cf8" executionId="03fde7fc-73a1-47df-9001-51ea1230d95e" testListId="8c84fa94-04c1-424b-9868-57a2d4851a1d" />
    <TestEntry testId="8b26d94c-54b1-f145-32dd-94c7292f6dc1" executionId="cc36d8c5-9bea-423b-bc73-e7e08adda147" testListId="8c84fa94-04c1-424b-9868-57a2d4851a1d" />
    <TestEntry testId="8e37c1b8-7197-4065-2cda-557d5aa868fc" executionId="870db391-7525-4007-b5e8-be68b52030af" testListId="8c84fa94-04c1-424b-9868-57a2d4851a1d" />
    <TestEntry testId="972b6f7c-0580-faff-8ab3-18e7fe4dd471" executionId="127a5e90-c142-4912-8009-78f13f978fd2" testListId="8c84fa94-04c1-424b-9868-57a2d4851a1d" />
    <TestEntry testId="9979932b-cf13-fa30-2fc9-ff4981bbae56" executionId="35e4b172-dd29-409e-a151-a004e668953e" testListId="8c84fa94-04c1-424b-9868-57a2d4851a1d" />
    <TestEntry testId="9a17c7d1-5b24-127e-8a9a-1e236c20a42e" executionId="a8178222-85eb-49e1-b51f-af1cf1e3de0a" testListId="8c84fa94-04c1-424b-9868-57a2d4851a1d" />
    <TestEntry testId="9f02821a-fcc4-04ab-16ff-bb8c74969c39" executionId="8c5d17f6-2b33-430a-aa33-c5ef38adab1d" testListId="8c84fa94-04c1-424b-9868-57a2d4851a1d" />
    <TestEntry testId="a06c8703-aad3-9716-909a-c0a258c09d3f" executionId="8a45e1e2-983f-4a55-b5c7-3aadabbce8ee" testListId="8c84fa94-04c1-424b-9868-57a2d4851a1d" />
    <TestEntry testId="a2b354b1-8faa-db23-b9f7-ec425e3e65c4" executionId="1fbce9ce-b4ca-463d-ad79-31d0b3673585" testListId="8c84fa94-04c1-424b-9868-57a2d4851a1d" />
    <TestEntry testId="a47d8046-29f4-8927-47f0-c265c9287b02" executionId="bd35dfbc-23f4-4cc7-921c-5e58620dd521" testListId="8c84fa94-04c1-424b-9868-57a2d4851a1d" />
    <TestEntry testId="a9bb2a96-fdf6-f082-afa7-d86f78b1f65e" executionId="82d254ff-b908-46f3-8eeb-075ba6de490c" testListId="8c84fa94-04c1-424b-9868-57a2d4851a1d" />
    <TestEntry testId="b8b91aae-b377-e572-aa09-5986400c100d" executionId="6d97a623-a194-44f4-9611-498c545bb979" testListId="8c84fa94-04c1-424b-9868-57a2d4851a1d" />
    <TestEntry testId="b9396433-2322-63fe-79c2-1ea5701ad9ab" executionId="da4e2158-dcad-42f3-b9ce-30b36eac9fe0" testListId="8c84fa94-04c1-424b-9868-57a2d4851a1d" />
    <TestEntry testId="c0f680fd-63b7-0fd0-2fe9-268095203a3f" executionId="daac7e35-eeef-4aab-b830-ef88cf78260f" testListId="8c84fa94-04c1-424b-9868-57a2d4851a1d" />
    <TestEntry testId="c25c7c45-fb93-cba1-9819-ebb7722350c0" executionId="269cf8ef-9401-49c1-aebd-11822081aa98" testListId="8c84fa94-04c1-424b-9868-57a2d4851a1d" />
    <TestEntry testId="c661e960-557d-6758-3466-a0b7ec8ac25b" executionId="febd0566-4e3a-4fec-8bd2-d1980eba1e3e" testListId="8c84fa94-04c1-424b-9868-57a2d4851a1d" />
    <TestEntry testId="c6fdb9bc-0e83-4bbf-fff2-a9c35967cc4a" executionId="4c7bac5e-f172-4ed0-84b9-352e2bfd929b" testListId="8c84fa94-04c1-424b-9868-57a2d4851a1d" />
    <TestEntry testId="ddd024be-5c7b-d757-e53e-80df9d3f62ee" executionId="792fa308-1605-432d-8ec8-5e2d20f49969" testListId="8c84fa94-04c1-424b-9868-57a2d4851a1d" />
    <TestEntry testId="e9c46ba5-c232-bbce-d63c-9ee4c6aa846d" executionId="659d9f05-58df-486a-b127-581a4c3cc4e8" testListId="8c84fa94-04c1-424b-9868-57a2d4851a1d" />
    <TestEntry testId="fbbe8828-06a5-2bef-1a86-cd6776514619" executionId="88e8b344-96e1-444e-8478-1f0bdd1f8ab6" testListId="8c84fa94-04c1-424b-9868-57a2d4851a1d" />
    <TestEntry testId="fec82914-8d2b-ce0e-0f68-141c8e76da6f" executionId="a80ed1ea-d223-43c2-9d66-947e6fd33a31" testListId="8c84fa94-04c1-424b-9868-57a2d4851a1d" />
  </TestEntries>
  <Results>
    <UnitTestResult executionId="9e20da7b-4a78-4713-8330-e70a5aa573f2" testId="079bf086-b93c-c2c9-1f00-42b7634ec2f2" testName="store_failed_initialize_attemptTest" computerName="2TAFFY" duration="00:00:03.7091847" startTime="2012-04-25T21:13:21.9628906-04:00" endTime="2012-04-25T21:13:26.3662109-04:00" testType="13cdc9d9-ddb5-4fa4-a97d-d965ccfc6d4b" outcome="Passed" testListId="8c84fa94-04c1-424b-9868-57a2d4851a1d" relativeResultsDirectory="9e20da7b-4a78-4713-8330-e70a5aa573f2">
    </UnitTestResult>
    <UnitTestResult executionId="245fe3ab-7319-45b7-ae30-3439fb01b4b8" testId="0841dfaf-52bb-7dfb-7275-49a894f07712" testName="validateloginTest_should_return_true_when_login_attempt_from_different_hash_objects" computerName="2TAFFY" duration="00:00:00.0065662" startTime="2012-04-25T21:13:26.3701171-04:00" endTime="2012-04-25T21:13:26.3896484-04:00" testType="13cdc9d9-ddb5-4fa4-a97d-d965ccfc6d4b" outcome="Passed" testListId="8c84fa94-04c1-424b-9868-57a2d4851a1d" relativeResultsDirectory="245fe3ab-7319-45b7-ae30-3439fb01b4b8">
    </UnitTestResult>
    <UnitTestResult executionId="759f601d-623c-42ff-8001-57fd12ae1b47" testId="22c85f12-a1ad-519d-548e-0be7657b5c5d" testName="check_for_unique_pub_keyTest_should_return_false_when_the_same_REMOTE_key_exists" computerName="2TAFFY" duration="00:00:01.6983793" startTime="2012-04-25T21:13:26.3974609-04:00" endTime="2012-04-25T21:13:28.1054687-04:00" testType="13cdc9d9-ddb5-4fa4-a97d-d965ccfc6d4b" outcome="Passed" testListId="8c84fa94-04c1-424b-9868-57a2d4851a1d" relativeResultsDirectory="759f601d-623c-42ff-8001-57fd12ae1b47">
    </UnitTestResult>
    <UnitTestResult executionId="1eca05ab-2e6a-4eec-a8d9-5c41545e47d1" testId="2772b7c6-aea8-ca9f-63ce-5faa048dec51" testName="check_for_unique_pub_keyTest_should_return_True_when_a_different_REMOTE_key_exists" computerName="2TAFFY" duration="00:00:01.1406913" startTime="2012-04-25T21:13:28.1132812-04:00" endTime="2012-04-25T21:13:29.2675781-04:00" testType="13cdc9d9-ddb5-4fa4-a97d-d965ccfc6d4b" outcome="Passed" testListId="8c84fa94-04c1-424b-9868-57a2d4851a1d" relativeResultsDirectory="1eca05ab-2e6a-4eec-a8d9-5c41545e47d1">
    </UnitTestResult>
    <UnitTestResult executionId="615956c2-67bb-4d6f-9314-4e34348b9d1c" testId="29405316-9966-0a8b-31c9-bcb4897049f4" testName="authenticateTest_should_expire_session_during_login_attempt" computerName="2TAFFY" duration="00:00:01.2412085" startTime="2012-04-25T21:13:29.2792968-04:00" endTime="2012-04-25T21:13:30.5273437-04:00" testType="13cdc9d9-ddb5-4fa4-a97d-d965ccfc6d4b" outcome="Failed" testListId="8c84fa94-04c1-424b-9868-57a2d4851a1d" relativeResultsDirectory="615956c2-67bb-4d6f-9314-4e34348b9d1c">
      <Output>
        <ErrorInfo>
          <Message>Test method Test.Web_Security_Backend_Login_Handler.AuthenticationControllerTest.authenticateTest_should_expire_session_during_login_attempt threw exception: 
System.IndexOutOfRangeException: Index was outside the bounds of the array.</Message>
          <StackTrace>   at Web_Security_Backend_Login_Handler.Controllers.AuthenticationController_Accessor.authenticate(String data, Int32 id)
   at Test.Web_Security_Backend_Login_Handler.AuthenticationControllerTest.authenticateTest_should_expire_session_during_login_attempt() in C:\Users\Steven\Documents\Visual Studio 2010\Projects\Web Security Backend Login Handler\Test.Web_Security_Backend_Login_Handler\AuthenticationControllerTest.cs:line 139
</StackTrace>
        </ErrorInfo>
      </Output>
    </UnitTestResult>
    <UnitTestResult executionId="0c78694a-0e5c-481e-85ec-a93a0eb7cbb0" testId="2aac691f-68fa-51c4-f6b6-04c304918a9a" testName="authenticateTest_should_fail_login_when_given_bad_session_id" computerName="2TAFFY" duration="00:00:00.0401471" startTime="2012-04-25T21:13:30.5449218-04:00" endTime="2012-04-25T21:13:30.5917968-04:00" testType="13cdc9d9-ddb5-4fa4-a97d-d965ccfc6d4b" outcome="Passed" testListId="8c84fa94-04c1-424b-9868-57a2d4851a1d" relativeResultsDirectory="0c78694a-0e5c-481e-85ec-a93a0eb7cbb0">
    </UnitTestResult>
    <UnitTestResult executionId="5c4d0924-c10e-4fbf-803a-feebf78c5729" testId="2d732953-32f7-04b9-b633-0438ccd5a389" testName="get_sessionTest_should_return_null_when_session_is_not_found" computerName="2TAFFY" duration="00:00:01.0278702" startTime="2012-04-25T21:13:30.5976562-04:00" endTime="2012-04-25T21:13:31.6386718-04:00" testType="13cdc9d9-ddb5-4fa4-a97d-d965ccfc6d4b" outcome="Passed" testListId="8c84fa94-04c1-424b-9868-57a2d4851a1d" relativeResultsDirectory="5c4d0924-c10e-4fbf-803a-feebf78c5729">
    </UnitTestResult>
    <UnitTestResult executionId="9e5845d7-b4ff-4c97-bf17-7e2ddc185937" testId="2f6d8dc3-e175-6550-f600-a0a25a455edb" testName="record_failed_attemptTest_should_update_ip_record_when_ip_is_found" computerName="2TAFFY" duration="00:00:00.0065592" startTime="2012-04-25T21:13:31.6464843-04:00" endTime="2012-04-25T21:13:31.6621093-04:00" testType="13cdc9d9-ddb5-4fa4-a97d-d965ccfc6d4b" outcome="Passed" testListId="8c84fa94-04c1-424b-9868-57a2d4851a1d" relativeResultsDirectory="9e5845d7-b4ff-4c97-bf17-7e2ddc185937">
    </UnitTestResult>
    <UnitTestResult executionId="ee3aa998-ef11-4867-87c3-a5c70e44ba5e" testId="2fcca4c6-5024-5037-e412-25e2db3d580b" testName="get_sessionTest" computerName="2TAFFY" duration="00:00:01.1824522" startTime="2012-04-25T21:13:31.6679687-04:00" endTime="2012-04-25T21:13:32.8583984-04:00" testType="13cdc9d9-ddb5-4fa4-a97d-d965ccfc6d4b" outcome="Passed" testListId="8c84fa94-04c1-424b-9868-57a2d4851a1d" relativeResultsDirectory="ee3aa998-ef11-4867-87c3-a5c70e44ba5e">
    </UnitTestResult>
    <UnitTestResult executionId="382d2fa5-b8f1-48d4-8e30-2137970599da" testId="368bdd97-67d3-cf24-9eb4-e8a0266a0986" testName="store_sessionTest_should_allow_multiple_sessions_to_be_stored" computerName="2TAFFY" duration="00:00:01.2900486" startTime="2012-04-25T21:13:32.8779296-04:00" endTime="2012-04-25T21:13:34.1806640-04:00" testType="13cdc9d9-ddb5-4fa4-a97d-d965ccfc6d4b" outcome="Passed" testListId="8c84fa94-04c1-424b-9868-57a2d4851a1d" relativeResultsDirectory="382d2fa5-b8f1-48d4-8e30-2137970599da">
    </UnitTestResult>
    <UnitTestResult executionId="382053d6-ded2-42b8-b765-ff92a036bc9b" testId="3a663574-3180-85f1-cdde-1030a0ef32ad" testName="validateloginTest_should_return_false_when_login_attempt_is_empty" computerName="2TAFFY" duration="00:00:00.0007860" startTime="2012-04-25T21:13:34.1855468-04:00" endTime="2012-04-25T21:13:34.1982421-04:00" testType="13cdc9d9-ddb5-4fa4-a97d-d965ccfc6d4b" outcome="Passed" testListId="8c84fa94-04c1-424b-9868-57a2d4851a1d" relativeResultsDirectory="382053d6-ded2-42b8-b765-ff92a036bc9b">
    </UnitTestResult>
    <UnitTestResult executionId="329cc5c6-000c-4e73-af88-7e30fc375d31" testId="3ca1841b-33ff-64be-37dc-bb3397b6b3f8" testName="check_for_unique_pub_keyTest_should_return_true_when_key_does_not_exist_in_db" computerName="2TAFFY" duration="00:00:01.1228792" startTime="2012-04-25T21:13:34.2041015-04:00" endTime="2012-04-25T21:13:35.3466796-04:00" testType="13cdc9d9-ddb5-4fa4-a97d-d965ccfc6d4b" outcome="Passed" testListId="8c84fa94-04c1-424b-9868-57a2d4851a1d" relativeResultsDirectory="329cc5c6-000c-4e73-af88-7e30fc375d31">
    </UnitTestResult>
    <UnitTestResult executionId="dc968a21-0a21-48bd-b536-eda28d09a18d" testId="4130b1bb-a456-1806-55a8-3f7e2e63d7a0" testName="authenticateTest_should_launch_nuke_when_given_proper_login_data" computerName="2TAFFY" duration="00:00:00.5130830" startTime="2012-04-25T21:13:35.3632812-04:00" endTime="2012-04-25T21:13:35.8837890-04:00" testType="13cdc9d9-ddb5-4fa4-a97d-d965ccfc6d4b" outcome="Passed" testListId="8c84fa94-04c1-424b-9868-57a2d4851a1d" relativeResultsDirectory="dc968a21-0a21-48bd-b536-eda28d09a18d">
    </UnitTestResult>
    <UnitTestResult executionId="646263c8-0f4c-4b5f-975b-2dde287f22d0" testId="451ca797-209b-dee9-6367-89f6f7d14060" testName="is_ip_lockedTest_users_should_unlocklock_out_after_four_attempts_if_unlock_period_has_been_exceeded" computerName="2TAFFY" duration="00:00:00.0024546" startTime="2012-04-25T21:13:35.8925781-04:00" endTime="2012-04-25T21:13:35.9033203-04:00" testType="13cdc9d9-ddb5-4fa4-a97d-d965ccfc6d4b" outcome="Passed" testListId="8c84fa94-04c1-424b-9868-57a2d4851a1d" relativeResultsDirectory="646263c8-0f4c-4b5f-975b-2dde287f22d0">
    </UnitTestResult>
    <UnitTestResult executionId="4bfacd78-2c31-44f4-b3c2-9acdd0bc7b00" testId="456fe2e4-effc-7286-1bfa-b6cee2caa7e3" testName="authenticateTest_should_fail_login_when_given_incorrect_login_data" computerName="2TAFFY" duration="00:00:00.9213396" startTime="2012-04-25T21:13:35.9140625-04:00" endTime="2012-04-25T21:13:36.8417968-04:00" testType="13cdc9d9-ddb5-4fa4-a97d-d965ccfc6d4b" outcome="Failed" testListId="8c84fa94-04c1-424b-9868-57a2d4851a1d" relativeResultsDirectory="4bfacd78-2c31-44f4-b3c2-9acdd0bc7b00">
      <Output>
        <ErrorInfo>
          <Message>Test method Test.Web_Security_Backend_Login_Handler.AuthenticationControllerTest.authenticateTest_should_fail_login_when_given_incorrect_login_data threw exception: 
System.IndexOutOfRangeException: Index was outside the bounds of the array.</Message>
          <StackTrace>    at Web_Security_Backend_Login_Handler.Models.Raw_Data_Builder..ctor(String plain_text_data) in C:\Users\Steven\Documents\Visual Studio 2010\Projects\Web Security Backend Login Handler\Web Security Backend Login Handler\Models\Raw_Data_Builder.cs:line 22
   at Web_Security_Backend_Login_Handler.Controllers.AuthenticationController.authenticate(String data, Int32 id) in C:\Users\Steven\Documents\Visual Studio 2010\Projects\Web Security Backend Login Handler\Web Security Backend Login Handler\Controllers\AuthenticationController.cs:line 121
   at Test.Web_Security_Backend_Login_Handler.AuthenticationControllerTest.authenticateTest_should_fail_login_when_given_incorrect_login_data() in C:\Users\Steven\Documents\Visual Studio 2010\Projects\Web Security Backend Login Handler\Test.Web_Security_Backend_Login_Handler\AuthenticationControllerTest.cs:line 157
</StackTrace>
        </ErrorInfo>
      </Output>
    </UnitTestResult>
    <UnitTestResult executionId="ba11e104-c2b5-4e24-8afb-36b301f650f2" testId="4897a04b-2374-7309-30e3-a76570127718" testName="validateloginTest_should_return_false_when_SessionHolder_does_not_contain_same_values" computerName="2TAFFY" duration="00:00:00.0015837" startTime="2012-04-25T21:13:36.8623046-04:00" endTime="2012-04-25T21:13:36.8740234-04:00" testType="13cdc9d9-ddb5-4fa4-a97d-d965ccfc6d4b" outcome="Passed" testListId="8c84fa94-04c1-424b-9868-57a2d4851a1d" relativeResultsDirectory="ba11e104-c2b5-4e24-8afb-36b301f650f2">
    </UnitTestResult>
    <UnitTestResult executionId="8af1b8bc-f0ce-4009-a2a1-05a2bf73e3fa" testId="49ac4308-2507-de1d-6da1-ee6cc36e8c86" testName="store_sessionTest" computerName="2TAFFY" duration="00:00:01.2674993" startTime="2012-04-25T21:13:36.8857421-04:00" endTime="2012-04-25T21:13:38.1660156-04:00" testType="13cdc9d9-ddb5-4fa4-a97d-d965ccfc6d4b" outcome="Passed" testListId="8c84fa94-04c1-424b-9868-57a2d4851a1d" relativeResultsDirectory="8af1b8bc-f0ce-4009-a2a1-05a2bf73e3fa">
    </UnitTestResult>
    <UnitTestResult executionId="1a546389-6098-4a28-9e28-ab692a1ff9dd" testId="4db1e1e3-7d8c-da35-b557-8700fecb4cae" testName="validateloginTest_should_return_true_when_SessionHolder_contains_alls_same_element_dispite_extra_passed_in_elements" computerName="2TAFFY" duration="00:00:00.0008237" startTime="2012-04-25T21:13:38.1728515-04:00" endTime="2012-04-25T21:13:38.1855468-04:00" testType="13cdc9d9-ddb5-4fa4-a97d-d965ccfc6d4b" outcome="Passed" testListId="8c84fa94-04c1-424b-9868-57a2d4851a1d" relativeResultsDirectory="1a546389-6098-4a28-9e28-ab692a1ff9dd">
    </UnitTestResult>
    <UnitTestResult executionId="778ac886-de07-4128-aa7e-6c8a12e55c1c" testId="54c985bb-e719-f23b-e3d5-9f6d52ae4c84" testName="is_ip_lockedTest_users_should_not_lock_out_after_three_attempts_when_time_between_attempts_is_greater_then_needed" computerName="2TAFFY" duration="00:00:00.0040643" startTime="2012-04-25T21:13:38.2060546-04:00" endTime="2012-04-25T21:13:38.2304687-04:00" testType="13cdc9d9-ddb5-4fa4-a97d-d965ccfc6d4b" outcome="Passed" testListId="8c84fa94-04c1-424b-9868-57a2d4851a1d" relativeResultsDirectory="778ac886-de07-4128-aa7e-6c8a12e55c1c">
    </UnitTestResult>
    <UnitTestResult executionId="5377b286-a106-4ce0-8c90-931505bcf3c4" testId="5a62df0c-700f-04be-be4d-bfeee5483f10" testName="check_for_unique_data_stringTest_should_return_false_when_string_is_found_in_db" computerName="2TAFFY" duration="00:00:01.3715449" startTime="2012-04-25T21:13:38.2382812-04:00" endTime="2012-04-25T21:13:39.6240234-04:00" testType="13cdc9d9-ddb5-4fa4-a97d-d965ccfc6d4b" outcome="Passed" testListId="8c84fa94-04c1-424b-9868-57a2d4851a1d" relativeResultsDirectory="5377b286-a106-4ce0-8c90-931505bcf3c4">
    </UnitTestResult>
    <UnitTestResult executionId="095b5a5b-b6c7-42fa-b0a2-b0bdaf6696d8" testId="67edcd63-6396-56e4-d814-19352322cb50" testName="Service_Manager_object_should_still_hold_attempts_when_deserialized" computerName="2TAFFY" duration="00:00:00.0228238" startTime="2012-04-25T21:13:39.6367187-04:00" endTime="2012-04-25T21:13:39.6728515-04:00" testType="13cdc9d9-ddb5-4fa4-a97d-d965ccfc6d4b" outcome="Passed" testListId="8c84fa94-04c1-424b-9868-57a2d4851a1d" relativeResultsDirectory="095b5a5b-b6c7-42fa-b0a2-b0bdaf6696d8">
    </UnitTestResult>
    <UnitTestResult executionId="12f6a181-ecc0-4e40-a4a4-c8d3d46a80da" testId="7b1471ee-1c15-02d5-289f-ba94c57c4ed4" testName="check_for_unique_session_idTest_should_return_false_when_id_is_found_in_db" computerName="2TAFFY" duration="00:00:01.4372696" startTime="2012-04-25T21:13:39.6806640-04:00" endTime="2012-04-25T21:13:41.1318359-04:00" testType="13cdc9d9-ddb5-4fa4-a97d-d965ccfc6d4b" outcome="Passed" testListId="8c84fa94-04c1-424b-9868-57a2d4851a1d" relativeResultsDirectory="12f6a181-ecc0-4e40-a4a4-c8d3d46a80da">
    </UnitTestResult>
    <UnitTestResult executionId="44446638-8be8-47fd-ab7d-dadb51d109c5" testId="7d16d515-8857-ef40-7b11-d26c075d3e87" testName="is_ip_lockedTest_users_should_not_lock_out_an_unknown_ip" computerName="2TAFFY" duration="00:00:00.0049027" startTime="2012-04-25T21:13:41.1445312-04:00" endTime="2012-04-25T21:13:41.1708984-04:00" testType="13cdc9d9-ddb5-4fa4-a97d-d965ccfc6d4b" outcome="Passed" testListId="8c84fa94-04c1-424b-9868-57a2d4851a1d" relativeResultsDirectory="44446638-8be8-47fd-ab7d-dadb51d109c5">
    </UnitTestResult>
    <UnitTestResult executionId="03fde7fc-73a1-47df-9001-51ea1230d95e" testId="7ec82646-bfa5-fc5d-43af-a673eb439cf8" testName="validateloginTest_should_return_false_when_SessionHolder_contains_no_values" computerName="2TAFFY" duration="00:00:00.0005984" startTime="2012-04-25T21:13:41.1816406-04:00" endTime="2012-04-25T21:13:41.2001953-04:00" testType="13cdc9d9-ddb5-4fa4-a97d-d965ccfc6d4b" outcome="Passed" testListId="8c84fa94-04c1-424b-9868-57a2d4851a1d" relativeResultsDirectory="03fde7fc-73a1-47df-9001-51ea1230d95e">
    </UnitTestResult>
    <UnitTestResult executionId="cc36d8c5-9bea-423b-bc73-e7e08adda147" testId="8b26d94c-54b1-f145-32dd-94c7292f6dc1" testName="initializeTest_when_given_string_in_pubKey_should_return_fake_data" computerName="2TAFFY" duration="00:00:00.0491786" startTime="2012-04-25T21:13:41.2099609-04:00" endTime="2012-04-25T21:13:41.2792968-04:00" testType="13cdc9d9-ddb5-4fa4-a97d-d965ccfc6d4b" outcome="Passed" testListId="8c84fa94-04c1-424b-9868-57a2d4851a1d" relativeResultsDirectory="cc36d8c5-9bea-423b-bc73-e7e08adda147">
    </UnitTestResult>
    <UnitTestResult executionId="870db391-7525-4007-b5e8-be68b52030af" testId="8e37c1b8-7197-4065-2cda-557d5aa868fc" testName="dirty_keyTest_on_original_of_size_6" computerName="2TAFFY" duration="00:00:00.0040687" startTime="2012-04-25T21:13:41.2978515-04:00" endTime="2012-04-25T21:13:41.3212890-04:00" testType="13cdc9d9-ddb5-4fa4-a97d-d965ccfc6d4b" outcome="Passed" testListId="8c84fa94-04c1-424b-9868-57a2d4851a1d" relativeResultsDirectory="870db391-7525-4007-b5e8-be68b52030af">
    </UnitTestResult>
    <UnitTestResult executionId="127a5e90-c142-4912-8009-78f13f978fd2" testId="972b6f7c-0580-faff-8ab3-18e7fe4dd471" testName="clean_keyTest" computerName="2TAFFY" duration="00:00:00.0035664" startTime="2012-04-25T21:13:41.3271484-04:00" endTime="2012-04-25T21:13:41.3505859-04:00" testType="13cdc9d9-ddb5-4fa4-a97d-d965ccfc6d4b" outcome="Passed" testListId="8c84fa94-04c1-424b-9868-57a2d4851a1d" relativeResultsDirectory="127a5e90-c142-4912-8009-78f13f978fd2">
    </UnitTestResult>
    <UnitTestResult executionId="35e4b172-dd29-409e-a151-a004e668953e" testId="9979932b-cf13-fa30-2fc9-ff4981bbae56" testName="record_failed_attemptTest_should_create_a_new_ip_record_when_none_is_found" computerName="2TAFFY" duration="00:00:00.0029167" startTime="2012-04-25T21:13:41.3574218-04:00" endTime="2012-04-25T21:13:41.3867187-04:00" testType="13cdc9d9-ddb5-4fa4-a97d-d965ccfc6d4b" outcome="Passed" testListId="8c84fa94-04c1-424b-9868-57a2d4851a1d" relativeResultsDirectory="35e4b172-dd29-409e-a151-a004e668953e">
    </UnitTestResult>
    <UnitTestResult executionId="a8178222-85eb-49e1-b51f-af1cf1e3de0a" testId="9a17c7d1-5b24-127e-8a9a-1e236c20a42e" testName="initializeTest_when_given_bad_key_should_return_fake_data" computerName="2TAFFY" duration="00:00:00.0280102" startTime="2012-04-25T21:13:41.3955078-04:00" endTime="2012-04-25T21:13:41.4492187-04:00" testType="13cdc9d9-ddb5-4fa4-a97d-d965ccfc6d4b" outcome="Passed" testListId="8c84fa94-04c1-424b-9868-57a2d4851a1d" relativeResultsDirectory="a8178222-85eb-49e1-b51f-af1cf1e3de0a">
    </UnitTestResult>
    <UnitTestResult executionId="8c5d17f6-2b33-430a-aa33-c5ef38adab1d" testId="9f02821a-fcc4-04ab-16ff-bb8c74969c39" testName="Raw_Data_BuilderConstructorTest" computerName="2TAFFY" duration="00:00:00.0052895" startTime="2012-04-25T21:13:41.4570312-04:00" endTime="2012-04-25T21:13:41.4785156-04:00" testType="13cdc9d9-ddb5-4fa4-a97d-d965ccfc6d4b" outcome="Passed" testListId="8c84fa94-04c1-424b-9868-57a2d4851a1d" relativeResultsDirectory="8c5d17f6-2b33-430a-aa33-c5ef38adab1d">
    </UnitTestResult>
    <UnitTestResult executionId="8a45e1e2-983f-4a55-b5c7-3aadabbce8ee" testId="a06c8703-aad3-9716-909a-c0a258c09d3f" testName="expire_sessionTest" computerName="2TAFFY" duration="00:00:01.1631455" startTime="2012-04-25T21:13:41.5029296-04:00" endTime="2012-04-25T21:13:42.6826171-04:00" testType="13cdc9d9-ddb5-4fa4-a97d-d965ccfc6d4b" outcome="Passed" testListId="8c84fa94-04c1-424b-9868-57a2d4851a1d" relativeResultsDirectory="8a45e1e2-983f-4a55-b5c7-3aadabbce8ee">
    </UnitTestResult>
    <UnitTestResult executionId="1fbce9ce-b4ca-463d-ad79-31d0b3673585" testId="a2b354b1-8faa-db23-b9f7-ec425e3e65c4" testName="check_for_unique_pub_keyTest_should_return_True_when_a_different_SERVER_key_exists" computerName="2TAFFY" duration="00:00:01.0540001" startTime="2012-04-25T21:13:42.6933593-04:00" endTime="2012-04-25T21:13:43.7705078-04:00" testType="13cdc9d9-ddb5-4fa4-a97d-d965ccfc6d4b" outcome="Passed" testListId="8c84fa94-04c1-424b-9868-57a2d4851a1d" relativeResultsDirectory="1fbce9ce-b4ca-463d-ad79-31d0b3673585">
    </UnitTestResult>
    <UnitTestResult executionId="bd35dfbc-23f4-4cc7-921c-5e58620dd521" testId="a47d8046-29f4-8927-47f0-c265c9287b02" testName="calculate_keyTest" computerName="2TAFFY" duration="00:00:00.0036399" startTime="2012-04-25T21:13:43.7812500-04:00" endTime="2012-04-25T21:13:43.7919921-04:00" testType="13cdc9d9-ddb5-4fa4-a97d-d965ccfc6d4b" outcome="Passed" testListId="8c84fa94-04c1-424b-9868-57a2d4851a1d" relativeResultsDirectory="bd35dfbc-23f4-4cc7-921c-5e58620dd521">
    </UnitTestResult>
    <UnitTestResult executionId="82d254ff-b908-46f3-8eeb-075ba6de490c" testId="a9bb2a96-fdf6-f082-afa7-d86f78b1f65e" testName="initializeTest_when_given_good_key_should_return_real_data" computerName="2TAFFY" duration="00:00:00.0248781" startTime="2012-04-25T21:13:43.7978515-04:00" endTime="2012-04-25T21:13:43.8369140-04:00" testType="13cdc9d9-ddb5-4fa4-a97d-d965ccfc6d4b" outcome="Passed" testListId="8c84fa94-04c1-424b-9868-57a2d4851a1d" relativeResultsDirectory="82d254ff-b908-46f3-8eeb-075ba6de490c">
    </UnitTestResult>
    <UnitTestResult executionId="6d97a623-a194-44f4-9611-498c545bb979" testId="b8b91aae-b377-e572-aa09-5986400c100d" testName="validateTest" computerName="2TAFFY" duration="00:00:00.0004164" startTime="2012-04-25T21:13:43.8427734-04:00" endTime="2012-04-25T21:13:43.8515625-04:00" testType="13cdc9d9-ddb5-4fa4-a97d-d965ccfc6d4b" outcome="Passed" testListId="8c84fa94-04c1-424b-9868-57a2d4851a1d" relativeResultsDirectory="6d97a623-a194-44f4-9611-498c545bb979">
    </UnitTestResult>
    <UnitTestResult executionId="da4e2158-dcad-42f3-b9ce-30b36eac9fe0" testId="b9396433-2322-63fe-79c2-1ea5701ad9ab" testName="authenticateTest_should_gracefully_handle_a_bad_message_after_decryption" computerName="2TAFFY" duration="00:00:00.0002716" startTime="2012-04-25T21:13:43.8642578-04:00" endTime="2012-04-25T21:13:43.8720703-04:00" testType="13cdc9d9-ddb5-4fa4-a97d-d965ccfc6d4b" outcome="Passed" testListId="8c84fa94-04c1-424b-9868-57a2d4851a1d" relativeResultsDirectory="da4e2158-dcad-42f3-b9ce-30b36eac9fe0">
    </UnitTestResult>
    <UnitTestResult executionId="daac7e35-eeef-4aab-b830-ef88cf78260f" testId="c0f680fd-63b7-0fd0-2fe9-268095203a3f" testName="validateloginTest_should_return_false_when_SessionHolder_contains_same_key_but_different_value" computerName="2TAFFY" duration="00:00:00.0008741" startTime="2012-04-25T21:13:43.8828125-04:00" endTime="2012-04-25T21:13:43.8896484-04:00" testType="13cdc9d9-ddb5-4fa4-a97d-d965ccfc6d4b" outcome="Passed" testListId="8c84fa94-04c1-424b-9868-57a2d4851a1d" relativeResultsDirectory="daac7e35-eeef-4aab-b830-ef88cf78260f">
    </UnitTestResult>
    <UnitTestResult executionId="269cf8ef-9401-49c1-aebd-11822081aa98" testId="c25c7c45-fb93-cba1-9819-ebb7722350c0" testName="check_for_unique_data_stringTest_should_return_true_when_string_is_not_found_in_db" computerName="2TAFFY" duration="00:00:01.5014609" startTime="2012-04-25T21:13:43.8964843-04:00" endTime="2012-04-25T21:13:45.4121093-04:00" testType="13cdc9d9-ddb5-4fa4-a97d-d965ccfc6d4b" outcome="Passed" testListId="8c84fa94-04c1-424b-9868-57a2d4851a1d" relativeResultsDirectory="269cf8ef-9401-49c1-aebd-11822081aa98">
    </UnitTestResult>
    <UnitTestResult executionId="febd0566-4e3a-4fec-8bd2-d1980eba1e3e" testId="c661e960-557d-6758-3466-a0b7ec8ac25b" testName="check_for_unique_session_idTest_should_return_true_when_id_is_not_found_in_db" computerName="2TAFFY" duration="00:00:01.2124312" startTime="2012-04-25T21:13:45.4218750-04:00" endTime="2012-04-25T21:13:46.6425781-04:00" testType="13cdc9d9-ddb5-4fa4-a97d-d965ccfc6d4b" outcome="Passed" testListId="8c84fa94-04c1-424b-9868-57a2d4851a1d" relativeResultsDirectory="febd0566-4e3a-4fec-8bd2-d1980eba1e3e">
    </UnitTestResult>
    <UnitTestResult executionId="4c7bac5e-f172-4ed0-84b9-352e2bfd929b" testId="c6fdb9bc-0e83-4bbf-fff2-a9c35967cc4a" testName="is_ip_lockedTest_users_should_lock_out_after_four_attempts_even_though_time_between_attempts" computerName="2TAFFY" duration="00:00:00.0040724" startTime="2012-04-25T21:13:46.6513671-04:00" endTime="2012-04-25T21:13:46.6728515-04:00" testType="13cdc9d9-ddb5-4fa4-a97d-d965ccfc6d4b" outcome="Passed" testListId="8c84fa94-04c1-424b-9868-57a2d4851a1d" relativeResultsDirectory="4c7bac5e-f172-4ed0-84b9-352e2bfd929b">
    </UnitTestResult>
    <UnitTestResult executionId="792fa308-1605-432d-8ec8-5e2d20f49969" testId="ddd024be-5c7b-d757-e53e-80df9d3f62ee" testName="check_for_unique_pub_keyTest_should_return_false_when_the_same_SERVER_key_exists" computerName="2TAFFY" duration="00:00:01.2662457" startTime="2012-04-25T21:13:46.6992187-04:00" endTime="2012-04-25T21:13:47.9765625-04:00" testType="13cdc9d9-ddb5-4fa4-a97d-d965ccfc6d4b" outcome="Passed" testListId="8c84fa94-04c1-424b-9868-57a2d4851a1d" relativeResultsDirectory="792fa308-1605-432d-8ec8-5e2d20f49969">
    </UnitTestResult>
    <UnitTestResult executionId="659d9f05-58df-486a-b127-581a4c3cc4e8" testId="e9c46ba5-c232-bbce-d63c-9ee4c6aa846d" testName="check_that_initialize_is_not_lockedTest_should_return_true_when_it_is_not_locked" computerName="2TAFFY" duration="00:00:01.0784421" startTime="2012-04-25T21:13:47.9843750-04:00" endTime="2012-04-25T21:13:49.0693359-04:00" testType="13cdc9d9-ddb5-4fa4-a97d-d965ccfc6d4b" outcome="Passed" testListId="8c84fa94-04c1-424b-9868-57a2d4851a1d" relativeResultsDirectory="659d9f05-58df-486a-b127-581a4c3cc4e8">
    </UnitTestResult>
    <UnitTestResult executionId="88e8b344-96e1-444e-8478-1f0bdd1f8ab6" testId="fbbe8828-06a5-2bef-1a86-cd6776514619" testName="clean_keyTest_on_original_of_size_6" computerName="2TAFFY" duration="00:00:00.0005392" startTime="2012-04-25T21:13:49.0781250-04:00" endTime="2012-04-25T21:13:49.0859375-04:00" testType="13cdc9d9-ddb5-4fa4-a97d-d965ccfc6d4b" outcome="Passed" testListId="8c84fa94-04c1-424b-9868-57a2d4851a1d" relativeResultsDirectory="88e8b344-96e1-444e-8478-1f0bdd1f8ab6">
    </UnitTestResult>
    <UnitTestResult executionId="a80ed1ea-d223-43c2-9d66-947e6fd33a31" testId="fec82914-8d2b-ce0e-0f68-141c8e76da6f" testName="dirty_keyTest" computerName="2TAFFY" duration="00:00:00.0003838" startTime="2012-04-25T21:13:49.0986328-04:00" endTime="2012-04-25T21:13:49.1054687-04:00" testType="13cdc9d9-ddb5-4fa4-a97d-d965ccfc6d4b" outcome="Passed" testListId="8c84fa94-04c1-424b-9868-57a2d4851a1d" relativeResultsDirectory="a80ed1ea-d223-43c2-9d66-947e6fd33a31">
    </UnitTestResult>
  </Results>
</TestRun>