<?xml version="1.0" encoding="UTF-8"?>
<TestRun id="65b6c2ea-28c7-4d53-8aff-18dba39b7132" name="Steven@2TAFFY 2012-04-26 03:01:39" runUser="2taffy\Steven" xmlns="http://microsoft.com/schemas/VisualStudio/TeamTest/2010">
  <TestSettings name="Local" id="948a7d2c-a449-40cc-93d7-295f2060e854">
    <Description>These are default test settings for a local test run.</Description>
    <Deployment enabled="false" runDeploymentRoot="Steven_2TAFFY 2012-04-26 03_01_39">
      <DeploymentItem filename="C:\Users\Steven\Documents\Visual Studio 2010\Projects\Web Security Backend Login Handler\Web Security Backend Login Handler\bin\Web Security Backend Login Handler.dll" />
      <DeploymentItem filename="C:\Users\Steven\Documents\Visual Studio 2010\Projects\Web Security Backend Login Handler\RSAClasses\RSAClasses\bin\Debug\RSAClasses.dll" />
      <DeploymentItem filename="C:\Users\Steven\Documents\Visual Studio 2010\Projects\Web Security Backend Login Handler\packages\EntityFramework.4.1.10331.0\lib\EntityFramework.dll" />
    </Deployment>
    <Execution>
      <TestTypeSpecific />
      <AgentRule name="Execution Agents">
      </AgentRule>
    </Execution>
  </TestSettings>
  <Times creation="2012-04-26T03:01:39.4716797-04:00" queuing="2012-04-26T03:01:39.5654297-04:00" start="2012-04-26T03:01:39.6123047-04:00" finish="2012-04-26T03:02:14.4775390-04:00" />
  <ResultSummary outcome="Inconclusive">
    <Counters total="45" executed="45" passed="44" error="0" failed="0" timeout="0" aborted="0" inconclusive="1" passedButRunAborted="0" notRunnable="0" notExecuted="0" disconnected="0" warning="0" completed="0" inProgress="0" pending="0" />
  </ResultSummary>
  <TestDefinitions>
    <UnitTest name="is_ip_lockedTest_users_should_unlocklock_out_after_four_attempts_if_unlock_period_has_been_exceeded" storage="c:\users\steven\documents\visual studio 2010\projects\web security backend login handler\test.web_security_backend_login_handler\bin\debug\test.web_security_backend_login_handler.dll" id="451ca797-209b-dee9-6367-89f6f7d14060">
      <Execution id="de16a0cf-9cc2-4f3a-971a-2ae040783ed0" />
      <TestMethod codeBase="C:/Users/Steven/Documents/Visual Studio 2010/Projects/Web Security Backend Login Handler/Test.Web_Security_Backend_Login_Handler/bin/Debug/Test.Web_Security_Backend_Login_Handler.DLL" adapterTypeName="Microsoft.VisualStudio.TestTools.TestTypes.Unit.UnitTestAdapter, Microsoft.VisualStudio.QualityTools.Tips.UnitTest.Adapter, Version=10.0.0.0, Culture=neutral, PublicKeyToken=b03f5f7f11d50a3a" className="Test.Web_Security_Backend_Login_Handler.Service_ManagerTest, Test.Web_Security_Backend_Login_Handler, Version=1.0.0.0, Culture=neutral, PublicKeyToken=null" name="is_ip_lockedTest_users_should_unlocklock_out_after_four_attempts_if_unlock_period_has_been_exceeded" />
    </UnitTest>
    <UnitTest name="validateloginTest_should_return_false_when_SessionHolder_does_not_contain_same_values" storage="c:\users\steven\documents\visual studio 2010\projects\web security backend login handler\test.web_security_backend_login_handler\bin\debug\test.web_security_backend_login_handler.dll" id="4897a04b-2374-7309-30e3-a76570127718">
      <Execution id="f4a41fe9-f241-4747-9fac-70d42fd75eff" />
      <TestMethod codeBase="C:/Users/Steven/Documents/Visual Studio 2010/Projects/Web Security Backend Login Handler/Test.Web_Security_Backend_Login_Handler/bin/Debug/Test.Web_Security_Backend_Login_Handler.DLL" adapterTypeName="Microsoft.VisualStudio.TestTools.TestTypes.Unit.UnitTestAdapter, Microsoft.VisualStudio.QualityTools.Tips.UnitTest.Adapter, Version=10.0.0.0, Culture=neutral, PublicKeyToken=b03f5f7f11d50a3a" className="Test.Web_Security_Backend_Login_Handler.Session_HolderTest, Test.Web_Security_Backend_Login_Handler, Version=1.0.0.0, Culture=neutral, PublicKeyToken=null" name="validateloginTest_should_return_false_when_SessionHolder_does_not_contain_same_values" />
    </UnitTest>
    <UnitTest name="Gridbox_dataConstructorTest" storage="c:\users\steven\documents\visual studio 2010\projects\web security backend login handler\test.web_security_backend_login_handler\bin\debug\test.web_security_backend_login_handler.dll" id="1833cbff-95da-a3fb-d60c-fa839f624738">
      <Execution id="399d409a-ca52-41fe-9b5d-4daa46272302" />
      <TestMethod codeBase="C:/Users/Steven/Documents/Visual Studio 2010/Projects/Web Security Backend Login Handler/Test.Web_Security_Backend_Login_Handler/bin/Debug/Test.Web_Security_Backend_Login_Handler.DLL" adapterTypeName="Microsoft.VisualStudio.TestTools.TestTypes.Unit.UnitTestAdapter, Microsoft.VisualStudio.QualityTools.Tips.UnitTest.Adapter, Version=10.0.0.0, Culture=neutral, PublicKeyToken=b03f5f7f11d50a3a" className="Test.Web_Security_Backend_Login_Handler.Gridbox_dataTest, Test.Web_Security_Backend_Login_Handler, Version=1.0.0.0, Culture=neutral, PublicKeyToken=null" name="Gridbox_dataConstructorTest" />
    </UnitTest>
    <UnitTest name="record_failed_attemptTest_should_create_a_new_ip_record_when_none_is_found" storage="c:\users\steven\documents\visual studio 2010\projects\web security backend login handler\test.web_security_backend_login_handler\bin\debug\test.web_security_backend_login_handler.dll" id="9979932b-cf13-fa30-2fc9-ff4981bbae56">
      <Execution id="4bc32eac-c1fd-4db4-a355-fa6908dfa7cb" />
      <TestMethod codeBase="C:/Users/Steven/Documents/Visual Studio 2010/Projects/Web Security Backend Login Handler/Test.Web_Security_Backend_Login_Handler/bin/Debug/Test.Web_Security_Backend_Login_Handler.DLL" adapterTypeName="Microsoft.VisualStudio.TestTools.TestTypes.Unit.UnitTestAdapter, Microsoft.VisualStudio.QualityTools.Tips.UnitTest.Adapter, Version=10.0.0.0, Culture=neutral, PublicKeyToken=b03f5f7f11d50a3a" className="Test.Web_Security_Backend_Login_Handler.Service_ManagerTest, Test.Web_Security_Backend_Login_Handler, Version=1.0.0.0, Culture=neutral, PublicKeyToken=null" name="record_failed_attemptTest_should_create_a_new_ip_record_when_none_is_found" />
    </UnitTest>
    <UnitTest name="check_for_unique_session_idTest_should_return_true_when_id_is_not_found_in_db" storage="c:\users\steven\documents\visual studio 2010\projects\web security backend login handler\test.web_security_backend_login_handler\bin\debug\test.web_security_backend_login_handler.dll" id="c661e960-557d-6758-3466-a0b7ec8ac25b">
      <Execution id="be24c607-3511-4afb-8683-5a592894f129" />
      <TestMethod codeBase="C:/Users/Steven/Documents/Visual Studio 2010/Projects/Web Security Backend Login Handler/Test.Web_Security_Backend_Login_Handler/bin/Debug/Test.Web_Security_Backend_Login_Handler.DLL" adapterTypeName="Microsoft.VisualStudio.TestTools.TestTypes.Unit.UnitTestAdapter, Microsoft.VisualStudio.QualityTools.Tips.UnitTest.Adapter, Version=10.0.0.0, Culture=neutral, PublicKeyToken=b03f5f7f11d50a3a" className="Test.Web_Security_Backend_Login_Handler.EF_Login_Data_RepositoryTest, Test.Web_Security_Backend_Login_Handler, Version=1.0.0.0, Culture=neutral, PublicKeyToken=null" name="check_for_unique_session_idTest_should_return_true_when_id_is_not_found_in_db" />
    </UnitTest>
    <UnitTest name="check_for_unique_data_stringTest_should_return_true_when_string_is_not_found_in_db" storage="c:\users\steven\documents\visual studio 2010\projects\web security backend login handler\test.web_security_backend_login_handler\bin\debug\test.web_security_backend_login_handler.dll" id="c25c7c45-fb93-cba1-9819-ebb7722350c0">
      <Execution id="a6aa5f8c-62a3-47ba-91a0-5fde0144d312" />
      <TestMethod codeBase="C:/Users/Steven/Documents/Visual Studio 2010/Projects/Web Security Backend Login Handler/Test.Web_Security_Backend_Login_Handler/bin/Debug/Test.Web_Security_Backend_Login_Handler.DLL" adapterTypeName="Microsoft.VisualStudio.TestTools.TestTypes.Unit.UnitTestAdapter, Microsoft.VisualStudio.QualityTools.Tips.UnitTest.Adapter, Version=10.0.0.0, Culture=neutral, PublicKeyToken=b03f5f7f11d50a3a" className="Test.Web_Security_Backend_Login_Handler.EF_Login_Data_RepositoryTest, Test.Web_Security_Backend_Login_Handler, Version=1.0.0.0, Culture=neutral, PublicKeyToken=null" name="check_for_unique_data_stringTest_should_return_true_when_string_is_not_found_in_db" />
    </UnitTest>
    <UnitTest name="check_for_unique_pub_keyTest_should_return_True_when_a_different_REMOTE_key_exists" storage="c:\users\steven\documents\visual studio 2010\projects\web security backend login handler\test.web_security_backend_login_handler\bin\debug\test.web_security_backend_login_handler.dll" id="2772b7c6-aea8-ca9f-63ce-5faa048dec51">
      <Execution id="27774dc6-ee99-4568-8196-a4e8d1c899b9" />
      <TestMethod codeBase="C:/Users/Steven/Documents/Visual Studio 2010/Projects/Web Security Backend Login Handler/Test.Web_Security_Backend_Login_Handler/bin/Debug/Test.Web_Security_Backend_Login_Handler.DLL" adapterTypeName="Microsoft.VisualStudio.TestTools.TestTypes.Unit.UnitTestAdapter, Microsoft.VisualStudio.QualityTools.Tips.UnitTest.Adapter, Version=10.0.0.0, Culture=neutral, PublicKeyToken=b03f5f7f11d50a3a" className="Test.Web_Security_Backend_Login_Handler.EF_Login_Data_RepositoryTest, Test.Web_Security_Backend_Login_Handler, Version=1.0.0.0, Culture=neutral, PublicKeyToken=null" name="check_for_unique_pub_keyTest_should_return_True_when_a_different_REMOTE_key_exists" />
    </UnitTest>
    <UnitTest name="authenticateTest_should_fail_login_when_given_bad_session_id" storage="c:\users\steven\documents\visual studio 2010\projects\web security backend login handler\test.web_security_backend_login_handler\bin\debug\test.web_security_backend_login_handler.dll" id="2aac691f-68fa-51c4-f6b6-04c304918a9a">
      <Execution id="beb62552-df0c-46d4-9a1e-db821dce39cf" />
      <TestMethod codeBase="C:/Users/Steven/Documents/Visual Studio 2010/Projects/Web Security Backend Login Handler/Test.Web_Security_Backend_Login_Handler/bin/Debug/Test.Web_Security_Backend_Login_Handler.DLL" adapterTypeName="Microsoft.VisualStudio.TestTools.TestTypes.Unit.UnitTestAdapter, Microsoft.VisualStudio.QualityTools.Tips.UnitTest.Adapter, Version=10.0.0.0, Culture=neutral, PublicKeyToken=b03f5f7f11d50a3a" className="Test.Web_Security_Backend_Login_Handler.AuthenticationControllerTest, Test.Web_Security_Backend_Login_Handler, Version=1.0.0.0, Culture=neutral, PublicKeyToken=null" name="authenticateTest_should_fail_login_when_given_bad_session_id" />
    </UnitTest>
    <UnitTest name="dirty_keyTest_on_original_of_size_6" storage="c:\users\steven\documents\visual studio 2010\projects\web security backend login handler\test.web_security_backend_login_handler\bin\debug\test.web_security_backend_login_handler.dll" id="8e37c1b8-7197-4065-2cda-557d5aa868fc">
      <Execution id="7c263bc2-90c3-4380-bd1d-893c4a0f6a46" />
      <TestMethod codeBase="C:/Users/Steven/Documents/Visual Studio 2010/Projects/Web Security Backend Login Handler/Test.Web_Security_Backend_Login_Handler/bin/Debug/Test.Web_Security_Backend_Login_Handler.DLL" adapterTypeName="Microsoft.VisualStudio.TestTools.TestTypes.Unit.UnitTestAdapter, Microsoft.VisualStudio.QualityTools.Tips.UnitTest.Adapter, Version=10.0.0.0, Culture=neutral, PublicKeyToken=b03f5f7f11d50a3a" className="Test.Web_Security_Backend_Login_Handler.validate_keyTest, Test.Web_Security_Backend_Login_Handler, Version=1.0.0.0, Culture=neutral, PublicKeyToken=null" name="dirty_keyTest_on_original_of_size_6" />
    </UnitTest>
    <UnitTest name="store_sessionTest" storage="c:\users\steven\documents\visual studio 2010\projects\web security backend login handler\test.web_security_backend_login_handler\bin\debug\test.web_security_backend_login_handler.dll" id="49ac4308-2507-de1d-6da1-ee6cc36e8c86">
      <Execution id="80ee924c-50b8-4fe9-b491-50c5ff74f49c" />
      <TestMethod codeBase="C:/Users/Steven/Documents/Visual Studio 2010/Projects/Web Security Backend Login Handler/Test.Web_Security_Backend_Login_Handler/bin/Debug/Test.Web_Security_Backend_Login_Handler.DLL" adapterTypeName="Microsoft.VisualStudio.TestTools.TestTypes.Unit.UnitTestAdapter, Microsoft.VisualStudio.QualityTools.Tips.UnitTest.Adapter, Version=10.0.0.0, Culture=neutral, PublicKeyToken=b03f5f7f11d50a3a" className="Test.Web_Security_Backend_Login_Handler.EF_Login_Data_RepositoryTest, Test.Web_Security_Backend_Login_Handler, Version=1.0.0.0, Culture=neutral, PublicKeyToken=null" name="store_sessionTest" />
    </UnitTest>
    <UnitTest name="Service_Manager_object_should_still_hold_attempts_when_deserialized" storage="c:\users\steven\documents\visual studio 2010\projects\web security backend login handler\test.web_security_backend_login_handler\bin\debug\test.web_security_backend_login_handler.dll" id="67edcd63-6396-56e4-d814-19352322cb50">
      <Execution id="fe22daa3-ec54-4f47-8836-735793a6accf" />
      <TestMethod codeBase="C:/Users/Steven/Documents/Visual Studio 2010/Projects/Web Security Backend Login Handler/Test.Web_Security_Backend_Login_Handler/bin/Debug/Test.Web_Security_Backend_Login_Handler.DLL" adapterTypeName="Microsoft.VisualStudio.TestTools.TestTypes.Unit.UnitTestAdapter, Microsoft.VisualStudio.QualityTools.Tips.UnitTest.Adapter, Version=10.0.0.0, Culture=neutral, PublicKeyToken=b03f5f7f11d50a3a" className="Test.Web_Security_Backend_Login_Handler.ObjectSerializingTest, Test.Web_Security_Backend_Login_Handler, Version=1.0.0.0, Culture=neutral, PublicKeyToken=null" name="Service_Manager_object_should_still_hold_attempts_when_deserialized" />
    </UnitTest>
    <UnitTest name="check_for_unique_data_stringTest_should_return_false_when_string_is_found_in_db" storage="c:\users\steven\documents\visual studio 2010\projects\web security backend login handler\test.web_security_backend_login_handler\bin\debug\test.web_security_backend_login_handler.dll" id="5a62df0c-700f-04be-be4d-bfeee5483f10">
      <Execution id="aad93089-d2f9-4f68-87ea-e23a54e534e9" />
      <TestMethod codeBase="C:/Users/Steven/Documents/Visual Studio 2010/Projects/Web Security Backend Login Handler/Test.Web_Security_Backend_Login_Handler/bin/Debug/Test.Web_Security_Backend_Login_Handler.DLL" adapterTypeName="Microsoft.VisualStudio.TestTools.TestTypes.Unit.UnitTestAdapter, Microsoft.VisualStudio.QualityTools.Tips.UnitTest.Adapter, Version=10.0.0.0, Culture=neutral, PublicKeyToken=b03f5f7f11d50a3a" className="Test.Web_Security_Backend_Login_Handler.EF_Login_Data_RepositoryTest, Test.Web_Security_Backend_Login_Handler, Version=1.0.0.0, Culture=neutral, PublicKeyToken=null" name="check_for_unique_data_stringTest_should_return_false_when_string_is_found_in_db" />
    </UnitTest>
    <UnitTest name="authenticateTest_should_fail_login_when_given_incorrect_login_data" storage="c:\users\steven\documents\visual studio 2010\projects\web security backend login handler\test.web_security_backend_login_handler\bin\debug\test.web_security_backend_login_handler.dll" id="456fe2e4-effc-7286-1bfa-b6cee2caa7e3">
      <Execution id="08a1451a-b457-4903-9fee-a5ee9e3dc2f2" />
      <TestMethod codeBase="C:/Users/Steven/Documents/Visual Studio 2010/Projects/Web Security Backend Login Handler/Test.Web_Security_Backend_Login_Handler/bin/Debug/Test.Web_Security_Backend_Login_Handler.DLL" adapterTypeName="Microsoft.VisualStudio.TestTools.TestTypes.Unit.UnitTestAdapter, Microsoft.VisualStudio.QualityTools.Tips.UnitTest.Adapter, Version=10.0.0.0, Culture=neutral, PublicKeyToken=b03f5f7f11d50a3a" className="Test.Web_Security_Backend_Login_Handler.AuthenticationControllerTest, Test.Web_Security_Backend_Login_Handler, Version=1.0.0.0, Culture=neutral, PublicKeyToken=null" name="authenticateTest_should_fail_login_when_given_incorrect_login_data" />
    </UnitTest>
    <UnitTest name="initializeTest_when_given_bad_key_should_return_fake_data" storage="c:\users\steven\documents\visual studio 2010\projects\web security backend login handler\test.web_security_backend_login_handler\bin\debug\test.web_security_backend_login_handler.dll" id="9a17c7d1-5b24-127e-8a9a-1e236c20a42e">
      <Execution id="df7987d7-8247-4944-ba91-584e25d5ddbf" />
      <TestMethod codeBase="C:/Users/Steven/Documents/Visual Studio 2010/Projects/Web Security Backend Login Handler/Test.Web_Security_Backend_Login_Handler/bin/Debug/Test.Web_Security_Backend_Login_Handler.DLL" adapterTypeName="Microsoft.VisualStudio.TestTools.TestTypes.Unit.UnitTestAdapter, Microsoft.VisualStudio.QualityTools.Tips.UnitTest.Adapter, Version=10.0.0.0, Culture=neutral, PublicKeyToken=b03f5f7f11d50a3a" className="Test.Web_Security_Backend_Login_Handler.AuthenticationControllerTest, Test.Web_Security_Backend_Login_Handler, Version=1.0.0.0, Culture=neutral, PublicKeyToken=null" name="initializeTest_when_given_bad_key_should_return_fake_data" />
    </UnitTest>
    <UnitTest name="record_failed_attemptTest_should_update_ip_record_when_ip_is_found" storage="c:\users\steven\documents\visual studio 2010\projects\web security backend login handler\test.web_security_backend_login_handler\bin\debug\test.web_security_backend_login_handler.dll" id="2f6d8dc3-e175-6550-f600-a0a25a455edb">
      <Execution id="fcecea77-276e-4089-8d77-11ac063e6288" />
      <TestMethod codeBase="C:/Users/Steven/Documents/Visual Studio 2010/Projects/Web Security Backend Login Handler/Test.Web_Security_Backend_Login_Handler/bin/Debug/Test.Web_Security_Backend_Login_Handler.DLL" adapterTypeName="Microsoft.VisualStudio.TestTools.TestTypes.Unit.UnitTestAdapter, Microsoft.VisualStudio.QualityTools.Tips.UnitTest.Adapter, Version=10.0.0.0, Culture=neutral, PublicKeyToken=b03f5f7f11d50a3a" className="Test.Web_Security_Backend_Login_Handler.Service_ManagerTest, Test.Web_Security_Backend_Login_Handler, Version=1.0.0.0, Culture=neutral, PublicKeyToken=null" name="record_failed_attemptTest_should_update_ip_record_when_ip_is_found" />
    </UnitTest>
    <UnitTest name="clean_keyTest" storage="c:\users\steven\documents\visual studio 2010\projects\web security backend login handler\test.web_security_backend_login_handler\bin\debug\test.web_security_backend_login_handler.dll" id="972b6f7c-0580-faff-8ab3-18e7fe4dd471">
      <Execution id="38b66405-a886-4360-ab44-0e27a752cc74" />
      <TestMethod codeBase="C:/Users/Steven/Documents/Visual Studio 2010/Projects/Web Security Backend Login Handler/Test.Web_Security_Backend_Login_Handler/bin/Debug/Test.Web_Security_Backend_Login_Handler.DLL" adapterTypeName="Microsoft.VisualStudio.TestTools.TestTypes.Unit.UnitTestAdapter, Microsoft.VisualStudio.QualityTools.Tips.UnitTest.Adapter, Version=10.0.0.0, Culture=neutral, PublicKeyToken=b03f5f7f11d50a3a" className="Test.Web_Security_Backend_Login_Handler.validate_keyTest, Test.Web_Security_Backend_Login_Handler, Version=1.0.0.0, Culture=neutral, PublicKeyToken=null" name="clean_keyTest" />
    </UnitTest>
    <UnitTest name="expire_sessionTest" storage="c:\users\steven\documents\visual studio 2010\projects\web security backend login handler\test.web_security_backend_login_handler\bin\debug\test.web_security_backend_login_handler.dll" id="a06c8703-aad3-9716-909a-c0a258c09d3f">
      <Execution id="5c56eaf9-a424-4bde-8c10-61133d39c441" />
      <TestMethod codeBase="C:/Users/Steven/Documents/Visual Studio 2010/Projects/Web Security Backend Login Handler/Test.Web_Security_Backend_Login_Handler/bin/Debug/Test.Web_Security_Backend_Login_Handler.DLL" adapterTypeName="Microsoft.VisualStudio.TestTools.TestTypes.Unit.UnitTestAdapter, Microsoft.VisualStudio.QualityTools.Tips.UnitTest.Adapter, Version=10.0.0.0, Culture=neutral, PublicKeyToken=b03f5f7f11d50a3a" className="Test.Web_Security_Backend_Login_Handler.EF_Login_Data_RepositoryTest, Test.Web_Security_Backend_Login_Handler, Version=1.0.0.0, Culture=neutral, PublicKeyToken=null" name="expire_sessionTest" />
    </UnitTest>
    <UnitTest name="validateloginTest_should_return_false_when_login_attempt_is_empty" storage="c:\users\steven\documents\visual studio 2010\projects\web security backend login handler\test.web_security_backend_login_handler\bin\debug\test.web_security_backend_login_handler.dll" id="3a663574-3180-85f1-cdde-1030a0ef32ad">
      <Execution id="0ce130d5-8f8f-4015-be6f-bf64025d507b" />
      <TestMethod codeBase="C:/Users/Steven/Documents/Visual Studio 2010/Projects/Web Security Backend Login Handler/Test.Web_Security_Backend_Login_Handler/bin/Debug/Test.Web_Security_Backend_Login_Handler.DLL" adapterTypeName="Microsoft.VisualStudio.TestTools.TestTypes.Unit.UnitTestAdapter, Microsoft.VisualStudio.QualityTools.Tips.UnitTest.Adapter, Version=10.0.0.0, Culture=neutral, PublicKeyToken=b03f5f7f11d50a3a" className="Test.Web_Security_Backend_Login_Handler.Session_HolderTest, Test.Web_Security_Backend_Login_Handler, Version=1.0.0.0, Culture=neutral, PublicKeyToken=null" name="validateloginTest_should_return_false_when_login_attempt_is_empty" />
    </UnitTest>
    <UnitTest name="validateTest" storage="c:\users\steven\documents\visual studio 2010\projects\web security backend login handler\test.web_security_backend_login_handler\bin\debug\test.web_security_backend_login_handler.dll" id="b8b91aae-b377-e572-aa09-5986400c100d">
      <Execution id="cd1101ba-4774-4622-960e-39ee75f241d2" />
      <TestMethod codeBase="C:/Users/Steven/Documents/Visual Studio 2010/Projects/Web Security Backend Login Handler/Test.Web_Security_Backend_Login_Handler/bin/Debug/Test.Web_Security_Backend_Login_Handler.DLL" adapterTypeName="Microsoft.VisualStudio.TestTools.TestTypes.Unit.UnitTestAdapter, Microsoft.VisualStudio.QualityTools.Tips.UnitTest.Adapter, Version=10.0.0.0, Culture=neutral, PublicKeyToken=b03f5f7f11d50a3a" className="Test.Web_Security_Backend_Login_Handler.validate_keyTest, Test.Web_Security_Backend_Login_Handler, Version=1.0.0.0, Culture=neutral, PublicKeyToken=null" name="validateTest" />
    </UnitTest>
    <UnitTest name="store_sessionTest_should_allow_multiple_sessions_to_be_stored" storage="c:\users\steven\documents\visual studio 2010\projects\web security backend login handler\test.web_security_backend_login_handler\bin\debug\test.web_security_backend_login_handler.dll" id="368bdd97-67d3-cf24-9eb4-e8a0266a0986">
      <Execution id="03e237b1-d883-4389-a18c-1320bda4522d" />
      <TestMethod codeBase="C:/Users/Steven/Documents/Visual Studio 2010/Projects/Web Security Backend Login Handler/Test.Web_Security_Backend_Login_Handler/bin/Debug/Test.Web_Security_Backend_Login_Handler.DLL" adapterTypeName="Microsoft.VisualStudio.TestTools.TestTypes.Unit.UnitTestAdapter, Microsoft.VisualStudio.QualityTools.Tips.UnitTest.Adapter, Version=10.0.0.0, Culture=neutral, PublicKeyToken=b03f5f7f11d50a3a" className="Test.Web_Security_Backend_Login_Handler.EF_Login_Data_RepositoryTest, Test.Web_Security_Backend_Login_Handler, Version=1.0.0.0, Culture=neutral, PublicKeyToken=null" name="store_sessionTest_should_allow_multiple_sessions_to_be_stored" />
    </UnitTest>
    <UnitTest name="store_failed_initialize_attemptTest" storage="c:\users\steven\documents\visual studio 2010\projects\web security backend login handler\test.web_security_backend_login_handler\bin\debug\test.web_security_backend_login_handler.dll" id="079bf086-b93c-c2c9-1f00-42b7634ec2f2">
      <Execution id="4b63a446-b2f0-4098-b4b7-6ca486dbb989" />
      <TestMethod codeBase="C:/Users/Steven/Documents/Visual Studio 2010/Projects/Web Security Backend Login Handler/Test.Web_Security_Backend_Login_Handler/bin/Debug/Test.Web_Security_Backend_Login_Handler.DLL" adapterTypeName="Microsoft.VisualStudio.TestTools.TestTypes.Unit.UnitTestAdapter, Microsoft.VisualStudio.QualityTools.Tips.UnitTest.Adapter, Version=10.0.0.0, Culture=neutral, PublicKeyToken=b03f5f7f11d50a3a" className="Test.Web_Security_Backend_Login_Handler.EF_Login_Data_RepositoryTest, Test.Web_Security_Backend_Login_Handler, Version=1.0.0.0, Culture=neutral, PublicKeyToken=null" name="store_failed_initialize_attemptTest" />
    </UnitTest>
    <UnitTest name="validateloginTest_should_return_true_when_login_attempt_from_different_hash_objects" storage="c:\users\steven\documents\visual studio 2010\projects\web security backend login handler\test.web_security_backend_login_handler\bin\debug\test.web_security_backend_login_handler.dll" id="0841dfaf-52bb-7dfb-7275-49a894f07712">
      <Execution id="401805db-eb20-40f6-85cb-4b7bad253ed9" />
      <TestMethod codeBase="C:/Users/Steven/Documents/Visual Studio 2010/Projects/Web Security Backend Login Handler/Test.Web_Security_Backend_Login_Handler/bin/Debug/Test.Web_Security_Backend_Login_Handler.DLL" adapterTypeName="Microsoft.VisualStudio.TestTools.TestTypes.Unit.UnitTestAdapter, Microsoft.VisualStudio.QualityTools.Tips.UnitTest.Adapter, Version=10.0.0.0, Culture=neutral, PublicKeyToken=b03f5f7f11d50a3a" className="Test.Web_Security_Backend_Login_Handler.Session_HolderTest, Test.Web_Security_Backend_Login_Handler, Version=1.0.0.0, Culture=neutral, PublicKeyToken=null" name="validateloginTest_should_return_true_when_login_attempt_from_different_hash_objects" />
    </UnitTest>
    <UnitTest name="check_for_unique_pub_keyTest_should_return_true_when_key_does_not_exist_in_db" storage="c:\users\steven\documents\visual studio 2010\projects\web security backend login handler\test.web_security_backend_login_handler\bin\debug\test.web_security_backend_login_handler.dll" id="3ca1841b-33ff-64be-37dc-bb3397b6b3f8">
      <Execution id="dae5f283-481c-4cfb-ac1e-3c02085490a9" />
      <TestMethod codeBase="C:/Users/Steven/Documents/Visual Studio 2010/Projects/Web Security Backend Login Handler/Test.Web_Security_Backend_Login_Handler/bin/Debug/Test.Web_Security_Backend_Login_Handler.DLL" adapterTypeName="Microsoft.VisualStudio.TestTools.TestTypes.Unit.UnitTestAdapter, Microsoft.VisualStudio.QualityTools.Tips.UnitTest.Adapter, Version=10.0.0.0, Culture=neutral, PublicKeyToken=b03f5f7f11d50a3a" className="Test.Web_Security_Backend_Login_Handler.EF_Login_Data_RepositoryTest, Test.Web_Security_Backend_Login_Handler, Version=1.0.0.0, Culture=neutral, PublicKeyToken=null" name="check_for_unique_pub_keyTest_should_return_true_when_key_does_not_exist_in_db" />
    </UnitTest>
    <UnitTest name="validateloginTest_should_return_true_when_SessionHolder_contains_alls_same_element_dispite_extra_passed_in_elements" storage="c:\users\steven\documents\visual studio 2010\projects\web security backend login handler\test.web_security_backend_login_handler\bin\debug\test.web_security_backend_login_handler.dll" id="4db1e1e3-7d8c-da35-b557-8700fecb4cae">
      <Execution id="a64d559b-0278-4b00-8af4-46124ae8414f" />
      <TestMethod codeBase="C:/Users/Steven/Documents/Visual Studio 2010/Projects/Web Security Backend Login Handler/Test.Web_Security_Backend_Login_Handler/bin/Debug/Test.Web_Security_Backend_Login_Handler.DLL" adapterTypeName="Microsoft.VisualStudio.TestTools.TestTypes.Unit.UnitTestAdapter, Microsoft.VisualStudio.QualityTools.Tips.UnitTest.Adapter, Version=10.0.0.0, Culture=neutral, PublicKeyToken=b03f5f7f11d50a3a" className="Test.Web_Security_Backend_Login_Handler.Session_HolderTest, Test.Web_Security_Backend_Login_Handler, Version=1.0.0.0, Culture=neutral, PublicKeyToken=null" name="validateloginTest_should_return_true_when_SessionHolder_contains_alls_same_element_dispite_extra_passed_in_elements" />
    </UnitTest>
    <UnitTest name="validateloginTest_should_return_false_when_SessionHolder_contains_no_values" storage="c:\users\steven\documents\visual studio 2010\projects\web security backend login handler\test.web_security_backend_login_handler\bin\debug\test.web_security_backend_login_handler.dll" id="7ec82646-bfa5-fc5d-43af-a673eb439cf8">
      <Execution id="ca5a776d-a505-4997-a576-688de72a69f8" />
      <TestMethod codeBase="C:/Users/Steven/Documents/Visual Studio 2010/Projects/Web Security Backend Login Handler/Test.Web_Security_Backend_Login_Handler/bin/Debug/Test.Web_Security_Backend_Login_Handler.DLL" adapterTypeName="Microsoft.VisualStudio.TestTools.TestTypes.Unit.UnitTestAdapter, Microsoft.VisualStudio.QualityTools.Tips.UnitTest.Adapter, Version=10.0.0.0, Culture=neutral, PublicKeyToken=b03f5f7f11d50a3a" className="Test.Web_Security_Backend_Login_Handler.Session_HolderTest, Test.Web_Security_Backend_Login_Handler, Version=1.0.0.0, Culture=neutral, PublicKeyToken=null" name="validateloginTest_should_return_false_when_SessionHolder_contains_no_values" />
    </UnitTest>
    <UnitTest name="authenticateTest_should_expire_session_during_login_attempt" storage="c:\users\steven\documents\visual studio 2010\projects\web security backend login handler\test.web_security_backend_login_handler\bin\debug\test.web_security_backend_login_handler.dll" id="29405316-9966-0a8b-31c9-bcb4897049f4">
      <Execution id="56224303-b812-4f2c-b176-04c02ac8006e" />
      <TestMethod codeBase="C:/Users/Steven/Documents/Visual Studio 2010/Projects/Web Security Backend Login Handler/Test.Web_Security_Backend_Login_Handler/bin/Debug/Test.Web_Security_Backend_Login_Handler.DLL" adapterTypeName="Microsoft.VisualStudio.TestTools.TestTypes.Unit.UnitTestAdapter, Microsoft.VisualStudio.QualityTools.Tips.UnitTest.Adapter, Version=10.0.0.0, Culture=neutral, PublicKeyToken=b03f5f7f11d50a3a" className="Test.Web_Security_Backend_Login_Handler.AuthenticationControllerTest, Test.Web_Security_Backend_Login_Handler, Version=1.0.0.0, Culture=neutral, PublicKeyToken=null" name="authenticateTest_should_expire_session_during_login_attempt" />
    </UnitTest>
    <UnitTest name="Raw_Data_BuilderConstructorTest" storage="c:\users\steven\documents\visual studio 2010\projects\web security backend login handler\test.web_security_backend_login_handler\bin\debug\test.web_security_backend_login_handler.dll" id="9f02821a-fcc4-04ab-16ff-bb8c74969c39">
      <Execution id="5d6c87d5-38d9-43fc-8748-cf7ffdb1510f" />
      <TestMethod codeBase="C:/Users/Steven/Documents/Visual Studio 2010/Projects/Web Security Backend Login Handler/Test.Web_Security_Backend_Login_Handler/bin/Debug/Test.Web_Security_Backend_Login_Handler.DLL" adapterTypeName="Microsoft.VisualStudio.TestTools.TestTypes.Unit.UnitTestAdapter, Microsoft.VisualStudio.QualityTools.Tips.UnitTest.Adapter, Version=10.0.0.0, Culture=neutral, PublicKeyToken=b03f5f7f11d50a3a" className="Test.Web_Security_Backend_Login_Handler.Raw_Data_BuilderTest, Test.Web_Security_Backend_Login_Handler, Version=1.0.0.0, Culture=neutral, PublicKeyToken=null" name="Raw_Data_BuilderConstructorTest" />
    </UnitTest>
    <UnitTest name="is_ip_lockedTest_users_should_lock_out_after_four_attempts_even_though_time_between_attempts" storage="c:\users\steven\documents\visual studio 2010\projects\web security backend login handler\test.web_security_backend_login_handler\bin\debug\test.web_security_backend_login_handler.dll" id="c6fdb9bc-0e83-4bbf-fff2-a9c35967cc4a">
      <Execution id="f78c36c7-529b-4c51-a6c7-1e992a1a0776" />
      <TestMethod codeBase="C:/Users/Steven/Documents/Visual Studio 2010/Projects/Web Security Backend Login Handler/Test.Web_Security_Backend_Login_Handler/bin/Debug/Test.Web_Security_Backend_Login_Handler.DLL" adapterTypeName="Microsoft.VisualStudio.TestTools.TestTypes.Unit.UnitTestAdapter, Microsoft.VisualStudio.QualityTools.Tips.UnitTest.Adapter, Version=10.0.0.0, Culture=neutral, PublicKeyToken=b03f5f7f11d50a3a" className="Test.Web_Security_Backend_Login_Handler.Service_ManagerTest, Test.Web_Security_Backend_Login_Handler, Version=1.0.0.0, Culture=neutral, PublicKeyToken=null" name="is_ip_lockedTest_users_should_lock_out_after_four_attempts_even_though_time_between_attempts" />
    </UnitTest>
    <UnitTest name="is_ip_lockedTest_users_should_not_lock_out_an_unknown_ip" storage="c:\users\steven\documents\visual studio 2010\projects\web security backend login handler\test.web_security_backend_login_handler\bin\debug\test.web_security_backend_login_handler.dll" id="7d16d515-8857-ef40-7b11-d26c075d3e87">
      <Execution id="6e3e7c3c-dd9a-40a0-9435-ec273dcdda82" />
      <TestMethod codeBase="C:/Users/Steven/Documents/Visual Studio 2010/Projects/Web Security Backend Login Handler/Test.Web_Security_Backend_Login_Handler/bin/Debug/Test.Web_Security_Backend_Login_Handler.DLL" adapterTypeName="Microsoft.VisualStudio.TestTools.TestTypes.Unit.UnitTestAdapter, Microsoft.VisualStudio.QualityTools.Tips.UnitTest.Adapter, Version=10.0.0.0, Culture=neutral, PublicKeyToken=b03f5f7f11d50a3a" className="Test.Web_Security_Backend_Login_Handler.Service_ManagerTest, Test.Web_Security_Backend_Login_Handler, Version=1.0.0.0, Culture=neutral, PublicKeyToken=null" name="is_ip_lockedTest_users_should_not_lock_out_an_unknown_ip" />
    </UnitTest>
    <UnitTest name="check_for_unique_pub_keyTest_should_return_false_when_the_same_REMOTE_key_exists" storage="c:\users\steven\documents\visual studio 2010\projects\web security backend login handler\test.web_security_backend_login_handler\bin\debug\test.web_security_backend_login_handler.dll" id="22c85f12-a1ad-519d-548e-0be7657b5c5d">
      <Execution id="1ef65a64-f19b-48c8-8b49-5b4adcece305" />
      <TestMethod codeBase="C:/Users/Steven/Documents/Visual Studio 2010/Projects/Web Security Backend Login Handler/Test.Web_Security_Backend_Login_Handler/bin/Debug/Test.Web_Security_Backend_Login_Handler.DLL" adapterTypeName="Microsoft.VisualStudio.TestTools.TestTypes.Unit.UnitTestAdapter, Microsoft.VisualStudio.QualityTools.Tips.UnitTest.Adapter, Version=10.0.0.0, Culture=neutral, PublicKeyToken=b03f5f7f11d50a3a" className="Test.Web_Security_Backend_Login_Handler.EF_Login_Data_RepositoryTest, Test.Web_Security_Backend_Login_Handler, Version=1.0.0.0, Culture=neutral, PublicKeyToken=null" name="check_for_unique_pub_keyTest_should_return_false_when_the_same_REMOTE_key_exists" />
    </UnitTest>
    <UnitTest name="check_for_unique_pub_keyTest_should_return_false_when_the_same_SERVER_key_exists" storage="c:\users\steven\documents\visual studio 2010\projects\web security backend login handler\test.web_security_backend_login_handler\bin\debug\test.web_security_backend_login_handler.dll" id="ddd024be-5c7b-d757-e53e-80df9d3f62ee">
      <Execution id="c47885a8-eab9-4d6a-a02e-5cc1090d9852" />
      <TestMethod codeBase="C:/Users/Steven/Documents/Visual Studio 2010/Projects/Web Security Backend Login Handler/Test.Web_Security_Backend_Login_Handler/bin/Debug/Test.Web_Security_Backend_Login_Handler.DLL" adapterTypeName="Microsoft.VisualStudio.TestTools.TestTypes.Unit.UnitTestAdapter, Microsoft.VisualStudio.QualityTools.Tips.UnitTest.Adapter, Version=10.0.0.0, Culture=neutral, PublicKeyToken=b03f5f7f11d50a3a" className="Test.Web_Security_Backend_Login_Handler.EF_Login_Data_RepositoryTest, Test.Web_Security_Backend_Login_Handler, Version=1.0.0.0, Culture=neutral, PublicKeyToken=null" name="check_for_unique_pub_keyTest_should_return_false_when_the_same_SERVER_key_exists" />
    </UnitTest>
    <UnitTest name="dirty_keyTest" storage="c:\users\steven\documents\visual studio 2010\projects\web security backend login handler\test.web_security_backend_login_handler\bin\debug\test.web_security_backend_login_handler.dll" id="fec82914-8d2b-ce0e-0f68-141c8e76da6f">
      <Execution id="8caa0cae-3994-47f9-9eab-a5ad86da018d" />
      <TestMethod codeBase="C:/Users/Steven/Documents/Visual Studio 2010/Projects/Web Security Backend Login Handler/Test.Web_Security_Backend_Login_Handler/bin/Debug/Test.Web_Security_Backend_Login_Handler.DLL" adapterTypeName="Microsoft.VisualStudio.TestTools.TestTypes.Unit.UnitTestAdapter, Microsoft.VisualStudio.QualityTools.Tips.UnitTest.Adapter, Version=10.0.0.0, Culture=neutral, PublicKeyToken=b03f5f7f11d50a3a" className="Test.Web_Security_Backend_Login_Handler.validate_keyTest, Test.Web_Security_Backend_Login_Handler, Version=1.0.0.0, Culture=neutral, PublicKeyToken=null" name="dirty_keyTest" />
    </UnitTest>
    <UnitTest name="initializeTest_when_given_string_in_pubKey_should_return_fake_data" storage="c:\users\steven\documents\visual studio 2010\projects\web security backend login handler\test.web_security_backend_login_handler\bin\debug\test.web_security_backend_login_handler.dll" id="8b26d94c-54b1-f145-32dd-94c7292f6dc1">
      <Execution id="99b85007-be45-41d2-9481-831bc4ba9966" />
      <TestMethod codeBase="C:/Users/Steven/Documents/Visual Studio 2010/Projects/Web Security Backend Login Handler/Test.Web_Security_Backend_Login_Handler/bin/Debug/Test.Web_Security_Backend_Login_Handler.DLL" adapterTypeName="Microsoft.VisualStudio.TestTools.TestTypes.Unit.UnitTestAdapter, Microsoft.VisualStudio.QualityTools.Tips.UnitTest.Adapter, Version=10.0.0.0, Culture=neutral, PublicKeyToken=b03f5f7f11d50a3a" className="Test.Web_Security_Backend_Login_Handler.AuthenticationControllerTest, Test.Web_Security_Backend_Login_Handler, Version=1.0.0.0, Culture=neutral, PublicKeyToken=null" name="initializeTest_when_given_string_in_pubKey_should_return_fake_data" />
    </UnitTest>
    <UnitTest name="get_sessionTest_should_return_null_when_session_is_not_found" storage="c:\users\steven\documents\visual studio 2010\projects\web security backend login handler\test.web_security_backend_login_handler\bin\debug\test.web_security_backend_login_handler.dll" id="2d732953-32f7-04b9-b633-0438ccd5a389">
      <Execution id="d4c9252a-b232-4833-8435-f0bb92f59092" />
      <TestMethod codeBase="C:/Users/Steven/Documents/Visual Studio 2010/Projects/Web Security Backend Login Handler/Test.Web_Security_Backend_Login_Handler/bin/Debug/Test.Web_Security_Backend_Login_Handler.DLL" adapterTypeName="Microsoft.VisualStudio.TestTools.TestTypes.Unit.UnitTestAdapter, Microsoft.VisualStudio.QualityTools.Tips.UnitTest.Adapter, Version=10.0.0.0, Culture=neutral, PublicKeyToken=b03f5f7f11d50a3a" className="Test.Web_Security_Backend_Login_Handler.EF_Login_Data_RepositoryTest, Test.Web_Security_Backend_Login_Handler, Version=1.0.0.0, Culture=neutral, PublicKeyToken=null" name="get_sessionTest_should_return_null_when_session_is_not_found" />
    </UnitTest>
    <UnitTest name="clean_keyTest_on_original_of_size_6" storage="c:\users\steven\documents\visual studio 2010\projects\web security backend login handler\test.web_security_backend_login_handler\bin\debug\test.web_security_backend_login_handler.dll" id="fbbe8828-06a5-2bef-1a86-cd6776514619">
      <Execution id="f638e1fb-1f8f-4b44-b7a6-26f149d2e025" />
      <TestMethod codeBase="C:/Users/Steven/Documents/Visual Studio 2010/Projects/Web Security Backend Login Handler/Test.Web_Security_Backend_Login_Handler/bin/Debug/Test.Web_Security_Backend_Login_Handler.DLL" adapterTypeName="Microsoft.VisualStudio.TestTools.TestTypes.Unit.UnitTestAdapter, Microsoft.VisualStudio.QualityTools.Tips.UnitTest.Adapter, Version=10.0.0.0, Culture=neutral, PublicKeyToken=b03f5f7f11d50a3a" className="Test.Web_Security_Backend_Login_Handler.validate_keyTest, Test.Web_Security_Backend_Login_Handler, Version=1.0.0.0, Culture=neutral, PublicKeyToken=null" name="clean_keyTest_on_original_of_size_6" />
    </UnitTest>
    <UnitTest name="check_for_unique_pub_keyTest_should_return_True_when_a_different_SERVER_key_exists" storage="c:\users\steven\documents\visual studio 2010\projects\web security backend login handler\test.web_security_backend_login_handler\bin\debug\test.web_security_backend_login_handler.dll" id="a2b354b1-8faa-db23-b9f7-ec425e3e65c4">
      <Execution id="c19b6328-d16f-4487-9341-57624e254e7c" />
      <TestMethod codeBase="C:/Users/Steven/Documents/Visual Studio 2010/Projects/Web Security Backend Login Handler/Test.Web_Security_Backend_Login_Handler/bin/Debug/Test.Web_Security_Backend_Login_Handler.DLL" adapterTypeName="Microsoft.VisualStudio.TestTools.TestTypes.Unit.UnitTestAdapter, Microsoft.VisualStudio.QualityTools.Tips.UnitTest.Adapter, Version=10.0.0.0, Culture=neutral, PublicKeyToken=b03f5f7f11d50a3a" className="Test.Web_Security_Backend_Login_Handler.EF_Login_Data_RepositoryTest, Test.Web_Security_Backend_Login_Handler, Version=1.0.0.0, Culture=neutral, PublicKeyToken=null" name="check_for_unique_pub_keyTest_should_return_True_when_a_different_SERVER_key_exists" />
    </UnitTest>
    <UnitTest name="check_that_initialize_is_not_lockedTest_should_return_true_when_it_is_not_locked" storage="c:\users\steven\documents\visual studio 2010\projects\web security backend login handler\test.web_security_backend_login_handler\bin\debug\test.web_security_backend_login_handler.dll" id="e9c46ba5-c232-bbce-d63c-9ee4c6aa846d">
      <Execution id="4be2037c-8452-4154-9c7e-e7502f60316b" />
      <TestMethod codeBase="C:/Users/Steven/Documents/Visual Studio 2010/Projects/Web Security Backend Login Handler/Test.Web_Security_Backend_Login_Handler/bin/Debug/Test.Web_Security_Backend_Login_Handler.DLL" adapterTypeName="Microsoft.VisualStudio.TestTools.TestTypes.Unit.UnitTestAdapter, Microsoft.VisualStudio.QualityTools.Tips.UnitTest.Adapter, Version=10.0.0.0, Culture=neutral, PublicKeyToken=b03f5f7f11d50a3a" className="Test.Web_Security_Backend_Login_Handler.EF_Login_Data_RepositoryTest, Test.Web_Security_Backend_Login_Handler, Version=1.0.0.0, Culture=neutral, PublicKeyToken=null" name="check_that_initialize_is_not_lockedTest_should_return_true_when_it_is_not_locked" />
    </UnitTest>
    <UnitTest name="authenticateTest_should_gracefully_handle_a_bad_message_after_decryption" storage="c:\users\steven\documents\visual studio 2010\projects\web security backend login handler\test.web_security_backend_login_handler\bin\debug\test.web_security_backend_login_handler.dll" id="b9396433-2322-63fe-79c2-1ea5701ad9ab">
      <Execution id="6d83233b-bd79-424d-b39a-4a7ef59aa51e" />
      <TestMethod codeBase="C:/Users/Steven/Documents/Visual Studio 2010/Projects/Web Security Backend Login Handler/Test.Web_Security_Backend_Login_Handler/bin/Debug/Test.Web_Security_Backend_Login_Handler.DLL" adapterTypeName="Microsoft.VisualStudio.TestTools.TestTypes.Unit.UnitTestAdapter, Microsoft.VisualStudio.QualityTools.Tips.UnitTest.Adapter, Version=10.0.0.0, Culture=neutral, PublicKeyToken=b03f5f7f11d50a3a" className="Test.Web_Security_Backend_Login_Handler.AuthenticationControllerTest, Test.Web_Security_Backend_Login_Handler, Version=1.0.0.0, Culture=neutral, PublicKeyToken=null" name="authenticateTest_should_gracefully_handle_a_bad_message_after_decryption" />
    </UnitTest>
    <UnitTest name="authenticateTest_should_launch_nuke_when_given_proper_login_data" storage="c:\users\steven\documents\visual studio 2010\projects\web security backend login handler\test.web_security_backend_login_handler\bin\debug\test.web_security_backend_login_handler.dll" id="4130b1bb-a456-1806-55a8-3f7e2e63d7a0">
      <Execution id="b7eee4e2-6861-44ca-b99c-41afe8173de5" />
      <TestMethod codeBase="C:/Users/Steven/Documents/Visual Studio 2010/Projects/Web Security Backend Login Handler/Test.Web_Security_Backend_Login_Handler/bin/Debug/Test.Web_Security_Backend_Login_Handler.DLL" adapterTypeName="Microsoft.VisualStudio.TestTools.TestTypes.Unit.UnitTestAdapter, Microsoft.VisualStudio.QualityTools.Tips.UnitTest.Adapter, Version=10.0.0.0, Culture=neutral, PublicKeyToken=b03f5f7f11d50a3a" className="Test.Web_Security_Backend_Login_Handler.AuthenticationControllerTest, Test.Web_Security_Backend_Login_Handler, Version=1.0.0.0, Culture=neutral, PublicKeyToken=null" name="authenticateTest_should_launch_nuke_when_given_proper_login_data" />
    </UnitTest>
    <UnitTest name="initializeTest_when_given_good_key_should_return_real_data" storage="c:\users\steven\documents\visual studio 2010\projects\web security backend login handler\test.web_security_backend_login_handler\bin\debug\test.web_security_backend_login_handler.dll" id="a9bb2a96-fdf6-f082-afa7-d86f78b1f65e">
      <Execution id="23cf8613-ffa5-44c4-be7a-c1b4e7a73441" />
      <TestMethod codeBase="C:/Users/Steven/Documents/Visual Studio 2010/Projects/Web Security Backend Login Handler/Test.Web_Security_Backend_Login_Handler/bin/Debug/Test.Web_Security_Backend_Login_Handler.DLL" adapterTypeName="Microsoft.VisualStudio.TestTools.TestTypes.Unit.UnitTestAdapter, Microsoft.VisualStudio.QualityTools.Tips.UnitTest.Adapter, Version=10.0.0.0, Culture=neutral, PublicKeyToken=b03f5f7f11d50a3a" className="Test.Web_Security_Backend_Login_Handler.AuthenticationControllerTest, Test.Web_Security_Backend_Login_Handler, Version=1.0.0.0, Culture=neutral, PublicKeyToken=null" name="initializeTest_when_given_good_key_should_return_real_data" />
    </UnitTest>
    <UnitTest name="validateloginTest_should_return_false_when_SessionHolder_contains_same_key_but_different_value" storage="c:\users\steven\documents\visual studio 2010\projects\web security backend login handler\test.web_security_backend_login_handler\bin\debug\test.web_security_backend_login_handler.dll" id="c0f680fd-63b7-0fd0-2fe9-268095203a3f">
      <Execution id="5aac8909-c5e0-44d3-a5e9-a4531e93dade" />
      <TestMethod codeBase="C:/Users/Steven/Documents/Visual Studio 2010/Projects/Web Security Backend Login Handler/Test.Web_Security_Backend_Login_Handler/bin/Debug/Test.Web_Security_Backend_Login_Handler.DLL" adapterTypeName="Microsoft.VisualStudio.TestTools.TestTypes.Unit.UnitTestAdapter, Microsoft.VisualStudio.QualityTools.Tips.UnitTest.Adapter, Version=10.0.0.0, Culture=neutral, PublicKeyToken=b03f5f7f11d50a3a" className="Test.Web_Security_Backend_Login_Handler.Session_HolderTest, Test.Web_Security_Backend_Login_Handler, Version=1.0.0.0, Culture=neutral, PublicKeyToken=null" name="validateloginTest_should_return_false_when_SessionHolder_contains_same_key_but_different_value" />
    </UnitTest>
    <UnitTest name="get_sessionTest" storage="c:\users\steven\documents\visual studio 2010\projects\web security backend login handler\test.web_security_backend_login_handler\bin\debug\test.web_security_backend_login_handler.dll" id="2fcca4c6-5024-5037-e412-25e2db3d580b">
      <Execution id="5deadf10-547c-41ae-a1c1-aead966a0feb" />
      <TestMethod codeBase="C:/Users/Steven/Documents/Visual Studio 2010/Projects/Web Security Backend Login Handler/Test.Web_Security_Backend_Login_Handler/bin/Debug/Test.Web_Security_Backend_Login_Handler.DLL" adapterTypeName="Microsoft.VisualStudio.TestTools.TestTypes.Unit.UnitTestAdapter, Microsoft.VisualStudio.QualityTools.Tips.UnitTest.Adapter, Version=10.0.0.0, Culture=neutral, PublicKeyToken=b03f5f7f11d50a3a" className="Test.Web_Security_Backend_Login_Handler.EF_Login_Data_RepositoryTest, Test.Web_Security_Backend_Login_Handler, Version=1.0.0.0, Culture=neutral, PublicKeyToken=null" name="get_sessionTest" />
    </UnitTest>
    <UnitTest name="is_ip_lockedTest_users_should_not_lock_out_after_three_attempts_when_time_between_attempts_is_greater_then_needed" storage="c:\users\steven\documents\visual studio 2010\projects\web security backend login handler\test.web_security_backend_login_handler\bin\debug\test.web_security_backend_login_handler.dll" id="54c985bb-e719-f23b-e3d5-9f6d52ae4c84">
      <Execution id="151c2cb3-3374-4c8f-854b-752eeeb4cfc2" />
      <TestMethod codeBase="C:/Users/Steven/Documents/Visual Studio 2010/Projects/Web Security Backend Login Handler/Test.Web_Security_Backend_Login_Handler/bin/Debug/Test.Web_Security_Backend_Login_Handler.DLL" adapterTypeName="Microsoft.VisualStudio.TestTools.TestTypes.Unit.UnitTestAdapter, Microsoft.VisualStudio.QualityTools.Tips.UnitTest.Adapter, Version=10.0.0.0, Culture=neutral, PublicKeyToken=b03f5f7f11d50a3a" className="Test.Web_Security_Backend_Login_Handler.Service_ManagerTest, Test.Web_Security_Backend_Login_Handler, Version=1.0.0.0, Culture=neutral, PublicKeyToken=null" name="is_ip_lockedTest_users_should_not_lock_out_after_three_attempts_when_time_between_attempts_is_greater_then_needed" />
    </UnitTest>
    <UnitTest name="data_generatorConstructorTest_smoke_test" storage="c:\users\steven\documents\visual studio 2010\projects\web security backend login handler\test.web_security_backend_login_handler\bin\debug\test.web_security_backend_login_handler.dll" id="b62a9187-3937-c8f3-096b-7fc2a2c41b42">
      <Execution id="e93f7e31-adef-4b42-99c7-af0b8abf041a" />
      <TestMethod codeBase="C:/Users/Steven/Documents/Visual Studio 2010/Projects/Web Security Backend Login Handler/Test.Web_Security_Backend_Login_Handler/bin/Debug/Test.Web_Security_Backend_Login_Handler.DLL" adapterTypeName="Microsoft.VisualStudio.TestTools.TestTypes.Unit.UnitTestAdapter, Microsoft.VisualStudio.QualityTools.Tips.UnitTest.Adapter, Version=10.0.0.0, Culture=neutral, PublicKeyToken=b03f5f7f11d50a3a" className="Test.Web_Security_Backend_Login_Handler.data_generatorTest, Test.Web_Security_Backend_Login_Handler, Version=1.0.0.0, Culture=neutral, PublicKeyToken=null" name="data_generatorConstructorTest_smoke_test" />
    </UnitTest>
    <UnitTest name="check_for_unique_session_idTest_should_return_false_when_id_is_found_in_db" storage="c:\users\steven\documents\visual studio 2010\projects\web security backend login handler\test.web_security_backend_login_handler\bin\debug\test.web_security_backend_login_handler.dll" id="7b1471ee-1c15-02d5-289f-ba94c57c4ed4">
      <Execution id="1ad902df-a74d-410c-a3ff-918ae1c5066a" />
      <TestMethod codeBase="C:/Users/Steven/Documents/Visual Studio 2010/Projects/Web Security Backend Login Handler/Test.Web_Security_Backend_Login_Handler/bin/Debug/Test.Web_Security_Backend_Login_Handler.DLL" adapterTypeName="Microsoft.VisualStudio.TestTools.TestTypes.Unit.UnitTestAdapter, Microsoft.VisualStudio.QualityTools.Tips.UnitTest.Adapter, Version=10.0.0.0, Culture=neutral, PublicKeyToken=b03f5f7f11d50a3a" className="Test.Web_Security_Backend_Login_Handler.EF_Login_Data_RepositoryTest, Test.Web_Security_Backend_Login_Handler, Version=1.0.0.0, Culture=neutral, PublicKeyToken=null" name="check_for_unique_session_idTest_should_return_false_when_id_is_found_in_db" />
    </UnitTest>
  </TestDefinitions>
  <TestLists>
    <TestList name="Results Not in a List" id="8c84fa94-04c1-424b-9868-57a2d4851a1d" />
    <TestList name="All Loaded Results" id="19431567-8539-422a-85d7-44ee4e166bda" />
  </TestLists>
  <TestEntries>
    <TestEntry testId="079bf086-b93c-c2c9-1f00-42b7634ec2f2" executionId="4b63a446-b2f0-4098-b4b7-6ca486dbb989" testListId="8c84fa94-04c1-424b-9868-57a2d4851a1d" />
    <TestEntry testId="0841dfaf-52bb-7dfb-7275-49a894f07712" executionId="401805db-eb20-40f6-85cb-4b7bad253ed9" testListId="8c84fa94-04c1-424b-9868-57a2d4851a1d" />
    <TestEntry testId="1833cbff-95da-a3fb-d60c-fa839f624738" executionId="399d409a-ca52-41fe-9b5d-4daa46272302" testListId="8c84fa94-04c1-424b-9868-57a2d4851a1d" />
    <TestEntry testId="22c85f12-a1ad-519d-548e-0be7657b5c5d" executionId="1ef65a64-f19b-48c8-8b49-5b4adcece305" testListId="8c84fa94-04c1-424b-9868-57a2d4851a1d" />
    <TestEntry testId="2772b7c6-aea8-ca9f-63ce-5faa048dec51" executionId="27774dc6-ee99-4568-8196-a4e8d1c899b9" testListId="8c84fa94-04c1-424b-9868-57a2d4851a1d" />
    <TestEntry testId="29405316-9966-0a8b-31c9-bcb4897049f4" executionId="56224303-b812-4f2c-b176-04c02ac8006e" testListId="8c84fa94-04c1-424b-9868-57a2d4851a1d" />
    <TestEntry testId="2aac691f-68fa-51c4-f6b6-04c304918a9a" executionId="beb62552-df0c-46d4-9a1e-db821dce39cf" testListId="8c84fa94-04c1-424b-9868-57a2d4851a1d" />
    <TestEntry testId="2d732953-32f7-04b9-b633-0438ccd5a389" executionId="d4c9252a-b232-4833-8435-f0bb92f59092" testListId="8c84fa94-04c1-424b-9868-57a2d4851a1d" />
    <TestEntry testId="2f6d8dc3-e175-6550-f600-a0a25a455edb" executionId="fcecea77-276e-4089-8d77-11ac063e6288" testListId="8c84fa94-04c1-424b-9868-57a2d4851a1d" />
    <TestEntry testId="2fcca4c6-5024-5037-e412-25e2db3d580b" executionId="5deadf10-547c-41ae-a1c1-aead966a0feb" testListId="8c84fa94-04c1-424b-9868-57a2d4851a1d" />
    <TestEntry testId="368bdd97-67d3-cf24-9eb4-e8a0266a0986" executionId="03e237b1-d883-4389-a18c-1320bda4522d" testListId="8c84fa94-04c1-424b-9868-57a2d4851a1d" />
    <TestEntry testId="3a663574-3180-85f1-cdde-1030a0ef32ad" executionId="0ce130d5-8f8f-4015-be6f-bf64025d507b" testListId="8c84fa94-04c1-424b-9868-57a2d4851a1d" />
    <TestEntry testId="3ca1841b-33ff-64be-37dc-bb3397b6b3f8" executionId="dae5f283-481c-4cfb-ac1e-3c02085490a9" testListId="8c84fa94-04c1-424b-9868-57a2d4851a1d" />
    <TestEntry testId="4130b1bb-a456-1806-55a8-3f7e2e63d7a0" executionId="b7eee4e2-6861-44ca-b99c-41afe8173de5" testListId="8c84fa94-04c1-424b-9868-57a2d4851a1d" />
    <TestEntry testId="451ca797-209b-dee9-6367-89f6f7d14060" executionId="de16a0cf-9cc2-4f3a-971a-2ae040783ed0" testListId="8c84fa94-04c1-424b-9868-57a2d4851a1d" />
    <TestEntry testId="456fe2e4-effc-7286-1bfa-b6cee2caa7e3" executionId="08a1451a-b457-4903-9fee-a5ee9e3dc2f2" testListId="8c84fa94-04c1-424b-9868-57a2d4851a1d" />
    <TestEntry testId="4897a04b-2374-7309-30e3-a76570127718" executionId="f4a41fe9-f241-4747-9fac-70d42fd75eff" testListId="8c84fa94-04c1-424b-9868-57a2d4851a1d" />
    <TestEntry testId="49ac4308-2507-de1d-6da1-ee6cc36e8c86" executionId="80ee924c-50b8-4fe9-b491-50c5ff74f49c" testListId="8c84fa94-04c1-424b-9868-57a2d4851a1d" />
    <TestEntry testId="4db1e1e3-7d8c-da35-b557-8700fecb4cae" executionId="a64d559b-0278-4b00-8af4-46124ae8414f" testListId="8c84fa94-04c1-424b-9868-57a2d4851a1d" />
    <TestEntry testId="54c985bb-e719-f23b-e3d5-9f6d52ae4c84" executionId="151c2cb3-3374-4c8f-854b-752eeeb4cfc2" testListId="8c84fa94-04c1-424b-9868-57a2d4851a1d" />
    <TestEntry testId="5a62df0c-700f-04be-be4d-bfeee5483f10" executionId="aad93089-d2f9-4f68-87ea-e23a54e534e9" testListId="8c84fa94-04c1-424b-9868-57a2d4851a1d" />
    <TestEntry testId="67edcd63-6396-56e4-d814-19352322cb50" executionId="fe22daa3-ec54-4f47-8836-735793a6accf" testListId="8c84fa94-04c1-424b-9868-57a2d4851a1d" />
    <TestEntry testId="7b1471ee-1c15-02d5-289f-ba94c57c4ed4" executionId="1ad902df-a74d-410c-a3ff-918ae1c5066a" testListId="8c84fa94-04c1-424b-9868-57a2d4851a1d" />
    <TestEntry testId="7d16d515-8857-ef40-7b11-d26c075d3e87" executionId="6e3e7c3c-dd9a-40a0-9435-ec273dcdda82" testListId="8c84fa94-04c1-424b-9868-57a2d4851a1d" />
    <TestEntry testId="7ec82646-bfa5-fc5d-43af-a673eb439cf8" executionId="ca5a776d-a505-4997-a576-688de72a69f8" testListId="8c84fa94-04c1-424b-9868-57a2d4851a1d" />
    <TestEntry testId="8b26d94c-54b1-f145-32dd-94c7292f6dc1" executionId="99b85007-be45-41d2-9481-831bc4ba9966" testListId="8c84fa94-04c1-424b-9868-57a2d4851a1d" />
    <TestEntry testId="8e37c1b8-7197-4065-2cda-557d5aa868fc" executionId="7c263bc2-90c3-4380-bd1d-893c4a0f6a46" testListId="8c84fa94-04c1-424b-9868-57a2d4851a1d" />
    <TestEntry testId="972b6f7c-0580-faff-8ab3-18e7fe4dd471" executionId="38b66405-a886-4360-ab44-0e27a752cc74" testListId="8c84fa94-04c1-424b-9868-57a2d4851a1d" />
    <TestEntry testId="9979932b-cf13-fa30-2fc9-ff4981bbae56" executionId="4bc32eac-c1fd-4db4-a355-fa6908dfa7cb" testListId="8c84fa94-04c1-424b-9868-57a2d4851a1d" />
    <TestEntry testId="9a17c7d1-5b24-127e-8a9a-1e236c20a42e" executionId="df7987d7-8247-4944-ba91-584e25d5ddbf" testListId="8c84fa94-04c1-424b-9868-57a2d4851a1d" />
    <TestEntry testId="9f02821a-fcc4-04ab-16ff-bb8c74969c39" executionId="5d6c87d5-38d9-43fc-8748-cf7ffdb1510f" testListId="8c84fa94-04c1-424b-9868-57a2d4851a1d" />
    <TestEntry testId="a06c8703-aad3-9716-909a-c0a258c09d3f" executionId="5c56eaf9-a424-4bde-8c10-61133d39c441" testListId="8c84fa94-04c1-424b-9868-57a2d4851a1d" />
    <TestEntry testId="a2b354b1-8faa-db23-b9f7-ec425e3e65c4" executionId="c19b6328-d16f-4487-9341-57624e254e7c" testListId="8c84fa94-04c1-424b-9868-57a2d4851a1d" />
    <TestEntry testId="a9bb2a96-fdf6-f082-afa7-d86f78b1f65e" executionId="23cf8613-ffa5-44c4-be7a-c1b4e7a73441" testListId="8c84fa94-04c1-424b-9868-57a2d4851a1d" />
    <TestEntry testId="b62a9187-3937-c8f3-096b-7fc2a2c41b42" executionId="e93f7e31-adef-4b42-99c7-af0b8abf041a" testListId="8c84fa94-04c1-424b-9868-57a2d4851a1d" />
    <TestEntry testId="b8b91aae-b377-e572-aa09-5986400c100d" executionId="cd1101ba-4774-4622-960e-39ee75f241d2" testListId="8c84fa94-04c1-424b-9868-57a2d4851a1d" />
    <TestEntry testId="b9396433-2322-63fe-79c2-1ea5701ad9ab" executionId="6d83233b-bd79-424d-b39a-4a7ef59aa51e" testListId="8c84fa94-04c1-424b-9868-57a2d4851a1d" />
    <TestEntry testId="c0f680fd-63b7-0fd0-2fe9-268095203a3f" executionId="5aac8909-c5e0-44d3-a5e9-a4531e93dade" testListId="8c84fa94-04c1-424b-9868-57a2d4851a1d" />
    <TestEntry testId="c25c7c45-fb93-cba1-9819-ebb7722350c0" executionId="a6aa5f8c-62a3-47ba-91a0-5fde0144d312" testListId="8c84fa94-04c1-424b-9868-57a2d4851a1d" />
    <TestEntry testId="c661e960-557d-6758-3466-a0b7ec8ac25b" executionId="be24c607-3511-4afb-8683-5a592894f129" testListId="8c84fa94-04c1-424b-9868-57a2d4851a1d" />
    <TestEntry testId="c6fdb9bc-0e83-4bbf-fff2-a9c35967cc4a" executionId="f78c36c7-529b-4c51-a6c7-1e992a1a0776" testListId="8c84fa94-04c1-424b-9868-57a2d4851a1d" />
    <TestEntry testId="ddd024be-5c7b-d757-e53e-80df9d3f62ee" executionId="c47885a8-eab9-4d6a-a02e-5cc1090d9852" testListId="8c84fa94-04c1-424b-9868-57a2d4851a1d" />
    <TestEntry testId="e9c46ba5-c232-bbce-d63c-9ee4c6aa846d" executionId="4be2037c-8452-4154-9c7e-e7502f60316b" testListId="8c84fa94-04c1-424b-9868-57a2d4851a1d" />
    <TestEntry testId="fbbe8828-06a5-2bef-1a86-cd6776514619" executionId="f638e1fb-1f8f-4b44-b7a6-26f149d2e025" testListId="8c84fa94-04c1-424b-9868-57a2d4851a1d" />
    <TestEntry testId="fec82914-8d2b-ce0e-0f68-141c8e76da6f" executionId="8caa0cae-3994-47f9-9eab-a5ad86da018d" testListId="8c84fa94-04c1-424b-9868-57a2d4851a1d" />
  </TestEntries>
  <Results>
    <UnitTestResult executionId="4b63a446-b2f0-4098-b4b7-6ca486dbb989" testId="079bf086-b93c-c2c9-1f00-42b7634ec2f2" testName="store_failed_initialize_attemptTest" computerName="2TAFFY" duration="00:00:03.3289428" startTime="2012-04-26T03:01:39.6591797-04:00" endTime="2012-04-26T03:01:43.4248047-04:00" testType="13cdc9d9-ddb5-4fa4-a97d-d965ccfc6d4b" outcome="Passed" testListId="8c84fa94-04c1-424b-9868-57a2d4851a1d" relativeResultsDirectory="4b63a446-b2f0-4098-b4b7-6ca486dbb989">
    </UnitTestResult>
    <UnitTestResult executionId="401805db-eb20-40f6-85cb-4b7bad253ed9" testId="0841dfaf-52bb-7dfb-7275-49a894f07712" testName="validateloginTest_should_return_true_when_login_attempt_from_different_hash_objects" computerName="2TAFFY" duration="00:00:00.0078524" startTime="2012-04-26T03:01:43.4248047-04:00" endTime="2012-04-26T03:01:43.4560547-04:00" testType="13cdc9d9-ddb5-4fa4-a97d-d965ccfc6d4b" outcome="Passed" testListId="8c84fa94-04c1-424b-9868-57a2d4851a1d" relativeResultsDirectory="401805db-eb20-40f6-85cb-4b7bad253ed9">
    </UnitTestResult>
    <UnitTestResult executionId="399d409a-ca52-41fe-9b5d-4daa46272302" testId="1833cbff-95da-a3fb-d60c-fa839f624738" testName="Gridbox_dataConstructorTest" computerName="2TAFFY" duration="00:00:00.0061066" startTime="2012-04-26T03:01:43.4716797-04:00" endTime="2012-04-26T03:01:43.4873047-04:00" testType="13cdc9d9-ddb5-4fa4-a97d-d965ccfc6d4b" outcome="Passed" testListId="8c84fa94-04c1-424b-9868-57a2d4851a1d" relativeResultsDirectory="399d409a-ca52-41fe-9b5d-4daa46272302">
    </UnitTestResult>
    <UnitTestResult executionId="1ef65a64-f19b-48c8-8b49-5b4adcece305" testId="22c85f12-a1ad-519d-548e-0be7657b5c5d" testName="check_for_unique_pub_keyTest_should_return_false_when_the_same_REMOTE_key_exists" computerName="2TAFFY" duration="00:00:01.4329902" startTime="2012-04-26T03:01:43.4873047-04:00" endTime="2012-04-26T03:01:44.9404297-04:00" testType="13cdc9d9-ddb5-4fa4-a97d-d965ccfc6d4b" outcome="Passed" testListId="8c84fa94-04c1-424b-9868-57a2d4851a1d" relativeResultsDirectory="1ef65a64-f19b-48c8-8b49-5b4adcece305">
    </UnitTestResult>
    <UnitTestResult executionId="27774dc6-ee99-4568-8196-a4e8d1c899b9" testId="2772b7c6-aea8-ca9f-63ce-5faa048dec51" testName="check_for_unique_pub_keyTest_should_return_True_when_a_different_REMOTE_key_exists" computerName="2TAFFY" duration="00:00:01.2009630" startTime="2012-04-26T03:01:44.9404297-04:00" endTime="2012-04-26T03:01:46.1591797-04:00" testType="13cdc9d9-ddb5-4fa4-a97d-d965ccfc6d4b" outcome="Passed" testListId="8c84fa94-04c1-424b-9868-57a2d4851a1d" relativeResultsDirectory="27774dc6-ee99-4568-8196-a4e8d1c899b9">
    </UnitTestResult>
    <UnitTestResult executionId="56224303-b812-4f2c-b176-04c02ac8006e" testId="29405316-9966-0a8b-31c9-bcb4897049f4" testName="authenticateTest_should_expire_session_during_login_attempt" computerName="2TAFFY" duration="00:00:02.7514797" startTime="2012-04-26T03:01:46.1591797-04:00" endTime="2012-04-26T03:01:48.9248047-04:00" testType="13cdc9d9-ddb5-4fa4-a97d-d965ccfc6d4b" outcome="Passed" testListId="8c84fa94-04c1-424b-9868-57a2d4851a1d" relativeResultsDirectory="56224303-b812-4f2c-b176-04c02ac8006e">
    </UnitTestResult>
    <UnitTestResult executionId="beb62552-df0c-46d4-9a1e-db821dce39cf" testId="2aac691f-68fa-51c4-f6b6-04c304918a9a" testName="authenticateTest_should_fail_login_when_given_bad_session_id" computerName="2TAFFY" duration="00:00:00.0346210" startTime="2012-04-26T03:01:48.9404297-04:00" endTime="2012-04-26T03:01:48.9873047-04:00" testType="13cdc9d9-ddb5-4fa4-a97d-d965ccfc6d4b" outcome="Passed" testListId="8c84fa94-04c1-424b-9868-57a2d4851a1d" relativeResultsDirectory="beb62552-df0c-46d4-9a1e-db821dce39cf">
    </UnitTestResult>
    <UnitTestResult executionId="d4c9252a-b232-4833-8435-f0bb92f59092" testId="2d732953-32f7-04b9-b633-0438ccd5a389" testName="get_sessionTest_should_return_null_when_session_is_not_found" computerName="2TAFFY" duration="00:00:01.0659070" startTime="2012-04-26T03:01:48.9873047-04:00" endTime="2012-04-26T03:01:50.0654297-04:00" testType="13cdc9d9-ddb5-4fa4-a97d-d965ccfc6d4b" outcome="Passed" testListId="8c84fa94-04c1-424b-9868-57a2d4851a1d" relativeResultsDirectory="d4c9252a-b232-4833-8435-f0bb92f59092">
    </UnitTestResult>
    <UnitTestResult executionId="fcecea77-276e-4089-8d77-11ac063e6288" testId="2f6d8dc3-e175-6550-f600-a0a25a455edb" testName="record_failed_attemptTest_should_update_ip_record_when_ip_is_found" computerName="2TAFFY" duration="00:00:00.0044497" startTime="2012-04-26T03:01:50.0654297-04:00" endTime="2012-04-26T03:01:50.0966797-04:00" testType="13cdc9d9-ddb5-4fa4-a97d-d965ccfc6d4b" outcome="Passed" testListId="8c84fa94-04c1-424b-9868-57a2d4851a1d" relativeResultsDirectory="fcecea77-276e-4089-8d77-11ac063e6288">
    </UnitTestResult>
    <UnitTestResult executionId="5deadf10-547c-41ae-a1c1-aead966a0feb" testId="2fcca4c6-5024-5037-e412-25e2db3d580b" testName="get_sessionTest" computerName="2TAFFY" duration="00:00:01.1457538" startTime="2012-04-26T03:01:50.0966797-04:00" endTime="2012-04-26T03:01:51.2656250-04:00" testType="13cdc9d9-ddb5-4fa4-a97d-d965ccfc6d4b" outcome="Passed" testListId="8c84fa94-04c1-424b-9868-57a2d4851a1d" relativeResultsDirectory="5deadf10-547c-41ae-a1c1-aead966a0feb">
    </UnitTestResult>
    <UnitTestResult executionId="03e237b1-d883-4389-a18c-1320bda4522d" testId="368bdd97-67d3-cf24-9eb4-e8a0266a0986" testName="store_sessionTest_should_allow_multiple_sessions_to_be_stored" computerName="2TAFFY" duration="00:00:01.4878843" startTime="2012-04-26T03:01:51.2753906-04:00" endTime="2012-04-26T03:01:52.7988281-04:00" testType="13cdc9d9-ddb5-4fa4-a97d-d965ccfc6d4b" outcome="Passed" testListId="8c84fa94-04c1-424b-9868-57a2d4851a1d" relativeResultsDirectory="03e237b1-d883-4389-a18c-1320bda4522d">
    </UnitTestResult>
    <UnitTestResult executionId="0ce130d5-8f8f-4015-be6f-bf64025d507b" testId="3a663574-3180-85f1-cdde-1030a0ef32ad" testName="validateloginTest_should_return_false_when_login_attempt_is_empty" computerName="2TAFFY" duration="00:00:00.0006876" startTime="2012-04-26T03:01:52.8105468-04:00" endTime="2012-04-26T03:01:52.8203125-04:00" testType="13cdc9d9-ddb5-4fa4-a97d-d965ccfc6d4b" outcome="Passed" testListId="8c84fa94-04c1-424b-9868-57a2d4851a1d" relativeResultsDirectory="0ce130d5-8f8f-4015-be6f-bf64025d507b">
    </UnitTestResult>
    <UnitTestResult executionId="dae5f283-481c-4cfb-ac1e-3c02085490a9" testId="3ca1841b-33ff-64be-37dc-bb3397b6b3f8" testName="check_for_unique_pub_keyTest_should_return_true_when_key_does_not_exist_in_db" computerName="2TAFFY" duration="00:00:01.1297463" startTime="2012-04-26T03:01:52.8310547-04:00" endTime="2012-04-26T03:01:53.9785156-04:00" testType="13cdc9d9-ddb5-4fa4-a97d-d965ccfc6d4b" outcome="Passed" testListId="8c84fa94-04c1-424b-9868-57a2d4851a1d" relativeResultsDirectory="dae5f283-481c-4cfb-ac1e-3c02085490a9">
    </UnitTestResult>
    <UnitTestResult executionId="b7eee4e2-6861-44ca-b99c-41afe8173de5" testId="4130b1bb-a456-1806-55a8-3f7e2e63d7a0" testName="authenticateTest_should_launch_nuke_when_given_proper_login_data" computerName="2TAFFY" duration="00:00:02.2134772" startTime="2012-04-26T03:01:53.9941406-04:00" endTime="2012-04-26T03:01:56.2128906-04:00" testType="13cdc9d9-ddb5-4fa4-a97d-d965ccfc6d4b" outcome="Passed" testListId="8c84fa94-04c1-424b-9868-57a2d4851a1d" relativeResultsDirectory="b7eee4e2-6861-44ca-b99c-41afe8173de5">
    </UnitTestResult>
    <UnitTestResult executionId="de16a0cf-9cc2-4f3a-971a-2ae040783ed0" testId="451ca797-209b-dee9-6367-89f6f7d14060" testName="is_ip_lockedTest_users_should_unlocklock_out_after_four_attempts_if_unlock_period_has_been_exceeded" computerName="2TAFFY" duration="00:00:00.0021764" startTime="2012-04-26T03:01:56.2285156-04:00" endTime="2012-04-26T03:01:56.2285156-04:00" testType="13cdc9d9-ddb5-4fa4-a97d-d965ccfc6d4b" outcome="Passed" testListId="8c84fa94-04c1-424b-9868-57a2d4851a1d" relativeResultsDirectory="de16a0cf-9cc2-4f3a-971a-2ae040783ed0">
    </UnitTestResult>
    <UnitTestResult executionId="08a1451a-b457-4903-9fee-a5ee9e3dc2f2" testId="456fe2e4-effc-7286-1bfa-b6cee2caa7e3" testName="authenticateTest_should_fail_login_when_given_incorrect_login_data" computerName="2TAFFY" duration="00:00:05.7811425" startTime="2012-04-26T03:01:56.2441406-04:00" endTime="2012-04-26T03:02:02.0449218-04:00" testType="13cdc9d9-ddb5-4fa4-a97d-d965ccfc6d4b" outcome="Passed" testListId="8c84fa94-04c1-424b-9868-57a2d4851a1d" relativeResultsDirectory="08a1451a-b457-4903-9fee-a5ee9e3dc2f2">
    </UnitTestResult>
    <UnitTestResult executionId="f4a41fe9-f241-4747-9fac-70d42fd75eff" testId="4897a04b-2374-7309-30e3-a76570127718" testName="validateloginTest_should_return_false_when_SessionHolder_does_not_contain_same_values" computerName="2TAFFY" duration="00:00:00.0006909" startTime="2012-04-26T03:02:02.0761718-04:00" endTime="2012-04-26T03:02:02.0917968-04:00" testType="13cdc9d9-ddb5-4fa4-a97d-d965ccfc6d4b" outcome="Passed" testListId="8c84fa94-04c1-424b-9868-57a2d4851a1d" relativeResultsDirectory="f4a41fe9-f241-4747-9fac-70d42fd75eff">
    </UnitTestResult>
    <UnitTestResult executionId="80ee924c-50b8-4fe9-b491-50c5ff74f49c" testId="49ac4308-2507-de1d-6da1-ee6cc36e8c86" testName="store_sessionTest" computerName="2TAFFY" duration="00:00:01.8852905" startTime="2012-04-26T03:02:02.0917968-04:00" endTime="2012-04-26T03:02:04.0126953-04:00" testType="13cdc9d9-ddb5-4fa4-a97d-d965ccfc6d4b" outcome="Passed" testListId="8c84fa94-04c1-424b-9868-57a2d4851a1d" relativeResultsDirectory="80ee924c-50b8-4fe9-b491-50c5ff74f49c">
    </UnitTestResult>
    <UnitTestResult executionId="a64d559b-0278-4b00-8af4-46124ae8414f" testId="4db1e1e3-7d8c-da35-b557-8700fecb4cae" testName="validateloginTest_should_return_true_when_SessionHolder_contains_alls_same_element_dispite_extra_passed_in_elements" computerName="2TAFFY" duration="00:00:00.0007955" startTime="2012-04-26T03:02:04.0126953-04:00" endTime="2012-04-26T03:02:04.0283203-04:00" testType="13cdc9d9-ddb5-4fa4-a97d-d965ccfc6d4b" outcome="Passed" testListId="8c84fa94-04c1-424b-9868-57a2d4851a1d" relativeResultsDirectory="a64d559b-0278-4b00-8af4-46124ae8414f">
    </UnitTestResult>
    <UnitTestResult executionId="151c2cb3-3374-4c8f-854b-752eeeb4cfc2" testId="54c985bb-e719-f23b-e3d5-9f6d52ae4c84" testName="is_ip_lockedTest_users_should_not_lock_out_after_three_attempts_when_time_between_attempts_is_greater_then_needed" computerName="2TAFFY" duration="00:00:00.0039006" startTime="2012-04-26T03:02:04.0283203-04:00" endTime="2012-04-26T03:02:04.0595703-04:00" testType="13cdc9d9-ddb5-4fa4-a97d-d965ccfc6d4b" outcome="Passed" testListId="8c84fa94-04c1-424b-9868-57a2d4851a1d" relativeResultsDirectory="151c2cb3-3374-4c8f-854b-752eeeb4cfc2">
    </UnitTestResult>
    <UnitTestResult executionId="aad93089-d2f9-4f68-87ea-e23a54e534e9" testId="5a62df0c-700f-04be-be4d-bfeee5483f10" testName="check_for_unique_data_stringTest_should_return_false_when_string_is_found_in_db" computerName="2TAFFY" duration="00:00:01.2837200" startTime="2012-04-26T03:02:04.0751953-04:00" endTime="2012-04-26T03:02:05.3808593-04:00" testType="13cdc9d9-ddb5-4fa4-a97d-d965ccfc6d4b" outcome="Passed" testListId="8c84fa94-04c1-424b-9868-57a2d4851a1d" relativeResultsDirectory="aad93089-d2f9-4f68-87ea-e23a54e534e9">
    </UnitTestResult>
    <UnitTestResult executionId="fe22daa3-ec54-4f47-8836-735793a6accf" testId="67edcd63-6396-56e4-d814-19352322cb50" testName="Service_Manager_object_should_still_hold_attempts_when_deserialized" computerName="2TAFFY" duration="00:00:00.0110605" startTime="2012-04-26T03:02:05.3896484-04:00" endTime="2012-04-26T03:02:05.4101562-04:00" testType="13cdc9d9-ddb5-4fa4-a97d-d965ccfc6d4b" outcome="Passed" testListId="8c84fa94-04c1-424b-9868-57a2d4851a1d" relativeResultsDirectory="fe22daa3-ec54-4f47-8836-735793a6accf">
    </UnitTestResult>
    <UnitTestResult executionId="1ad902df-a74d-410c-a3ff-918ae1c5066a" testId="7b1471ee-1c15-02d5-289f-ba94c57c4ed4" testName="check_for_unique_session_idTest_should_return_false_when_id_is_found_in_db" computerName="2TAFFY" duration="00:00:01.1988933" startTime="2012-04-26T03:02:05.4150390-04:00" endTime="2012-04-26T03:02:06.6337890-04:00" testType="13cdc9d9-ddb5-4fa4-a97d-d965ccfc6d4b" outcome="Passed" testListId="8c84fa94-04c1-424b-9868-57a2d4851a1d" relativeResultsDirectory="1ad902df-a74d-410c-a3ff-918ae1c5066a">
    </UnitTestResult>
    <UnitTestResult executionId="6e3e7c3c-dd9a-40a0-9435-ec273dcdda82" testId="7d16d515-8857-ef40-7b11-d26c075d3e87" testName="is_ip_lockedTest_users_should_not_lock_out_an_unknown_ip" computerName="2TAFFY" duration="00:00:00.0006390" startTime="2012-04-26T03:02:06.6337890-04:00" endTime="2012-04-26T03:02:06.6494140-04:00" testType="13cdc9d9-ddb5-4fa4-a97d-d965ccfc6d4b" outcome="Passed" testListId="8c84fa94-04c1-424b-9868-57a2d4851a1d" relativeResultsDirectory="6e3e7c3c-dd9a-40a0-9435-ec273dcdda82">
    </UnitTestResult>
    <UnitTestResult executionId="ca5a776d-a505-4997-a576-688de72a69f8" testId="7ec82646-bfa5-fc5d-43af-a673eb439cf8" testName="validateloginTest_should_return_false_when_SessionHolder_contains_no_values" computerName="2TAFFY" duration="00:00:00.0005619" startTime="2012-04-26T03:02:06.6494140-04:00" endTime="2012-04-26T03:02:06.6650390-04:00" testType="13cdc9d9-ddb5-4fa4-a97d-d965ccfc6d4b" outcome="Passed" testListId="8c84fa94-04c1-424b-9868-57a2d4851a1d" relativeResultsDirectory="ca5a776d-a505-4997-a576-688de72a69f8">
    </UnitTestResult>
    <UnitTestResult executionId="99b85007-be45-41d2-9481-831bc4ba9966" testId="8b26d94c-54b1-f145-32dd-94c7292f6dc1" testName="initializeTest_when_given_string_in_pubKey_should_return_fake_data" computerName="2TAFFY" duration="00:00:00.0195582" startTime="2012-04-26T03:02:06.7119140-04:00" endTime="2012-04-26T03:02:06.7275390-04:00" testType="13cdc9d9-ddb5-4fa4-a97d-d965ccfc6d4b" outcome="Passed" testListId="8c84fa94-04c1-424b-9868-57a2d4851a1d" relativeResultsDirectory="99b85007-be45-41d2-9481-831bc4ba9966">
    </UnitTestResult>
    <UnitTestResult executionId="7c263bc2-90c3-4380-bd1d-893c4a0f6a46" testId="8e37c1b8-7197-4065-2cda-557d5aa868fc" testName="dirty_keyTest_on_original_of_size_6" computerName="2TAFFY" duration="00:00:00.0007608" startTime="2012-04-26T03:02:06.7431640-04:00" endTime="2012-04-26T03:02:06.7587890-04:00" testType="13cdc9d9-ddb5-4fa4-a97d-d965ccfc6d4b" outcome="Passed" testListId="8c84fa94-04c1-424b-9868-57a2d4851a1d" relativeResultsDirectory="7c263bc2-90c3-4380-bd1d-893c4a0f6a46">
    </UnitTestResult>
    <UnitTestResult executionId="38b66405-a886-4360-ab44-0e27a752cc74" testId="972b6f7c-0580-faff-8ab3-18e7fe4dd471" testName="clean_keyTest" computerName="2TAFFY" duration="00:00:00.0041071" startTime="2012-04-26T03:02:06.7587890-04:00" endTime="2012-04-26T03:02:06.7744140-04:00" testType="13cdc9d9-ddb5-4fa4-a97d-d965ccfc6d4b" outcome="Passed" testListId="8c84fa94-04c1-424b-9868-57a2d4851a1d" relativeResultsDirectory="38b66405-a886-4360-ab44-0e27a752cc74">
    </UnitTestResult>
    <UnitTestResult executionId="4bc32eac-c1fd-4db4-a355-fa6908dfa7cb" testId="9979932b-cf13-fa30-2fc9-ff4981bbae56" testName="record_failed_attemptTest_should_create_a_new_ip_record_when_none_is_found" computerName="2TAFFY" duration="00:00:00.0006705" startTime="2012-04-26T03:02:06.7744140-04:00" endTime="2012-04-26T03:02:06.7744140-04:00" testType="13cdc9d9-ddb5-4fa4-a97d-d965ccfc6d4b" outcome="Passed" testListId="8c84fa94-04c1-424b-9868-57a2d4851a1d" relativeResultsDirectory="4bc32eac-c1fd-4db4-a355-fa6908dfa7cb">
    </UnitTestResult>
    <UnitTestResult executionId="df7987d7-8247-4944-ba91-584e25d5ddbf" testId="9a17c7d1-5b24-127e-8a9a-1e236c20a42e" testName="initializeTest_when_given_bad_key_should_return_fake_data" computerName="2TAFFY" duration="00:00:00.0130154" startTime="2012-04-26T03:02:06.7900390-04:00" endTime="2012-04-26T03:02:06.8056640-04:00" testType="13cdc9d9-ddb5-4fa4-a97d-d965ccfc6d4b" outcome="Passed" testListId="8c84fa94-04c1-424b-9868-57a2d4851a1d" relativeResultsDirectory="df7987d7-8247-4944-ba91-584e25d5ddbf">
    </UnitTestResult>
    <UnitTestResult executionId="5d6c87d5-38d9-43fc-8748-cf7ffdb1510f" testId="9f02821a-fcc4-04ab-16ff-bb8c74969c39" testName="Raw_Data_BuilderConstructorTest" computerName="2TAFFY" duration="00:00:00.0039046" startTime="2012-04-26T03:02:06.8212890-04:00" endTime="2012-04-26T03:02:06.8369140-04:00" testType="13cdc9d9-ddb5-4fa4-a97d-d965ccfc6d4b" outcome="Passed" testListId="8c84fa94-04c1-424b-9868-57a2d4851a1d" relativeResultsDirectory="5d6c87d5-38d9-43fc-8748-cf7ffdb1510f">
    </UnitTestResult>
    <UnitTestResult executionId="5c56eaf9-a424-4bde-8c10-61133d39c441" testId="a06c8703-aad3-9716-909a-c0a258c09d3f" testName="expire_sessionTest" computerName="2TAFFY" duration="00:00:01.2935591" startTime="2012-04-26T03:02:06.8369140-04:00" endTime="2012-04-26T03:02:08.1337890-04:00" testType="13cdc9d9-ddb5-4fa4-a97d-d965ccfc6d4b" outcome="Passed" testListId="8c84fa94-04c1-424b-9868-57a2d4851a1d" relativeResultsDirectory="5c56eaf9-a424-4bde-8c10-61133d39c441">
    </UnitTestResult>
    <UnitTestResult executionId="c19b6328-d16f-4487-9341-57624e254e7c" testId="a2b354b1-8faa-db23-b9f7-ec425e3e65c4" testName="check_for_unique_pub_keyTest_should_return_True_when_a_different_SERVER_key_exists" computerName="2TAFFY" duration="00:00:01.1227991" startTime="2012-04-26T03:02:08.1494140-04:00" endTime="2012-04-26T03:02:09.2744140-04:00" testType="13cdc9d9-ddb5-4fa4-a97d-d965ccfc6d4b" outcome="Passed" testListId="8c84fa94-04c1-424b-9868-57a2d4851a1d" relativeResultsDirectory="c19b6328-d16f-4487-9341-57624e254e7c">
    </UnitTestResult>
    <UnitTestResult executionId="23cf8613-ffa5-44c4-be7a-c1b4e7a73441" testId="a9bb2a96-fdf6-f082-afa7-d86f78b1f65e" testName="initializeTest_when_given_good_key_should_return_real_data" computerName="2TAFFY" duration="00:00:00.0200785" startTime="2012-04-26T03:02:09.2900390-04:00" endTime="2012-04-26T03:02:09.3212890-04:00" testType="13cdc9d9-ddb5-4fa4-a97d-d965ccfc6d4b" outcome="Passed" testListId="8c84fa94-04c1-424b-9868-57a2d4851a1d" relativeResultsDirectory="23cf8613-ffa5-44c4-be7a-c1b4e7a73441">
    </UnitTestResult>
    <UnitTestResult executionId="e93f7e31-adef-4b42-99c7-af0b8abf041a" testId="b62a9187-3937-c8f3-096b-7fc2a2c41b42" testName="data_generatorConstructorTest_smoke_test" computerName="2TAFFY" duration="00:00:00.0009454" startTime="2012-04-26T03:02:09.3369140-04:00" endTime="2012-04-26T03:02:09.3369140-04:00" testType="13cdc9d9-ddb5-4fa4-a97d-d965ccfc6d4b" outcome="Passed" testListId="8c84fa94-04c1-424b-9868-57a2d4851a1d" relativeResultsDirectory="e93f7e31-adef-4b42-99c7-af0b8abf041a">
    </UnitTestResult>
    <UnitTestResult executionId="cd1101ba-4774-4622-960e-39ee75f241d2" testId="b8b91aae-b377-e572-aa09-5986400c100d" testName="validateTest" computerName="2TAFFY" duration="00:00:00.0003838" startTime="2012-04-26T03:02:09.3525390-04:00" endTime="2012-04-26T03:02:09.3525390-04:00" testType="13cdc9d9-ddb5-4fa4-a97d-d965ccfc6d4b" outcome="Passed" testListId="8c84fa94-04c1-424b-9868-57a2d4851a1d" relativeResultsDirectory="cd1101ba-4774-4622-960e-39ee75f241d2">
    </UnitTestResult>
    <UnitTestResult executionId="6d83233b-bd79-424d-b39a-4a7ef59aa51e" testId="b9396433-2322-63fe-79c2-1ea5701ad9ab" testName="authenticateTest_should_gracefully_handle_a_bad_message_after_decryption" computerName="2TAFFY" duration="00:00:00.0151074" startTime="2012-04-26T03:02:09.3681640-04:00" endTime="2012-04-26T03:02:09.3994140-04:00" testType="13cdc9d9-ddb5-4fa4-a97d-d965ccfc6d4b" outcome="Inconclusive" testListId="8c84fa94-04c1-424b-9868-57a2d4851a1d" relativeResultsDirectory="6d83233b-bd79-424d-b39a-4a7ef59aa51e">
      <Output>
        <ErrorInfo>
          <Message>Assert.Inconclusive failed. </Message>
          <StackTrace>   at Test.Web_Security_Backend_Login_Handler.AuthenticationControllerTest.authenticateTest_should_gracefully_handle_a_bad_message_after_decryption() in C:\Users\Steven\Documents\Visual Studio 2010\Projects\Web Security Backend Login Handler\Test.Web_Security_Backend_Login_Handler\AuthenticationControllerTest.cs:line 146
</StackTrace>
        </ErrorInfo>
      </Output>
    </UnitTestResult>
    <UnitTestResult executionId="5aac8909-c5e0-44d3-a5e9-a4531e93dade" testId="c0f680fd-63b7-0fd0-2fe9-268095203a3f" testName="validateloginTest_should_return_false_when_SessionHolder_contains_same_key_but_different_value" computerName="2TAFFY" duration="00:00:00.0007143" startTime="2012-04-26T03:02:09.4150390-04:00" endTime="2012-04-26T03:02:09.4306640-04:00" testType="13cdc9d9-ddb5-4fa4-a97d-d965ccfc6d4b" outcome="Passed" testListId="8c84fa94-04c1-424b-9868-57a2d4851a1d" relativeResultsDirectory="5aac8909-c5e0-44d3-a5e9-a4531e93dade">
    </UnitTestResult>
    <UnitTestResult executionId="a6aa5f8c-62a3-47ba-91a0-5fde0144d312" testId="c25c7c45-fb93-cba1-9819-ebb7722350c0" testName="check_for_unique_data_stringTest_should_return_true_when_string_is_not_found_in_db" computerName="2TAFFY" duration="00:00:01.0474814" startTime="2012-04-26T03:02:09.4462890-04:00" endTime="2012-04-26T03:02:10.4931640-04:00" testType="13cdc9d9-ddb5-4fa4-a97d-d965ccfc6d4b" outcome="Passed" testListId="8c84fa94-04c1-424b-9868-57a2d4851a1d" relativeResultsDirectory="a6aa5f8c-62a3-47ba-91a0-5fde0144d312">
    </UnitTestResult>
    <UnitTestResult executionId="be24c607-3511-4afb-8683-5a592894f129" testId="c661e960-557d-6758-3466-a0b7ec8ac25b" testName="check_for_unique_session_idTest_should_return_true_when_id_is_not_found_in_db" computerName="2TAFFY" duration="00:00:01.2109838" startTime="2012-04-26T03:02:10.5087890-04:00" endTime="2012-04-26T03:02:11.7275390-04:00" testType="13cdc9d9-ddb5-4fa4-a97d-d965ccfc6d4b" outcome="Passed" testListId="8c84fa94-04c1-424b-9868-57a2d4851a1d" relativeResultsDirectory="be24c607-3511-4afb-8683-5a592894f129">
    </UnitTestResult>
    <UnitTestResult executionId="f78c36c7-529b-4c51-a6c7-1e992a1a0776" testId="c6fdb9bc-0e83-4bbf-fff2-a9c35967cc4a" testName="is_ip_lockedTest_users_should_lock_out_after_four_attempts_even_though_time_between_attempts" computerName="2TAFFY" duration="00:00:00.0008679" startTime="2012-04-26T03:02:11.7431640-04:00" endTime="2012-04-26T03:02:11.7431640-04:00" testType="13cdc9d9-ddb5-4fa4-a97d-d965ccfc6d4b" outcome="Passed" testListId="8c84fa94-04c1-424b-9868-57a2d4851a1d" relativeResultsDirectory="f78c36c7-529b-4c51-a6c7-1e992a1a0776">
    </UnitTestResult>
    <UnitTestResult executionId="c47885a8-eab9-4d6a-a02e-5cc1090d9852" testId="ddd024be-5c7b-d757-e53e-80df9d3f62ee" testName="check_for_unique_pub_keyTest_should_return_false_when_the_same_SERVER_key_exists" computerName="2TAFFY" duration="00:00:01.5096208" startTime="2012-04-26T03:02:11.7587890-04:00" endTime="2012-04-26T03:02:13.2744140-04:00" testType="13cdc9d9-ddb5-4fa4-a97d-d965ccfc6d4b" outcome="Passed" testListId="8c84fa94-04c1-424b-9868-57a2d4851a1d" relativeResultsDirectory="c47885a8-eab9-4d6a-a02e-5cc1090d9852">
    </UnitTestResult>
    <UnitTestResult executionId="4be2037c-8452-4154-9c7e-e7502f60316b" testId="e9c46ba5-c232-bbce-d63c-9ee4c6aa846d" testName="check_that_initialize_is_not_lockedTest_should_return_true_when_it_is_not_locked" computerName="2TAFFY" duration="00:00:01.1042799" startTime="2012-04-26T03:02:13.2900390-04:00" endTime="2012-04-26T03:02:14.3994140-04:00" testType="13cdc9d9-ddb5-4fa4-a97d-d965ccfc6d4b" outcome="Passed" testListId="8c84fa94-04c1-424b-9868-57a2d4851a1d" relativeResultsDirectory="4be2037c-8452-4154-9c7e-e7502f60316b">
    </UnitTestResult>
    <UnitTestResult executionId="f638e1fb-1f8f-4b44-b7a6-26f149d2e025" testId="fbbe8828-06a5-2bef-1a86-cd6776514619" testName="clean_keyTest_on_original_of_size_6" computerName="2TAFFY" duration="00:00:00.0003904" startTime="2012-04-26T03:02:14.3994140-04:00" endTime="2012-04-26T03:02:14.4150390-04:00" testType="13cdc9d9-ddb5-4fa4-a97d-d965ccfc6d4b" outcome="Passed" testListId="8c84fa94-04c1-424b-9868-57a2d4851a1d" relativeResultsDirectory="f638e1fb-1f8f-4b44-b7a6-26f149d2e025">
    </UnitTestResult>
    <UnitTestResult executionId="8caa0cae-3994-47f9-9eab-a5ad86da018d" testId="fec82914-8d2b-ce0e-0f68-141c8e76da6f" testName="dirty_keyTest" computerName="2TAFFY" duration="00:00:00.0003707" startTime="2012-04-26T03:02:14.4150390-04:00" endTime="2012-04-26T03:02:14.4306640-04:00" testType="13cdc9d9-ddb5-4fa4-a97d-d965ccfc6d4b" outcome="Passed" testListId="8c84fa94-04c1-424b-9868-57a2d4851a1d" relativeResultsDirectory="8caa0cae-3994-47f9-9eab-a5ad86da018d">
    </UnitTestResult>
  </Results>
</TestRun>