<?xml version="1.0" encoding="UTF-8"?>
<TestRun id="138a1ff3-35f5-44b3-bd3b-139dba9a6ce3" name="Steven@2TAFFY 2012-04-25 23:07:13" runUser="2taffy\Steven" xmlns="http://microsoft.com/schemas/VisualStudio/TeamTest/2010">
  <TestSettings name="Local" id="948a7d2c-a449-40cc-93d7-295f2060e854">
    <Description>These are default test settings for a local test run.</Description>
    <Deployment enabled="false" runDeploymentRoot="Steven_2TAFFY 2012-04-25 23_07_13">
      <DeploymentItem filename="C:\Users\Steven\Documents\Visual Studio 2010\Projects\Web Security Backend Login Handler\Web Security Backend Login Handler\bin\Web Security Backend Login Handler.dll" />
      <DeploymentItem filename="C:\Users\Steven\Documents\Visual Studio 2010\Projects\Web Security Backend Login Handler\packages\EntityFramework.4.1.10331.0\lib\EntityFramework.dll" />
    </Deployment>
    <Execution>
      <TestTypeSpecific />
      <AgentRule name="Execution Agents">
      </AgentRule>
    </Execution>
  </TestSettings>
  <Times creation="2012-04-25T23:07:13.1562500-04:00" queuing="2012-04-25T23:07:13.3750000-04:00" start="2012-04-25T23:07:13.5312500-04:00" finish="2012-04-25T23:07:37.8115234-04:00" />
  <ResultSummary outcome="Failed">
    <Counters total="44" executed="44" passed="29" error="0" failed="15" timeout="0" aborted="0" inconclusive="0" passedButRunAborted="0" notRunnable="0" notExecuted="0" disconnected="0" warning="0" completed="0" inProgress="0" pending="0" />
  </ResultSummary>
  <TestDefinitions>
    <UnitTest name="validateloginTest_should_return_false_when_SessionHolder_does_not_contain_same_values" storage="c:\users\steven\documents\visual studio 2010\projects\web security backend login handler\test.web_security_backend_login_handler\bin\debug\test.web_security_backend_login_handler.dll" id="4897a04b-2374-7309-30e3-a76570127718">
      <Execution id="5c387cf2-ac13-488c-b8e2-69489db6bf62" />
      <TestMethod codeBase="C:/Users/Steven/Documents/Visual Studio 2010/Projects/Web Security Backend Login Handler/Test.Web_Security_Backend_Login_Handler/bin/Debug/Test.Web_Security_Backend_Login_Handler.DLL" adapterTypeName="Microsoft.VisualStudio.TestTools.TestTypes.Unit.UnitTestAdapter, Microsoft.VisualStudio.QualityTools.Tips.UnitTest.Adapter, Version=10.0.0.0, Culture=neutral, PublicKeyToken=b03f5f7f11d50a3a" className="Test.Web_Security_Backend_Login_Handler.Session_HolderTest, Test.Web_Security_Backend_Login_Handler, Version=1.0.0.0, Culture=neutral, PublicKeyToken=null" name="validateloginTest_should_return_false_when_SessionHolder_does_not_contain_same_values" />
    </UnitTest>
    <UnitTest name="record_failed_attemptTest_should_create_a_new_ip_record_when_none_is_found" storage="c:\users\steven\documents\visual studio 2010\projects\web security backend login handler\test.web_security_backend_login_handler\bin\debug\test.web_security_backend_login_handler.dll" id="9979932b-cf13-fa30-2fc9-ff4981bbae56">
      <Execution id="aec57a67-ebaf-4078-ae36-95edc34590c1" />
      <TestMethod codeBase="C:/Users/Steven/Documents/Visual Studio 2010/Projects/Web Security Backend Login Handler/Test.Web_Security_Backend_Login_Handler/bin/Debug/Test.Web_Security_Backend_Login_Handler.DLL" adapterTypeName="Microsoft.VisualStudio.TestTools.TestTypes.Unit.UnitTestAdapter, Microsoft.VisualStudio.QualityTools.Tips.UnitTest.Adapter, Version=10.0.0.0, Culture=neutral, PublicKeyToken=b03f5f7f11d50a3a" className="Test.Web_Security_Backend_Login_Handler.Service_ManagerTest, Test.Web_Security_Backend_Login_Handler, Version=1.0.0.0, Culture=neutral, PublicKeyToken=null" name="record_failed_attemptTest_should_create_a_new_ip_record_when_none_is_found" />
    </UnitTest>
    <UnitTest name="check_for_unique_session_idTest_should_return_true_when_id_is_not_found_in_db" storage="c:\users\steven\documents\visual studio 2010\projects\web security backend login handler\test.web_security_backend_login_handler\bin\debug\test.web_security_backend_login_handler.dll" id="c661e960-557d-6758-3466-a0b7ec8ac25b">
      <Execution id="8ba97942-6a7e-4385-b4b8-31ebad6a4569" />
      <TestMethod codeBase="C:/Users/Steven/Documents/Visual Studio 2010/Projects/Web Security Backend Login Handler/Test.Web_Security_Backend_Login_Handler/bin/Debug/Test.Web_Security_Backend_Login_Handler.DLL" adapterTypeName="Microsoft.VisualStudio.TestTools.TestTypes.Unit.UnitTestAdapter, Microsoft.VisualStudio.QualityTools.Tips.UnitTest.Adapter, Version=10.0.0.0, Culture=neutral, PublicKeyToken=b03f5f7f11d50a3a" className="Test.Web_Security_Backend_Login_Handler.EF_Login_Data_RepositoryTest, Test.Web_Security_Backend_Login_Handler, Version=1.0.0.0, Culture=neutral, PublicKeyToken=null" name="check_for_unique_session_idTest_should_return_true_when_id_is_not_found_in_db" />
    </UnitTest>
    <UnitTest name="check_for_unique_data_stringTest_should_return_true_when_string_is_not_found_in_db" storage="c:\users\steven\documents\visual studio 2010\projects\web security backend login handler\test.web_security_backend_login_handler\bin\debug\test.web_security_backend_login_handler.dll" id="c25c7c45-fb93-cba1-9819-ebb7722350c0">
      <Execution id="f1e4bead-9e6b-42fa-bc40-29fff124734e" />
      <TestMethod codeBase="C:/Users/Steven/Documents/Visual Studio 2010/Projects/Web Security Backend Login Handler/Test.Web_Security_Backend_Login_Handler/bin/Debug/Test.Web_Security_Backend_Login_Handler.DLL" adapterTypeName="Microsoft.VisualStudio.TestTools.TestTypes.Unit.UnitTestAdapter, Microsoft.VisualStudio.QualityTools.Tips.UnitTest.Adapter, Version=10.0.0.0, Culture=neutral, PublicKeyToken=b03f5f7f11d50a3a" className="Test.Web_Security_Backend_Login_Handler.EF_Login_Data_RepositoryTest, Test.Web_Security_Backend_Login_Handler, Version=1.0.0.0, Culture=neutral, PublicKeyToken=null" name="check_for_unique_data_stringTest_should_return_true_when_string_is_not_found_in_db" />
    </UnitTest>
    <UnitTest name="check_for_unique_pub_keyTest_should_return_True_when_a_different_REMOTE_key_exists" storage="c:\users\steven\documents\visual studio 2010\projects\web security backend login handler\test.web_security_backend_login_handler\bin\debug\test.web_security_backend_login_handler.dll" id="2772b7c6-aea8-ca9f-63ce-5faa048dec51">
      <Execution id="c98a80ca-9fe2-4291-a7ee-c56b02ab17e7" />
      <TestMethod codeBase="C:/Users/Steven/Documents/Visual Studio 2010/Projects/Web Security Backend Login Handler/Test.Web_Security_Backend_Login_Handler/bin/Debug/Test.Web_Security_Backend_Login_Handler.DLL" adapterTypeName="Microsoft.VisualStudio.TestTools.TestTypes.Unit.UnitTestAdapter, Microsoft.VisualStudio.QualityTools.Tips.UnitTest.Adapter, Version=10.0.0.0, Culture=neutral, PublicKeyToken=b03f5f7f11d50a3a" className="Test.Web_Security_Backend_Login_Handler.EF_Login_Data_RepositoryTest, Test.Web_Security_Backend_Login_Handler, Version=1.0.0.0, Culture=neutral, PublicKeyToken=null" name="check_for_unique_pub_keyTest_should_return_True_when_a_different_REMOTE_key_exists" />
    </UnitTest>
    <UnitTest name="authenticateTest_should_fail_login_when_given_bad_session_id" storage="c:\users\steven\documents\visual studio 2010\projects\web security backend login handler\test.web_security_backend_login_handler\bin\debug\test.web_security_backend_login_handler.dll" id="2aac691f-68fa-51c4-f6b6-04c304918a9a">
      <Execution id="ad4c86b9-cd78-4a45-a628-92809446b463" />
      <TestMethod codeBase="C:/Users/Steven/Documents/Visual Studio 2010/Projects/Web Security Backend Login Handler/Test.Web_Security_Backend_Login_Handler/bin/Debug/Test.Web_Security_Backend_Login_Handler.DLL" adapterTypeName="Microsoft.VisualStudio.TestTools.TestTypes.Unit.UnitTestAdapter, Microsoft.VisualStudio.QualityTools.Tips.UnitTest.Adapter, Version=10.0.0.0, Culture=neutral, PublicKeyToken=b03f5f7f11d50a3a" className="Test.Web_Security_Backend_Login_Handler.AuthenticationControllerTest, Test.Web_Security_Backend_Login_Handler, Version=1.0.0.0, Culture=neutral, PublicKeyToken=null" name="authenticateTest_should_fail_login_when_given_bad_session_id" />
    </UnitTest>
    <UnitTest name="dirty_keyTest_on_original_of_size_6" storage="c:\users\steven\documents\visual studio 2010\projects\web security backend login handler\test.web_security_backend_login_handler\bin\debug\test.web_security_backend_login_handler.dll" id="8e37c1b8-7197-4065-2cda-557d5aa868fc">
      <Execution id="51d4bfdf-b03a-4d29-bdab-93ff016a3c87" />
      <TestMethod codeBase="C:/Users/Steven/Documents/Visual Studio 2010/Projects/Web Security Backend Login Handler/Test.Web_Security_Backend_Login_Handler/bin/Debug/Test.Web_Security_Backend_Login_Handler.DLL" adapterTypeName="Microsoft.VisualStudio.TestTools.TestTypes.Unit.UnitTestAdapter, Microsoft.VisualStudio.QualityTools.Tips.UnitTest.Adapter, Version=10.0.0.0, Culture=neutral, PublicKeyToken=b03f5f7f11d50a3a" className="Test.Web_Security_Backend_Login_Handler.validate_keyTest, Test.Web_Security_Backend_Login_Handler, Version=1.0.0.0, Culture=neutral, PublicKeyToken=null" name="dirty_keyTest_on_original_of_size_6" />
    </UnitTest>
    <UnitTest name="store_sessionTest" storage="c:\users\steven\documents\visual studio 2010\projects\web security backend login handler\test.web_security_backend_login_handler\bin\debug\test.web_security_backend_login_handler.dll" id="49ac4308-2507-de1d-6da1-ee6cc36e8c86">
      <Execution id="e4818e0e-dbe4-4fe1-a79c-79da851919d9" />
      <TestMethod codeBase="C:/Users/Steven/Documents/Visual Studio 2010/Projects/Web Security Backend Login Handler/Test.Web_Security_Backend_Login_Handler/bin/Debug/Test.Web_Security_Backend_Login_Handler.DLL" adapterTypeName="Microsoft.VisualStudio.TestTools.TestTypes.Unit.UnitTestAdapter, Microsoft.VisualStudio.QualityTools.Tips.UnitTest.Adapter, Version=10.0.0.0, Culture=neutral, PublicKeyToken=b03f5f7f11d50a3a" className="Test.Web_Security_Backend_Login_Handler.EF_Login_Data_RepositoryTest, Test.Web_Security_Backend_Login_Handler, Version=1.0.0.0, Culture=neutral, PublicKeyToken=null" name="store_sessionTest" />
    </UnitTest>
    <UnitTest name="calculate_keyTest" storage="c:\users\steven\documents\visual studio 2010\projects\web security backend login handler\test.web_security_backend_login_handler\bin\debug\test.web_security_backend_login_handler.dll" id="a47d8046-29f4-8927-47f0-c265c9287b02">
      <Execution id="a70700c8-ae8b-4b9d-aae1-a05b45be8a77" />
      <TestMethod codeBase="C:/Users/Steven/Documents/Visual Studio 2010/Projects/Web Security Backend Login Handler/Test.Web_Security_Backend_Login_Handler/bin/Debug/Test.Web_Security_Backend_Login_Handler.DLL" adapterTypeName="Microsoft.VisualStudio.TestTools.TestTypes.Unit.UnitTestAdapter, Microsoft.VisualStudio.QualityTools.Tips.UnitTest.Adapter, Version=10.0.0.0, Culture=neutral, PublicKeyToken=b03f5f7f11d50a3a" className="Test.Web_Security_Backend_Login_Handler.Picture1Test, Test.Web_Security_Backend_Login_Handler, Version=1.0.0.0, Culture=neutral, PublicKeyToken=null" name="calculate_keyTest" />
    </UnitTest>
    <UnitTest name="Service_Manager_object_should_still_hold_attempts_when_deserialized" storage="c:\users\steven\documents\visual studio 2010\projects\web security backend login handler\test.web_security_backend_login_handler\bin\debug\test.web_security_backend_login_handler.dll" id="67edcd63-6396-56e4-d814-19352322cb50">
      <Execution id="7d5d76a6-ff47-4143-a8ae-16879190b5d0" />
      <TestMethod codeBase="C:/Users/Steven/Documents/Visual Studio 2010/Projects/Web Security Backend Login Handler/Test.Web_Security_Backend_Login_Handler/bin/Debug/Test.Web_Security_Backend_Login_Handler.DLL" adapterTypeName="Microsoft.VisualStudio.TestTools.TestTypes.Unit.UnitTestAdapter, Microsoft.VisualStudio.QualityTools.Tips.UnitTest.Adapter, Version=10.0.0.0, Culture=neutral, PublicKeyToken=b03f5f7f11d50a3a" className="Test.Web_Security_Backend_Login_Handler.ObjectSerializingTest, Test.Web_Security_Backend_Login_Handler, Version=1.0.0.0, Culture=neutral, PublicKeyToken=null" name="Service_Manager_object_should_still_hold_attempts_when_deserialized" />
    </UnitTest>
    <UnitTest name="is_ip_lockedTest_users_should_unlocklock_out_after_four_attempts_if_unlock_period_has_been_exceeded" storage="c:\users\steven\documents\visual studio 2010\projects\web security backend login handler\test.web_security_backend_login_handler\bin\debug\test.web_security_backend_login_handler.dll" id="451ca797-209b-dee9-6367-89f6f7d14060">
      <Execution id="dca2ac67-6d84-40ee-b905-c56e76d3d02b" />
      <TestMethod codeBase="C:/Users/Steven/Documents/Visual Studio 2010/Projects/Web Security Backend Login Handler/Test.Web_Security_Backend_Login_Handler/bin/Debug/Test.Web_Security_Backend_Login_Handler.DLL" adapterTypeName="Microsoft.VisualStudio.TestTools.TestTypes.Unit.UnitTestAdapter, Microsoft.VisualStudio.QualityTools.Tips.UnitTest.Adapter, Version=10.0.0.0, Culture=neutral, PublicKeyToken=b03f5f7f11d50a3a" className="Test.Web_Security_Backend_Login_Handler.Service_ManagerTest, Test.Web_Security_Backend_Login_Handler, Version=1.0.0.0, Culture=neutral, PublicKeyToken=null" name="is_ip_lockedTest_users_should_unlocklock_out_after_four_attempts_if_unlock_period_has_been_exceeded" />
    </UnitTest>
    <UnitTest name="authenticateTest_should_fail_login_when_given_incorrect_login_data" storage="c:\users\steven\documents\visual studio 2010\projects\web security backend login handler\test.web_security_backend_login_handler\bin\debug\test.web_security_backend_login_handler.dll" id="456fe2e4-effc-7286-1bfa-b6cee2caa7e3">
      <Execution id="ffdd01f3-7f60-4253-93ec-b20b35edd1da" />
      <TestMethod codeBase="C:/Users/Steven/Documents/Visual Studio 2010/Projects/Web Security Backend Login Handler/Test.Web_Security_Backend_Login_Handler/bin/Debug/Test.Web_Security_Backend_Login_Handler.DLL" adapterTypeName="Microsoft.VisualStudio.TestTools.TestTypes.Unit.UnitTestAdapter, Microsoft.VisualStudio.QualityTools.Tips.UnitTest.Adapter, Version=10.0.0.0, Culture=neutral, PublicKeyToken=b03f5f7f11d50a3a" className="Test.Web_Security_Backend_Login_Handler.AuthenticationControllerTest, Test.Web_Security_Backend_Login_Handler, Version=1.0.0.0, Culture=neutral, PublicKeyToken=null" name="authenticateTest_should_fail_login_when_given_incorrect_login_data" />
    </UnitTest>
    <UnitTest name="initializeTest_when_given_bad_key_should_return_fake_data" storage="c:\users\steven\documents\visual studio 2010\projects\web security backend login handler\test.web_security_backend_login_handler\bin\debug\test.web_security_backend_login_handler.dll" id="9a17c7d1-5b24-127e-8a9a-1e236c20a42e">
      <Execution id="469b8a72-5c91-43a0-8d8c-e8cd42eb8587" />
      <TestMethod codeBase="C:/Users/Steven/Documents/Visual Studio 2010/Projects/Web Security Backend Login Handler/Test.Web_Security_Backend_Login_Handler/bin/Debug/Test.Web_Security_Backend_Login_Handler.DLL" adapterTypeName="Microsoft.VisualStudio.TestTools.TestTypes.Unit.UnitTestAdapter, Microsoft.VisualStudio.QualityTools.Tips.UnitTest.Adapter, Version=10.0.0.0, Culture=neutral, PublicKeyToken=b03f5f7f11d50a3a" className="Test.Web_Security_Backend_Login_Handler.AuthenticationControllerTest, Test.Web_Security_Backend_Login_Handler, Version=1.0.0.0, Culture=neutral, PublicKeyToken=null" name="initializeTest_when_given_bad_key_should_return_fake_data" />
    </UnitTest>
    <UnitTest name="record_failed_attemptTest_should_update_ip_record_when_ip_is_found" storage="c:\users\steven\documents\visual studio 2010\projects\web security backend login handler\test.web_security_backend_login_handler\bin\debug\test.web_security_backend_login_handler.dll" id="2f6d8dc3-e175-6550-f600-a0a25a455edb">
      <Execution id="4fae2828-8db4-43bd-bc2e-93d0de74773b" />
      <TestMethod codeBase="C:/Users/Steven/Documents/Visual Studio 2010/Projects/Web Security Backend Login Handler/Test.Web_Security_Backend_Login_Handler/bin/Debug/Test.Web_Security_Backend_Login_Handler.DLL" adapterTypeName="Microsoft.VisualStudio.TestTools.TestTypes.Unit.UnitTestAdapter, Microsoft.VisualStudio.QualityTools.Tips.UnitTest.Adapter, Version=10.0.0.0, Culture=neutral, PublicKeyToken=b03f5f7f11d50a3a" className="Test.Web_Security_Backend_Login_Handler.Service_ManagerTest, Test.Web_Security_Backend_Login_Handler, Version=1.0.0.0, Culture=neutral, PublicKeyToken=null" name="record_failed_attemptTest_should_update_ip_record_when_ip_is_found" />
    </UnitTest>
    <UnitTest name="clean_keyTest" storage="c:\users\steven\documents\visual studio 2010\projects\web security backend login handler\test.web_security_backend_login_handler\bin\debug\test.web_security_backend_login_handler.dll" id="972b6f7c-0580-faff-8ab3-18e7fe4dd471">
      <Execution id="146cc474-9ac1-466b-af4d-1d9ea41235fe" />
      <TestMethod codeBase="C:/Users/Steven/Documents/Visual Studio 2010/Projects/Web Security Backend Login Handler/Test.Web_Security_Backend_Login_Handler/bin/Debug/Test.Web_Security_Backend_Login_Handler.DLL" adapterTypeName="Microsoft.VisualStudio.TestTools.TestTypes.Unit.UnitTestAdapter, Microsoft.VisualStudio.QualityTools.Tips.UnitTest.Adapter, Version=10.0.0.0, Culture=neutral, PublicKeyToken=b03f5f7f11d50a3a" className="Test.Web_Security_Backend_Login_Handler.validate_keyTest, Test.Web_Security_Backend_Login_Handler, Version=1.0.0.0, Culture=neutral, PublicKeyToken=null" name="clean_keyTest" />
    </UnitTest>
    <UnitTest name="check_for_unique_data_stringTest_should_return_false_when_string_is_found_in_db" storage="c:\users\steven\documents\visual studio 2010\projects\web security backend login handler\test.web_security_backend_login_handler\bin\debug\test.web_security_backend_login_handler.dll" id="5a62df0c-700f-04be-be4d-bfeee5483f10">
      <Execution id="c07c3a9e-6b88-423c-a32d-ea26079a4329" />
      <TestMethod codeBase="C:/Users/Steven/Documents/Visual Studio 2010/Projects/Web Security Backend Login Handler/Test.Web_Security_Backend_Login_Handler/bin/Debug/Test.Web_Security_Backend_Login_Handler.DLL" adapterTypeName="Microsoft.VisualStudio.TestTools.TestTypes.Unit.UnitTestAdapter, Microsoft.VisualStudio.QualityTools.Tips.UnitTest.Adapter, Version=10.0.0.0, Culture=neutral, PublicKeyToken=b03f5f7f11d50a3a" className="Test.Web_Security_Backend_Login_Handler.EF_Login_Data_RepositoryTest, Test.Web_Security_Backend_Login_Handler, Version=1.0.0.0, Culture=neutral, PublicKeyToken=null" name="check_for_unique_data_stringTest_should_return_false_when_string_is_found_in_db" />
    </UnitTest>
    <UnitTest name="expire_sessionTest" storage="c:\users\steven\documents\visual studio 2010\projects\web security backend login handler\test.web_security_backend_login_handler\bin\debug\test.web_security_backend_login_handler.dll" id="a06c8703-aad3-9716-909a-c0a258c09d3f">
      <Execution id="8dd3ec7a-37b7-450b-8192-fc93de2c222c" />
      <TestMethod codeBase="C:/Users/Steven/Documents/Visual Studio 2010/Projects/Web Security Backend Login Handler/Test.Web_Security_Backend_Login_Handler/bin/Debug/Test.Web_Security_Backend_Login_Handler.DLL" adapterTypeName="Microsoft.VisualStudio.TestTools.TestTypes.Unit.UnitTestAdapter, Microsoft.VisualStudio.QualityTools.Tips.UnitTest.Adapter, Version=10.0.0.0, Culture=neutral, PublicKeyToken=b03f5f7f11d50a3a" className="Test.Web_Security_Backend_Login_Handler.EF_Login_Data_RepositoryTest, Test.Web_Security_Backend_Login_Handler, Version=1.0.0.0, Culture=neutral, PublicKeyToken=null" name="expire_sessionTest" />
    </UnitTest>
    <UnitTest name="validateloginTest_should_return_false_when_login_attempt_is_empty" storage="c:\users\steven\documents\visual studio 2010\projects\web security backend login handler\test.web_security_backend_login_handler\bin\debug\test.web_security_backend_login_handler.dll" id="3a663574-3180-85f1-cdde-1030a0ef32ad">
      <Execution id="cb95f19d-4557-41e8-b2c8-c547c465f8f9" />
      <TestMethod codeBase="C:/Users/Steven/Documents/Visual Studio 2010/Projects/Web Security Backend Login Handler/Test.Web_Security_Backend_Login_Handler/bin/Debug/Test.Web_Security_Backend_Login_Handler.DLL" adapterTypeName="Microsoft.VisualStudio.TestTools.TestTypes.Unit.UnitTestAdapter, Microsoft.VisualStudio.QualityTools.Tips.UnitTest.Adapter, Version=10.0.0.0, Culture=neutral, PublicKeyToken=b03f5f7f11d50a3a" className="Test.Web_Security_Backend_Login_Handler.Session_HolderTest, Test.Web_Security_Backend_Login_Handler, Version=1.0.0.0, Culture=neutral, PublicKeyToken=null" name="validateloginTest_should_return_false_when_login_attempt_is_empty" />
    </UnitTest>
    <UnitTest name="validateTest" storage="c:\users\steven\documents\visual studio 2010\projects\web security backend login handler\test.web_security_backend_login_handler\bin\debug\test.web_security_backend_login_handler.dll" id="b8b91aae-b377-e572-aa09-5986400c100d">
      <Execution id="28e25690-124b-4638-97ab-ba94811e1ed3" />
      <TestMethod codeBase="C:/Users/Steven/Documents/Visual Studio 2010/Projects/Web Security Backend Login Handler/Test.Web_Security_Backend_Login_Handler/bin/Debug/Test.Web_Security_Backend_Login_Handler.DLL" adapterTypeName="Microsoft.VisualStudio.TestTools.TestTypes.Unit.UnitTestAdapter, Microsoft.VisualStudio.QualityTools.Tips.UnitTest.Adapter, Version=10.0.0.0, Culture=neutral, PublicKeyToken=b03f5f7f11d50a3a" className="Test.Web_Security_Backend_Login_Handler.validate_keyTest, Test.Web_Security_Backend_Login_Handler, Version=1.0.0.0, Culture=neutral, PublicKeyToken=null" name="validateTest" />
    </UnitTest>
    <UnitTest name="store_sessionTest_should_allow_multiple_sessions_to_be_stored" storage="c:\users\steven\documents\visual studio 2010\projects\web security backend login handler\test.web_security_backend_login_handler\bin\debug\test.web_security_backend_login_handler.dll" id="368bdd97-67d3-cf24-9eb4-e8a0266a0986">
      <Execution id="ceeba03f-bd92-4c48-8282-cc7e60dab97f" />
      <TestMethod codeBase="C:/Users/Steven/Documents/Visual Studio 2010/Projects/Web Security Backend Login Handler/Test.Web_Security_Backend_Login_Handler/bin/Debug/Test.Web_Security_Backend_Login_Handler.DLL" adapterTypeName="Microsoft.VisualStudio.TestTools.TestTypes.Unit.UnitTestAdapter, Microsoft.VisualStudio.QualityTools.Tips.UnitTest.Adapter, Version=10.0.0.0, Culture=neutral, PublicKeyToken=b03f5f7f11d50a3a" className="Test.Web_Security_Backend_Login_Handler.EF_Login_Data_RepositoryTest, Test.Web_Security_Backend_Login_Handler, Version=1.0.0.0, Culture=neutral, PublicKeyToken=null" name="store_sessionTest_should_allow_multiple_sessions_to_be_stored" />
    </UnitTest>
    <UnitTest name="store_failed_initialize_attemptTest" storage="c:\users\steven\documents\visual studio 2010\projects\web security backend login handler\test.web_security_backend_login_handler\bin\debug\test.web_security_backend_login_handler.dll" id="079bf086-b93c-c2c9-1f00-42b7634ec2f2">
      <Execution id="165ff51b-4c2f-4fe6-849c-98031a7f90e9" />
      <TestMethod codeBase="C:/Users/Steven/Documents/Visual Studio 2010/Projects/Web Security Backend Login Handler/Test.Web_Security_Backend_Login_Handler/bin/Debug/Test.Web_Security_Backend_Login_Handler.DLL" adapterTypeName="Microsoft.VisualStudio.TestTools.TestTypes.Unit.UnitTestAdapter, Microsoft.VisualStudio.QualityTools.Tips.UnitTest.Adapter, Version=10.0.0.0, Culture=neutral, PublicKeyToken=b03f5f7f11d50a3a" className="Test.Web_Security_Backend_Login_Handler.EF_Login_Data_RepositoryTest, Test.Web_Security_Backend_Login_Handler, Version=1.0.0.0, Culture=neutral, PublicKeyToken=null" name="store_failed_initialize_attemptTest" />
    </UnitTest>
    <UnitTest name="validateloginTest_should_return_true_when_login_attempt_from_different_hash_objects" storage="c:\users\steven\documents\visual studio 2010\projects\web security backend login handler\test.web_security_backend_login_handler\bin\debug\test.web_security_backend_login_handler.dll" id="0841dfaf-52bb-7dfb-7275-49a894f07712">
      <Execution id="227c665f-e629-4091-a208-922729d0d06c" />
      <TestMethod codeBase="C:/Users/Steven/Documents/Visual Studio 2010/Projects/Web Security Backend Login Handler/Test.Web_Security_Backend_Login_Handler/bin/Debug/Test.Web_Security_Backend_Login_Handler.DLL" adapterTypeName="Microsoft.VisualStudio.TestTools.TestTypes.Unit.UnitTestAdapter, Microsoft.VisualStudio.QualityTools.Tips.UnitTest.Adapter, Version=10.0.0.0, Culture=neutral, PublicKeyToken=b03f5f7f11d50a3a" className="Test.Web_Security_Backend_Login_Handler.Session_HolderTest, Test.Web_Security_Backend_Login_Handler, Version=1.0.0.0, Culture=neutral, PublicKeyToken=null" name="validateloginTest_should_return_true_when_login_attempt_from_different_hash_objects" />
    </UnitTest>
    <UnitTest name="check_for_unique_pub_keyTest_should_return_true_when_key_does_not_exist_in_db" storage="c:\users\steven\documents\visual studio 2010\projects\web security backend login handler\test.web_security_backend_login_handler\bin\debug\test.web_security_backend_login_handler.dll" id="3ca1841b-33ff-64be-37dc-bb3397b6b3f8">
      <Execution id="f330a68c-c7cf-4fcb-af1d-dbfb9bfc25d8" />
      <TestMethod codeBase="C:/Users/Steven/Documents/Visual Studio 2010/Projects/Web Security Backend Login Handler/Test.Web_Security_Backend_Login_Handler/bin/Debug/Test.Web_Security_Backend_Login_Handler.DLL" adapterTypeName="Microsoft.VisualStudio.TestTools.TestTypes.Unit.UnitTestAdapter, Microsoft.VisualStudio.QualityTools.Tips.UnitTest.Adapter, Version=10.0.0.0, Culture=neutral, PublicKeyToken=b03f5f7f11d50a3a" className="Test.Web_Security_Backend_Login_Handler.EF_Login_Data_RepositoryTest, Test.Web_Security_Backend_Login_Handler, Version=1.0.0.0, Culture=neutral, PublicKeyToken=null" name="check_for_unique_pub_keyTest_should_return_true_when_key_does_not_exist_in_db" />
    </UnitTest>
    <UnitTest name="validateloginTest_should_return_true_when_SessionHolder_contains_alls_same_element_dispite_extra_passed_in_elements" storage="c:\users\steven\documents\visual studio 2010\projects\web security backend login handler\test.web_security_backend_login_handler\bin\debug\test.web_security_backend_login_handler.dll" id="4db1e1e3-7d8c-da35-b557-8700fecb4cae">
      <Execution id="ca107a22-7b9a-4170-bf84-48a0f3512df4" />
      <TestMethod codeBase="C:/Users/Steven/Documents/Visual Studio 2010/Projects/Web Security Backend Login Handler/Test.Web_Security_Backend_Login_Handler/bin/Debug/Test.Web_Security_Backend_Login_Handler.DLL" adapterTypeName="Microsoft.VisualStudio.TestTools.TestTypes.Unit.UnitTestAdapter, Microsoft.VisualStudio.QualityTools.Tips.UnitTest.Adapter, Version=10.0.0.0, Culture=neutral, PublicKeyToken=b03f5f7f11d50a3a" className="Test.Web_Security_Backend_Login_Handler.Session_HolderTest, Test.Web_Security_Backend_Login_Handler, Version=1.0.0.0, Culture=neutral, PublicKeyToken=null" name="validateloginTest_should_return_true_when_SessionHolder_contains_alls_same_element_dispite_extra_passed_in_elements" />
    </UnitTest>
    <UnitTest name="validateloginTest_should_return_false_when_SessionHolder_contains_no_values" storage="c:\users\steven\documents\visual studio 2010\projects\web security backend login handler\test.web_security_backend_login_handler\bin\debug\test.web_security_backend_login_handler.dll" id="7ec82646-bfa5-fc5d-43af-a673eb439cf8">
      <Execution id="2a189411-f61d-443d-b19d-470ca6807fc9" />
      <TestMethod codeBase="C:/Users/Steven/Documents/Visual Studio 2010/Projects/Web Security Backend Login Handler/Test.Web_Security_Backend_Login_Handler/bin/Debug/Test.Web_Security_Backend_Login_Handler.DLL" adapterTypeName="Microsoft.VisualStudio.TestTools.TestTypes.Unit.UnitTestAdapter, Microsoft.VisualStudio.QualityTools.Tips.UnitTest.Adapter, Version=10.0.0.0, Culture=neutral, PublicKeyToken=b03f5f7f11d50a3a" className="Test.Web_Security_Backend_Login_Handler.Session_HolderTest, Test.Web_Security_Backend_Login_Handler, Version=1.0.0.0, Culture=neutral, PublicKeyToken=null" name="validateloginTest_should_return_false_when_SessionHolder_contains_no_values" />
    </UnitTest>
    <UnitTest name="authenticateTest_should_expire_session_during_login_attempt" storage="c:\users\steven\documents\visual studio 2010\projects\web security backend login handler\test.web_security_backend_login_handler\bin\debug\test.web_security_backend_login_handler.dll" id="29405316-9966-0a8b-31c9-bcb4897049f4">
      <Execution id="540f6033-bd31-41b2-bc88-2d6674b03b8d" />
      <TestMethod codeBase="C:/Users/Steven/Documents/Visual Studio 2010/Projects/Web Security Backend Login Handler/Test.Web_Security_Backend_Login_Handler/bin/Debug/Test.Web_Security_Backend_Login_Handler.DLL" adapterTypeName="Microsoft.VisualStudio.TestTools.TestTypes.Unit.UnitTestAdapter, Microsoft.VisualStudio.QualityTools.Tips.UnitTest.Adapter, Version=10.0.0.0, Culture=neutral, PublicKeyToken=b03f5f7f11d50a3a" className="Test.Web_Security_Backend_Login_Handler.AuthenticationControllerTest, Test.Web_Security_Backend_Login_Handler, Version=1.0.0.0, Culture=neutral, PublicKeyToken=null" name="authenticateTest_should_expire_session_during_login_attempt" />
    </UnitTest>
    <UnitTest name="Raw_Data_BuilderConstructorTest" storage="c:\users\steven\documents\visual studio 2010\projects\web security backend login handler\test.web_security_backend_login_handler\bin\debug\test.web_security_backend_login_handler.dll" id="9f02821a-fcc4-04ab-16ff-bb8c74969c39">
      <Execution id="691043f0-9027-4a1e-abea-d91af45d2136" />
      <TestMethod codeBase="C:/Users/Steven/Documents/Visual Studio 2010/Projects/Web Security Backend Login Handler/Test.Web_Security_Backend_Login_Handler/bin/Debug/Test.Web_Security_Backend_Login_Handler.DLL" adapterTypeName="Microsoft.VisualStudio.TestTools.TestTypes.Unit.UnitTestAdapter, Microsoft.VisualStudio.QualityTools.Tips.UnitTest.Adapter, Version=10.0.0.0, Culture=neutral, PublicKeyToken=b03f5f7f11d50a3a" className="Test.Web_Security_Backend_Login_Handler.Raw_Data_BuilderTest, Test.Web_Security_Backend_Login_Handler, Version=1.0.0.0, Culture=neutral, PublicKeyToken=null" name="Raw_Data_BuilderConstructorTest" />
    </UnitTest>
    <UnitTest name="is_ip_lockedTest_users_should_lock_out_after_four_attempts_even_though_time_between_attempts" storage="c:\users\steven\documents\visual studio 2010\projects\web security backend login handler\test.web_security_backend_login_handler\bin\debug\test.web_security_backend_login_handler.dll" id="c6fdb9bc-0e83-4bbf-fff2-a9c35967cc4a">
      <Execution id="3ee7fd00-7f17-49bf-ba7a-1a893bde6fe2" />
      <TestMethod codeBase="C:/Users/Steven/Documents/Visual Studio 2010/Projects/Web Security Backend Login Handler/Test.Web_Security_Backend_Login_Handler/bin/Debug/Test.Web_Security_Backend_Login_Handler.DLL" adapterTypeName="Microsoft.VisualStudio.TestTools.TestTypes.Unit.UnitTestAdapter, Microsoft.VisualStudio.QualityTools.Tips.UnitTest.Adapter, Version=10.0.0.0, Culture=neutral, PublicKeyToken=b03f5f7f11d50a3a" className="Test.Web_Security_Backend_Login_Handler.Service_ManagerTest, Test.Web_Security_Backend_Login_Handler, Version=1.0.0.0, Culture=neutral, PublicKeyToken=null" name="is_ip_lockedTest_users_should_lock_out_after_four_attempts_even_though_time_between_attempts" />
    </UnitTest>
    <UnitTest name="is_ip_lockedTest_users_should_not_lock_out_an_unknown_ip" storage="c:\users\steven\documents\visual studio 2010\projects\web security backend login handler\test.web_security_backend_login_handler\bin\debug\test.web_security_backend_login_handler.dll" id="7d16d515-8857-ef40-7b11-d26c075d3e87">
      <Execution id="fcba182f-723d-48c4-9398-fbfd92316e9c" />
      <TestMethod codeBase="C:/Users/Steven/Documents/Visual Studio 2010/Projects/Web Security Backend Login Handler/Test.Web_Security_Backend_Login_Handler/bin/Debug/Test.Web_Security_Backend_Login_Handler.DLL" adapterTypeName="Microsoft.VisualStudio.TestTools.TestTypes.Unit.UnitTestAdapter, Microsoft.VisualStudio.QualityTools.Tips.UnitTest.Adapter, Version=10.0.0.0, Culture=neutral, PublicKeyToken=b03f5f7f11d50a3a" className="Test.Web_Security_Backend_Login_Handler.Service_ManagerTest, Test.Web_Security_Backend_Login_Handler, Version=1.0.0.0, Culture=neutral, PublicKeyToken=null" name="is_ip_lockedTest_users_should_not_lock_out_an_unknown_ip" />
    </UnitTest>
    <UnitTest name="check_for_unique_pub_keyTest_should_return_false_when_the_same_REMOTE_key_exists" storage="c:\users\steven\documents\visual studio 2010\projects\web security backend login handler\test.web_security_backend_login_handler\bin\debug\test.web_security_backend_login_handler.dll" id="22c85f12-a1ad-519d-548e-0be7657b5c5d">
      <Execution id="3afbe958-e620-4148-9272-e29daa39bb80" />
      <TestMethod codeBase="C:/Users/Steven/Documents/Visual Studio 2010/Projects/Web Security Backend Login Handler/Test.Web_Security_Backend_Login_Handler/bin/Debug/Test.Web_Security_Backend_Login_Handler.DLL" adapterTypeName="Microsoft.VisualStudio.TestTools.TestTypes.Unit.UnitTestAdapter, Microsoft.VisualStudio.QualityTools.Tips.UnitTest.Adapter, Version=10.0.0.0, Culture=neutral, PublicKeyToken=b03f5f7f11d50a3a" className="Test.Web_Security_Backend_Login_Handler.EF_Login_Data_RepositoryTest, Test.Web_Security_Backend_Login_Handler, Version=1.0.0.0, Culture=neutral, PublicKeyToken=null" name="check_for_unique_pub_keyTest_should_return_false_when_the_same_REMOTE_key_exists" />
    </UnitTest>
    <UnitTest name="check_for_unique_pub_keyTest_should_return_false_when_the_same_SERVER_key_exists" storage="c:\users\steven\documents\visual studio 2010\projects\web security backend login handler\test.web_security_backend_login_handler\bin\debug\test.web_security_backend_login_handler.dll" id="ddd024be-5c7b-d757-e53e-80df9d3f62ee">
      <Execution id="2b242d41-bd6d-4961-a108-a998c61e4612" />
      <TestMethod codeBase="C:/Users/Steven/Documents/Visual Studio 2010/Projects/Web Security Backend Login Handler/Test.Web_Security_Backend_Login_Handler/bin/Debug/Test.Web_Security_Backend_Login_Handler.DLL" adapterTypeName="Microsoft.VisualStudio.TestTools.TestTypes.Unit.UnitTestAdapter, Microsoft.VisualStudio.QualityTools.Tips.UnitTest.Adapter, Version=10.0.0.0, Culture=neutral, PublicKeyToken=b03f5f7f11d50a3a" className="Test.Web_Security_Backend_Login_Handler.EF_Login_Data_RepositoryTest, Test.Web_Security_Backend_Login_Handler, Version=1.0.0.0, Culture=neutral, PublicKeyToken=null" name="check_for_unique_pub_keyTest_should_return_false_when_the_same_SERVER_key_exists" />
    </UnitTest>
    <UnitTest name="dirty_keyTest" storage="c:\users\steven\documents\visual studio 2010\projects\web security backend login handler\test.web_security_backend_login_handler\bin\debug\test.web_security_backend_login_handler.dll" id="fec82914-8d2b-ce0e-0f68-141c8e76da6f">
      <Execution id="b478e342-cc08-420c-addf-a4934a601c63" />
      <TestMethod codeBase="C:/Users/Steven/Documents/Visual Studio 2010/Projects/Web Security Backend Login Handler/Test.Web_Security_Backend_Login_Handler/bin/Debug/Test.Web_Security_Backend_Login_Handler.DLL" adapterTypeName="Microsoft.VisualStudio.TestTools.TestTypes.Unit.UnitTestAdapter, Microsoft.VisualStudio.QualityTools.Tips.UnitTest.Adapter, Version=10.0.0.0, Culture=neutral, PublicKeyToken=b03f5f7f11d50a3a" className="Test.Web_Security_Backend_Login_Handler.validate_keyTest, Test.Web_Security_Backend_Login_Handler, Version=1.0.0.0, Culture=neutral, PublicKeyToken=null" name="dirty_keyTest" />
    </UnitTest>
    <UnitTest name="initializeTest_when_given_string_in_pubKey_should_return_fake_data" storage="c:\users\steven\documents\visual studio 2010\projects\web security backend login handler\test.web_security_backend_login_handler\bin\debug\test.web_security_backend_login_handler.dll" id="8b26d94c-54b1-f145-32dd-94c7292f6dc1">
      <Execution id="a58756ec-7dd2-44ba-9e4b-2fc7230fb831" />
      <TestMethod codeBase="C:/Users/Steven/Documents/Visual Studio 2010/Projects/Web Security Backend Login Handler/Test.Web_Security_Backend_Login_Handler/bin/Debug/Test.Web_Security_Backend_Login_Handler.DLL" adapterTypeName="Microsoft.VisualStudio.TestTools.TestTypes.Unit.UnitTestAdapter, Microsoft.VisualStudio.QualityTools.Tips.UnitTest.Adapter, Version=10.0.0.0, Culture=neutral, PublicKeyToken=b03f5f7f11d50a3a" className="Test.Web_Security_Backend_Login_Handler.AuthenticationControllerTest, Test.Web_Security_Backend_Login_Handler, Version=1.0.0.0, Culture=neutral, PublicKeyToken=null" name="initializeTest_when_given_string_in_pubKey_should_return_fake_data" />
    </UnitTest>
    <UnitTest name="get_sessionTest_should_return_null_when_session_is_not_found" storage="c:\users\steven\documents\visual studio 2010\projects\web security backend login handler\test.web_security_backend_login_handler\bin\debug\test.web_security_backend_login_handler.dll" id="2d732953-32f7-04b9-b633-0438ccd5a389">
      <Execution id="874ea048-e3d8-4219-adf5-38c80f0ee1bc" />
      <TestMethod codeBase="C:/Users/Steven/Documents/Visual Studio 2010/Projects/Web Security Backend Login Handler/Test.Web_Security_Backend_Login_Handler/bin/Debug/Test.Web_Security_Backend_Login_Handler.DLL" adapterTypeName="Microsoft.VisualStudio.TestTools.TestTypes.Unit.UnitTestAdapter, Microsoft.VisualStudio.QualityTools.Tips.UnitTest.Adapter, Version=10.0.0.0, Culture=neutral, PublicKeyToken=b03f5f7f11d50a3a" className="Test.Web_Security_Backend_Login_Handler.EF_Login_Data_RepositoryTest, Test.Web_Security_Backend_Login_Handler, Version=1.0.0.0, Culture=neutral, PublicKeyToken=null" name="get_sessionTest_should_return_null_when_session_is_not_found" />
    </UnitTest>
    <UnitTest name="clean_keyTest_on_original_of_size_6" storage="c:\users\steven\documents\visual studio 2010\projects\web security backend login handler\test.web_security_backend_login_handler\bin\debug\test.web_security_backend_login_handler.dll" id="fbbe8828-06a5-2bef-1a86-cd6776514619">
      <Execution id="10cda01f-7040-4b78-a6b5-5c50964af1cf" />
      <TestMethod codeBase="C:/Users/Steven/Documents/Visual Studio 2010/Projects/Web Security Backend Login Handler/Test.Web_Security_Backend_Login_Handler/bin/Debug/Test.Web_Security_Backend_Login_Handler.DLL" adapterTypeName="Microsoft.VisualStudio.TestTools.TestTypes.Unit.UnitTestAdapter, Microsoft.VisualStudio.QualityTools.Tips.UnitTest.Adapter, Version=10.0.0.0, Culture=neutral, PublicKeyToken=b03f5f7f11d50a3a" className="Test.Web_Security_Backend_Login_Handler.validate_keyTest, Test.Web_Security_Backend_Login_Handler, Version=1.0.0.0, Culture=neutral, PublicKeyToken=null" name="clean_keyTest_on_original_of_size_6" />
    </UnitTest>
    <UnitTest name="check_for_unique_pub_keyTest_should_return_True_when_a_different_SERVER_key_exists" storage="c:\users\steven\documents\visual studio 2010\projects\web security backend login handler\test.web_security_backend_login_handler\bin\debug\test.web_security_backend_login_handler.dll" id="a2b354b1-8faa-db23-b9f7-ec425e3e65c4">
      <Execution id="e321481f-9ef9-4347-a594-ba2c43ecd89e" />
      <TestMethod codeBase="C:/Users/Steven/Documents/Visual Studio 2010/Projects/Web Security Backend Login Handler/Test.Web_Security_Backend_Login_Handler/bin/Debug/Test.Web_Security_Backend_Login_Handler.DLL" adapterTypeName="Microsoft.VisualStudio.TestTools.TestTypes.Unit.UnitTestAdapter, Microsoft.VisualStudio.QualityTools.Tips.UnitTest.Adapter, Version=10.0.0.0, Culture=neutral, PublicKeyToken=b03f5f7f11d50a3a" className="Test.Web_Security_Backend_Login_Handler.EF_Login_Data_RepositoryTest, Test.Web_Security_Backend_Login_Handler, Version=1.0.0.0, Culture=neutral, PublicKeyToken=null" name="check_for_unique_pub_keyTest_should_return_True_when_a_different_SERVER_key_exists" />
    </UnitTest>
    <UnitTest name="check_that_initialize_is_not_lockedTest_should_return_true_when_it_is_not_locked" storage="c:\users\steven\documents\visual studio 2010\projects\web security backend login handler\test.web_security_backend_login_handler\bin\debug\test.web_security_backend_login_handler.dll" id="e9c46ba5-c232-bbce-d63c-9ee4c6aa846d">
      <Execution id="0cbed9b0-b3f0-4c27-8d9a-114a5e3b1638" />
      <TestMethod codeBase="C:/Users/Steven/Documents/Visual Studio 2010/Projects/Web Security Backend Login Handler/Test.Web_Security_Backend_Login_Handler/bin/Debug/Test.Web_Security_Backend_Login_Handler.DLL" adapterTypeName="Microsoft.VisualStudio.TestTools.TestTypes.Unit.UnitTestAdapter, Microsoft.VisualStudio.QualityTools.Tips.UnitTest.Adapter, Version=10.0.0.0, Culture=neutral, PublicKeyToken=b03f5f7f11d50a3a" className="Test.Web_Security_Backend_Login_Handler.EF_Login_Data_RepositoryTest, Test.Web_Security_Backend_Login_Handler, Version=1.0.0.0, Culture=neutral, PublicKeyToken=null" name="check_that_initialize_is_not_lockedTest_should_return_true_when_it_is_not_locked" />
    </UnitTest>
    <UnitTest name="authenticateTest_should_gracefully_handle_a_bad_message_after_decryption" storage="c:\users\steven\documents\visual studio 2010\projects\web security backend login handler\test.web_security_backend_login_handler\bin\debug\test.web_security_backend_login_handler.dll" id="b9396433-2322-63fe-79c2-1ea5701ad9ab">
      <Execution id="6b44ef0c-30a9-4025-83b5-31edc9601253" />
      <TestMethod codeBase="C:/Users/Steven/Documents/Visual Studio 2010/Projects/Web Security Backend Login Handler/Test.Web_Security_Backend_Login_Handler/bin/Debug/Test.Web_Security_Backend_Login_Handler.DLL" adapterTypeName="Microsoft.VisualStudio.TestTools.TestTypes.Unit.UnitTestAdapter, Microsoft.VisualStudio.QualityTools.Tips.UnitTest.Adapter, Version=10.0.0.0, Culture=neutral, PublicKeyToken=b03f5f7f11d50a3a" className="Test.Web_Security_Backend_Login_Handler.AuthenticationControllerTest, Test.Web_Security_Backend_Login_Handler, Version=1.0.0.0, Culture=neutral, PublicKeyToken=null" name="authenticateTest_should_gracefully_handle_a_bad_message_after_decryption" />
    </UnitTest>
    <UnitTest name="authenticateTest_should_launch_nuke_when_given_proper_login_data" storage="c:\users\steven\documents\visual studio 2010\projects\web security backend login handler\test.web_security_backend_login_handler\bin\debug\test.web_security_backend_login_handler.dll" id="4130b1bb-a456-1806-55a8-3f7e2e63d7a0">
      <Execution id="533bce38-f636-4d90-8f30-4ac5daf449a1" />
      <TestMethod codeBase="C:/Users/Steven/Documents/Visual Studio 2010/Projects/Web Security Backend Login Handler/Test.Web_Security_Backend_Login_Handler/bin/Debug/Test.Web_Security_Backend_Login_Handler.DLL" adapterTypeName="Microsoft.VisualStudio.TestTools.TestTypes.Unit.UnitTestAdapter, Microsoft.VisualStudio.QualityTools.Tips.UnitTest.Adapter, Version=10.0.0.0, Culture=neutral, PublicKeyToken=b03f5f7f11d50a3a" className="Test.Web_Security_Backend_Login_Handler.AuthenticationControllerTest, Test.Web_Security_Backend_Login_Handler, Version=1.0.0.0, Culture=neutral, PublicKeyToken=null" name="authenticateTest_should_launch_nuke_when_given_proper_login_data" />
    </UnitTest>
    <UnitTest name="initializeTest_when_given_good_key_should_return_real_data" storage="c:\users\steven\documents\visual studio 2010\projects\web security backend login handler\test.web_security_backend_login_handler\bin\debug\test.web_security_backend_login_handler.dll" id="a9bb2a96-fdf6-f082-afa7-d86f78b1f65e">
      <Execution id="fd386939-a17d-481d-821c-8895f5cf635f" />
      <TestMethod codeBase="C:/Users/Steven/Documents/Visual Studio 2010/Projects/Web Security Backend Login Handler/Test.Web_Security_Backend_Login_Handler/bin/Debug/Test.Web_Security_Backend_Login_Handler.DLL" adapterTypeName="Microsoft.VisualStudio.TestTools.TestTypes.Unit.UnitTestAdapter, Microsoft.VisualStudio.QualityTools.Tips.UnitTest.Adapter, Version=10.0.0.0, Culture=neutral, PublicKeyToken=b03f5f7f11d50a3a" className="Test.Web_Security_Backend_Login_Handler.AuthenticationControllerTest, Test.Web_Security_Backend_Login_Handler, Version=1.0.0.0, Culture=neutral, PublicKeyToken=null" name="initializeTest_when_given_good_key_should_return_real_data" />
    </UnitTest>
    <UnitTest name="validateloginTest_should_return_false_when_SessionHolder_contains_same_key_but_different_value" storage="c:\users\steven\documents\visual studio 2010\projects\web security backend login handler\test.web_security_backend_login_handler\bin\debug\test.web_security_backend_login_handler.dll" id="c0f680fd-63b7-0fd0-2fe9-268095203a3f">
      <Execution id="09374b55-8e8e-4b2e-be82-b896b5b367ae" />
      <TestMethod codeBase="C:/Users/Steven/Documents/Visual Studio 2010/Projects/Web Security Backend Login Handler/Test.Web_Security_Backend_Login_Handler/bin/Debug/Test.Web_Security_Backend_Login_Handler.DLL" adapterTypeName="Microsoft.VisualStudio.TestTools.TestTypes.Unit.UnitTestAdapter, Microsoft.VisualStudio.QualityTools.Tips.UnitTest.Adapter, Version=10.0.0.0, Culture=neutral, PublicKeyToken=b03f5f7f11d50a3a" className="Test.Web_Security_Backend_Login_Handler.Session_HolderTest, Test.Web_Security_Backend_Login_Handler, Version=1.0.0.0, Culture=neutral, PublicKeyToken=null" name="validateloginTest_should_return_false_when_SessionHolder_contains_same_key_but_different_value" />
    </UnitTest>
    <UnitTest name="get_sessionTest" storage="c:\users\steven\documents\visual studio 2010\projects\web security backend login handler\test.web_security_backend_login_handler\bin\debug\test.web_security_backend_login_handler.dll" id="2fcca4c6-5024-5037-e412-25e2db3d580b">
      <Execution id="eac067f8-6d9a-4b66-99f5-31d1e92e3de6" />
      <TestMethod codeBase="C:/Users/Steven/Documents/Visual Studio 2010/Projects/Web Security Backend Login Handler/Test.Web_Security_Backend_Login_Handler/bin/Debug/Test.Web_Security_Backend_Login_Handler.DLL" adapterTypeName="Microsoft.VisualStudio.TestTools.TestTypes.Unit.UnitTestAdapter, Microsoft.VisualStudio.QualityTools.Tips.UnitTest.Adapter, Version=10.0.0.0, Culture=neutral, PublicKeyToken=b03f5f7f11d50a3a" className="Test.Web_Security_Backend_Login_Handler.EF_Login_Data_RepositoryTest, Test.Web_Security_Backend_Login_Handler, Version=1.0.0.0, Culture=neutral, PublicKeyToken=null" name="get_sessionTest" />
    </UnitTest>
    <UnitTest name="is_ip_lockedTest_users_should_not_lock_out_after_three_attempts_when_time_between_attempts_is_greater_then_needed" storage="c:\users\steven\documents\visual studio 2010\projects\web security backend login handler\test.web_security_backend_login_handler\bin\debug\test.web_security_backend_login_handler.dll" id="54c985bb-e719-f23b-e3d5-9f6d52ae4c84">
      <Execution id="7cc964dd-a388-49f1-98a7-6cab60113202" />
      <TestMethod codeBase="C:/Users/Steven/Documents/Visual Studio 2010/Projects/Web Security Backend Login Handler/Test.Web_Security_Backend_Login_Handler/bin/Debug/Test.Web_Security_Backend_Login_Handler.DLL" adapterTypeName="Microsoft.VisualStudio.TestTools.TestTypes.Unit.UnitTestAdapter, Microsoft.VisualStudio.QualityTools.Tips.UnitTest.Adapter, Version=10.0.0.0, Culture=neutral, PublicKeyToken=b03f5f7f11d50a3a" className="Test.Web_Security_Backend_Login_Handler.Service_ManagerTest, Test.Web_Security_Backend_Login_Handler, Version=1.0.0.0, Culture=neutral, PublicKeyToken=null" name="is_ip_lockedTest_users_should_not_lock_out_after_three_attempts_when_time_between_attempts_is_greater_then_needed" />
    </UnitTest>
    <UnitTest name="check_for_unique_session_idTest_should_return_false_when_id_is_found_in_db" storage="c:\users\steven\documents\visual studio 2010\projects\web security backend login handler\test.web_security_backend_login_handler\bin\debug\test.web_security_backend_login_handler.dll" id="7b1471ee-1c15-02d5-289f-ba94c57c4ed4">
      <Execution id="f6009d0a-98e5-4dfa-86c6-4762e88029ac" />
      <TestMethod codeBase="C:/Users/Steven/Documents/Visual Studio 2010/Projects/Web Security Backend Login Handler/Test.Web_Security_Backend_Login_Handler/bin/Debug/Test.Web_Security_Backend_Login_Handler.DLL" adapterTypeName="Microsoft.VisualStudio.TestTools.TestTypes.Unit.UnitTestAdapter, Microsoft.VisualStudio.QualityTools.Tips.UnitTest.Adapter, Version=10.0.0.0, Culture=neutral, PublicKeyToken=b03f5f7f11d50a3a" className="Test.Web_Security_Backend_Login_Handler.EF_Login_Data_RepositoryTest, Test.Web_Security_Backend_Login_Handler, Version=1.0.0.0, Culture=neutral, PublicKeyToken=null" name="check_for_unique_session_idTest_should_return_false_when_id_is_found_in_db" />
    </UnitTest>
  </TestDefinitions>
  <TestLists>
    <TestList name="Results Not in a List" id="8c84fa94-04c1-424b-9868-57a2d4851a1d" />
    <TestList name="All Loaded Results" id="19431567-8539-422a-85d7-44ee4e166bda" />
  </TestLists>
  <TestEntries>
    <TestEntry testId="079bf086-b93c-c2c9-1f00-42b7634ec2f2" executionId="165ff51b-4c2f-4fe6-849c-98031a7f90e9" testListId="8c84fa94-04c1-424b-9868-57a2d4851a1d" />
    <TestEntry testId="0841dfaf-52bb-7dfb-7275-49a894f07712" executionId="227c665f-e629-4091-a208-922729d0d06c" testListId="8c84fa94-04c1-424b-9868-57a2d4851a1d" />
    <TestEntry testId="22c85f12-a1ad-519d-548e-0be7657b5c5d" executionId="3afbe958-e620-4148-9272-e29daa39bb80" testListId="8c84fa94-04c1-424b-9868-57a2d4851a1d" />
    <TestEntry testId="2772b7c6-aea8-ca9f-63ce-5faa048dec51" executionId="c98a80ca-9fe2-4291-a7ee-c56b02ab17e7" testListId="8c84fa94-04c1-424b-9868-57a2d4851a1d" />
    <TestEntry testId="29405316-9966-0a8b-31c9-bcb4897049f4" executionId="540f6033-bd31-41b2-bc88-2d6674b03b8d" testListId="8c84fa94-04c1-424b-9868-57a2d4851a1d" />
    <TestEntry testId="2aac691f-68fa-51c4-f6b6-04c304918a9a" executionId="ad4c86b9-cd78-4a45-a628-92809446b463" testListId="8c84fa94-04c1-424b-9868-57a2d4851a1d" />
    <TestEntry testId="2d732953-32f7-04b9-b633-0438ccd5a389" executionId="874ea048-e3d8-4219-adf5-38c80f0ee1bc" testListId="8c84fa94-04c1-424b-9868-57a2d4851a1d" />
    <TestEntry testId="2f6d8dc3-e175-6550-f600-a0a25a455edb" executionId="4fae2828-8db4-43bd-bc2e-93d0de74773b" testListId="8c84fa94-04c1-424b-9868-57a2d4851a1d" />
    <TestEntry testId="2fcca4c6-5024-5037-e412-25e2db3d580b" executionId="eac067f8-6d9a-4b66-99f5-31d1e92e3de6" testListId="8c84fa94-04c1-424b-9868-57a2d4851a1d" />
    <TestEntry testId="368bdd97-67d3-cf24-9eb4-e8a0266a0986" executionId="ceeba03f-bd92-4c48-8282-cc7e60dab97f" testListId="8c84fa94-04c1-424b-9868-57a2d4851a1d" />
    <TestEntry testId="3a663574-3180-85f1-cdde-1030a0ef32ad" executionId="cb95f19d-4557-41e8-b2c8-c547c465f8f9" testListId="8c84fa94-04c1-424b-9868-57a2d4851a1d" />
    <TestEntry testId="3ca1841b-33ff-64be-37dc-bb3397b6b3f8" executionId="f330a68c-c7cf-4fcb-af1d-dbfb9bfc25d8" testListId="8c84fa94-04c1-424b-9868-57a2d4851a1d" />
    <TestEntry testId="4130b1bb-a456-1806-55a8-3f7e2e63d7a0" executionId="533bce38-f636-4d90-8f30-4ac5daf449a1" testListId="8c84fa94-04c1-424b-9868-57a2d4851a1d" />
    <TestEntry testId="451ca797-209b-dee9-6367-89f6f7d14060" executionId="dca2ac67-6d84-40ee-b905-c56e76d3d02b" testListId="8c84fa94-04c1-424b-9868-57a2d4851a1d" />
    <TestEntry testId="456fe2e4-effc-7286-1bfa-b6cee2caa7e3" executionId="ffdd01f3-7f60-4253-93ec-b20b35edd1da" testListId="8c84fa94-04c1-424b-9868-57a2d4851a1d" />
    <TestEntry testId="4897a04b-2374-7309-30e3-a76570127718" executionId="5c387cf2-ac13-488c-b8e2-69489db6bf62" testListId="8c84fa94-04c1-424b-9868-57a2d4851a1d" />
    <TestEntry testId="49ac4308-2507-de1d-6da1-ee6cc36e8c86" executionId="e4818e0e-dbe4-4fe1-a79c-79da851919d9" testListId="8c84fa94-04c1-424b-9868-57a2d4851a1d" />
    <TestEntry testId="4db1e1e3-7d8c-da35-b557-8700fecb4cae" executionId="ca107a22-7b9a-4170-bf84-48a0f3512df4" testListId="8c84fa94-04c1-424b-9868-57a2d4851a1d" />
    <TestEntry testId="54c985bb-e719-f23b-e3d5-9f6d52ae4c84" executionId="7cc964dd-a388-49f1-98a7-6cab60113202" testListId="8c84fa94-04c1-424b-9868-57a2d4851a1d" />
    <TestEntry testId="5a62df0c-700f-04be-be4d-bfeee5483f10" executionId="c07c3a9e-6b88-423c-a32d-ea26079a4329" testListId="8c84fa94-04c1-424b-9868-57a2d4851a1d" />
    <TestEntry testId="67edcd63-6396-56e4-d814-19352322cb50" executionId="7d5d76a6-ff47-4143-a8ae-16879190b5d0" testListId="8c84fa94-04c1-424b-9868-57a2d4851a1d" />
    <TestEntry testId="7b1471ee-1c15-02d5-289f-ba94c57c4ed4" executionId="f6009d0a-98e5-4dfa-86c6-4762e88029ac" testListId="8c84fa94-04c1-424b-9868-57a2d4851a1d" />
    <TestEntry testId="7d16d515-8857-ef40-7b11-d26c075d3e87" executionId="fcba182f-723d-48c4-9398-fbfd92316e9c" testListId="8c84fa94-04c1-424b-9868-57a2d4851a1d" />
    <TestEntry testId="7ec82646-bfa5-fc5d-43af-a673eb439cf8" executionId="2a189411-f61d-443d-b19d-470ca6807fc9" testListId="8c84fa94-04c1-424b-9868-57a2d4851a1d" />
    <TestEntry testId="8b26d94c-54b1-f145-32dd-94c7292f6dc1" executionId="a58756ec-7dd2-44ba-9e4b-2fc7230fb831" testListId="8c84fa94-04c1-424b-9868-57a2d4851a1d" />
    <TestEntry testId="8e37c1b8-7197-4065-2cda-557d5aa868fc" executionId="51d4bfdf-b03a-4d29-bdab-93ff016a3c87" testListId="8c84fa94-04c1-424b-9868-57a2d4851a1d" />
    <TestEntry testId="972b6f7c-0580-faff-8ab3-18e7fe4dd471" executionId="146cc474-9ac1-466b-af4d-1d9ea41235fe" testListId="8c84fa94-04c1-424b-9868-57a2d4851a1d" />
    <TestEntry testId="9979932b-cf13-fa30-2fc9-ff4981bbae56" executionId="aec57a67-ebaf-4078-ae36-95edc34590c1" testListId="8c84fa94-04c1-424b-9868-57a2d4851a1d" />
    <TestEntry testId="9a17c7d1-5b24-127e-8a9a-1e236c20a42e" executionId="469b8a72-5c91-43a0-8d8c-e8cd42eb8587" testListId="8c84fa94-04c1-424b-9868-57a2d4851a1d" />
    <TestEntry testId="9f02821a-fcc4-04ab-16ff-bb8c74969c39" executionId="691043f0-9027-4a1e-abea-d91af45d2136" testListId="8c84fa94-04c1-424b-9868-57a2d4851a1d" />
    <TestEntry testId="a06c8703-aad3-9716-909a-c0a258c09d3f" executionId="8dd3ec7a-37b7-450b-8192-fc93de2c222c" testListId="8c84fa94-04c1-424b-9868-57a2d4851a1d" />
    <TestEntry testId="a2b354b1-8faa-db23-b9f7-ec425e3e65c4" executionId="e321481f-9ef9-4347-a594-ba2c43ecd89e" testListId="8c84fa94-04c1-424b-9868-57a2d4851a1d" />
    <TestEntry testId="a47d8046-29f4-8927-47f0-c265c9287b02" executionId="a70700c8-ae8b-4b9d-aae1-a05b45be8a77" testListId="8c84fa94-04c1-424b-9868-57a2d4851a1d" />
    <TestEntry testId="a9bb2a96-fdf6-f082-afa7-d86f78b1f65e" executionId="fd386939-a17d-481d-821c-8895f5cf635f" testListId="8c84fa94-04c1-424b-9868-57a2d4851a1d" />
    <TestEntry testId="b8b91aae-b377-e572-aa09-5986400c100d" executionId="28e25690-124b-4638-97ab-ba94811e1ed3" testListId="8c84fa94-04c1-424b-9868-57a2d4851a1d" />
    <TestEntry testId="b9396433-2322-63fe-79c2-1ea5701ad9ab" executionId="6b44ef0c-30a9-4025-83b5-31edc9601253" testListId="8c84fa94-04c1-424b-9868-57a2d4851a1d" />
    <TestEntry testId="c0f680fd-63b7-0fd0-2fe9-268095203a3f" executionId="09374b55-8e8e-4b2e-be82-b896b5b367ae" testListId="8c84fa94-04c1-424b-9868-57a2d4851a1d" />
    <TestEntry testId="c25c7c45-fb93-cba1-9819-ebb7722350c0" executionId="f1e4bead-9e6b-42fa-bc40-29fff124734e" testListId="8c84fa94-04c1-424b-9868-57a2d4851a1d" />
    <TestEntry testId="c661e960-557d-6758-3466-a0b7ec8ac25b" executionId="8ba97942-6a7e-4385-b4b8-31ebad6a4569" testListId="8c84fa94-04c1-424b-9868-57a2d4851a1d" />
    <TestEntry testId="c6fdb9bc-0e83-4bbf-fff2-a9c35967cc4a" executionId="3ee7fd00-7f17-49bf-ba7a-1a893bde6fe2" testListId="8c84fa94-04c1-424b-9868-57a2d4851a1d" />
    <TestEntry testId="ddd024be-5c7b-d757-e53e-80df9d3f62ee" executionId="2b242d41-bd6d-4961-a108-a998c61e4612" testListId="8c84fa94-04c1-424b-9868-57a2d4851a1d" />
    <TestEntry testId="e9c46ba5-c232-bbce-d63c-9ee4c6aa846d" executionId="0cbed9b0-b3f0-4c27-8d9a-114a5e3b1638" testListId="8c84fa94-04c1-424b-9868-57a2d4851a1d" />
    <TestEntry testId="fbbe8828-06a5-2bef-1a86-cd6776514619" executionId="10cda01f-7040-4b78-a6b5-5c50964af1cf" testListId="8c84fa94-04c1-424b-9868-57a2d4851a1d" />
    <TestEntry testId="fec82914-8d2b-ce0e-0f68-141c8e76da6f" executionId="b478e342-cc08-420c-addf-a4934a601c63" testListId="8c84fa94-04c1-424b-9868-57a2d4851a1d" />
  </TestEntries>
  <Results>
    <UnitTestResult executionId="165ff51b-4c2f-4fe6-849c-98031a7f90e9" testId="079bf086-b93c-c2c9-1f00-42b7634ec2f2" testName="store_failed_initialize_attemptTest" computerName="2TAFFY" duration="00:00:03.9877395" startTime="2012-04-25T23:07:13.6250000-04:00" endTime="2012-04-25T23:07:18.0625000-04:00" testType="13cdc9d9-ddb5-4fa4-a97d-d965ccfc6d4b" outcome="Passed" testListId="8c84fa94-04c1-424b-9868-57a2d4851a1d" relativeResultsDirectory="165ff51b-4c2f-4fe6-849c-98031a7f90e9">
    </UnitTestResult>
    <UnitTestResult executionId="227c665f-e629-4091-a208-922729d0d06c" testId="0841dfaf-52bb-7dfb-7275-49a894f07712" testName="validateloginTest_should_return_true_when_login_attempt_from_different_hash_objects" computerName="2TAFFY" duration="00:00:00.0046058" startTime="2012-04-25T23:07:18.0625000-04:00" endTime="2012-04-25T23:07:18.0781250-04:00" testType="13cdc9d9-ddb5-4fa4-a97d-d965ccfc6d4b" outcome="Passed" testListId="8c84fa94-04c1-424b-9868-57a2d4851a1d" relativeResultsDirectory="227c665f-e629-4091-a208-922729d0d06c">
    </UnitTestResult>
    <UnitTestResult executionId="3afbe958-e620-4148-9272-e29daa39bb80" testId="22c85f12-a1ad-519d-548e-0be7657b5c5d" testName="check_for_unique_pub_keyTest_should_return_false_when_the_same_REMOTE_key_exists" computerName="2TAFFY" duration="00:00:01.4772997" startTime="2012-04-25T23:07:18.0937500-04:00" endTime="2012-04-25T23:07:19.5781250-04:00" testType="13cdc9d9-ddb5-4fa4-a97d-d965ccfc6d4b" outcome="Failed" testListId="8c84fa94-04c1-424b-9868-57a2d4851a1d" relativeResultsDirectory="3afbe958-e620-4148-9272-e29daa39bb80">
      <Output>
        <ErrorInfo>
          <Message>Test method Test.Web_Security_Backend_Login_Handler.EF_Login_Data_RepositoryTest.check_for_unique_pub_keyTest_should_return_false_when_the_same_REMOTE_key_exists threw exception: 
System.InvalidCastException: Unable to cast object of type 'System.Int32' to type 'System.String'.</Message>
          <StackTrace>    at Web_Security_Backend_Login_Handler.Models.db_calculatedKey.convert_Hashtable_to_list_of_calculatedKey(Hashtable hash) in C:\Users\Steven\Documents\Visual Studio 2010\Projects\Web Security Backend Login Handler\Web Security Backend Login Handler\Models\db_calculatedKey.cs:line 32
   at Web_Security_Backend_Login_Handler.Models.Session_Holder..ctor(IDataRepository db, Int64 remote_key, Int64 remote_shared_key) in C:\Users\Steven\Documents\Visual Studio 2010\Projects\Web Security Backend Login Handler\Web Security Backend Login Handler\Models\Session_Holder.cs:line 35
   at Test.Web_Security_Backend_Login_Handler.EF_Login_Data_RepositoryTest.check_for_unique_pub_keyTest_should_return_false_when_the_same_REMOTE_key_exists() in C:\Users\Steven\Documents\Visual Studio 2010\Projects\Web Security Backend Login Handler\Test.Web_Security_Backend_Login_Handler\EF_Login_Data_RepositoryTest.cs:line 113
</StackTrace>
        </ErrorInfo>
      </Output>
    </UnitTestResult>
    <UnitTestResult executionId="c98a80ca-9fe2-4291-a7ee-c56b02ab17e7" testId="2772b7c6-aea8-ca9f-63ce-5faa048dec51" testName="check_for_unique_pub_keyTest_should_return_True_when_a_different_REMOTE_key_exists" computerName="2TAFFY" duration="00:00:01.0739781" startTime="2012-04-25T23:07:19.5781250-04:00" endTime="2012-04-25T23:07:20.6718750-04:00" testType="13cdc9d9-ddb5-4fa4-a97d-d965ccfc6d4b" outcome="Failed" testListId="8c84fa94-04c1-424b-9868-57a2d4851a1d" relativeResultsDirectory="c98a80ca-9fe2-4291-a7ee-c56b02ab17e7">
      <Output>
        <ErrorInfo>
          <Message>Test method Test.Web_Security_Backend_Login_Handler.EF_Login_Data_RepositoryTest.check_for_unique_pub_keyTest_should_return_True_when_a_different_REMOTE_key_exists threw exception: 
System.InvalidCastException: Unable to cast object of type 'System.Int32' to type 'System.String'.</Message>
          <StackTrace>    at Web_Security_Backend_Login_Handler.Models.db_calculatedKey.convert_Hashtable_to_list_of_calculatedKey(Hashtable hash) in C:\Users\Steven\Documents\Visual Studio 2010\Projects\Web Security Backend Login Handler\Web Security Backend Login Handler\Models\db_calculatedKey.cs:line 32
   at Web_Security_Backend_Login_Handler.Models.Session_Holder..ctor(IDataRepository db, Int64 remote_key, Int64 remote_shared_key) in C:\Users\Steven\Documents\Visual Studio 2010\Projects\Web Security Backend Login Handler\Web Security Backend Login Handler\Models\Session_Holder.cs:line 35
   at Test.Web_Security_Backend_Login_Handler.EF_Login_Data_RepositoryTest.check_for_unique_pub_keyTest_should_return_True_when_a_different_REMOTE_key_exists() in C:\Users\Steven\Documents\Visual Studio 2010\Projects\Web Security Backend Login Handler\Test.Web_Security_Backend_Login_Handler\EF_Login_Data_RepositoryTest.cs:line 125
</StackTrace>
        </ErrorInfo>
      </Output>
    </UnitTestResult>
    <UnitTestResult executionId="540f6033-bd31-41b2-bc88-2d6674b03b8d" testId="29405316-9966-0a8b-31c9-bcb4897049f4" testName="authenticateTest_should_expire_session_during_login_attempt" computerName="2TAFFY" duration="00:00:00.0164630" startTime="2012-04-25T23:07:20.7031250-04:00" endTime="2012-04-25T23:07:20.7343750-04:00" testType="13cdc9d9-ddb5-4fa4-a97d-d965ccfc6d4b" outcome="Failed" testListId="8c84fa94-04c1-424b-9868-57a2d4851a1d" relativeResultsDirectory="540f6033-bd31-41b2-bc88-2d6674b03b8d">
      <Output>
        <ErrorInfo>
          <Message>Test method Test.Web_Security_Backend_Login_Handler.AuthenticationControllerTest.authenticateTest_should_expire_session_during_login_attempt threw exception: 
System.InvalidCastException: Unable to cast object of type 'System.Int32' to type 'System.String'.</Message>
          <StackTrace>    at Web_Security_Backend_Login_Handler.Models.db_calculatedKey.convert_Hashtable_to_list_of_calculatedKey(Hashtable hash) in C:\Users\Steven\Documents\Visual Studio 2010\Projects\Web Security Backend Login Handler\Web Security Backend Login Handler\Models\db_calculatedKey.cs:line 32
   at Web_Security_Backend_Login_Handler.Models.Session_Holder..ctor(IDataRepository db, Int64 remote_key, Int64 remote_shared_key) in C:\Users\Steven\Documents\Visual Studio 2010\Projects\Web Security Backend Login Handler\Web Security Backend Login Handler\Models\Session_Holder.cs:line 35
   at Test.Web_Security_Backend_Login_Handler.Database_mock_up..ctor(Int64 remote_pub_key, Int64 remote_shared_key) in C:\Users\Steven\Documents\Visual Studio 2010\Projects\Web Security Backend Login Handler\Test.Web_Security_Backend_Login_Handler\Database_mock_up.cs:line 22
   at Test.Web_Security_Backend_Login_Handler.AuthenticationControllerTest.authenticateTest_should_expire_session_during_login_attempt() in C:\Users\Steven\Documents\Visual Studio 2010\Projects\Web Security Backend Login Handler\Test.Web_Security_Backend_Login_Handler\AuthenticationControllerTest.cs:line 134
</StackTrace>
        </ErrorInfo>
      </Output>
    </UnitTestResult>
    <UnitTestResult executionId="ad4c86b9-cd78-4a45-a628-92809446b463" testId="2aac691f-68fa-51c4-f6b6-04c304918a9a" testName="authenticateTest_should_fail_login_when_given_bad_session_id" computerName="2TAFFY" duration="00:00:00.0132410" startTime="2012-04-25T23:07:20.7500000-04:00" endTime="2012-04-25T23:07:20.7812500-04:00" testType="13cdc9d9-ddb5-4fa4-a97d-d965ccfc6d4b" outcome="Failed" testListId="8c84fa94-04c1-424b-9868-57a2d4851a1d" relativeResultsDirectory="ad4c86b9-cd78-4a45-a628-92809446b463">
      <Output>
        <ErrorInfo>
          <Message>Test method Test.Web_Security_Backend_Login_Handler.AuthenticationControllerTest.authenticateTest_should_fail_login_when_given_bad_session_id threw exception: 
System.InvalidCastException: Unable to cast object of type 'System.Int32' to type 'System.String'.</Message>
          <StackTrace>    at Web_Security_Backend_Login_Handler.Models.db_calculatedKey.convert_Hashtable_to_list_of_calculatedKey(Hashtable hash) in C:\Users\Steven\Documents\Visual Studio 2010\Projects\Web Security Backend Login Handler\Web Security Backend Login Handler\Models\db_calculatedKey.cs:line 32
   at Web_Security_Backend_Login_Handler.Models.Session_Holder..ctor(IDataRepository db, Int64 remote_key, Int64 remote_shared_key) in C:\Users\Steven\Documents\Visual Studio 2010\Projects\Web Security Backend Login Handler\Web Security Backend Login Handler\Models\Session_Holder.cs:line 35
   at Test.Web_Security_Backend_Login_Handler.Database_mock_up..ctor(Int64 remote_pub_key, Int64 remote_shared_key) in C:\Users\Steven\Documents\Visual Studio 2010\Projects\Web Security Backend Login Handler\Test.Web_Security_Backend_Login_Handler\Database_mock_up.cs:line 22
   at Test.Web_Security_Backend_Login_Handler.AuthenticationControllerTest.authenticateTest_should_fail_login_when_given_bad_session_id() in C:\Users\Steven\Documents\Visual Studio 2010\Projects\Web Security Backend Login Handler\Test.Web_Security_Backend_Login_Handler\AuthenticationControllerTest.cs:line 164
</StackTrace>
        </ErrorInfo>
      </Output>
    </UnitTestResult>
    <UnitTestResult executionId="874ea048-e3d8-4219-adf5-38c80f0ee1bc" testId="2d732953-32f7-04b9-b633-0438ccd5a389" testName="get_sessionTest_should_return_null_when_session_is_not_found" computerName="2TAFFY" duration="00:00:01.2185803" startTime="2012-04-25T23:07:20.8281250-04:00" endTime="2012-04-25T23:07:22.0625000-04:00" testType="13cdc9d9-ddb5-4fa4-a97d-d965ccfc6d4b" outcome="Passed" testListId="8c84fa94-04c1-424b-9868-57a2d4851a1d" relativeResultsDirectory="874ea048-e3d8-4219-adf5-38c80f0ee1bc">
    </UnitTestResult>
    <UnitTestResult executionId="4fae2828-8db4-43bd-bc2e-93d0de74773b" testId="2f6d8dc3-e175-6550-f600-a0a25a455edb" testName="record_failed_attemptTest_should_update_ip_record_when_ip_is_found" computerName="2TAFFY" duration="00:00:00.0067950" startTime="2012-04-25T23:07:22.0625000-04:00" endTime="2012-04-25T23:07:22.0937500-04:00" testType="13cdc9d9-ddb5-4fa4-a97d-d965ccfc6d4b" outcome="Passed" testListId="8c84fa94-04c1-424b-9868-57a2d4851a1d" relativeResultsDirectory="4fae2828-8db4-43bd-bc2e-93d0de74773b">
    </UnitTestResult>
    <UnitTestResult executionId="eac067f8-6d9a-4b66-99f5-31d1e92e3de6" testId="2fcca4c6-5024-5037-e412-25e2db3d580b" testName="get_sessionTest" computerName="2TAFFY" duration="00:00:01.1566652" startTime="2012-04-25T23:07:22.0937500-04:00" endTime="2012-04-25T23:07:23.2656250-04:00" testType="13cdc9d9-ddb5-4fa4-a97d-d965ccfc6d4b" outcome="Failed" testListId="8c84fa94-04c1-424b-9868-57a2d4851a1d" relativeResultsDirectory="eac067f8-6d9a-4b66-99f5-31d1e92e3de6">
      <Output>
        <ErrorInfo>
          <Message>Test method Test.Web_Security_Backend_Login_Handler.EF_Login_Data_RepositoryTest.get_sessionTest threw exception: 
System.InvalidCastException: Unable to cast object of type 'System.Int32' to type 'System.String'.</Message>
          <StackTrace>    at Web_Security_Backend_Login_Handler.Models.db_calculatedKey.convert_Hashtable_to_list_of_calculatedKey(Hashtable hash) in C:\Users\Steven\Documents\Visual Studio 2010\Projects\Web Security Backend Login Handler\Web Security Backend Login Handler\Models\db_calculatedKey.cs:line 32
   at Web_Security_Backend_Login_Handler.Models.Session_Holder..ctor(IDataRepository db, Int64 remote_key, Int64 remote_shared_key) in C:\Users\Steven\Documents\Visual Studio 2010\Projects\Web Security Backend Login Handler\Web Security Backend Login Handler\Models\Session_Holder.cs:line 35
   at Test.Web_Security_Backend_Login_Handler.EF_Login_Data_RepositoryTest.get_sessionTest() in C:\Users\Steven\Documents\Visual Studio 2010\Projects\Web Security Backend Login Handler\Test.Web_Security_Backend_Login_Handler\EF_Login_Data_RepositoryTest.cs:line 239
</StackTrace>
        </ErrorInfo>
      </Output>
    </UnitTestResult>
    <UnitTestResult executionId="ceeba03f-bd92-4c48-8282-cc7e60dab97f" testId="368bdd97-67d3-cf24-9eb4-e8a0266a0986" testName="store_sessionTest_should_allow_multiple_sessions_to_be_stored" computerName="2TAFFY" duration="00:00:01.0926629" startTime="2012-04-25T23:07:23.2656250-04:00" endTime="2012-04-25T23:07:24.3750000-04:00" testType="13cdc9d9-ddb5-4fa4-a97d-d965ccfc6d4b" outcome="Failed" testListId="8c84fa94-04c1-424b-9868-57a2d4851a1d" relativeResultsDirectory="ceeba03f-bd92-4c48-8282-cc7e60dab97f">
      <Output>
        <ErrorInfo>
          <Message>Test method Test.Web_Security_Backend_Login_Handler.EF_Login_Data_RepositoryTest.store_sessionTest_should_allow_multiple_sessions_to_be_stored threw exception: 
System.InvalidCastException: Unable to cast object of type 'System.Int32' to type 'System.String'.</Message>
          <StackTrace>    at Web_Security_Backend_Login_Handler.Models.db_calculatedKey.convert_Hashtable_to_list_of_calculatedKey(Hashtable hash) in C:\Users\Steven\Documents\Visual Studio 2010\Projects\Web Security Backend Login Handler\Web Security Backend Login Handler\Models\db_calculatedKey.cs:line 32
   at Web_Security_Backend_Login_Handler.Models.Session_Holder..ctor(IDataRepository db, Int64 remote_key, Int64 remote_shared_key) in C:\Users\Steven\Documents\Visual Studio 2010\Projects\Web Security Backend Login Handler\Web Security Backend Login Handler\Models\Session_Holder.cs:line 35
   at Test.Web_Security_Backend_Login_Handler.EF_Login_Data_RepositoryTest.store_sessionTest_should_allow_multiple_sessions_to_be_stored() in C:\Users\Steven\Documents\Visual Studio 2010\Projects\Web Security Backend Login Handler\Test.Web_Security_Backend_Login_Handler\EF_Login_Data_RepositoryTest.cs:line 295
</StackTrace>
        </ErrorInfo>
      </Output>
    </UnitTestResult>
    <UnitTestResult executionId="cb95f19d-4557-41e8-b2c8-c547c465f8f9" testId="3a663574-3180-85f1-cdde-1030a0ef32ad" testName="validateloginTest_should_return_false_when_login_attempt_is_empty" computerName="2TAFFY" duration="00:00:00.0075310" startTime="2012-04-25T23:07:24.4218750-04:00" endTime="2012-04-25T23:07:24.4375000-04:00" testType="13cdc9d9-ddb5-4fa4-a97d-d965ccfc6d4b" outcome="Passed" testListId="8c84fa94-04c1-424b-9868-57a2d4851a1d" relativeResultsDirectory="cb95f19d-4557-41e8-b2c8-c547c465f8f9">
    </UnitTestResult>
    <UnitTestResult executionId="f330a68c-c7cf-4fcb-af1d-dbfb9bfc25d8" testId="3ca1841b-33ff-64be-37dc-bb3397b6b3f8" testName="check_for_unique_pub_keyTest_should_return_true_when_key_does_not_exist_in_db" computerName="2TAFFY" duration="00:00:01.2864777" startTime="2012-04-25T23:07:24.4375000-04:00" endTime="2012-04-25T23:07:25.7500000-04:00" testType="13cdc9d9-ddb5-4fa4-a97d-d965ccfc6d4b" outcome="Passed" testListId="8c84fa94-04c1-424b-9868-57a2d4851a1d" relativeResultsDirectory="f330a68c-c7cf-4fcb-af1d-dbfb9bfc25d8">
    </UnitTestResult>
    <UnitTestResult executionId="533bce38-f636-4d90-8f30-4ac5daf449a1" testId="4130b1bb-a456-1806-55a8-3f7e2e63d7a0" testName="authenticateTest_should_launch_nuke_when_given_proper_login_data" computerName="2TAFFY" duration="00:00:00.0073010" startTime="2012-04-25T23:07:25.7500000-04:00" endTime="2012-04-25T23:07:25.7656250-04:00" testType="13cdc9d9-ddb5-4fa4-a97d-d965ccfc6d4b" outcome="Failed" testListId="8c84fa94-04c1-424b-9868-57a2d4851a1d" relativeResultsDirectory="533bce38-f636-4d90-8f30-4ac5daf449a1">
      <Output>
        <ErrorInfo>
          <Message>Test method Test.Web_Security_Backend_Login_Handler.AuthenticationControllerTest.authenticateTest_should_launch_nuke_when_given_proper_login_data threw exception: 
System.InvalidCastException: Unable to cast object of type 'System.Int32' to type 'System.String'.</Message>
          <StackTrace>    at Web_Security_Backend_Login_Handler.Models.db_calculatedKey.convert_Hashtable_to_list_of_calculatedKey(Hashtable hash) in C:\Users\Steven\Documents\Visual Studio 2010\Projects\Web Security Backend Login Handler\Web Security Backend Login Handler\Models\db_calculatedKey.cs:line 32
   at Web_Security_Backend_Login_Handler.Models.Session_Holder..ctor(IDataRepository db, Int64 remote_key, Int64 remote_shared_key) in C:\Users\Steven\Documents\Visual Studio 2010\Projects\Web Security Backend Login Handler\Web Security Backend Login Handler\Models\Session_Holder.cs:line 35
   at Test.Web_Security_Backend_Login_Handler.Database_mock_up..ctor(Int64 remote_pub_key, Int64 remote_shared_key) in C:\Users\Steven\Documents\Visual Studio 2010\Projects\Web Security Backend Login Handler\Test.Web_Security_Backend_Login_Handler\Database_mock_up.cs:line 22
   at Test.Web_Security_Backend_Login_Handler.AuthenticationControllerTest.authenticateTest_should_launch_nuke_when_given_proper_login_data() in C:\Users\Steven\Documents\Visual Studio 2010\Projects\Web Security Backend Login Handler\Test.Web_Security_Backend_Login_Handler\AuthenticationControllerTest.cs:line 123
</StackTrace>
        </ErrorInfo>
      </Output>
    </UnitTestResult>
    <UnitTestResult executionId="dca2ac67-6d84-40ee-b905-c56e76d3d02b" testId="451ca797-209b-dee9-6367-89f6f7d14060" testName="is_ip_lockedTest_users_should_unlocklock_out_after_four_attempts_if_unlock_period_has_been_exceeded" computerName="2TAFFY" duration="00:00:00.0060050" startTime="2012-04-25T23:07:25.7812500-04:00" endTime="2012-04-25T23:07:25.7968750-04:00" testType="13cdc9d9-ddb5-4fa4-a97d-d965ccfc6d4b" outcome="Passed" testListId="8c84fa94-04c1-424b-9868-57a2d4851a1d" relativeResultsDirectory="dca2ac67-6d84-40ee-b905-c56e76d3d02b">
    </UnitTestResult>
    <UnitTestResult executionId="ffdd01f3-7f60-4253-93ec-b20b35edd1da" testId="456fe2e4-effc-7286-1bfa-b6cee2caa7e3" testName="authenticateTest_should_fail_login_when_given_incorrect_login_data" computerName="2TAFFY" duration="00:00:00.0048983" startTime="2012-04-25T23:07:25.7968750-04:00" endTime="2012-04-25T23:07:25.8125000-04:00" testType="13cdc9d9-ddb5-4fa4-a97d-d965ccfc6d4b" outcome="Failed" testListId="8c84fa94-04c1-424b-9868-57a2d4851a1d" relativeResultsDirectory="ffdd01f3-7f60-4253-93ec-b20b35edd1da">
      <Output>
        <ErrorInfo>
          <Message>Test method Test.Web_Security_Backend_Login_Handler.AuthenticationControllerTest.authenticateTest_should_fail_login_when_given_incorrect_login_data threw exception: 
System.InvalidCastException: Unable to cast object of type 'System.Int32' to type 'System.String'.</Message>
          <StackTrace>    at Web_Security_Backend_Login_Handler.Models.db_calculatedKey.convert_Hashtable_to_list_of_calculatedKey(Hashtable hash) in C:\Users\Steven\Documents\Visual Studio 2010\Projects\Web Security Backend Login Handler\Web Security Backend Login Handler\Models\db_calculatedKey.cs:line 32
   at Web_Security_Backend_Login_Handler.Models.Session_Holder..ctor(IDataRepository db, Int64 remote_key, Int64 remote_shared_key) in C:\Users\Steven\Documents\Visual Studio 2010\Projects\Web Security Backend Login Handler\Web Security Backend Login Handler\Models\Session_Holder.cs:line 35
   at Test.Web_Security_Backend_Login_Handler.Database_mock_up..ctor(Int64 remote_pub_key, Int64 remote_shared_key) in C:\Users\Steven\Documents\Visual Studio 2010\Projects\Web Security Backend Login Handler\Test.Web_Security_Backend_Login_Handler\Database_mock_up.cs:line 22
   at Test.Web_Security_Backend_Login_Handler.AuthenticationControllerTest.authenticateTest_should_fail_login_when_given_incorrect_login_data() in C:\Users\Steven\Documents\Visual Studio 2010\Projects\Web Security Backend Login Handler\Test.Web_Security_Backend_Login_Handler\AuthenticationControllerTest.cs:line 152
</StackTrace>
        </ErrorInfo>
      </Output>
    </UnitTestResult>
    <UnitTestResult executionId="5c387cf2-ac13-488c-b8e2-69489db6bf62" testId="4897a04b-2374-7309-30e3-a76570127718" testName="validateloginTest_should_return_false_when_SessionHolder_does_not_contain_same_values" computerName="2TAFFY" duration="00:00:00.0033982" startTime="2012-04-25T23:07:25.8281250-04:00" endTime="2012-04-25T23:07:25.8281250-04:00" testType="13cdc9d9-ddb5-4fa4-a97d-d965ccfc6d4b" outcome="Passed" testListId="8c84fa94-04c1-424b-9868-57a2d4851a1d" relativeResultsDirectory="5c387cf2-ac13-488c-b8e2-69489db6bf62">
    </UnitTestResult>
    <UnitTestResult executionId="e4818e0e-dbe4-4fe1-a79c-79da851919d9" testId="49ac4308-2507-de1d-6da1-ee6cc36e8c86" testName="store_sessionTest" computerName="2TAFFY" duration="00:00:01.2359749" startTime="2012-04-25T23:07:25.8437500-04:00" endTime="2012-04-25T23:07:27.0781250-04:00" testType="13cdc9d9-ddb5-4fa4-a97d-d965ccfc6d4b" outcome="Failed" testListId="8c84fa94-04c1-424b-9868-57a2d4851a1d" relativeResultsDirectory="e4818e0e-dbe4-4fe1-a79c-79da851919d9">
      <Output>
        <ErrorInfo>
          <Message>Test method Test.Web_Security_Backend_Login_Handler.EF_Login_Data_RepositoryTest.store_sessionTest threw exception: 
System.InvalidCastException: Unable to cast object of type 'System.Int32' to type 'System.String'.</Message>
          <StackTrace>    at Web_Security_Backend_Login_Handler.Models.db_calculatedKey.convert_Hashtable_to_list_of_calculatedKey(Hashtable hash) in C:\Users\Steven\Documents\Visual Studio 2010\Projects\Web Security Backend Login Handler\Web Security Backend Login Handler\Models\db_calculatedKey.cs:line 32
   at Web_Security_Backend_Login_Handler.Models.Session_Holder..ctor(IDataRepository db, Int64 remote_key, Int64 remote_shared_key) in C:\Users\Steven\Documents\Visual Studio 2010\Projects\Web Security Backend Login Handler\Web Security Backend Login Handler\Models\Session_Holder.cs:line 35
   at Test.Web_Security_Backend_Login_Handler.EF_Login_Data_RepositoryTest.store_sessionTest() in C:\Users\Steven\Documents\Visual Studio 2010\Projects\Web Security Backend Login Handler\Test.Web_Security_Backend_Login_Handler\EF_Login_Data_RepositoryTest.cs:line 283
</StackTrace>
        </ErrorInfo>
      </Output>
    </UnitTestResult>
    <UnitTestResult executionId="ca107a22-7b9a-4170-bf84-48a0f3512df4" testId="4db1e1e3-7d8c-da35-b557-8700fecb4cae" testName="validateloginTest_should_return_true_when_SessionHolder_contains_alls_same_element_dispite_extra_passed_in_elements" computerName="2TAFFY" duration="00:00:00.0008127" startTime="2012-04-25T23:07:27.0937500-04:00" endTime="2012-04-25T23:07:27.1093750-04:00" testType="13cdc9d9-ddb5-4fa4-a97d-d965ccfc6d4b" outcome="Passed" testListId="8c84fa94-04c1-424b-9868-57a2d4851a1d" relativeResultsDirectory="ca107a22-7b9a-4170-bf84-48a0f3512df4">
    </UnitTestResult>
    <UnitTestResult executionId="7cc964dd-a388-49f1-98a7-6cab60113202" testId="54c985bb-e719-f23b-e3d5-9f6d52ae4c84" testName="is_ip_lockedTest_users_should_not_lock_out_after_three_attempts_when_time_between_attempts_is_greater_then_needed" computerName="2TAFFY" duration="00:00:00.0008686" startTime="2012-04-25T23:07:27.1093750-04:00" endTime="2012-04-25T23:07:27.1250000-04:00" testType="13cdc9d9-ddb5-4fa4-a97d-d965ccfc6d4b" outcome="Passed" testListId="8c84fa94-04c1-424b-9868-57a2d4851a1d" relativeResultsDirectory="7cc964dd-a388-49f1-98a7-6cab60113202">
    </UnitTestResult>
    <UnitTestResult executionId="c07c3a9e-6b88-423c-a32d-ea26079a4329" testId="5a62df0c-700f-04be-be4d-bfeee5483f10" testName="check_for_unique_data_stringTest_should_return_false_when_string_is_found_in_db" computerName="2TAFFY" duration="00:00:01.5557612" startTime="2012-04-25T23:07:27.1406250-04:00" endTime="2012-04-25T23:07:28.7060546-04:00" testType="13cdc9d9-ddb5-4fa4-a97d-d965ccfc6d4b" outcome="Failed" testListId="8c84fa94-04c1-424b-9868-57a2d4851a1d" relativeResultsDirectory="c07c3a9e-6b88-423c-a32d-ea26079a4329">
      <Output>
        <ErrorInfo>
          <Message>Test method Test.Web_Security_Backend_Login_Handler.EF_Login_Data_RepositoryTest.check_for_unique_data_stringTest_should_return_false_when_string_is_found_in_db threw exception: 
System.InvalidCastException: Unable to cast object of type 'System.Int32' to type 'System.String'.</Message>
          <StackTrace>    at Web_Security_Backend_Login_Handler.Models.db_calculatedKey.convert_Hashtable_to_list_of_calculatedKey(Hashtable hash) in C:\Users\Steven\Documents\Visual Studio 2010\Projects\Web Security Backend Login Handler\Web Security Backend Login Handler\Models\db_calculatedKey.cs:line 32
   at Web_Security_Backend_Login_Handler.Models.Session_Holder..ctor(IDataRepository db, Int64 remote_key, Int64 remote_shared_key) in C:\Users\Steven\Documents\Visual Studio 2010\Projects\Web Security Backend Login Handler\Web Security Backend Login Handler\Models\Session_Holder.cs:line 35
   at Test.Web_Security_Backend_Login_Handler.EF_Login_Data_RepositoryTest.check_for_unique_data_stringTest_should_return_false_when_string_is_found_in_db() in C:\Users\Steven\Documents\Visual Studio 2010\Projects\Web Security Backend Login Handler\Test.Web_Security_Backend_Login_Handler\EF_Login_Data_RepositoryTest.cs:line 164
</StackTrace>
        </ErrorInfo>
      </Output>
    </UnitTestResult>
    <UnitTestResult executionId="7d5d76a6-ff47-4143-a8ae-16879190b5d0" testId="67edcd63-6396-56e4-d814-19352322cb50" testName="Service_Manager_object_should_still_hold_attempts_when_deserialized" computerName="2TAFFY" duration="00:00:00.0119328" startTime="2012-04-25T23:07:28.7167968-04:00" endTime="2012-04-25T23:07:28.7382812-04:00" testType="13cdc9d9-ddb5-4fa4-a97d-d965ccfc6d4b" outcome="Passed" testListId="8c84fa94-04c1-424b-9868-57a2d4851a1d" relativeResultsDirectory="7d5d76a6-ff47-4143-a8ae-16879190b5d0">
    </UnitTestResult>
    <UnitTestResult executionId="f6009d0a-98e5-4dfa-86c6-4762e88029ac" testId="7b1471ee-1c15-02d5-289f-ba94c57c4ed4" testName="check_for_unique_session_idTest_should_return_false_when_id_is_found_in_db" computerName="2TAFFY" duration="00:00:01.1880167" startTime="2012-04-25T23:07:28.7490234-04:00" endTime="2012-04-25T23:07:29.9521484-04:00" testType="13cdc9d9-ddb5-4fa4-a97d-d965ccfc6d4b" outcome="Failed" testListId="8c84fa94-04c1-424b-9868-57a2d4851a1d" relativeResultsDirectory="f6009d0a-98e5-4dfa-86c6-4762e88029ac">
      <Output>
        <ErrorInfo>
          <Message>Test method Test.Web_Security_Backend_Login_Handler.EF_Login_Data_RepositoryTest.check_for_unique_session_idTest_should_return_false_when_id_is_found_in_db threw exception: 
System.InvalidCastException: Unable to cast object of type 'System.Int32' to type 'System.String'.</Message>
          <StackTrace>    at Web_Security_Backend_Login_Handler.Models.db_calculatedKey.convert_Hashtable_to_list_of_calculatedKey(Hashtable hash) in C:\Users\Steven\Documents\Visual Studio 2010\Projects\Web Security Backend Login Handler\Web Security Backend Login Handler\Models\db_calculatedKey.cs:line 32
   at Web_Security_Backend_Login_Handler.Models.Session_Holder..ctor(IDataRepository db, Int64 remote_key, Int64 remote_shared_key) in C:\Users\Steven\Documents\Visual Studio 2010\Projects\Web Security Backend Login Handler\Web Security Backend Login Handler\Models\Session_Holder.cs:line 35
   at Test.Web_Security_Backend_Login_Handler.EF_Login_Data_RepositoryTest.check_for_unique_session_idTest_should_return_false_when_id_is_found_in_db() in C:\Users\Steven\Documents\Visual Studio 2010\Projects\Web Security Backend Login Handler\Test.Web_Security_Backend_Login_Handler\EF_Login_Data_RepositoryTest.cs:line 190
</StackTrace>
        </ErrorInfo>
      </Output>
    </UnitTestResult>
    <UnitTestResult executionId="fcba182f-723d-48c4-9398-fbfd92316e9c" testId="7d16d515-8857-ef40-7b11-d26c075d3e87" testName="is_ip_lockedTest_users_should_not_lock_out_an_unknown_ip" computerName="2TAFFY" duration="00:00:00.0142829" startTime="2012-04-25T23:07:29.9677734-04:00" endTime="2012-04-25T23:07:29.9990234-04:00" testType="13cdc9d9-ddb5-4fa4-a97d-d965ccfc6d4b" outcome="Passed" testListId="8c84fa94-04c1-424b-9868-57a2d4851a1d" relativeResultsDirectory="fcba182f-723d-48c4-9398-fbfd92316e9c">
    </UnitTestResult>
    <UnitTestResult executionId="2a189411-f61d-443d-b19d-470ca6807fc9" testId="7ec82646-bfa5-fc5d-43af-a673eb439cf8" testName="validateloginTest_should_return_false_when_SessionHolder_contains_no_values" computerName="2TAFFY" duration="00:00:00.0007290" startTime="2012-04-25T23:07:29.9990234-04:00" endTime="2012-04-25T23:07:30.0146484-04:00" testType="13cdc9d9-ddb5-4fa4-a97d-d965ccfc6d4b" outcome="Passed" testListId="8c84fa94-04c1-424b-9868-57a2d4851a1d" relativeResultsDirectory="2a189411-f61d-443d-b19d-470ca6807fc9">
    </UnitTestResult>
    <UnitTestResult executionId="a58756ec-7dd2-44ba-9e4b-2fc7230fb831" testId="8b26d94c-54b1-f145-32dd-94c7292f6dc1" testName="initializeTest_when_given_string_in_pubKey_should_return_fake_data" computerName="2TAFFY" duration="00:00:00.0089857" startTime="2012-04-25T23:07:30.0302734-04:00" endTime="2012-04-25T23:07:30.0615234-04:00" testType="13cdc9d9-ddb5-4fa4-a97d-d965ccfc6d4b" outcome="Failed" testListId="8c84fa94-04c1-424b-9868-57a2d4851a1d" relativeResultsDirectory="a58756ec-7dd2-44ba-9e4b-2fc7230fb831">
      <Output>
        <ErrorInfo>
          <Message>Test method Test.Web_Security_Backend_Login_Handler.AuthenticationControllerTest.initializeTest_when_given_string_in_pubKey_should_return_fake_data threw exception: 
System.InvalidCastException: Unable to cast object of type 'System.Int32' to type 'System.String'.</Message>
          <StackTrace>    at Web_Security_Backend_Login_Handler.Models.db_calculatedKey.convert_Hashtable_to_list_of_calculatedKey(Hashtable hash) in C:\Users\Steven\Documents\Visual Studio 2010\Projects\Web Security Backend Login Handler\Web Security Backend Login Handler\Models\db_calculatedKey.cs:line 32
   at Web_Security_Backend_Login_Handler.Models.Session_Holder..ctor(IDataRepository db, Int64 remote_key, Int64 remote_shared_key) in C:\Users\Steven\Documents\Visual Studio 2010\Projects\Web Security Backend Login Handler\Web Security Backend Login Handler\Models\Session_Holder.cs:line 35
   at Test.Web_Security_Backend_Login_Handler.Database_mock_up..ctor(Int64 remote_pub_key, Int64 remote_shared_key) in C:\Users\Steven\Documents\Visual Studio 2010\Projects\Web Security Backend Login Handler\Test.Web_Security_Backend_Login_Handler\Database_mock_up.cs:line 22
   at Test.Web_Security_Backend_Login_Handler.AuthenticationControllerTest.initializeTest_when_given_string_in_pubKey_should_return_fake_data() in C:\Users\Steven\Documents\Visual Studio 2010\Projects\Web Security Backend Login Handler\Test.Web_Security_Backend_Login_Handler\AuthenticationControllerTest.cs:line 103
</StackTrace>
        </ErrorInfo>
      </Output>
    </UnitTestResult>
    <UnitTestResult executionId="51d4bfdf-b03a-4d29-bdab-93ff016a3c87" testId="8e37c1b8-7197-4065-2cda-557d5aa868fc" testName="dirty_keyTest_on_original_of_size_6" computerName="2TAFFY" duration="00:00:00.0010540" startTime="2012-04-25T23:07:30.1240234-04:00" endTime="2012-04-25T23:07:30.1396484-04:00" testType="13cdc9d9-ddb5-4fa4-a97d-d965ccfc6d4b" outcome="Passed" testListId="8c84fa94-04c1-424b-9868-57a2d4851a1d" relativeResultsDirectory="51d4bfdf-b03a-4d29-bdab-93ff016a3c87">
    </UnitTestResult>
    <UnitTestResult executionId="146cc474-9ac1-466b-af4d-1d9ea41235fe" testId="972b6f7c-0580-faff-8ab3-18e7fe4dd471" testName="clean_keyTest" computerName="2TAFFY" duration="00:00:00.0108262" startTime="2012-04-25T23:07:30.1552734-04:00" endTime="2012-04-25T23:07:30.1865234-04:00" testType="13cdc9d9-ddb5-4fa4-a97d-d965ccfc6d4b" outcome="Passed" testListId="8c84fa94-04c1-424b-9868-57a2d4851a1d" relativeResultsDirectory="146cc474-9ac1-466b-af4d-1d9ea41235fe">
    </UnitTestResult>
    <UnitTestResult executionId="aec57a67-ebaf-4078-ae36-95edc34590c1" testId="9979932b-cf13-fa30-2fc9-ff4981bbae56" testName="record_failed_attemptTest_should_create_a_new_ip_record_when_none_is_found" computerName="2TAFFY" duration="00:00:00.0037865" startTime="2012-04-25T23:07:30.1865234-04:00" endTime="2012-04-25T23:07:30.2177734-04:00" testType="13cdc9d9-ddb5-4fa4-a97d-d965ccfc6d4b" outcome="Passed" testListId="8c84fa94-04c1-424b-9868-57a2d4851a1d" relativeResultsDirectory="aec57a67-ebaf-4078-ae36-95edc34590c1">
    </UnitTestResult>
    <UnitTestResult executionId="469b8a72-5c91-43a0-8d8c-e8cd42eb8587" testId="9a17c7d1-5b24-127e-8a9a-1e236c20a42e" testName="initializeTest_when_given_bad_key_should_return_fake_data" computerName="2TAFFY" duration="00:00:00.0149213" startTime="2012-04-25T23:07:30.2333984-04:00" endTime="2012-04-25T23:07:30.2646484-04:00" testType="13cdc9d9-ddb5-4fa4-a97d-d965ccfc6d4b" outcome="Failed" testListId="8c84fa94-04c1-424b-9868-57a2d4851a1d" relativeResultsDirectory="469b8a72-5c91-43a0-8d8c-e8cd42eb8587">
      <Output>
        <ErrorInfo>
          <Message>Test method Test.Web_Security_Backend_Login_Handler.AuthenticationControllerTest.initializeTest_when_given_bad_key_should_return_fake_data threw exception: 
System.InvalidCastException: Unable to cast object of type 'System.Int32' to type 'System.String'.</Message>
          <StackTrace>    at Web_Security_Backend_Login_Handler.Models.db_calculatedKey.convert_Hashtable_to_list_of_calculatedKey(Hashtable hash) in C:\Users\Steven\Documents\Visual Studio 2010\Projects\Web Security Backend Login Handler\Web Security Backend Login Handler\Models\db_calculatedKey.cs:line 32
   at Web_Security_Backend_Login_Handler.Models.Session_Holder..ctor(IDataRepository db, Int64 remote_key, Int64 remote_shared_key) in C:\Users\Steven\Documents\Visual Studio 2010\Projects\Web Security Backend Login Handler\Web Security Backend Login Handler\Models\Session_Holder.cs:line 35
   at Test.Web_Security_Backend_Login_Handler.Database_mock_up..ctor(Int64 remote_pub_key, Int64 remote_shared_key) in C:\Users\Steven\Documents\Visual Studio 2010\Projects\Web Security Backend Login Handler\Test.Web_Security_Backend_Login_Handler\Database_mock_up.cs:line 22
   at Test.Web_Security_Backend_Login_Handler.AuthenticationControllerTest.initializeTest_when_given_bad_key_should_return_fake_data() in C:\Users\Steven\Documents\Visual Studio 2010\Projects\Web Security Backend Login Handler\Test.Web_Security_Backend_Login_Handler\AuthenticationControllerTest.cs:line 92
</StackTrace>
        </ErrorInfo>
      </Output>
    </UnitTestResult>
    <UnitTestResult executionId="691043f0-9027-4a1e-abea-d91af45d2136" testId="9f02821a-fcc4-04ab-16ff-bb8c74969c39" testName="Raw_Data_BuilderConstructorTest" computerName="2TAFFY" duration="00:00:00.0188902" startTime="2012-04-25T23:07:30.2802734-04:00" endTime="2012-04-25T23:07:30.3271484-04:00" testType="13cdc9d9-ddb5-4fa4-a97d-d965ccfc6d4b" outcome="Passed" testListId="8c84fa94-04c1-424b-9868-57a2d4851a1d" relativeResultsDirectory="691043f0-9027-4a1e-abea-d91af45d2136">
    </UnitTestResult>
    <UnitTestResult executionId="8dd3ec7a-37b7-450b-8192-fc93de2c222c" testId="a06c8703-aad3-9716-909a-c0a258c09d3f" testName="expire_sessionTest" computerName="2TAFFY" duration="00:00:01.2138004" startTime="2012-04-25T23:07:30.3740234-04:00" endTime="2012-04-25T23:07:31.6083984-04:00" testType="13cdc9d9-ddb5-4fa4-a97d-d965ccfc6d4b" outcome="Failed" testListId="8c84fa94-04c1-424b-9868-57a2d4851a1d" relativeResultsDirectory="8dd3ec7a-37b7-450b-8192-fc93de2c222c">
      <Output>
        <ErrorInfo>
          <Message>Test method Test.Web_Security_Backend_Login_Handler.EF_Login_Data_RepositoryTest.expire_sessionTest threw exception: 
System.InvalidCastException: Unable to cast object of type 'System.Int32' to type 'System.String'.</Message>
          <StackTrace>    at Web_Security_Backend_Login_Handler.Models.db_calculatedKey.convert_Hashtable_to_list_of_calculatedKey(Hashtable hash) in C:\Users\Steven\Documents\Visual Studio 2010\Projects\Web Security Backend Login Handler\Web Security Backend Login Handler\Models\db_calculatedKey.cs:line 32
   at Web_Security_Backend_Login_Handler.Models.Session_Holder..ctor(IDataRepository db, Int64 remote_key, Int64 remote_shared_key) in C:\Users\Steven\Documents\Visual Studio 2010\Projects\Web Security Backend Login Handler\Web Security Backend Login Handler\Models\Session_Holder.cs:line 35
   at Test.Web_Security_Backend_Login_Handler.EF_Login_Data_RepositoryTest.expire_sessionTest() in C:\Users\Steven\Documents\Visual Studio 2010\Projects\Web Security Backend Login Handler\Test.Web_Security_Backend_Login_Handler\EF_Login_Data_RepositoryTest.cs:line 224
</StackTrace>
        </ErrorInfo>
      </Output>
    </UnitTestResult>
    <UnitTestResult executionId="e321481f-9ef9-4347-a594-ba2c43ecd89e" testId="a2b354b1-8faa-db23-b9f7-ec425e3e65c4" testName="check_for_unique_pub_keyTest_should_return_True_when_a_different_SERVER_key_exists" computerName="2TAFFY" duration="00:00:01.1639751" startTime="2012-04-25T23:07:31.6240234-04:00" endTime="2012-04-25T23:07:32.7958984-04:00" testType="13cdc9d9-ddb5-4fa4-a97d-d965ccfc6d4b" outcome="Passed" testListId="8c84fa94-04c1-424b-9868-57a2d4851a1d" relativeResultsDirectory="e321481f-9ef9-4347-a594-ba2c43ecd89e">
    </UnitTestResult>
    <UnitTestResult executionId="a70700c8-ae8b-4b9d-aae1-a05b45be8a77" testId="a47d8046-29f4-8927-47f0-c265c9287b02" testName="calculate_keyTest" computerName="2TAFFY" duration="00:00:00.0056108" startTime="2012-04-25T23:07:32.7958984-04:00" endTime="2012-04-25T23:07:32.8115234-04:00" testType="13cdc9d9-ddb5-4fa4-a97d-d965ccfc6d4b" outcome="Passed" testListId="8c84fa94-04c1-424b-9868-57a2d4851a1d" relativeResultsDirectory="a70700c8-ae8b-4b9d-aae1-a05b45be8a77">
    </UnitTestResult>
    <UnitTestResult executionId="fd386939-a17d-481d-821c-8895f5cf635f" testId="a9bb2a96-fdf6-f082-afa7-d86f78b1f65e" testName="initializeTest_when_given_good_key_should_return_real_data" computerName="2TAFFY" duration="00:00:00.0055198" startTime="2012-04-25T23:07:32.8271484-04:00" endTime="2012-04-25T23:07:32.8271484-04:00" testType="13cdc9d9-ddb5-4fa4-a97d-d965ccfc6d4b" outcome="Failed" testListId="8c84fa94-04c1-424b-9868-57a2d4851a1d" relativeResultsDirectory="fd386939-a17d-481d-821c-8895f5cf635f">
      <Output>
        <ErrorInfo>
          <Message>Test method Test.Web_Security_Backend_Login_Handler.AuthenticationControllerTest.initializeTest_when_given_good_key_should_return_real_data threw exception: 
System.InvalidCastException: Unable to cast object of type 'System.Int32' to type 'System.String'.</Message>
          <StackTrace>    at Web_Security_Backend_Login_Handler.Models.db_calculatedKey.convert_Hashtable_to_list_of_calculatedKey(Hashtable hash) in C:\Users\Steven\Documents\Visual Studio 2010\Projects\Web Security Backend Login Handler\Web Security Backend Login Handler\Models\db_calculatedKey.cs:line 32
   at Web_Security_Backend_Login_Handler.Models.Session_Holder..ctor(IDataRepository db, Int64 remote_key, Int64 remote_shared_key) in C:\Users\Steven\Documents\Visual Studio 2010\Projects\Web Security Backend Login Handler\Web Security Backend Login Handler\Models\Session_Holder.cs:line 35
   at Test.Web_Security_Backend_Login_Handler.Database_mock_up..ctor(Int64 remote_pub_key, Int64 remote_shared_key) in C:\Users\Steven\Documents\Visual Studio 2010\Projects\Web Security Backend Login Handler\Test.Web_Security_Backend_Login_Handler\Database_mock_up.cs:line 22
   at Test.Web_Security_Backend_Login_Handler.AuthenticationControllerTest.initializeTest_when_given_good_key_should_return_real_data() in C:\Users\Steven\Documents\Visual Studio 2010\Projects\Web Security Backend Login Handler\Test.Web_Security_Backend_Login_Handler\AuthenticationControllerTest.cs:line 81
</StackTrace>
        </ErrorInfo>
      </Output>
    </UnitTestResult>
    <UnitTestResult executionId="28e25690-124b-4638-97ab-ba94811e1ed3" testId="b8b91aae-b377-e572-aa09-5986400c100d" testName="validateTest" computerName="2TAFFY" duration="00:00:00.0008595" startTime="2012-04-25T23:07:32.8427734-04:00" endTime="2012-04-25T23:07:32.8583984-04:00" testType="13cdc9d9-ddb5-4fa4-a97d-d965ccfc6d4b" outcome="Passed" testListId="8c84fa94-04c1-424b-9868-57a2d4851a1d" relativeResultsDirectory="28e25690-124b-4638-97ab-ba94811e1ed3">
    </UnitTestResult>
    <UnitTestResult executionId="6b44ef0c-30a9-4025-83b5-31edc9601253" testId="b9396433-2322-63fe-79c2-1ea5701ad9ab" testName="authenticateTest_should_gracefully_handle_a_bad_message_after_decryption" computerName="2TAFFY" duration="00:00:00.0025189" startTime="2012-04-25T23:07:32.8583984-04:00" endTime="2012-04-25T23:07:32.8740234-04:00" testType="13cdc9d9-ddb5-4fa4-a97d-d965ccfc6d4b" outcome="Passed" testListId="8c84fa94-04c1-424b-9868-57a2d4851a1d" relativeResultsDirectory="6b44ef0c-30a9-4025-83b5-31edc9601253">
    </UnitTestResult>
    <UnitTestResult executionId="09374b55-8e8e-4b2e-be82-b896b5b367ae" testId="c0f680fd-63b7-0fd0-2fe9-268095203a3f" testName="validateloginTest_should_return_false_when_SessionHolder_contains_same_key_but_different_value" computerName="2TAFFY" duration="00:00:00.0177858" startTime="2012-04-25T23:07:32.9052734-04:00" endTime="2012-04-25T23:07:32.9365234-04:00" testType="13cdc9d9-ddb5-4fa4-a97d-d965ccfc6d4b" outcome="Passed" testListId="8c84fa94-04c1-424b-9868-57a2d4851a1d" relativeResultsDirectory="09374b55-8e8e-4b2e-be82-b896b5b367ae">
    </UnitTestResult>
    <UnitTestResult executionId="f1e4bead-9e6b-42fa-bc40-29fff124734e" testId="c25c7c45-fb93-cba1-9819-ebb7722350c0" testName="check_for_unique_data_stringTest_should_return_true_when_string_is_not_found_in_db" computerName="2TAFFY" duration="00:00:01.2834992" startTime="2012-04-25T23:07:32.9521484-04:00" endTime="2012-04-25T23:07:34.2333984-04:00" testType="13cdc9d9-ddb5-4fa4-a97d-d965ccfc6d4b" outcome="Passed" testListId="8c84fa94-04c1-424b-9868-57a2d4851a1d" relativeResultsDirectory="f1e4bead-9e6b-42fa-bc40-29fff124734e">
    </UnitTestResult>
    <UnitTestResult executionId="8ba97942-6a7e-4385-b4b8-31ebad6a4569" testId="c661e960-557d-6758-3466-a0b7ec8ac25b" testName="check_for_unique_session_idTest_should_return_true_when_id_is_not_found_in_db" computerName="2TAFFY" duration="00:00:01.1700576" startTime="2012-04-25T23:07:34.2490234-04:00" endTime="2012-04-25T23:07:35.4208984-04:00" testType="13cdc9d9-ddb5-4fa4-a97d-d965ccfc6d4b" outcome="Passed" testListId="8c84fa94-04c1-424b-9868-57a2d4851a1d" relativeResultsDirectory="8ba97942-6a7e-4385-b4b8-31ebad6a4569">
    </UnitTestResult>
    <UnitTestResult executionId="3ee7fd00-7f17-49bf-ba7a-1a893bde6fe2" testId="c6fdb9bc-0e83-4bbf-fff2-a9c35967cc4a" testName="is_ip_lockedTest_users_should_lock_out_after_four_attempts_even_though_time_between_attempts" computerName="2TAFFY" duration="00:00:00.0010251" startTime="2012-04-25T23:07:35.4365234-04:00" endTime="2012-04-25T23:07:35.4365234-04:00" testType="13cdc9d9-ddb5-4fa4-a97d-d965ccfc6d4b" outcome="Passed" testListId="8c84fa94-04c1-424b-9868-57a2d4851a1d" relativeResultsDirectory="3ee7fd00-7f17-49bf-ba7a-1a893bde6fe2">
    </UnitTestResult>
    <UnitTestResult executionId="2b242d41-bd6d-4961-a108-a998c61e4612" testId="ddd024be-5c7b-d757-e53e-80df9d3f62ee" testName="check_for_unique_pub_keyTest_should_return_false_when_the_same_SERVER_key_exists" computerName="2TAFFY" duration="00:00:01.1105566" startTime="2012-04-25T23:07:35.4521484-04:00" endTime="2012-04-25T23:07:36.5771484-04:00" testType="13cdc9d9-ddb5-4fa4-a97d-d965ccfc6d4b" outcome="Passed" testListId="8c84fa94-04c1-424b-9868-57a2d4851a1d" relativeResultsDirectory="2b242d41-bd6d-4961-a108-a998c61e4612">
    </UnitTestResult>
    <UnitTestResult executionId="0cbed9b0-b3f0-4c27-8d9a-114a5e3b1638" testId="e9c46ba5-c232-bbce-d63c-9ee4c6aa846d" testName="check_that_initialize_is_not_lockedTest_should_return_true_when_it_is_not_locked" computerName="2TAFFY" duration="00:00:01.0876439" startTime="2012-04-25T23:07:36.5927734-04:00" endTime="2012-04-25T23:07:37.6865234-04:00" testType="13cdc9d9-ddb5-4fa4-a97d-d965ccfc6d4b" outcome="Passed" testListId="8c84fa94-04c1-424b-9868-57a2d4851a1d" relativeResultsDirectory="0cbed9b0-b3f0-4c27-8d9a-114a5e3b1638">
    </UnitTestResult>
    <UnitTestResult executionId="10cda01f-7040-4b78-a6b5-5c50964af1cf" testId="fbbe8828-06a5-2bef-1a86-cd6776514619" testName="clean_keyTest_on_original_of_size_6" computerName="2TAFFY" duration="00:00:00.0027716" startTime="2012-04-25T23:07:37.6865234-04:00" endTime="2012-04-25T23:07:37.7021484-04:00" testType="13cdc9d9-ddb5-4fa4-a97d-d965ccfc6d4b" outcome="Passed" testListId="8c84fa94-04c1-424b-9868-57a2d4851a1d" relativeResultsDirectory="10cda01f-7040-4b78-a6b5-5c50964af1cf">
    </UnitTestResult>
    <UnitTestResult executionId="b478e342-cc08-420c-addf-a4934a601c63" testId="fec82914-8d2b-ce0e-0f68-141c8e76da6f" testName="dirty_keyTest" computerName="2TAFFY" duration="00:00:00.0003740" startTime="2012-04-25T23:07:37.7021484-04:00" endTime="2012-04-25T23:07:37.7177734-04:00" testType="13cdc9d9-ddb5-4fa4-a97d-d965ccfc6d4b" outcome="Passed" testListId="8c84fa94-04c1-424b-9868-57a2d4851a1d" relativeResultsDirectory="b478e342-cc08-420c-addf-a4934a601c63">
    </UnitTestResult>
  </Results>
</TestRun>