<?xml version="1.0" encoding="UTF-8"?>
<TestRun id="b6dc52a5-43bb-4265-8dc1-24466bf1bce8" name="Steven@2TAFFY 2012-04-21 21:12:52" runUser="2taffy\Steven" xmlns="http://microsoft.com/schemas/VisualStudio/TeamTest/2010">
  <TestSettings name="Local" id="948a7d2c-a449-40cc-93d7-295f2060e854">
    <Description>These are default test settings for a local test run.</Description>
    <Deployment enabled="false" runDeploymentRoot="Steven_2TAFFY 2012-04-21 21_12_52">
      <DeploymentItem filename="C:\Users\Steven\Documents\Visual Studio 2010\Projects\Web Security Backend Login Handler\Web Security Backend Login Handler\bin\Web Security Backend Login Handler.dll" />
      <DeploymentItem filename="C:\Users\Steven\Documents\Visual Studio 2010\Projects\Web Security Backend Login Handler\packages\EntityFramework.4.1.10331.0\lib\EntityFramework.dll" />
    </Deployment>
    <Execution>
      <TestTypeSpecific />
      <AgentRule name="Execution Agents">
      </AgentRule>
    </Execution>
  </TestSettings>
  <Times creation="2012-04-21T21:12:52.1269531-04:00" queuing="2012-04-21T21:12:52.2539062-04:00" start="2012-04-21T21:12:52.3144531-04:00" finish="2012-04-21T21:12:58.8886719-04:00" />
  <ResultSummary outcome="Failed">
    <Counters total="26" executed="26" passed="18" error="0" failed="8" timeout="0" aborted="0" inconclusive="0" passedButRunAborted="0" notRunnable="0" notExecuted="0" disconnected="0" warning="0" completed="0" inProgress="0" pending="0" />
  </ResultSummary>
  <TestDefinitions>
    <UnitTest name="initializeTest_when_given_good_key_should_return_real_data" storage="c:\users\steven\documents\visual studio 2010\projects\web security backend login handler\test.web_security_backend_login_handler\bin\debug\test.web_security_backend_login_handler.dll" id="a9bb2a96-fdf6-f082-afa7-d86f78b1f65e">
      <Execution id="767bf0cb-22e5-4cdc-85f5-fc94146b76f2" />
      <TestMethod codeBase="C:/Users/Steven/Documents/Visual Studio 2010/Projects/Web Security Backend Login Handler/Test.Web_Security_Backend_Login_Handler/bin/Debug/Test.Web_Security_Backend_Login_Handler.DLL" adapterTypeName="Microsoft.VisualStudio.TestTools.TestTypes.Unit.UnitTestAdapter, Microsoft.VisualStudio.QualityTools.Tips.UnitTest.Adapter, Version=10.0.0.0, Culture=neutral, PublicKeyToken=b03f5f7f11d50a3a" className="Test.Web_Security_Backend_Login_Handler.AuthenticationControllerTest, Test.Web_Security_Backend_Login_Handler, Version=1.0.0.0, Culture=neutral, PublicKeyToken=null" name="initializeTest_when_given_good_key_should_return_real_data" />
    </UnitTest>
    <UnitTest name="check_that_initialize_is_not_lockedTest" storage="c:\users\steven\documents\visual studio 2010\projects\web security backend login handler\test.web_security_backend_login_handler\bin\debug\test.web_security_backend_login_handler.dll" id="e5f69919-ba93-b081-9cbe-d17996509471">
      <Execution id="8a9faebd-0e8b-4d1f-9916-aed5d6ce924e" />
      <TestMethod codeBase="C:/Users/Steven/Documents/Visual Studio 2010/Projects/Web Security Backend Login Handler/Test.Web_Security_Backend_Login_Handler/bin/Debug/Test.Web_Security_Backend_Login_Handler.DLL" adapterTypeName="Microsoft.VisualStudio.TestTools.TestTypes.Unit.UnitTestAdapter, Microsoft.VisualStudio.QualityTools.Tips.UnitTest.Adapter, Version=10.0.0.0, Culture=neutral, PublicKeyToken=b03f5f7f11d50a3a" className="Test.Web_Security_Backend_Login_Handler.EF_Login_Data_RepositoryTest, Test.Web_Security_Backend_Login_Handler, Version=1.0.0.0, Culture=neutral, PublicKeyToken=null" name="check_that_initialize_is_not_lockedTest" />
      <AspNet webSiteUrl="http://localhost:53292/">
        <Host pathToWebApp="C:\Users\Steven\Documents\Visual Studio 2010\Projects\Web Security Backend Login Handler\Web Security Backend Login Handler" webAppRoot="/" />
      </AspNet>
    </UnitTest>
    <UnitTest name="validateloginTest_should_return_false_when_SessionHolder_contains_no_values" storage="c:\users\steven\documents\visual studio 2010\projects\web security backend login handler\test.web_security_backend_login_handler\bin\debug\test.web_security_backend_login_handler.dll" id="7ec82646-bfa5-fc5d-43af-a673eb439cf8">
      <Execution id="fc3a41ad-4a94-495e-a6ac-f790dbb15db5" />
      <TestMethod codeBase="C:/Users/Steven/Documents/Visual Studio 2010/Projects/Web Security Backend Login Handler/Test.Web_Security_Backend_Login_Handler/bin/Debug/Test.Web_Security_Backend_Login_Handler.DLL" adapterTypeName="Microsoft.VisualStudio.TestTools.TestTypes.Unit.UnitTestAdapter, Microsoft.VisualStudio.QualityTools.Tips.UnitTest.Adapter, Version=10.0.0.0, Culture=neutral, PublicKeyToken=b03f5f7f11d50a3a" className="Test.Web_Security_Backend_Login_Handler.Session_HolderTest, Test.Web_Security_Backend_Login_Handler, Version=1.0.0.0, Culture=neutral, PublicKeyToken=null" name="validateloginTest_should_return_false_when_SessionHolder_contains_no_values" />
    </UnitTest>
    <UnitTest name="clean_keyTest" storage="c:\users\steven\documents\visual studio 2010\projects\web security backend login handler\test.web_security_backend_login_handler\bin\debug\test.web_security_backend_login_handler.dll" id="972b6f7c-0580-faff-8ab3-18e7fe4dd471">
      <Execution id="9cf25025-01b3-4046-918c-4e28eb038bde" />
      <TestMethod codeBase="C:/Users/Steven/Documents/Visual Studio 2010/Projects/Web Security Backend Login Handler/Test.Web_Security_Backend_Login_Handler/bin/Debug/Test.Web_Security_Backend_Login_Handler.DLL" adapterTypeName="Microsoft.VisualStudio.TestTools.TestTypes.Unit.UnitTestAdapter, Microsoft.VisualStudio.QualityTools.Tips.UnitTest.Adapter, Version=10.0.0.0, Culture=neutral, PublicKeyToken=b03f5f7f11d50a3a" className="Test.Web_Security_Backend_Login_Handler.validate_keyTest, Test.Web_Security_Backend_Login_Handler, Version=1.0.0.0, Culture=neutral, PublicKeyToken=null" name="clean_keyTest" />
    </UnitTest>
    <UnitTest name="get_sessionTest" storage="c:\users\steven\documents\visual studio 2010\projects\web security backend login handler\test.web_security_backend_login_handler\bin\debug\test.web_security_backend_login_handler.dll" id="2fcca4c6-5024-5037-e412-25e2db3d580b">
      <Execution id="e2d7f00a-b8a5-417b-b540-60b50177a569" />
      <TestMethod codeBase="C:/Users/Steven/Documents/Visual Studio 2010/Projects/Web Security Backend Login Handler/Test.Web_Security_Backend_Login_Handler/bin/Debug/Test.Web_Security_Backend_Login_Handler.DLL" adapterTypeName="Microsoft.VisualStudio.TestTools.TestTypes.Unit.UnitTestAdapter, Microsoft.VisualStudio.QualityTools.Tips.UnitTest.Adapter, Version=10.0.0.0, Culture=neutral, PublicKeyToken=b03f5f7f11d50a3a" className="Test.Web_Security_Backend_Login_Handler.EF_Login_Data_RepositoryTest, Test.Web_Security_Backend_Login_Handler, Version=1.0.0.0, Culture=neutral, PublicKeyToken=null" name="get_sessionTest" />
      <AspNet webSiteUrl="http://localhost:53292/">
        <Host pathToWebApp="C:\Users\Steven\Documents\Visual Studio 2010\Projects\Web Security Backend Login Handler\Web Security Backend Login Handler" webAppRoot="/" />
      </AspNet>
    </UnitTest>
    <UnitTest name="check_for_unique_pub_keyTest_should_allow_a_new_key_to_be_used" storage="c:\users\steven\documents\visual studio 2010\projects\web security backend login handler\test.web_security_backend_login_handler\bin\debug\test.web_security_backend_login_handler.dll" id="254521be-b539-9faa-8458-9f8f0b7b1652">
      <Execution id="3b321254-c1e5-4c32-b45d-a3dae6792f35" />
      <TestMethod codeBase="C:/Users/Steven/Documents/Visual Studio 2010/Projects/Web Security Backend Login Handler/Test.Web_Security_Backend_Login_Handler/bin/Debug/Test.Web_Security_Backend_Login_Handler.DLL" adapterTypeName="Microsoft.VisualStudio.TestTools.TestTypes.Unit.UnitTestAdapter, Microsoft.VisualStudio.QualityTools.Tips.UnitTest.Adapter, Version=10.0.0.0, Culture=neutral, PublicKeyToken=b03f5f7f11d50a3a" className="Test.Web_Security_Backend_Login_Handler.EF_Login_Data_RepositoryTest, Test.Web_Security_Backend_Login_Handler, Version=1.0.0.0, Culture=neutral, PublicKeyToken=null" name="check_for_unique_pub_keyTest_should_allow_a_new_key_to_be_used" />
    </UnitTest>
    <UnitTest name="validateloginTest_should_return_false_when_login_attempt_is_empty" storage="c:\users\steven\documents\visual studio 2010\projects\web security backend login handler\test.web_security_backend_login_handler\bin\debug\test.web_security_backend_login_handler.dll" id="3a663574-3180-85f1-cdde-1030a0ef32ad">
      <Execution id="137a8915-3300-4fc5-a3f9-f239741c86b4" />
      <TestMethod codeBase="C:/Users/Steven/Documents/Visual Studio 2010/Projects/Web Security Backend Login Handler/Test.Web_Security_Backend_Login_Handler/bin/Debug/Test.Web_Security_Backend_Login_Handler.DLL" adapterTypeName="Microsoft.VisualStudio.TestTools.TestTypes.Unit.UnitTestAdapter, Microsoft.VisualStudio.QualityTools.Tips.UnitTest.Adapter, Version=10.0.0.0, Culture=neutral, PublicKeyToken=b03f5f7f11d50a3a" className="Test.Web_Security_Backend_Login_Handler.Session_HolderTest, Test.Web_Security_Backend_Login_Handler, Version=1.0.0.0, Culture=neutral, PublicKeyToken=null" name="validateloginTest_should_return_false_when_login_attempt_is_empty" />
    </UnitTest>
    <UnitTest name="calculate_keyTest" storage="c:\users\steven\documents\visual studio 2010\projects\web security backend login handler\test.web_security_backend_login_handler\bin\debug\test.web_security_backend_login_handler.dll" id="a47d8046-29f4-8927-47f0-c265c9287b02">
      <Execution id="ddc401ea-e955-4f95-9bcf-9d550b65bfa4" />
      <TestMethod codeBase="C:/Users/Steven/Documents/Visual Studio 2010/Projects/Web Security Backend Login Handler/Test.Web_Security_Backend_Login_Handler/bin/Debug/Test.Web_Security_Backend_Login_Handler.DLL" adapterTypeName="Microsoft.VisualStudio.TestTools.TestTypes.Unit.UnitTestAdapter, Microsoft.VisualStudio.QualityTools.Tips.UnitTest.Adapter, Version=10.0.0.0, Culture=neutral, PublicKeyToken=b03f5f7f11d50a3a" className="Test.Web_Security_Backend_Login_Handler.Picture1Test, Test.Web_Security_Backend_Login_Handler, Version=1.0.0.0, Culture=neutral, PublicKeyToken=null" name="calculate_keyTest" />
    </UnitTest>
    <UnitTest name="check_for_unique_session_idTest" storage="c:\users\steven\documents\visual studio 2010\projects\web security backend login handler\test.web_security_backend_login_handler\bin\debug\test.web_security_backend_login_handler.dll" id="ae9328e8-6c91-892b-9fc0-d348b71f7a6a">
      <Execution id="4be21894-1ee6-499a-88dd-420e6769d93a" />
      <TestMethod codeBase="C:/Users/Steven/Documents/Visual Studio 2010/Projects/Web Security Backend Login Handler/Test.Web_Security_Backend_Login_Handler/bin/Debug/Test.Web_Security_Backend_Login_Handler.DLL" adapterTypeName="Microsoft.VisualStudio.TestTools.TestTypes.Unit.UnitTestAdapter, Microsoft.VisualStudio.QualityTools.Tips.UnitTest.Adapter, Version=10.0.0.0, Culture=neutral, PublicKeyToken=b03f5f7f11d50a3a" className="Test.Web_Security_Backend_Login_Handler.EF_Login_Data_RepositoryTest, Test.Web_Security_Backend_Login_Handler, Version=1.0.0.0, Culture=neutral, PublicKeyToken=null" name="check_for_unique_session_idTest" />
      <AspNet webSiteUrl="http://localhost:53292/">
        <Host pathToWebApp="C:\Users\Steven\Documents\Visual Studio 2010\Projects\Web Security Backend Login Handler\Web Security Backend Login Handler" webAppRoot="/" />
      </AspNet>
    </UnitTest>
    <UnitTest name="validateloginTest_should_return_true_when_login_attempt_from_different_hash_objects" storage="c:\users\steven\documents\visual studio 2010\projects\web security backend login handler\test.web_security_backend_login_handler\bin\debug\test.web_security_backend_login_handler.dll" id="0841dfaf-52bb-7dfb-7275-49a894f07712">
      <Execution id="937b86bb-5a49-43c6-99ee-32c85c1654d0" />
      <TestMethod codeBase="C:/Users/Steven/Documents/Visual Studio 2010/Projects/Web Security Backend Login Handler/Test.Web_Security_Backend_Login_Handler/bin/Debug/Test.Web_Security_Backend_Login_Handler.DLL" adapterTypeName="Microsoft.VisualStudio.TestTools.TestTypes.Unit.UnitTestAdapter, Microsoft.VisualStudio.QualityTools.Tips.UnitTest.Adapter, Version=10.0.0.0, Culture=neutral, PublicKeyToken=b03f5f7f11d50a3a" className="Test.Web_Security_Backend_Login_Handler.Session_HolderTest, Test.Web_Security_Backend_Login_Handler, Version=1.0.0.0, Culture=neutral, PublicKeyToken=null" name="validateloginTest_should_return_true_when_login_attempt_from_different_hash_objects" />
    </UnitTest>
    <UnitTest name="dirty_keyTest" storage="c:\users\steven\documents\visual studio 2010\projects\web security backend login handler\test.web_security_backend_login_handler\bin\debug\test.web_security_backend_login_handler.dll" id="fec82914-8d2b-ce0e-0f68-141c8e76da6f">
      <Execution id="272b8ae7-5230-4b68-8995-5eb4b268b2fc" />
      <TestMethod codeBase="C:/Users/Steven/Documents/Visual Studio 2010/Projects/Web Security Backend Login Handler/Test.Web_Security_Backend_Login_Handler/bin/Debug/Test.Web_Security_Backend_Login_Handler.DLL" adapterTypeName="Microsoft.VisualStudio.TestTools.TestTypes.Unit.UnitTestAdapter, Microsoft.VisualStudio.QualityTools.Tips.UnitTest.Adapter, Version=10.0.0.0, Culture=neutral, PublicKeyToken=b03f5f7f11d50a3a" className="Test.Web_Security_Backend_Login_Handler.validate_keyTest, Test.Web_Security_Backend_Login_Handler, Version=1.0.0.0, Culture=neutral, PublicKeyToken=null" name="dirty_keyTest" />
    </UnitTest>
    <UnitTest name="validateloginTest_should_return_false_when_SessionHolder_contains_same_key_but_different_value" storage="c:\users\steven\documents\visual studio 2010\projects\web security backend login handler\test.web_security_backend_login_handler\bin\debug\test.web_security_backend_login_handler.dll" id="c0f680fd-63b7-0fd0-2fe9-268095203a3f">
      <Execution id="a743c9e2-49e8-4fbc-af60-9e4b5ac893ab" />
      <TestMethod codeBase="C:/Users/Steven/Documents/Visual Studio 2010/Projects/Web Security Backend Login Handler/Test.Web_Security_Backend_Login_Handler/bin/Debug/Test.Web_Security_Backend_Login_Handler.DLL" adapterTypeName="Microsoft.VisualStudio.TestTools.TestTypes.Unit.UnitTestAdapter, Microsoft.VisualStudio.QualityTools.Tips.UnitTest.Adapter, Version=10.0.0.0, Culture=neutral, PublicKeyToken=b03f5f7f11d50a3a" className="Test.Web_Security_Backend_Login_Handler.Session_HolderTest, Test.Web_Security_Backend_Login_Handler, Version=1.0.0.0, Culture=neutral, PublicKeyToken=null" name="validateloginTest_should_return_false_when_SessionHolder_contains_same_key_but_different_value" />
    </UnitTest>
    <UnitTest name="store_sessionTest" storage="c:\users\steven\documents\visual studio 2010\projects\web security backend login handler\test.web_security_backend_login_handler\bin\debug\test.web_security_backend_login_handler.dll" id="49ac4308-2507-de1d-6da1-ee6cc36e8c86">
      <Execution id="283154a4-becd-4faa-9bbc-4a9e79717775" />
      <TestMethod codeBase="C:/Users/Steven/Documents/Visual Studio 2010/Projects/Web Security Backend Login Handler/Test.Web_Security_Backend_Login_Handler/bin/Debug/Test.Web_Security_Backend_Login_Handler.DLL" adapterTypeName="Microsoft.VisualStudio.TestTools.TestTypes.Unit.UnitTestAdapter, Microsoft.VisualStudio.QualityTools.Tips.UnitTest.Adapter, Version=10.0.0.0, Culture=neutral, PublicKeyToken=b03f5f7f11d50a3a" className="Test.Web_Security_Backend_Login_Handler.EF_Login_Data_RepositoryTest, Test.Web_Security_Backend_Login_Handler, Version=1.0.0.0, Culture=neutral, PublicKeyToken=null" name="store_sessionTest" />
      <AspNet webSiteUrl="http://localhost:53292/">
        <Host pathToWebApp="C:\Users\Steven\Documents\Visual Studio 2010\Projects\Web Security Backend Login Handler\Web Security Backend Login Handler" webAppRoot="/" />
      </AspNet>
    </UnitTest>
    <UnitTest name="expire_sessionTest" storage="c:\users\steven\documents\visual studio 2010\projects\web security backend login handler\test.web_security_backend_login_handler\bin\debug\test.web_security_backend_login_handler.dll" id="a06c8703-aad3-9716-909a-c0a258c09d3f">
      <Execution id="2c5aa485-dca3-42b3-80af-07bfbac4b7ec" />
      <TestMethod codeBase="C:/Users/Steven/Documents/Visual Studio 2010/Projects/Web Security Backend Login Handler/Test.Web_Security_Backend_Login_Handler/bin/Debug/Test.Web_Security_Backend_Login_Handler.DLL" adapterTypeName="Microsoft.VisualStudio.TestTools.TestTypes.Unit.UnitTestAdapter, Microsoft.VisualStudio.QualityTools.Tips.UnitTest.Adapter, Version=10.0.0.0, Culture=neutral, PublicKeyToken=b03f5f7f11d50a3a" className="Test.Web_Security_Backend_Login_Handler.EF_Login_Data_RepositoryTest, Test.Web_Security_Backend_Login_Handler, Version=1.0.0.0, Culture=neutral, PublicKeyToken=null" name="expire_sessionTest" />
      <AspNet webSiteUrl="http://localhost:53292/">
        <Host pathToWebApp="C:\Users\Steven\Documents\Visual Studio 2010\Projects\Web Security Backend Login Handler\Web Security Backend Login Handler" webAppRoot="/" />
      </AspNet>
    </UnitTest>
    <UnitTest name="initializeTest_when_given_bad_key_should_return_fake_data" storage="c:\users\steven\documents\visual studio 2010\projects\web security backend login handler\test.web_security_backend_login_handler\bin\debug\test.web_security_backend_login_handler.dll" id="9a17c7d1-5b24-127e-8a9a-1e236c20a42e">
      <Execution id="dc0540b5-8020-4706-b428-34c68e1c318c" />
      <TestMethod codeBase="C:/Users/Steven/Documents/Visual Studio 2010/Projects/Web Security Backend Login Handler/Test.Web_Security_Backend_Login_Handler/bin/Debug/Test.Web_Security_Backend_Login_Handler.DLL" adapterTypeName="Microsoft.VisualStudio.TestTools.TestTypes.Unit.UnitTestAdapter, Microsoft.VisualStudio.QualityTools.Tips.UnitTest.Adapter, Version=10.0.0.0, Culture=neutral, PublicKeyToken=b03f5f7f11d50a3a" className="Test.Web_Security_Backend_Login_Handler.AuthenticationControllerTest, Test.Web_Security_Backend_Login_Handler, Version=1.0.0.0, Culture=neutral, PublicKeyToken=null" name="initializeTest_when_given_bad_key_should_return_fake_data" />
    </UnitTest>
    <UnitTest name="check_for_unique_data_stringTest" storage="c:\users\steven\documents\visual studio 2010\projects\web security backend login handler\test.web_security_backend_login_handler\bin\debug\test.web_security_backend_login_handler.dll" id="0208b039-9b63-012b-a9b3-8c8f8950b07e">
      <Execution id="eb17ca04-4173-46ea-b666-211c272e9a6d" />
      <TestMethod codeBase="C:/Users/Steven/Documents/Visual Studio 2010/Projects/Web Security Backend Login Handler/Test.Web_Security_Backend_Login_Handler/bin/Debug/Test.Web_Security_Backend_Login_Handler.DLL" adapterTypeName="Microsoft.VisualStudio.TestTools.TestTypes.Unit.UnitTestAdapter, Microsoft.VisualStudio.QualityTools.Tips.UnitTest.Adapter, Version=10.0.0.0, Culture=neutral, PublicKeyToken=b03f5f7f11d50a3a" className="Test.Web_Security_Backend_Login_Handler.EF_Login_Data_RepositoryTest, Test.Web_Security_Backend_Login_Handler, Version=1.0.0.0, Culture=neutral, PublicKeyToken=null" name="check_for_unique_data_stringTest" />
      <AspNet webSiteUrl="http://localhost:53292/">
        <Host pathToWebApp="C:\Users\Steven\Documents\Visual Studio 2010\Projects\Web Security Backend Login Handler\Web Security Backend Login Handler" webAppRoot="/" />
      </AspNet>
    </UnitTest>
    <UnitTest name="validateTest" storage="c:\users\steven\documents\visual studio 2010\projects\web security backend login handler\test.web_security_backend_login_handler\bin\debug\test.web_security_backend_login_handler.dll" id="b8b91aae-b377-e572-aa09-5986400c100d">
      <Execution id="127c0e13-07ea-43db-aef7-bc2d42476bce" />
      <TestMethod codeBase="C:/Users/Steven/Documents/Visual Studio 2010/Projects/Web Security Backend Login Handler/Test.Web_Security_Backend_Login_Handler/bin/Debug/Test.Web_Security_Backend_Login_Handler.DLL" adapterTypeName="Microsoft.VisualStudio.TestTools.TestTypes.Unit.UnitTestAdapter, Microsoft.VisualStudio.QualityTools.Tips.UnitTest.Adapter, Version=10.0.0.0, Culture=neutral, PublicKeyToken=b03f5f7f11d50a3a" className="Test.Web_Security_Backend_Login_Handler.validate_keyTest, Test.Web_Security_Backend_Login_Handler, Version=1.0.0.0, Culture=neutral, PublicKeyToken=null" name="validateTest" />
    </UnitTest>
    <UnitTest name="authenticateTest_should_launch_nuke_when_given_proper_login_data" storage="c:\users\steven\documents\visual studio 2010\projects\web security backend login handler\test.web_security_backend_login_handler\bin\debug\test.web_security_backend_login_handler.dll" id="4130b1bb-a456-1806-55a8-3f7e2e63d7a0">
      <Execution id="06b78939-5ae2-413b-ab96-ec84ebce6f28" />
      <TestMethod codeBase="C:/Users/Steven/Documents/Visual Studio 2010/Projects/Web Security Backend Login Handler/Test.Web_Security_Backend_Login_Handler/bin/Debug/Test.Web_Security_Backend_Login_Handler.DLL" adapterTypeName="Microsoft.VisualStudio.TestTools.TestTypes.Unit.UnitTestAdapter, Microsoft.VisualStudio.QualityTools.Tips.UnitTest.Adapter, Version=10.0.0.0, Culture=neutral, PublicKeyToken=b03f5f7f11d50a3a" className="Test.Web_Security_Backend_Login_Handler.AuthenticationControllerTest, Test.Web_Security_Backend_Login_Handler, Version=1.0.0.0, Culture=neutral, PublicKeyToken=null" name="authenticateTest_should_launch_nuke_when_given_proper_login_data" />
    </UnitTest>
    <UnitTest name="store_failed_initialize_attemptTest" storage="c:\users\steven\documents\visual studio 2010\projects\web security backend login handler\test.web_security_backend_login_handler\bin\debug\test.web_security_backend_login_handler.dll" id="079bf086-b93c-c2c9-1f00-42b7634ec2f2">
      <Execution id="c7fe22e2-e828-4530-a605-46776403899b" />
      <TestMethod codeBase="C:/Users/Steven/Documents/Visual Studio 2010/Projects/Web Security Backend Login Handler/Test.Web_Security_Backend_Login_Handler/bin/Debug/Test.Web_Security_Backend_Login_Handler.DLL" adapterTypeName="Microsoft.VisualStudio.TestTools.TestTypes.Unit.UnitTestAdapter, Microsoft.VisualStudio.QualityTools.Tips.UnitTest.Adapter, Version=10.0.0.0, Culture=neutral, PublicKeyToken=b03f5f7f11d50a3a" className="Test.Web_Security_Backend_Login_Handler.EF_Login_Data_RepositoryTest, Test.Web_Security_Backend_Login_Handler, Version=1.0.0.0, Culture=neutral, PublicKeyToken=null" name="store_failed_initialize_attemptTest" />
      <AspNet webSiteUrl="http://localhost:53292/">
        <Host pathToWebApp="C:\Users\Steven\Documents\Visual Studio 2010\Projects\Web Security Backend Login Handler\Web Security Backend Login Handler" webAppRoot="/" />
      </AspNet>
    </UnitTest>
    <UnitTest name="validateloginTest_should_return_true_when_SessionHolder_contains_alls_same_element_dispite_extra_passed_in_elements" storage="c:\users\steven\documents\visual studio 2010\projects\web security backend login handler\test.web_security_backend_login_handler\bin\debug\test.web_security_backend_login_handler.dll" id="4db1e1e3-7d8c-da35-b557-8700fecb4cae">
      <Execution id="1d4465d8-06ef-41d2-b9d3-ee4b21d55a2d" />
      <TestMethod codeBase="C:/Users/Steven/Documents/Visual Studio 2010/Projects/Web Security Backend Login Handler/Test.Web_Security_Backend_Login_Handler/bin/Debug/Test.Web_Security_Backend_Login_Handler.DLL" adapterTypeName="Microsoft.VisualStudio.TestTools.TestTypes.Unit.UnitTestAdapter, Microsoft.VisualStudio.QualityTools.Tips.UnitTest.Adapter, Version=10.0.0.0, Culture=neutral, PublicKeyToken=b03f5f7f11d50a3a" className="Test.Web_Security_Backend_Login_Handler.Session_HolderTest, Test.Web_Security_Backend_Login_Handler, Version=1.0.0.0, Culture=neutral, PublicKeyToken=null" name="validateloginTest_should_return_true_when_SessionHolder_contains_alls_same_element_dispite_extra_passed_in_elements" />
    </UnitTest>
    <UnitTest name="authenticateTest_should_fail_login_when_given_incorrect_login_data" storage="c:\users\steven\documents\visual studio 2010\projects\web security backend login handler\test.web_security_backend_login_handler\bin\debug\test.web_security_backend_login_handler.dll" id="456fe2e4-effc-7286-1bfa-b6cee2caa7e3">
      <Execution id="3694c6e9-bef5-4ee9-9861-ca63016bf48c" />
      <TestMethod codeBase="C:/Users/Steven/Documents/Visual Studio 2010/Projects/Web Security Backend Login Handler/Test.Web_Security_Backend_Login_Handler/bin/Debug/Test.Web_Security_Backend_Login_Handler.DLL" adapterTypeName="Microsoft.VisualStudio.TestTools.TestTypes.Unit.UnitTestAdapter, Microsoft.VisualStudio.QualityTools.Tips.UnitTest.Adapter, Version=10.0.0.0, Culture=neutral, PublicKeyToken=b03f5f7f11d50a3a" className="Test.Web_Security_Backend_Login_Handler.AuthenticationControllerTest, Test.Web_Security_Backend_Login_Handler, Version=1.0.0.0, Culture=neutral, PublicKeyToken=null" name="authenticateTest_should_fail_login_when_given_incorrect_login_data" />
    </UnitTest>
    <UnitTest name="authenticateTest_should_expire_session_during_login_attempt" storage="c:\users\steven\documents\visual studio 2010\projects\web security backend login handler\test.web_security_backend_login_handler\bin\debug\test.web_security_backend_login_handler.dll" id="29405316-9966-0a8b-31c9-bcb4897049f4">
      <Execution id="b8b17702-2f3d-4dcf-b5e8-d1d587e79caa" />
      <TestMethod codeBase="C:/Users/Steven/Documents/Visual Studio 2010/Projects/Web Security Backend Login Handler/Test.Web_Security_Backend_Login_Handler/bin/Debug/Test.Web_Security_Backend_Login_Handler.DLL" adapterTypeName="Microsoft.VisualStudio.TestTools.TestTypes.Unit.UnitTestAdapter, Microsoft.VisualStudio.QualityTools.Tips.UnitTest.Adapter, Version=10.0.0.0, Culture=neutral, PublicKeyToken=b03f5f7f11d50a3a" className="Test.Web_Security_Backend_Login_Handler.AuthenticationControllerTest, Test.Web_Security_Backend_Login_Handler, Version=1.0.0.0, Culture=neutral, PublicKeyToken=null" name="authenticateTest_should_expire_session_during_login_attempt" />
    </UnitTest>
    <UnitTest name="validateloginTest_should_return_false_when_SessionHolder_does_not_contain_same_values" storage="c:\users\steven\documents\visual studio 2010\projects\web security backend login handler\test.web_security_backend_login_handler\bin\debug\test.web_security_backend_login_handler.dll" id="4897a04b-2374-7309-30e3-a76570127718">
      <Execution id="997e4477-8b46-4d74-8c68-dd70978a9a77" />
      <TestMethod codeBase="C:/Users/Steven/Documents/Visual Studio 2010/Projects/Web Security Backend Login Handler/Test.Web_Security_Backend_Login_Handler/bin/Debug/Test.Web_Security_Backend_Login_Handler.DLL" adapterTypeName="Microsoft.VisualStudio.TestTools.TestTypes.Unit.UnitTestAdapter, Microsoft.VisualStudio.QualityTools.Tips.UnitTest.Adapter, Version=10.0.0.0, Culture=neutral, PublicKeyToken=b03f5f7f11d50a3a" className="Test.Web_Security_Backend_Login_Handler.Session_HolderTest, Test.Web_Security_Backend_Login_Handler, Version=1.0.0.0, Culture=neutral, PublicKeyToken=null" name="validateloginTest_should_return_false_when_SessionHolder_does_not_contain_same_values" />
    </UnitTest>
    <UnitTest name="authenticateTest_should_fail_login_when_given_bad_session_id" storage="c:\users\steven\documents\visual studio 2010\projects\web security backend login handler\test.web_security_backend_login_handler\bin\debug\test.web_security_backend_login_handler.dll" id="2aac691f-68fa-51c4-f6b6-04c304918a9a">
      <Execution id="229b05b5-c516-4c00-815f-032fb92a67c9" />
      <TestMethod codeBase="C:/Users/Steven/Documents/Visual Studio 2010/Projects/Web Security Backend Login Handler/Test.Web_Security_Backend_Login_Handler/bin/Debug/Test.Web_Security_Backend_Login_Handler.DLL" adapterTypeName="Microsoft.VisualStudio.TestTools.TestTypes.Unit.UnitTestAdapter, Microsoft.VisualStudio.QualityTools.Tips.UnitTest.Adapter, Version=10.0.0.0, Culture=neutral, PublicKeyToken=b03f5f7f11d50a3a" className="Test.Web_Security_Backend_Login_Handler.AuthenticationControllerTest, Test.Web_Security_Backend_Login_Handler, Version=1.0.0.0, Culture=neutral, PublicKeyToken=null" name="authenticateTest_should_fail_login_when_given_bad_session_id" />
    </UnitTest>
    <UnitTest name="initializeTest_when_given_string_in_pubKey_should_return_fake_data" storage="c:\users\steven\documents\visual studio 2010\projects\web security backend login handler\test.web_security_backend_login_handler\bin\debug\test.web_security_backend_login_handler.dll" id="8b26d94c-54b1-f145-32dd-94c7292f6dc1">
      <Execution id="2ee26c28-3b29-40c6-8381-9f842410632a" />
      <TestMethod codeBase="C:/Users/Steven/Documents/Visual Studio 2010/Projects/Web Security Backend Login Handler/Test.Web_Security_Backend_Login_Handler/bin/Debug/Test.Web_Security_Backend_Login_Handler.DLL" adapterTypeName="Microsoft.VisualStudio.TestTools.TestTypes.Unit.UnitTestAdapter, Microsoft.VisualStudio.QualityTools.Tips.UnitTest.Adapter, Version=10.0.0.0, Culture=neutral, PublicKeyToken=b03f5f7f11d50a3a" className="Test.Web_Security_Backend_Login_Handler.AuthenticationControllerTest, Test.Web_Security_Backend_Login_Handler, Version=1.0.0.0, Culture=neutral, PublicKeyToken=null" name="initializeTest_when_given_string_in_pubKey_should_return_fake_data" />
    </UnitTest>
    <UnitTest name="Raw_Data_BuilderConstructorTest" storage="c:\users\steven\documents\visual studio 2010\projects\web security backend login handler\test.web_security_backend_login_handler\bin\debug\test.web_security_backend_login_handler.dll" id="9f02821a-fcc4-04ab-16ff-bb8c74969c39">
      <Execution id="4df20c79-7043-414d-8e07-3c100f21fafb" />
      <TestMethod codeBase="C:/Users/Steven/Documents/Visual Studio 2010/Projects/Web Security Backend Login Handler/Test.Web_Security_Backend_Login_Handler/bin/Debug/Test.Web_Security_Backend_Login_Handler.DLL" adapterTypeName="Microsoft.VisualStudio.TestTools.TestTypes.Unit.UnitTestAdapter, Microsoft.VisualStudio.QualityTools.Tips.UnitTest.Adapter, Version=10.0.0.0, Culture=neutral, PublicKeyToken=b03f5f7f11d50a3a" className="Test.Web_Security_Backend_Login_Handler.Raw_Data_BuilderTest, Test.Web_Security_Backend_Login_Handler, Version=1.0.0.0, Culture=neutral, PublicKeyToken=null" name="Raw_Data_BuilderConstructorTest" />
    </UnitTest>
  </TestDefinitions>
  <TestLists>
    <TestList name="Results Not in a List" id="8c84fa94-04c1-424b-9868-57a2d4851a1d" />
    <TestList name="All Loaded Results" id="19431567-8539-422a-85d7-44ee4e166bda" />
  </TestLists>
  <TestEntries>
    <TestEntry testId="0208b039-9b63-012b-a9b3-8c8f8950b07e" executionId="eb17ca04-4173-46ea-b666-211c272e9a6d" testListId="8c84fa94-04c1-424b-9868-57a2d4851a1d" />
    <TestEntry testId="079bf086-b93c-c2c9-1f00-42b7634ec2f2" executionId="c7fe22e2-e828-4530-a605-46776403899b" testListId="8c84fa94-04c1-424b-9868-57a2d4851a1d" />
    <TestEntry testId="0841dfaf-52bb-7dfb-7275-49a894f07712" executionId="937b86bb-5a49-43c6-99ee-32c85c1654d0" testListId="8c84fa94-04c1-424b-9868-57a2d4851a1d" />
    <TestEntry testId="254521be-b539-9faa-8458-9f8f0b7b1652" executionId="3b321254-c1e5-4c32-b45d-a3dae6792f35" testListId="8c84fa94-04c1-424b-9868-57a2d4851a1d" />
    <TestEntry testId="29405316-9966-0a8b-31c9-bcb4897049f4" executionId="b8b17702-2f3d-4dcf-b5e8-d1d587e79caa" testListId="8c84fa94-04c1-424b-9868-57a2d4851a1d" />
    <TestEntry testId="2aac691f-68fa-51c4-f6b6-04c304918a9a" executionId="229b05b5-c516-4c00-815f-032fb92a67c9" testListId="8c84fa94-04c1-424b-9868-57a2d4851a1d" />
    <TestEntry testId="2fcca4c6-5024-5037-e412-25e2db3d580b" executionId="e2d7f00a-b8a5-417b-b540-60b50177a569" testListId="8c84fa94-04c1-424b-9868-57a2d4851a1d" />
    <TestEntry testId="3a663574-3180-85f1-cdde-1030a0ef32ad" executionId="137a8915-3300-4fc5-a3f9-f239741c86b4" testListId="8c84fa94-04c1-424b-9868-57a2d4851a1d" />
    <TestEntry testId="4130b1bb-a456-1806-55a8-3f7e2e63d7a0" executionId="06b78939-5ae2-413b-ab96-ec84ebce6f28" testListId="8c84fa94-04c1-424b-9868-57a2d4851a1d" />
    <TestEntry testId="456fe2e4-effc-7286-1bfa-b6cee2caa7e3" executionId="3694c6e9-bef5-4ee9-9861-ca63016bf48c" testListId="8c84fa94-04c1-424b-9868-57a2d4851a1d" />
    <TestEntry testId="4897a04b-2374-7309-30e3-a76570127718" executionId="997e4477-8b46-4d74-8c68-dd70978a9a77" testListId="8c84fa94-04c1-424b-9868-57a2d4851a1d" />
    <TestEntry testId="49ac4308-2507-de1d-6da1-ee6cc36e8c86" executionId="283154a4-becd-4faa-9bbc-4a9e79717775" testListId="8c84fa94-04c1-424b-9868-57a2d4851a1d" />
    <TestEntry testId="4db1e1e3-7d8c-da35-b557-8700fecb4cae" executionId="1d4465d8-06ef-41d2-b9d3-ee4b21d55a2d" testListId="8c84fa94-04c1-424b-9868-57a2d4851a1d" />
    <TestEntry testId="7ec82646-bfa5-fc5d-43af-a673eb439cf8" executionId="fc3a41ad-4a94-495e-a6ac-f790dbb15db5" testListId="8c84fa94-04c1-424b-9868-57a2d4851a1d" />
    <TestEntry testId="8b26d94c-54b1-f145-32dd-94c7292f6dc1" executionId="2ee26c28-3b29-40c6-8381-9f842410632a" testListId="8c84fa94-04c1-424b-9868-57a2d4851a1d" />
    <TestEntry testId="972b6f7c-0580-faff-8ab3-18e7fe4dd471" executionId="9cf25025-01b3-4046-918c-4e28eb038bde" testListId="8c84fa94-04c1-424b-9868-57a2d4851a1d" />
    <TestEntry testId="9a17c7d1-5b24-127e-8a9a-1e236c20a42e" executionId="dc0540b5-8020-4706-b428-34c68e1c318c" testListId="8c84fa94-04c1-424b-9868-57a2d4851a1d" />
    <TestEntry testId="9f02821a-fcc4-04ab-16ff-bb8c74969c39" executionId="4df20c79-7043-414d-8e07-3c100f21fafb" testListId="8c84fa94-04c1-424b-9868-57a2d4851a1d" />
    <TestEntry testId="a06c8703-aad3-9716-909a-c0a258c09d3f" executionId="2c5aa485-dca3-42b3-80af-07bfbac4b7ec" testListId="8c84fa94-04c1-424b-9868-57a2d4851a1d" />
    <TestEntry testId="a47d8046-29f4-8927-47f0-c265c9287b02" executionId="ddc401ea-e955-4f95-9bcf-9d550b65bfa4" testListId="8c84fa94-04c1-424b-9868-57a2d4851a1d" />
    <TestEntry testId="a9bb2a96-fdf6-f082-afa7-d86f78b1f65e" executionId="767bf0cb-22e5-4cdc-85f5-fc94146b76f2" testListId="8c84fa94-04c1-424b-9868-57a2d4851a1d" />
    <TestEntry testId="ae9328e8-6c91-892b-9fc0-d348b71f7a6a" executionId="4be21894-1ee6-499a-88dd-420e6769d93a" testListId="8c84fa94-04c1-424b-9868-57a2d4851a1d" />
    <TestEntry testId="b8b91aae-b377-e572-aa09-5986400c100d" executionId="127c0e13-07ea-43db-aef7-bc2d42476bce" testListId="8c84fa94-04c1-424b-9868-57a2d4851a1d" />
    <TestEntry testId="c0f680fd-63b7-0fd0-2fe9-268095203a3f" executionId="a743c9e2-49e8-4fbc-af60-9e4b5ac893ab" testListId="8c84fa94-04c1-424b-9868-57a2d4851a1d" />
    <TestEntry testId="e5f69919-ba93-b081-9cbe-d17996509471" executionId="8a9faebd-0e8b-4d1f-9916-aed5d6ce924e" testListId="8c84fa94-04c1-424b-9868-57a2d4851a1d" />
    <TestEntry testId="fec82914-8d2b-ce0e-0f68-141c8e76da6f" executionId="272b8ae7-5230-4b68-8995-5eb4b268b2fc" testListId="8c84fa94-04c1-424b-9868-57a2d4851a1d" />
  </TestEntries>
  <Results>
    <UnitTestResult executionId="eb17ca04-4173-46ea-b666-211c272e9a6d" testId="0208b039-9b63-012b-a9b3-8c8f8950b07e" testName="check_for_unique_data_stringTest" computerName="2TAFFY" startTime="2012-04-21T21:12:52.5839844-04:00" endTime="2012-04-21T21:12:52.6738281-04:00" testType="13cdc9d9-ddb5-4fa4-a97d-d965ccfc6d4b" outcome="Failed" testListId="8c84fa94-04c1-424b-9868-57a2d4851a1d" relativeResultsDirectory="eb17ca04-4173-46ea-b666-211c272e9a6d">
      <Output>
        <ErrorInfo>
          <Message>The ASP.NET Web application at 'C:\Users\Steven\Documents\Visual Studio 2010\Projects\Web Security Backend Login Handler\Web Security Backend Login Handler' is already configured for testing by another test run. Only one test run at a time can run tests in ASP.NET. If there are no other test runs using this Web application, ensure that the Web.config file does not contain an httpModule named HostAdapter.</Message>
        </ErrorInfo>
      </Output>
    </UnitTestResult>
    <UnitTestResult executionId="c7fe22e2-e828-4530-a605-46776403899b" testId="079bf086-b93c-c2c9-1f00-42b7634ec2f2" testName="store_failed_initialize_attemptTest" computerName="2TAFFY" startTime="2012-04-21T21:12:52.6982422-04:00" endTime="2012-04-21T21:12:52.7089844-04:00" testType="13cdc9d9-ddb5-4fa4-a97d-d965ccfc6d4b" outcome="Failed" testListId="8c84fa94-04c1-424b-9868-57a2d4851a1d" relativeResultsDirectory="c7fe22e2-e828-4530-a605-46776403899b">
      <Output>
        <ErrorInfo>
          <Message>The ASP.NET Web application at 'C:\Users\Steven\Documents\Visual Studio 2010\Projects\Web Security Backend Login Handler\Web Security Backend Login Handler' is already configured for testing by another test run. Only one test run at a time can run tests in ASP.NET. If there are no other test runs using this Web application, ensure that the Web.config file does not contain an httpModule named HostAdapter.</Message>
        </ErrorInfo>
      </Output>
    </UnitTestResult>
    <UnitTestResult executionId="937b86bb-5a49-43c6-99ee-32c85c1654d0" testId="0841dfaf-52bb-7dfb-7275-49a894f07712" testName="validateloginTest_should_return_true_when_login_attempt_from_different_hash_objects" computerName="2TAFFY" duration="00:00:00.0342923" startTime="2012-04-21T21:12:52.7207031-04:00" endTime="2012-04-21T21:12:53.2197266-04:00" testType="13cdc9d9-ddb5-4fa4-a97d-d965ccfc6d4b" outcome="Passed" testListId="8c84fa94-04c1-424b-9868-57a2d4851a1d" relativeResultsDirectory="937b86bb-5a49-43c6-99ee-32c85c1654d0">
    </UnitTestResult>
    <UnitTestResult executionId="3b321254-c1e5-4c32-b45d-a3dae6792f35" testId="254521be-b539-9faa-8458-9f8f0b7b1652" testName="check_for_unique_pub_keyTest_should_allow_a_new_key_to_be_used" computerName="2TAFFY" duration="00:00:03.4626337" startTime="2012-04-21T21:12:53.2353516-04:00" endTime="2012-04-21T21:12:56.7089844-04:00" testType="13cdc9d9-ddb5-4fa4-a97d-d965ccfc6d4b" outcome="Failed" testListId="8c84fa94-04c1-424b-9868-57a2d4851a1d" relativeResultsDirectory="3b321254-c1e5-4c32-b45d-a3dae6792f35">
      <Output>
        <ErrorInfo>
          <Message>Test method Test.Web_Security_Backend_Login_Handler.EF_Login_Data_RepositoryTest.check_for_unique_pub_keyTest_should_allow_a_new_key_to_be_used threw exception: 
System.NotSupportedException: The specified type member 'public_key' is not supported in LINQ to Entities. Only initializers, entity members, and entity navigation properties are supported.</Message>
          <StackTrace>    at System.Data.Objects.ELinq.ExpressionConverter.MemberAccessTranslator.TypedTranslate(ExpressionConverter parent, MemberExpression linq)
   at System.Data.Objects.ELinq.ExpressionConverter.TypedTranslator`1.Translate(ExpressionConverter parent, Expression linq)
   at System.Data.Objects.ELinq.ExpressionConverter.TranslateExpression(Expression linq)
   at System.Data.Objects.ELinq.ExpressionConverter.EqualsTranslator.TypedTranslate(ExpressionConverter parent, BinaryExpression linq)
   at System.Data.Objects.ELinq.ExpressionConverter.TypedTranslator`1.Translate(ExpressionConverter parent, Expression linq)
   at System.Data.Objects.ELinq.ExpressionConverter.TranslateExpression(Expression linq)
   at System.Data.Objects.ELinq.ExpressionConverter.TranslateLambda(LambdaExpression lambda, DbExpression input)
   at System.Data.Objects.ELinq.ExpressionConverter.TranslateLambda(LambdaExpression lambda, DbExpression input, DbExpressionBinding&amp; binding)
   at System.Data.Objects.ELinq.ExpressionConverter.MethodCallTranslator.OneLambdaTranslator.Translate(ExpressionConverter parent, MethodCallExpression call, DbExpression&amp; source, DbExpressionBinding&amp; sourceBinding, DbExpression&amp; lambda)
   at System.Data.Objects.ELinq.ExpressionConverter.MethodCallTranslator.FirstPredicateTranslatorBase.Translate(ExpressionConverter parent, MethodCallExpression call)
   at System.Data.Objects.ELinq.ExpressionConverter.MethodCallTranslator.SequenceMethodTranslator.Translate(ExpressionConverter parent, MethodCallExpression call, SequenceMethod sequenceMethod)
   at System.Data.Objects.ELinq.ExpressionConverter.MethodCallTranslator.TypedTranslate(ExpressionConverter parent, MethodCallExpression linq)
   at System.Data.Objects.ELinq.ExpressionConverter.TypedTranslator`1.Translate(ExpressionConverter parent, Expression linq)
   at System.Data.Objects.ELinq.ExpressionConverter.TranslateExpression(Expression linq)
   at System.Data.Objects.ELinq.ExpressionConverter.Convert()
   at System.Data.Objects.ELinq.ELinqQueryState.GetExecutionPlan(Nullable`1 forMergeOption)
   at System.Data.Objects.ObjectQuery`1.GetResults(Nullable`1 forMergeOption)
   at System.Data.Objects.ObjectQuery`1.System.Collections.Generic.IEnumerable&lt;T&gt;.GetEnumerator()
   at System.Linq.Enumerable.FirstOrDefault[TSource](IEnumerable`1 source)
   at System.Data.Objects.ELinq.ObjectQueryProvider.&lt;GetElementFunction&gt;b__1[TResult](IEnumerable`1 sequence)
   at System.Data.Objects.ELinq.ObjectQueryProvider.ExecuteSingle[TResult](IEnumerable`1 query, Expression queryRoot)
   at System.Data.Objects.ELinq.ObjectQueryProvider.System.Linq.IQueryProvider.Execute[S](Expression expression)
   at System.Data.Entity.Internal.Linq.DbQueryProvider.Execute[TResult](Expression expression)
   at System.Linq.Queryable.FirstOrDefault[TSource](IQueryable`1 source, Expression`1 predicate)
   at Web_Security_Backend_Login_Handler.Models.EF_Login_Data_Repository.check_for_unique_pub_key(UInt64 key) in C:\Users\Steven\Documents\Visual Studio 2010\Projects\Web Security Backend Login Handler\Web Security Backend Login Handler\Models\EF_Login_Data_Repository.cs:line 41
   at Test.Web_Security_Backend_Login_Handler.EF_Login_Data_RepositoryTest.check_for_unique_pub_keyTest_should_allow_a_new_key_to_be_used() in C:\Users\Steven\Documents\Visual Studio 2010\Projects\Web Security Backend Login Handler\Test.Web_Security_Backend_Login_Handler\EF_Login_Data_RepositoryTest.cs:line 79
</StackTrace>
        </ErrorInfo>
      </Output>
    </UnitTestResult>
    <UnitTestResult executionId="b8b17702-2f3d-4dcf-b5e8-d1d587e79caa" testId="29405316-9966-0a8b-31c9-bcb4897049f4" testName="authenticateTest_should_expire_session_during_login_attempt" computerName="2TAFFY" duration="00:00:00.0605147" startTime="2012-04-21T21:12:56.7304687-04:00" endTime="2012-04-21T21:12:56.7978516-04:00" testType="13cdc9d9-ddb5-4fa4-a97d-d965ccfc6d4b" outcome="Passed" testListId="8c84fa94-04c1-424b-9868-57a2d4851a1d" relativeResultsDirectory="b8b17702-2f3d-4dcf-b5e8-d1d587e79caa">
    </UnitTestResult>
    <UnitTestResult executionId="229b05b5-c516-4c00-815f-032fb92a67c9" testId="2aac691f-68fa-51c4-f6b6-04c304918a9a" testName="authenticateTest_should_fail_login_when_given_bad_session_id" computerName="2TAFFY" duration="00:00:00.0423850" startTime="2012-04-21T21:12:56.8173828-04:00" endTime="2012-04-21T21:12:56.8662109-04:00" testType="13cdc9d9-ddb5-4fa4-a97d-d965ccfc6d4b" outcome="Passed" testListId="8c84fa94-04c1-424b-9868-57a2d4851a1d" relativeResultsDirectory="229b05b5-c516-4c00-815f-032fb92a67c9">
    </UnitTestResult>
    <UnitTestResult executionId="e2d7f00a-b8a5-417b-b540-60b50177a569" testId="2fcca4c6-5024-5037-e412-25e2db3d580b" testName="get_sessionTest" computerName="2TAFFY" startTime="2012-04-21T21:12:56.8740234-04:00" endTime="2012-04-21T21:12:56.8789062-04:00" testType="13cdc9d9-ddb5-4fa4-a97d-d965ccfc6d4b" outcome="Failed" testListId="8c84fa94-04c1-424b-9868-57a2d4851a1d" relativeResultsDirectory="e2d7f00a-b8a5-417b-b540-60b50177a569">
      <Output>
        <ErrorInfo>
          <Message>The ASP.NET Web application at 'C:\Users\Steven\Documents\Visual Studio 2010\Projects\Web Security Backend Login Handler\Web Security Backend Login Handler' is already configured for testing by another test run. Only one test run at a time can run tests in ASP.NET. If there are no other test runs using this Web application, ensure that the Web.config file does not contain an httpModule named HostAdapter.</Message>
        </ErrorInfo>
      </Output>
    </UnitTestResult>
    <UnitTestResult executionId="137a8915-3300-4fc5-a3f9-f239741c86b4" testId="3a663574-3180-85f1-cdde-1030a0ef32ad" testName="validateloginTest_should_return_false_when_login_attempt_is_empty" computerName="2TAFFY" duration="00:00:00.0006994" startTime="2012-04-21T21:12:56.8964844-04:00" endTime="2012-04-21T21:12:56.9033203-04:00" testType="13cdc9d9-ddb5-4fa4-a97d-d965ccfc6d4b" outcome="Passed" testListId="8c84fa94-04c1-424b-9868-57a2d4851a1d" relativeResultsDirectory="137a8915-3300-4fc5-a3f9-f239741c86b4">
    </UnitTestResult>
    <UnitTestResult executionId="06b78939-5ae2-413b-ab96-ec84ebce6f28" testId="4130b1bb-a456-1806-55a8-3f7e2e63d7a0" testName="authenticateTest_should_launch_nuke_when_given_proper_login_data" computerName="2TAFFY" duration="00:00:00.0063962" startTime="2012-04-21T21:12:56.9150391-04:00" endTime="2012-04-21T21:12:56.9277344-04:00" testType="13cdc9d9-ddb5-4fa4-a97d-d965ccfc6d4b" outcome="Passed" testListId="8c84fa94-04c1-424b-9868-57a2d4851a1d" relativeResultsDirectory="06b78939-5ae2-413b-ab96-ec84ebce6f28">
    </UnitTestResult>
    <UnitTestResult executionId="3694c6e9-bef5-4ee9-9861-ca63016bf48c" testId="456fe2e4-effc-7286-1bfa-b6cee2caa7e3" testName="authenticateTest_should_fail_login_when_given_incorrect_login_data" computerName="2TAFFY" duration="00:00:00.0095174" startTime="2012-04-21T21:12:56.9384766-04:00" endTime="2012-04-21T21:12:56.9541016-04:00" testType="13cdc9d9-ddb5-4fa4-a97d-d965ccfc6d4b" outcome="Passed" testListId="8c84fa94-04c1-424b-9868-57a2d4851a1d" relativeResultsDirectory="3694c6e9-bef5-4ee9-9861-ca63016bf48c">
    </UnitTestResult>
    <UnitTestResult executionId="997e4477-8b46-4d74-8c68-dd70978a9a77" testId="4897a04b-2374-7309-30e3-a76570127718" testName="validateloginTest_should_return_false_when_SessionHolder_does_not_contain_same_values" computerName="2TAFFY" duration="00:00:00.0007103" startTime="2012-04-21T21:12:56.9638672-04:00" endTime="2012-04-21T21:12:56.9707031-04:00" testType="13cdc9d9-ddb5-4fa4-a97d-d965ccfc6d4b" outcome="Passed" testListId="8c84fa94-04c1-424b-9868-57a2d4851a1d" relativeResultsDirectory="997e4477-8b46-4d74-8c68-dd70978a9a77">
    </UnitTestResult>
    <UnitTestResult executionId="283154a4-becd-4faa-9bbc-4a9e79717775" testId="49ac4308-2507-de1d-6da1-ee6cc36e8c86" testName="store_sessionTest" computerName="2TAFFY" startTime="2012-04-21T21:12:56.9892578-04:00" endTime="2012-04-21T21:12:56.9960937-04:00" testType="13cdc9d9-ddb5-4fa4-a97d-d965ccfc6d4b" outcome="Failed" testListId="8c84fa94-04c1-424b-9868-57a2d4851a1d" relativeResultsDirectory="283154a4-becd-4faa-9bbc-4a9e79717775">
      <Output>
        <ErrorInfo>
          <Message>The ASP.NET Web application at 'C:\Users\Steven\Documents\Visual Studio 2010\Projects\Web Security Backend Login Handler\Web Security Backend Login Handler' is already configured for testing by another test run. Only one test run at a time can run tests in ASP.NET. If there are no other test runs using this Web application, ensure that the Web.config file does not contain an httpModule named HostAdapter.</Message>
        </ErrorInfo>
      </Output>
    </UnitTestResult>
    <UnitTestResult executionId="1d4465d8-06ef-41d2-b9d3-ee4b21d55a2d" testId="4db1e1e3-7d8c-da35-b557-8700fecb4cae" testName="validateloginTest_should_return_true_when_SessionHolder_contains_alls_same_element_dispite_extra_passed_in_elements" computerName="2TAFFY" duration="00:00:00.0032502" startTime="2012-04-21T21:12:57.0224609-04:00" endTime="2012-04-21T21:12:57.0341797-04:00" testType="13cdc9d9-ddb5-4fa4-a97d-d965ccfc6d4b" outcome="Passed" testListId="8c84fa94-04c1-424b-9868-57a2d4851a1d" relativeResultsDirectory="1d4465d8-06ef-41d2-b9d3-ee4b21d55a2d">
    </UnitTestResult>
    <UnitTestResult executionId="fc3a41ad-4a94-495e-a6ac-f790dbb15db5" testId="7ec82646-bfa5-fc5d-43af-a673eb439cf8" testName="validateloginTest_should_return_false_when_SessionHolder_contains_no_values" computerName="2TAFFY" duration="00:00:00.0005677" startTime="2012-04-21T21:12:57.0390625-04:00" endTime="2012-04-21T21:12:57.0556641-04:00" testType="13cdc9d9-ddb5-4fa4-a97d-d965ccfc6d4b" outcome="Passed" testListId="8c84fa94-04c1-424b-9868-57a2d4851a1d" relativeResultsDirectory="fc3a41ad-4a94-495e-a6ac-f790dbb15db5">
    </UnitTestResult>
    <UnitTestResult executionId="2ee26c28-3b29-40c6-8381-9f842410632a" testId="8b26d94c-54b1-f145-32dd-94c7292f6dc1" testName="initializeTest_when_given_string_in_pubKey_should_return_fake_data" computerName="2TAFFY" duration="00:00:00.0206585" startTime="2012-04-21T21:12:57.0615234-04:00" endTime="2012-04-21T21:12:57.0937500-04:00" testType="13cdc9d9-ddb5-4fa4-a97d-d965ccfc6d4b" outcome="Passed" testListId="8c84fa94-04c1-424b-9868-57a2d4851a1d" relativeResultsDirectory="2ee26c28-3b29-40c6-8381-9f842410632a">
    </UnitTestResult>
    <UnitTestResult executionId="9cf25025-01b3-4046-918c-4e28eb038bde" testId="972b6f7c-0580-faff-8ab3-18e7fe4dd471" testName="clean_keyTest" computerName="2TAFFY" duration="00:00:00.0008270" startTime="2012-04-21T21:12:57.0986328-04:00" endTime="2012-04-21T21:12:57.1113281-04:00" testType="13cdc9d9-ddb5-4fa4-a97d-d965ccfc6d4b" outcome="Passed" testListId="8c84fa94-04c1-424b-9868-57a2d4851a1d" relativeResultsDirectory="9cf25025-01b3-4046-918c-4e28eb038bde">
    </UnitTestResult>
    <UnitTestResult executionId="dc0540b5-8020-4706-b428-34c68e1c318c" testId="9a17c7d1-5b24-127e-8a9a-1e236c20a42e" testName="initializeTest_when_given_bad_key_should_return_fake_data" computerName="2TAFFY" duration="00:00:00.0116525" startTime="2012-04-21T21:12:57.1162109-04:00" endTime="2012-04-21T21:12:57.1406250-04:00" testType="13cdc9d9-ddb5-4fa4-a97d-d965ccfc6d4b" outcome="Passed" testListId="8c84fa94-04c1-424b-9868-57a2d4851a1d" relativeResultsDirectory="dc0540b5-8020-4706-b428-34c68e1c318c">
    </UnitTestResult>
    <UnitTestResult executionId="4df20c79-7043-414d-8e07-3c100f21fafb" testId="9f02821a-fcc4-04ab-16ff-bb8c74969c39" testName="Raw_Data_BuilderConstructorTest" computerName="2TAFFY" duration="00:00:00.0042457" startTime="2012-04-21T21:12:57.1464844-04:00" endTime="2012-04-21T21:12:57.1601562-04:00" testType="13cdc9d9-ddb5-4fa4-a97d-d965ccfc6d4b" outcome="Passed" testListId="8c84fa94-04c1-424b-9868-57a2d4851a1d" relativeResultsDirectory="4df20c79-7043-414d-8e07-3c100f21fafb">
    </UnitTestResult>
    <UnitTestResult executionId="2c5aa485-dca3-42b3-80af-07bfbac4b7ec" testId="a06c8703-aad3-9716-909a-c0a258c09d3f" testName="expire_sessionTest" computerName="2TAFFY" startTime="2012-04-21T21:12:57.1650391-04:00" endTime="2012-04-21T21:12:57.1738281-04:00" testType="13cdc9d9-ddb5-4fa4-a97d-d965ccfc6d4b" outcome="Failed" testListId="8c84fa94-04c1-424b-9868-57a2d4851a1d" relativeResultsDirectory="2c5aa485-dca3-42b3-80af-07bfbac4b7ec">
      <Output>
        <ErrorInfo>
          <Message>The ASP.NET Web application at 'C:\Users\Steven\Documents\Visual Studio 2010\Projects\Web Security Backend Login Handler\Web Security Backend Login Handler' is already configured for testing by another test run. Only one test run at a time can run tests in ASP.NET. If there are no other test runs using this Web application, ensure that the Web.config file does not contain an httpModule named HostAdapter.</Message>
        </ErrorInfo>
      </Output>
    </UnitTestResult>
    <UnitTestResult executionId="ddc401ea-e955-4f95-9bcf-9d550b65bfa4" testId="a47d8046-29f4-8927-47f0-c265c9287b02" testName="calculate_keyTest" computerName="2TAFFY" duration="00:00:00.0050256" startTime="2012-04-21T21:12:57.1796875-04:00" endTime="2012-04-21T21:12:57.2021484-04:00" testType="13cdc9d9-ddb5-4fa4-a97d-d965ccfc6d4b" outcome="Passed" testListId="8c84fa94-04c1-424b-9868-57a2d4851a1d" relativeResultsDirectory="ddc401ea-e955-4f95-9bcf-9d550b65bfa4">
    </UnitTestResult>
    <UnitTestResult executionId="767bf0cb-22e5-4cdc-85f5-fc94146b76f2" testId="a9bb2a96-fdf6-f082-afa7-d86f78b1f65e" testName="initializeTest_when_given_good_key_should_return_real_data" computerName="2TAFFY" duration="00:00:00.0209733" startTime="2012-04-21T21:12:57.2080078-04:00" endTime="2012-04-21T21:12:57.2402344-04:00" testType="13cdc9d9-ddb5-4fa4-a97d-d965ccfc6d4b" outcome="Passed" testListId="8c84fa94-04c1-424b-9868-57a2d4851a1d" relativeResultsDirectory="767bf0cb-22e5-4cdc-85f5-fc94146b76f2">
    </UnitTestResult>
    <UnitTestResult executionId="4be21894-1ee6-499a-88dd-420e6769d93a" testId="ae9328e8-6c91-892b-9fc0-d348b71f7a6a" testName="check_for_unique_session_idTest" computerName="2TAFFY" startTime="2012-04-21T21:12:57.2460937-04:00" endTime="2012-04-21T21:12:57.2548828-04:00" testType="13cdc9d9-ddb5-4fa4-a97d-d965ccfc6d4b" outcome="Failed" testListId="8c84fa94-04c1-424b-9868-57a2d4851a1d" relativeResultsDirectory="4be21894-1ee6-499a-88dd-420e6769d93a">
      <Output>
        <ErrorInfo>
          <Message>The ASP.NET Web application at 'C:\Users\Steven\Documents\Visual Studio 2010\Projects\Web Security Backend Login Handler\Web Security Backend Login Handler' is already configured for testing by another test run. Only one test run at a time can run tests in ASP.NET. If there are no other test runs using this Web application, ensure that the Web.config file does not contain an httpModule named HostAdapter.</Message>
        </ErrorInfo>
      </Output>
    </UnitTestResult>
    <UnitTestResult executionId="127c0e13-07ea-43db-aef7-bc2d42476bce" testId="b8b91aae-b377-e572-aa09-5986400c100d" testName="validateTest" computerName="2TAFFY" duration="00:00:00.0004072" startTime="2012-04-21T21:12:57.2607422-04:00" endTime="2012-04-21T21:12:57.2792969-04:00" testType="13cdc9d9-ddb5-4fa4-a97d-d965ccfc6d4b" outcome="Passed" testListId="8c84fa94-04c1-424b-9868-57a2d4851a1d" relativeResultsDirectory="127c0e13-07ea-43db-aef7-bc2d42476bce">
    </UnitTestResult>
    <UnitTestResult executionId="a743c9e2-49e8-4fbc-af60-9e4b5ac893ab" testId="c0f680fd-63b7-0fd0-2fe9-268095203a3f" testName="validateloginTest_should_return_false_when_SessionHolder_contains_same_key_but_different_value" computerName="2TAFFY" duration="00:00:00.0012840" startTime="2012-04-21T21:12:57.2851562-04:00" endTime="2012-04-21T21:12:57.2968750-04:00" testType="13cdc9d9-ddb5-4fa4-a97d-d965ccfc6d4b" outcome="Passed" testListId="8c84fa94-04c1-424b-9868-57a2d4851a1d" relativeResultsDirectory="a743c9e2-49e8-4fbc-af60-9e4b5ac893ab">
    </UnitTestResult>
    <UnitTestResult executionId="8a9faebd-0e8b-4d1f-9916-aed5d6ce924e" testId="e5f69919-ba93-b081-9cbe-d17996509471" testName="check_that_initialize_is_not_lockedTest" computerName="2TAFFY" startTime="2012-04-21T21:12:57.3027344-04:00" endTime="2012-04-21T21:12:57.3105469-04:00" testType="13cdc9d9-ddb5-4fa4-a97d-d965ccfc6d4b" outcome="Failed" testListId="8c84fa94-04c1-424b-9868-57a2d4851a1d" relativeResultsDirectory="8a9faebd-0e8b-4d1f-9916-aed5d6ce924e">
      <Output>
        <ErrorInfo>
          <Message>The ASP.NET Web application at 'C:\Users\Steven\Documents\Visual Studio 2010\Projects\Web Security Backend Login Handler\Web Security Backend Login Handler' is already configured for testing by another test run. Only one test run at a time can run tests in ASP.NET. If there are no other test runs using this Web application, ensure that the Web.config file does not contain an httpModule named HostAdapter.</Message>
        </ErrorInfo>
      </Output>
    </UnitTestResult>
    <UnitTestResult executionId="272b8ae7-5230-4b68-8995-5eb4b268b2fc" testId="fec82914-8d2b-ce0e-0f68-141c8e76da6f" testName="dirty_keyTest" computerName="2TAFFY" duration="00:00:00.0003853" startTime="2012-04-21T21:12:57.3154297-04:00" endTime="2012-04-21T21:12:57.3320312-04:00" testType="13cdc9d9-ddb5-4fa4-a97d-d965ccfc6d4b" outcome="Passed" testListId="8c84fa94-04c1-424b-9868-57a2d4851a1d" relativeResultsDirectory="272b8ae7-5230-4b68-8995-5eb4b268b2fc">
    </UnitTestResult>
  </Results>
</TestRun>