<?xml version="1.0" encoding="UTF-8"?>
<TestRun id="669bf518-4b2a-4a49-8bd6-adfe0290098e" name="Steven@2TAFFY 2012-04-21 23:08:12" runUser="2taffy\Steven" xmlns="http://microsoft.com/schemas/VisualStudio/TeamTest/2010">
  <TestSettings name="Local" id="948a7d2c-a449-40cc-93d7-295f2060e854">
    <Description>These are default test settings for a local test run.</Description>
    <Deployment enabled="false" runDeploymentRoot="Steven_2TAFFY 2012-04-21 23_08_12">
      <DeploymentItem filename="C:\Users\Steven\Documents\Visual Studio 2010\Projects\Web Security Backend Login Handler\Web Security Backend Login Handler\bin\Web Security Backend Login Handler.dll" />
      <DeploymentItem filename="C:\Users\Steven\Documents\Visual Studio 2010\Projects\Web Security Backend Login Handler\packages\EntityFramework.4.1.10331.0\lib\EntityFramework.dll" />
    </Deployment>
    <Execution>
      <TestTypeSpecific />
      <AgentRule name="Execution Agents">
      </AgentRule>
    </Execution>
  </TestSettings>
  <Times creation="2012-04-21T23:08:12.9365234-04:00" queuing="2012-04-21T23:08:13.5253906-04:00" start="2012-04-21T23:08:13.5957031-04:00" finish="2012-04-21T23:08:17.5703125-04:00" />
  <ResultSummary outcome="Failed">
    <Counters total="1" executed="1" error="0" failed="1" timeout="0" aborted="0" inconclusive="0" passedButRunAborted="0" notRunnable="0" notExecuted="0" disconnected="0" warning="0" passed="0" completed="0" inProgress="0" pending="0" />
  </ResultSummary>
  <TestDefinitions>
    <UnitTest name="store_failed_initialize_attemptTest" storage="c:\users\steven\documents\visual studio 2010\projects\web security backend login handler\test.web_security_backend_login_handler\bin\debug\test.web_security_backend_login_handler.dll" id="079bf086-b93c-c2c9-1f00-42b7634ec2f2">
      <Execution id="ee36405d-76ae-409f-9767-cfce955fd3d7" />
      <TestMethod codeBase="C:/Users/Steven/Documents/Visual Studio 2010/Projects/Web Security Backend Login Handler/Test.Web_Security_Backend_Login_Handler/bin/Debug/Test.Web_Security_Backend_Login_Handler.DLL" adapterTypeName="Microsoft.VisualStudio.TestTools.TestTypes.Unit.UnitTestAdapter, Microsoft.VisualStudio.QualityTools.Tips.UnitTest.Adapter, Version=10.0.0.0, Culture=neutral, PublicKeyToken=b03f5f7f11d50a3a" className="Test.Web_Security_Backend_Login_Handler.EF_Login_Data_RepositoryTest, Test.Web_Security_Backend_Login_Handler, Version=1.0.0.0, Culture=neutral, PublicKeyToken=null" name="store_failed_initialize_attemptTest" />
    </UnitTest>
  </TestDefinitions>
  <TestLists>
    <TestList name="Results Not in a List" id="8c84fa94-04c1-424b-9868-57a2d4851a1d" />
    <TestList name="All Loaded Results" id="19431567-8539-422a-85d7-44ee4e166bda" />
  </TestLists>
  <TestEntries>
    <TestEntry testId="079bf086-b93c-c2c9-1f00-42b7634ec2f2" executionId="ee36405d-76ae-409f-9767-cfce955fd3d7" testListId="8c84fa94-04c1-424b-9868-57a2d4851a1d" />
  </TestEntries>
  <Results>
    <UnitTestResult executionId="ee36405d-76ae-409f-9767-cfce955fd3d7" testId="079bf086-b93c-c2c9-1f00-42b7634ec2f2" testName="store_failed_initialize_attemptTest" computerName="2TAFFY" duration="00:00:03.1746488" startTime="2012-04-21T23:08:13.6435546-04:00" endTime="2012-04-21T23:08:17.3359375-04:00" testType="13cdc9d9-ddb5-4fa4-a97d-d965ccfc6d4b" outcome="Failed" testListId="8c84fa94-04c1-424b-9868-57a2d4851a1d" relativeResultsDirectory="ee36405d-76ae-409f-9767-cfce955fd3d7">
      <Output>
        <ErrorInfo>
          <Message>Test method Test.Web_Security_Backend_Login_Handler.EF_Login_Data_RepositoryTest.store_failed_initialize_attemptTest threw exception: 
System.InvalidOperationException: The class 'Web_Security_Backend_Login_Handler.Models.data_failed_login_attempt' has no parameterless constructor.</Message>
          <StackTrace>    at System.Data.Objects.LightweightCodeGenerator.ThrowConstructorNoParameterless(Type type)
   at System.Data.Objects.LightweightCodeGenerator.GetConstructorForType(Type type)
   at System.Data.Common.Internal.Materialization.Translator.GetConstructor(Type type)
   at System.Data.Common.Internal.Materialization.Translator.Emit_ConstructEntity(EntityType oSpaceType, IEnumerable`1 propertyBindings, Expression entityKeyReader, Expression entitySetReader, TranslatorArg arg, EntityProxyTypeInfo proxyTypeInfo)
   at System.Data.Common.Internal.Materialization.Translator.Visit(EntityColumnMap columnMap, TranslatorArg arg)
   at System.Data.Query.InternalTrees.EntityColumnMap.Accept[TResultType,TArgType](ColumnMapVisitorWithResults`2 visitor, TArgType arg)
   at System.Data.Common.Internal.Materialization.Translator.ProcessCollectionColumnMap(CollectionColumnMap columnMap, TranslatorArg arg, ColumnMap discriminatorColumnMap, Object discriminatorValue)
   at System.Data.Common.Internal.Materialization.Translator.Visit(SimpleCollectionColumnMap columnMap, TranslatorArg arg)
   at System.Data.Query.InternalTrees.SimpleCollectionColumnMap.Accept[TResultType,TArgType](ColumnMapVisitorWithResults`2 visitor, TArgType arg)
   at System.Data.Common.Internal.Materialization.Translator.TranslateColumnMap[TRequestedType](QueryCacheManager queryCacheManager, ColumnMap columnMap, MetadataWorkspace workspace, SpanIndex spanIndex, MergeOption mergeOption, Boolean valueLayer)
   at System.Data.Common.Internal.Materialization.ShaperFactory.TypedShaperFactoryCreator`1.TypedCreate(QueryCacheManager cacheManager, ColumnMap columnMap, MetadataWorkspace metadata, SpanIndex spanInfo, MergeOption mergeOption, Boolean valueLayer)
   at System.Data.Common.Internal.Materialization.ShaperFactory.Create(Type elementType, QueryCacheManager cacheManager, ColumnMap columnMap, MetadataWorkspace metadata, SpanIndex spanInfo, MergeOption mergeOption, Boolean valueLayer)
   at System.Data.Objects.Internal.ObjectQueryExecutionPlan.Prepare(ObjectContext context, DbQueryCommandTree tree, Type elementType, MergeOption mergeOption, Span span, ReadOnlyCollection`1 compiledQueryParameters)
   at System.Data.Objects.EntitySqlQueryState.GetExecutionPlan(Nullable`1 forMergeOption)
   at System.Data.Objects.ObjectQuery`1.GetResults(Nullable`1 forMergeOption)
   at System.Data.Objects.ObjectQuery`1.System.Collections.Generic.IEnumerable&lt;T&gt;.GetEnumerator()
   at System.Data.Entity.Internal.Linq.InternalQuery`1.GetEnumerator()
   at System.Data.Entity.Internal.Linq.InternalSet`1.GetEnumerator()
   at System.Data.Entity.Infrastructure.DbQuery`1.System.Collections.Generic.IEnumerable&lt;TResult&gt;.GetEnumerator()
   at System.Collections.Generic.List`1..ctor(IEnumerable`1 collection)
   at System.Linq.Enumerable.ToList[TSource](IEnumerable`1 source)
   at Web_Security_Backend_Login_Handler.Models.EF_Login_Data_Repository.Get_all_failed_attempts() in C:\Users\Steven\Documents\Visual Studio 2010\Projects\Web Security Backend Login Handler\Web Security Backend Login Handler\Models\EF_Login_Data_Repository.cs:line 100
   at Test.Web_Security_Backend_Login_Handler.EF_Login_Data_RepositoryTest.store_failed_initialize_attemptTest() in C:\Users\Steven\Documents\Visual Studio 2010\Projects\Web Security Backend Login Handler\Test.Web_Security_Backend_Login_Handler\EF_Login_Data_RepositoryTest.cs:line 209
</StackTrace>
        </ErrorInfo>
      </Output>
    </UnitTestResult>
  </Results>
</TestRun>